INFO [2025-06-05 21:08:11] Starting mixed relay predictions process
INFO [2025-06-05 21:08:11] Loading weekend race data
INFO [2025-06-05 21:08:11] Tomorrow's date: 2025-06-06
INFO [2025-06-05 21:08:11] Found 1 mixed relay races
INFO [2025-06-05 21:08:11] Loading chrono data
INFO [2025-06-05 21:08:14] Loaded men's chrono with 105122 rows and 36 columns
INFO [2025-06-05 21:08:14] Loaded ladies' chrono with 78706 rows and 36 columns
INFO [2025-06-05 21:08:14] Created combined chrono with 183828 rows
INFO [2025-06-05 21:08:14] Created relay df with 17707 rows
INFO [2025-06-05 21:08:14] Created individual df with 160396 rows
INFO [2025-06-05 21:08:17] Leg 1 dataset contains 357 rows
INFO [2025-06-05 21:08:17] Leg 2 dataset contains 356 rows
INFO [2025-06-05 21:08:17] Leg 3 dataset contains 355 rows
INFO [2025-06-05 21:08:17] Leg 4 dataset contains 354 rows
INFO [2025-06-05 21:08:17] Training models for Leg 1
INFO [2025-06-05 21:08:17] Using predictors: Distance_C_Pelo_Pct, Classic_Pelo_Pct, Distance_Pelo_Pct, Pelo_Pct, Weighted_Last_5
INFO [2025-06-05 21:08:17] Training podium model using glm
INFO [2025-06-05 21:08:17] Training win model using glm
INFO [2025-06-05 21:08:17] Training top5 model using glm
INFO [2025-06-05 21:08:17] Training top10 model using glm
INFO [2025-06-05 21:08:17] Top features for Leg 1 podium prediction:
INFO [2025-06-05 21:08:17] Training models for Leg 2
INFO [2025-06-05 21:08:17] Using predictors: Distance_C_Pelo_Pct, Classic_Pelo_Pct, Distance_Pelo_Pct, Pelo_Pct, Weighted_Last_5
INFO [2025-06-05 21:08:17] Training podium model using glm
INFO [2025-06-05 21:08:17] Training win model using glm
INFO [2025-06-05 21:08:17] Training top5 model using glm
INFO [2025-06-05 21:08:17] Training top10 model using glm
INFO [2025-06-05 21:08:17] Top features for Leg 2 podium prediction:
INFO [2025-06-05 21:08:17] Training models for Leg 3
INFO [2025-06-05 21:08:17] Using predictors: Distance_F_Pelo_Pct, Freestyle_Pelo_Pct, Distance_Pelo_Pct, Pelo_Pct, Weighted_Last_5
INFO [2025-06-05 21:08:17] Training podium model using glm
INFO [2025-06-05 21:08:17] Training win model using glm
INFO [2025-06-05 21:08:17] Training top5 model using glm
INFO [2025-06-05 21:08:17] Training top10 model using glm
INFO [2025-06-05 21:08:17] Top features for Leg 3 podium prediction:
INFO [2025-06-05 21:08:17] Training models for Leg 4
INFO [2025-06-05 21:08:17] Using predictors: Distance_F_Pelo_Pct, Freestyle_Pelo_Pct, Distance_Pelo_Pct, Sprint_Pelo_Pct, Pelo_Pct, Weighted_Last_5
INFO [2025-06-05 21:08:17] Training podium model using glm
INFO [2025-06-05 21:08:17] Training win model using glm
INFO [2025-06-05 21:08:18] Training top5 model using glm
INFO [2025-06-05 21:08:18] Training top10 model using glm
INFO [2025-06-05 21:08:18] Top features for Leg 4 podium prediction:
INFO [2025-06-05 21:08:18] Processing mixed relay predictions
INFO [2025-06-05 21:08:18] Loaded mixed relay teams startlist with 19 rows
INFO [2025-06-05 21:08:18] Loaded mixed relay individuals startlist with 76 rows
INFO [2025-06-05 21:08:18] Preparing current skier data for mixed relay
INFO [2025-06-05 21:08:19] Replaced NAs in Distance_Elo with first quartile: 1224.11463402647
INFO [2025-06-05 21:08:19] Replaced NAs in Distance_C_Elo with first quartile: 1237.1587778373
INFO [2025-06-05 21:08:19] Replaced NAs in Distance_F_Elo with first quartile: 1243.23228391106
INFO [2025-06-05 21:08:19] Replaced NAs in Sprint_Elo with first quartile: 1231.4308090998
INFO [2025-06-05 21:08:19] Replaced NAs in Sprint_C_Elo with first quartile: 1248.96250847029
INFO [2025-06-05 21:08:19] Replaced NAs in Sprint_F_Elo with first quartile: 1239.52210961878
INFO [2025-06-05 21:08:19] Replaced NAs in Classic_Elo with first quartile: 1244.8489858956
INFO [2025-06-05 21:08:19] Replaced NAs in Freestyle_Elo with first quartile: 1236.77643159176
INFO [2025-06-05 21:08:19] Replaced NAs in Distance_Pelo with first quartile: 1226.15392446525
INFO [2025-06-05 21:08:19] Replaced NAs in Distance_C_Pelo with first quartile: 1238.61066409828
INFO [2025-06-05 21:08:19] Replaced NAs in Distance_F_Pelo with first quartile: 1244.90662376968
INFO [2025-06-05 21:08:19] Replaced NAs in Sprint_Pelo with first quartile: 1246.25257877833
INFO [2025-06-05 21:08:19] Replaced NAs in Sprint_C_Pelo with first quartile: 1248.96250847029
INFO [2025-06-05 21:08:19] Replaced NAs in Sprint_F_Pelo with first quartile: 1256.18779364329
INFO [2025-06-05 21:08:19] Replaced NAs in Classic_Pelo with first quartile: 1246.86752224771
INFO [2025-06-05 21:08:19] Replaced NAs in Freestyle_Pelo with first quartile: 1254.13981644678
INFO [2025-06-05 21:08:19] Replaced NAs in Classic_Last_5 with first quartile: 0
INFO [2025-06-05 21:08:19] Replaced NAs in Freestyle_Last_5 with first quartile: 0
INFO [2025-06-05 21:08:19] Created Pelo_Pct from Elo with max value: 1946.6211651574
INFO [2025-06-05 21:08:19] Created Distance_Pelo_Pct from Distance_Elo with max value: 1889.46974050597
INFO [2025-06-05 21:08:19] Created Distance_C_Pelo_Pct from Distance_C_Elo with max value: 1777.16297253153
INFO [2025-06-05 21:08:19] Created Distance_F_Pelo_Pct from Distance_F_Elo with max value: 1695.2053212904
INFO [2025-06-05 21:08:19] Created Sprint_Pelo_Pct from Sprint_Elo with max value: 1886.80363942481
INFO [2025-06-05 21:08:19] Created Sprint_C_Pelo_Pct from Sprint_C_Elo with max value: 1711.08486899169
INFO [2025-06-05 21:08:19] Created Sprint_F_Pelo_Pct from Sprint_F_Elo with max value: 1792.65157560707
INFO [2025-06-05 21:08:19] Created Classic_Pelo_Pct from Classic_Elo with max value: 1807.56773496777
INFO [2025-06-05 21:08:19] Created Freestyle_Pelo_Pct from Freestyle_Elo with max value: 1814.60460629541
INFO [2025-06-05 21:08:19] Prepared data for 636 skiers with 33 features
INFO [2025-06-05 21:08:19] Using FIS startlist for mixed relay leg predictions
INFO [2025-06-05 21:08:19] Using FIS startlist for mixed relay teams
INFO [2025-06-05 21:08:19] Attempting Option 1: Team model coefficients
INFO [2025-06-05 21:08:19] Option 1 failed: No team_podium model found
INFO [2025-06-05 21:08:19] Option 1 failed: No team model
INFO [2025-06-05 21:08:19] Attempting Option 2: Individual model accuracy
INFO [2025-06-05 21:08:19] Leg 1 accuracy: 0.851682316118936
INFO [2025-06-05 21:08:19] Leg 2 accuracy: 0.862480438184664
INFO [2025-06-05 21:08:19] Leg 3 accuracy: 0.862119382964453
INFO [2025-06-05 21:08:19] Leg 4 accuracy: 0.881400625978091
INFO [2025-06-05 21:08:19] Option 2 succeeded: Using model accuracy weights
INFO [2025-06-05 21:08:19] Leg importance weights: Leg 1: 0.25, Leg 2: 0.25, Leg 3: 0.25, Leg 4: 0.25
INFO [2025-06-05 21:08:19] Found probabilities for Jens Burman in leg 1 - Podium: 0.154746855885599
INFO [2025-06-05 21:08:19] Found probabilities for Emma Ribom in leg 2 - Podium: 0.294113579143484
INFO [2025-06-05 21:08:19] Found probabilities for Edvin Anger in leg 3 - Podium: 0.690524807739876
INFO [2025-06-05 21:08:19] Found probabilities for Moa Ilar in leg 4 - Podium: 0.259105879713934
INFO [2025-06-05 21:08:19] Found probabilities for Pål Golberg in leg 1 - Podium: 0.667878793946432
INFO [2025-06-05 21:08:19] Found probabilities for Nora Sanness in leg 2 - Podium: 0.316314777533398
INFO [2025-06-05 21:08:19] Found probabilities for Iver Tildheim Andersen in leg 3 - Podium: 0.683073956208603
INFO [2025-06-05 21:08:19] Found probabilities for Kristin Austgulen Fosnæs in leg 4 - Podium: 0.164398881246216
INFO [2025-06-05 21:08:19] Found probabilities for Jonas Baumann in leg 1 - Podium: 0.159432493926212
INFO [2025-06-05 21:08:19] Found probabilities for Anja Weber in leg 2 - Podium: 0.050928635845836
INFO [2025-06-05 21:08:19] Found probabilities for Jason Rüesch in leg 3 - Podium: 0.0600638645557779
INFO [2025-06-05 21:08:19] Found probabilities for Nadine Fähndrich in leg 4 - Podium: 0.298977444339267
INFO [2025-06-05 21:08:19] Found probabilities for Martin Kirkeberg Mørk in leg 1 - Podium: 0.187948846269197
INFO [2025-06-05 21:08:19] Found probabilities for Johanne Hauge Harviken in leg 2 - Podium: 0.0185950216799069
INFO [2025-06-05 21:08:19] Found probabilities for Andreas Fjorden Ree in leg 3 - Podium: 0.469596767234265
INFO [2025-06-05 21:08:19] Found probabilities for Anne Kjersti Kalvå in leg 4 - Podium: 0.292128254598448
INFO [2025-06-05 21:08:19] Found probabilities for Iivo Niskanen in leg 1 - Podium: 0.757220292656332
INFO [2025-06-05 21:08:19] Found probabilities for Jasmi Joensuu in leg 2 - Podium: 0.149101099839172
INFO [2025-06-05 21:08:19] Found probabilities for Remi Lindholm in leg 3 - Podium: 0.11333301097103
INFO [2025-06-05 21:08:19] Found probabilities for Vilma Ryytty in leg 4 - Podium: 0.0128923718789263
INFO [2025-06-05 21:08:19] Found probabilities for Antoine Cyr in leg 1 - Podium: 0.158365950112034
INFO [2025-06-05 21:08:19] Found probabilities for Kathrine Stewart-Jones in leg 2 - Podium: 0.0512041652035467
INFO [2025-06-05 21:08:19] Found probabilities for Olivier Leveille in leg 3 - Podium: 0.0625790226610217
INFO [2025-06-05 21:08:19] Found probabilities for Liliane Gagnon in leg 4 - Podium: 0.0243439523421785
INFO [2025-06-05 21:08:19] Found probabilities for Cyril Fähndrich in leg 1 - Podium: 0.0525462441461949
INFO [2025-06-05 21:08:19] Found probabilities for Nadja Kälin in leg 2 - Podium: 0.12117500047634
INFO [2025-06-05 21:08:19] Found probabilities for Valerio Grond in leg 3 - Podium: 0.215194431498764
INFO [2025-06-05 21:08:19] Found probabilities for Marina Kälin in leg 4 - Podium: 0.014153157831753
INFO [2025-06-05 21:08:19] Found probabilities for Mika Vermeulen in leg 1 - Podium: 0.805137333946475
INFO [2025-06-05 21:08:19] Found probabilities for Teresa Stadlober in leg 2 - Podium: 0.390601512570939
INFO [2025-06-05 21:08:19] Found probabilities for Benjamin Moser in leg 3 - Podium: 0.0546768348770139
INFO [2025-06-05 21:08:19] Found probabilities for Katharina Brudermann in leg 4 - Podium: 0.00728503887991414
INFO [2025-06-05 21:08:19] Found probabilities for Lucas Bögl in leg 1 - Podium: 0.0341954290165399
INFO [2025-06-05 21:08:19] Found probabilities for Katherine Sauerbrey in leg 2 - Podium: 0.0600693958944936
WARN [2025-06-05 21:08:19] No match found for Jan Stoelben in leg 3
INFO [2025-06-05 21:08:19] Found probabilities for Anna-Maria Dietze in leg 4 - Podium: 0.0119479195462281
INFO [2025-06-05 21:08:19] Found probabilities for Calle Halfvarsson in leg 1 - Podium: 0.307648181830157
INFO [2025-06-05 21:08:19] Found probabilities for Moa Lundgren in leg 2 - Podium: 0.0484522971402025
INFO [2025-06-05 21:08:19] Found probabilities for Gustaf Berglund in leg 3 - Podium: 0.202036320243858
INFO [2025-06-05 21:08:19] Found probabilities for Maja Dahlqvist in leg 4 - Podium: 0.381450220052061
INFO [2025-06-05 21:08:19] Found probabilities for Remi Drolet in leg 1 - Podium: 0.0213881640821738
INFO [2025-06-05 21:08:19] Found probabilities for Alison Mackie in leg 2 - Podium: 0.0211760251671557
INFO [2025-06-05 21:08:19] Found probabilities for Thomas Stephen in leg 3 - Podium: 0.0117134801804599
INFO [2025-06-05 21:08:19] Found probabilities for Sonjaa Schmidt in leg 4 - Podium: 0.0124079767221361
INFO [2025-06-05 21:08:19] Found probabilities for Michal Novak in leg 1 - Podium: 0.435562652101737
INFO [2025-06-05 21:08:19] Found probabilities for Katerina Janatova in leg 2 - Podium: 0.23792044035007
INFO [2025-06-05 21:08:19] Found probabilities for Matyas Bauer in leg 3 - Podium: 0.00928165868366959
INFO [2025-06-05 21:08:19] Found probabilities for Barbora Havlickova in leg 4 - Podium: 0.00333884228508564
INFO [2025-06-05 21:08:19] Found probabilities for Martino Carollo in leg 1 - Podium: 0.0687345987081774
INFO [2025-06-05 21:08:19] Found probabilities for Martina di Centa in leg 2 - Podium: 0.0246318848357812
INFO [2025-06-05 21:08:19] Found probabilities for Paolo Ventura in leg 3 - Podium: 0.0319693532728806
INFO [2025-06-05 21:08:19] Found probabilities for Maria Gismondi in leg 4 - Podium: 0.0171690970158538
INFO [2025-06-05 21:08:19] Found probabilities for Zanden McMullen in leg 1 - Podium: 0.0462910587246182
INFO [2025-06-05 21:08:19] Found probabilities for Julia Kern in leg 2 - Podium: 0.132304567831804
INFO [2025-06-05 21:08:19] Found probabilities for Ben Ogden in leg 3 - Podium: 0.416386186228901
INFO [2025-06-05 21:08:19] Found probabilities for Sophia Laukli in leg 4 - Podium: 0.0959988154028471
INFO [2025-06-05 21:08:19] Found probabilities for Nejc Stern in leg 1 - Podium: 0.0121459345035902
INFO [2025-06-05 21:08:19] Found probabilities for Anja Mandeljc in leg 2 - Podium: 0.0445058326645009
INFO [2025-06-05 21:08:19] Found probabilities for Miha Licef in leg 3 - Podium: 0.00659712988118397
INFO [2025-06-05 21:08:19] Found probabilities for Eva Urevc in leg 4 - Podium: 0.00822537171965462
INFO [2025-06-05 21:08:19] Found probabilities for Luke Jager in leg 1 - Podium: 0.00930162237075303
INFO [2025-06-05 21:08:19] Found probabilities for Kendall Kramer in leg 2 - Podium: 0.0135117272377435
INFO [2025-06-05 21:08:19] Found probabilities for James Clinton Schoonmaker in leg 3 - Podium: 0.0691320310136068
WARN [2025-06-05 21:08:19] No match found for Samantha Smith in leg 4
INFO [2025-06-05 21:08:19] Found probabilities for Hugo Hinckfuss in leg 1 - Podium: 0.0116957357889058
INFO [2025-06-05 21:08:19] Found probabilities for Tuva Bygrave in leg 2 - Podium: 0.00268181612053765
INFO [2025-06-05 21:08:19] Found probabilities for Seve De Campo in leg 3 - Podium: 0.00337774662812293
INFO [2025-06-05 21:08:19] Found probabilities for Rosie Fordham in leg 4 - Podium: 0.00473286899114635
INFO [2025-06-05 21:08:19] Found probabilities for Oleksandr Lisohor in leg 1 - Podium: 0.0044195052608048
INFO [2025-06-05 21:08:19] Found probabilities for Anastasiia Nikon in leg 2 - Podium: 0.00458065594467287
INFO [2025-06-05 21:08:19] Found probabilities for Dmytro Drahun in leg 3 - Podium: 0.00521835812026798
INFO [2025-06-05 21:08:19] Found probabilities for Viktoriya Olekh in leg 4 - Podium: 0.000581265791125897
INFO [2025-06-05 21:08:19] Found probabilities for Yernur Bexultan in leg 1 - Podium: 0.009676522663298
INFO [2025-06-05 21:08:19] Found probabilities for Yelizaveta Tolmachyova in leg 2 - Podium: 0.0170066474350912
INFO [2025-06-05 21:08:19] Found probabilities for Didar Kassenov in leg 3 - Podium: 0.00623787285838891
INFO [2025-06-05 21:08:19] Found probabilities for Laura Kinybaeyeva in leg 4 - Podium: 0.00263109799202643
INFO [2025-06-05 21:08:19] Resetting probabilities at or below the mode to zero
INFO [2025-06-05 21:08:19] No values appear more than twice for Win_Prob
INFO [2025-06-05 21:08:19] No values appear more than twice for Podium_Prob
INFO [2025-06-05 21:08:19] No values appear more than twice for Top5_Prob
INFO [2025-06-05 21:08:19] No values appear more than twice for Top10_Prob
INFO [2025-06-05 21:08:19] Normalizing team probabilities
INFO [2025-06-05 21:08:19] Normalized Win_Prob from sum of 0.4 to 1
INFO [2025-06-05 21:08:19] Normalized Podium_Prob from sum of 2.65 to 3
INFO [2025-06-05 21:08:19] Normalized Top5_Prob from sum of 4.68 to 5
INFO [2025-06-05 21:08:19] Normalized Top10_Prob from sum of 10.87 to 10
INFO [2025-06-05 21:08:19] Recalculated Expected_Points based on normalized probabilities
INFO [2025-06-05 21:08:19] Optimizing fantasy mixed relay team
INFO [2025-06-05 21:08:19] Fantasy team optimization complete. Selected 12 teams.
INFO [2025-06-05 21:08:19] Total price: 98626 of max 1e+05
INFO [2025-06-05 21:08:19] Expected total points: 765.8
INFO [2025-06-05 21:08:19] Saved points predictions to ~/blog/daehl-e/content/post/cross-country/drafts/weekly-picks/20250606/mixed_relay_points.xlsx
INFO [2025-06-05 21:08:19] Saved probability predictions to ~/blog/daehl-e/content/post/cross-country/drafts/weekly-picks/20250606/mixed_relay_probabilities.xlsx
INFO [2025-06-05 21:09:08] Starting mixed relay predictions process
INFO [2025-06-05 21:09:08] Loading weekend race data
INFO [2025-06-05 21:09:08] Tomorrow's date: 2025-06-06
INFO [2025-06-05 21:09:08] Found 1 mixed relay races
INFO [2025-06-05 21:09:08] Loading chrono data
INFO [2025-06-05 21:09:10] Loaded men's chrono with 105122 rows and 36 columns
INFO [2025-06-05 21:09:10] Loaded ladies' chrono with 78706 rows and 36 columns
INFO [2025-06-05 21:09:10] Created combined chrono with 183828 rows
INFO [2025-06-05 21:09:10] Created relay df with 17707 rows
INFO [2025-06-05 21:09:10] Created individual df with 160396 rows
INFO [2025-06-05 21:09:13] Leg 1 dataset contains 357 rows
INFO [2025-06-05 21:09:13] Leg 2 dataset contains 356 rows
INFO [2025-06-05 21:09:13] Leg 3 dataset contains 355 rows
INFO [2025-06-05 21:09:13] Leg 4 dataset contains 354 rows
INFO [2025-06-05 21:09:13] Training models for Leg 1
INFO [2025-06-05 21:09:13] Using predictors: Distance_C_Pelo_Pct, Classic_Pelo_Pct, Distance_Pelo_Pct, Pelo_Pct, Weighted_Last_5
INFO [2025-06-05 21:09:13] Training podium model using glm
INFO [2025-06-05 21:09:13] Training win model using glm
INFO [2025-06-05 21:09:13] Training top5 model using glm
INFO [2025-06-05 21:09:13] Training top10 model using glm
INFO [2025-06-05 21:09:14] Top features for Leg 1 podium prediction:
INFO [2025-06-05 21:09:14] Training models for Leg 2
INFO [2025-06-05 21:09:14] Using predictors: Distance_C_Pelo_Pct, Classic_Pelo_Pct, Distance_Pelo_Pct, Pelo_Pct, Weighted_Last_5
INFO [2025-06-05 21:09:14] Training podium model using glm
INFO [2025-06-05 21:09:14] Training win model using glm
INFO [2025-06-05 21:09:14] Training top5 model using glm
INFO [2025-06-05 21:09:14] Training top10 model using glm
INFO [2025-06-05 21:09:14] Top features for Leg 2 podium prediction:
INFO [2025-06-05 21:09:14] Training models for Leg 3
INFO [2025-06-05 21:09:14] Using predictors: Distance_F_Pelo_Pct, Freestyle_Pelo_Pct, Distance_Pelo_Pct, Pelo_Pct, Weighted_Last_5
INFO [2025-06-05 21:09:14] Training podium model using glm
INFO [2025-06-05 21:09:14] Training win model using glm
INFO [2025-06-05 21:09:14] Training top5 model using glm
INFO [2025-06-05 21:09:14] Training top10 model using glm
INFO [2025-06-05 21:09:14] Top features for Leg 3 podium prediction:
INFO [2025-06-05 21:09:14] Training models for Leg 4
INFO [2025-06-05 21:09:14] Using predictors: Distance_F_Pelo_Pct, Freestyle_Pelo_Pct, Distance_Pelo_Pct, Sprint_Pelo_Pct, Pelo_Pct, Weighted_Last_5
INFO [2025-06-05 21:09:14] Training podium model using glm
INFO [2025-06-05 21:09:14] Training win model using glm
INFO [2025-06-05 21:09:14] Training top5 model using glm
INFO [2025-06-05 21:09:14] Training top10 model using glm
INFO [2025-06-05 21:09:14] Top features for Leg 4 podium prediction:
INFO [2025-06-05 21:09:14] Processing mixed relay predictions
INFO [2025-06-05 21:09:14] Loaded mixed relay teams startlist with 19 rows
INFO [2025-06-05 21:09:14] Loaded mixed relay individuals startlist with 76 rows
INFO [2025-06-05 21:09:14] Preparing current skier data for mixed relay
INFO [2025-06-05 21:09:15] Replaced NAs in Distance_Elo with first quartile: 1224.11463402647
INFO [2025-06-05 21:09:15] Replaced NAs in Distance_C_Elo with first quartile: 1237.1587778373
INFO [2025-06-05 21:09:15] Replaced NAs in Distance_F_Elo with first quartile: 1243.23228391106
INFO [2025-06-05 21:09:15] Replaced NAs in Sprint_Elo with first quartile: 1231.4308090998
INFO [2025-06-05 21:09:15] Replaced NAs in Sprint_C_Elo with first quartile: 1248.96250847029
INFO [2025-06-05 21:09:15] Replaced NAs in Sprint_F_Elo with first quartile: 1239.52210961878
INFO [2025-06-05 21:09:15] Replaced NAs in Classic_Elo with first quartile: 1244.8489858956
INFO [2025-06-05 21:09:15] Replaced NAs in Freestyle_Elo with first quartile: 1236.77643159176
INFO [2025-06-05 21:09:15] Replaced NAs in Distance_Pelo with first quartile: 1226.15392446525
INFO [2025-06-05 21:09:15] Replaced NAs in Distance_C_Pelo with first quartile: 1238.61066409828
INFO [2025-06-05 21:09:15] Replaced NAs in Distance_F_Pelo with first quartile: 1244.90662376968
INFO [2025-06-05 21:09:15] Replaced NAs in Sprint_Pelo with first quartile: 1246.25257877833
INFO [2025-06-05 21:09:15] Replaced NAs in Sprint_C_Pelo with first quartile: 1248.96250847029
INFO [2025-06-05 21:09:15] Replaced NAs in Sprint_F_Pelo with first quartile: 1256.18779364329
INFO [2025-06-05 21:09:15] Replaced NAs in Classic_Pelo with first quartile: 1246.86752224771
INFO [2025-06-05 21:09:15] Replaced NAs in Freestyle_Pelo with first quartile: 1254.13981644678
INFO [2025-06-05 21:09:15] Replaced NAs in Classic_Last_5 with first quartile: 0
INFO [2025-06-05 21:09:15] Replaced NAs in Freestyle_Last_5 with first quartile: 0
INFO [2025-06-05 21:09:15] Created Pelo_Pct from Elo with max value: 1946.6211651574
INFO [2025-06-05 21:09:15] Created Distance_Pelo_Pct from Distance_Elo with max value: 1889.46974050597
INFO [2025-06-05 21:09:15] Created Distance_C_Pelo_Pct from Distance_C_Elo with max value: 1777.16297253153
INFO [2025-06-05 21:09:15] Created Distance_F_Pelo_Pct from Distance_F_Elo with max value: 1695.2053212904
INFO [2025-06-05 21:09:15] Created Sprint_Pelo_Pct from Sprint_Elo with max value: 1886.80363942481
INFO [2025-06-05 21:09:15] Created Sprint_C_Pelo_Pct from Sprint_C_Elo with max value: 1711.08486899169
INFO [2025-06-05 21:09:15] Created Sprint_F_Pelo_Pct from Sprint_F_Elo with max value: 1792.65157560707
INFO [2025-06-05 21:09:15] Created Classic_Pelo_Pct from Classic_Elo with max value: 1807.56773496777
INFO [2025-06-05 21:09:15] Created Freestyle_Pelo_Pct from Freestyle_Elo with max value: 1814.60460629541
INFO [2025-06-05 21:09:15] Prepared data for 636 skiers with 33 features
INFO [2025-06-05 21:09:15] Using FIS startlist for mixed relay leg predictions
INFO [2025-06-05 21:09:15] Using FIS startlist for mixed relay teams
INFO [2025-06-05 21:09:15] Attempting Option 1: Team model coefficients
INFO [2025-06-05 21:09:15] Option 1 failed: No team_podium model found
INFO [2025-06-05 21:09:15] Option 1 failed: No team model
INFO [2025-06-05 21:09:15] Attempting Option 2: Individual model accuracy
INFO [2025-06-05 21:09:15] Leg 1 accuracy: 0.854225352112676
INFO [2025-06-05 21:09:15] Leg 2 accuracy: 0.859428794992175
INFO [2025-06-05 21:09:15] Leg 3 accuracy: 0.867605633802817
INFO [2025-06-05 21:09:15] Leg 4 accuracy: 0.875533199195171
INFO [2025-06-05 21:09:15] Option 2 succeeded: Using model accuracy weights
INFO [2025-06-05 21:09:15] Leg importance weights: Leg 1: 0.25, Leg 2: 0.25, Leg 3: 0.25, Leg 4: 0.25
INFO [2025-06-05 21:09:15] Found probabilities for Jens Burman in leg 1 - Podium: 0.154746855885599
INFO [2025-06-05 21:09:15] Found probabilities for Emma Ribom in leg 2 - Podium: 0.294113579143484
INFO [2025-06-05 21:09:15] Found probabilities for Edvin Anger in leg 3 - Podium: 0.690524807739876
INFO [2025-06-05 21:09:15] Found probabilities for Moa Ilar in leg 4 - Podium: 0.259105879713934
INFO [2025-06-05 21:09:15] Found probabilities for Pål Golberg in leg 1 - Podium: 0.667878793946432
INFO [2025-06-05 21:09:15] Found probabilities for Nora Sanness in leg 2 - Podium: 0.316314777533398
INFO [2025-06-05 21:09:15] Found probabilities for Iver Tildheim Andersen in leg 3 - Podium: 0.683073956208603
INFO [2025-06-05 21:09:15] Found probabilities for Kristin Austgulen Fosnæs in leg 4 - Podium: 0.164398881246216
INFO [2025-06-05 21:09:15] Found probabilities for Jonas Baumann in leg 1 - Podium: 0.159432493926212
INFO [2025-06-05 21:09:15] Found probabilities for Anja Weber in leg 2 - Podium: 0.050928635845836
INFO [2025-06-05 21:09:15] Found probabilities for Jason Rüesch in leg 3 - Podium: 0.0600638645557779
INFO [2025-06-05 21:09:15] Found probabilities for Nadine Fähndrich in leg 4 - Podium: 0.298977444339267
INFO [2025-06-05 21:09:15] Found probabilities for Martin Kirkeberg Mørk in leg 1 - Podium: 0.187948846269197
INFO [2025-06-05 21:09:15] Found probabilities for Johanne Hauge Harviken in leg 2 - Podium: 0.0185950216799069
INFO [2025-06-05 21:09:15] Found probabilities for Andreas Fjorden Ree in leg 3 - Podium: 0.469596767234265
INFO [2025-06-05 21:09:15] Found probabilities for Anne Kjersti Kalvå in leg 4 - Podium: 0.292128254598448
INFO [2025-06-05 21:09:15] Found probabilities for Iivo Niskanen in leg 1 - Podium: 0.757220292656332
INFO [2025-06-05 21:09:15] Found probabilities for Jasmi Joensuu in leg 2 - Podium: 0.149101099839172
INFO [2025-06-05 21:09:15] Found probabilities for Remi Lindholm in leg 3 - Podium: 0.11333301097103
INFO [2025-06-05 21:09:15] Found probabilities for Vilma Ryytty in leg 4 - Podium: 0.0128923718789263
INFO [2025-06-05 21:09:15] Found probabilities for Antoine Cyr in leg 1 - Podium: 0.158365950112034
INFO [2025-06-05 21:09:15] Found probabilities for Kathrine Stewart-Jones in leg 2 - Podium: 0.0512041652035467
INFO [2025-06-05 21:09:15] Found probabilities for Olivier Leveille in leg 3 - Podium: 0.0625790226610217
INFO [2025-06-05 21:09:15] Found probabilities for Liliane Gagnon in leg 4 - Podium: 0.0243439523421785
INFO [2025-06-05 21:09:15] Found probabilities for Cyril Fähndrich in leg 1 - Podium: 0.0525462441461949
INFO [2025-06-05 21:09:15] Found probabilities for Nadja Kälin in leg 2 - Podium: 0.12117500047634
INFO [2025-06-05 21:09:15] Found probabilities for Valerio Grond in leg 3 - Podium: 0.215194431498764
INFO [2025-06-05 21:09:15] Found probabilities for Marina Kälin in leg 4 - Podium: 0.014153157831753
INFO [2025-06-05 21:09:15] Found probabilities for Mika Vermeulen in leg 1 - Podium: 0.805137333946475
INFO [2025-06-05 21:09:15] Found probabilities for Teresa Stadlober in leg 2 - Podium: 0.390601512570939
INFO [2025-06-05 21:09:15] Found probabilities for Benjamin Moser in leg 3 - Podium: 0.0546768348770139
INFO [2025-06-05 21:09:15] Found probabilities for Katharina Brudermann in leg 4 - Podium: 0.00728503887991414
INFO [2025-06-05 21:09:15] Found probabilities for Lucas Bögl in leg 1 - Podium: 0.0341954290165399
INFO [2025-06-05 21:09:15] Found probabilities for Katherine Sauerbrey in leg 2 - Podium: 0.0600693958944936
WARN [2025-06-05 21:09:15] No match found for Jan Stoelben in leg 3
INFO [2025-06-05 21:09:15] Found probabilities for Anna-Maria Dietze in leg 4 - Podium: 0.0119479195462281
INFO [2025-06-05 21:09:15] Found probabilities for Calle Halfvarsson in leg 1 - Podium: 0.307648181830157
INFO [2025-06-05 21:09:15] Found probabilities for Moa Lundgren in leg 2 - Podium: 0.0484522971402025
INFO [2025-06-05 21:09:15] Found probabilities for Gustaf Berglund in leg 3 - Podium: 0.202036320243858
INFO [2025-06-05 21:09:15] Found probabilities for Maja Dahlqvist in leg 4 - Podium: 0.381450220052061
INFO [2025-06-05 21:09:15] Found probabilities for Remi Drolet in leg 1 - Podium: 0.0213881640821738
INFO [2025-06-05 21:09:15] Found probabilities for Alison Mackie in leg 2 - Podium: 0.0211760251671557
INFO [2025-06-05 21:09:15] Found probabilities for Thomas Stephen in leg 3 - Podium: 0.0117134801804599
INFO [2025-06-05 21:09:15] Found probabilities for Sonjaa Schmidt in leg 4 - Podium: 0.0124079767221361
INFO [2025-06-05 21:09:15] Found probabilities for Michal Novak in leg 1 - Podium: 0.435562652101737
INFO [2025-06-05 21:09:15] Found probabilities for Katerina Janatova in leg 2 - Podium: 0.23792044035007
INFO [2025-06-05 21:09:15] Found probabilities for Matyas Bauer in leg 3 - Podium: 0.00928165868366959
INFO [2025-06-05 21:09:15] Found probabilities for Barbora Havlickova in leg 4 - Podium: 0.00333884228508564
INFO [2025-06-05 21:09:15] Found probabilities for Martino Carollo in leg 1 - Podium: 0.0687345987081774
INFO [2025-06-05 21:09:15] Found probabilities for Martina di Centa in leg 2 - Podium: 0.0246318848357812
INFO [2025-06-05 21:09:15] Found probabilities for Paolo Ventura in leg 3 - Podium: 0.0319693532728806
INFO [2025-06-05 21:09:15] Found probabilities for Maria Gismondi in leg 4 - Podium: 0.0171690970158538
INFO [2025-06-05 21:09:15] Found probabilities for Zanden McMullen in leg 1 - Podium: 0.0462910587246182
INFO [2025-06-05 21:09:15] Found probabilities for Julia Kern in leg 2 - Podium: 0.132304567831804
INFO [2025-06-05 21:09:15] Found probabilities for Ben Ogden in leg 3 - Podium: 0.416386186228901
INFO [2025-06-05 21:09:15] Found probabilities for Sophia Laukli in leg 4 - Podium: 0.0959988154028471
INFO [2025-06-05 21:09:15] Found probabilities for Nejc Stern in leg 1 - Podium: 0.0121459345035902
INFO [2025-06-05 21:09:15] Found probabilities for Anja Mandeljc in leg 2 - Podium: 0.0445058326645009
INFO [2025-06-05 21:09:15] Found probabilities for Miha Licef in leg 3 - Podium: 0.00659712988118397
INFO [2025-06-05 21:09:15] Found probabilities for Eva Urevc in leg 4 - Podium: 0.00822537171965462
INFO [2025-06-05 21:09:15] Found probabilities for Luke Jager in leg 1 - Podium: 0.00930162237075303
INFO [2025-06-05 21:09:15] Found probabilities for Kendall Kramer in leg 2 - Podium: 0.0135117272377435
INFO [2025-06-05 21:09:15] Found probabilities for James Clinton Schoonmaker in leg 3 - Podium: 0.0691320310136068
WARN [2025-06-05 21:09:15] No match found for Samantha Smith in leg 4
INFO [2025-06-05 21:09:15] Found probabilities for Hugo Hinckfuss in leg 1 - Podium: 0.0116957357889058
INFO [2025-06-05 21:09:15] Found probabilities for Tuva Bygrave in leg 2 - Podium: 0.00268181612053765
INFO [2025-06-05 21:09:15] Found probabilities for Seve De Campo in leg 3 - Podium: 0.00337774662812293
INFO [2025-06-05 21:09:15] Found probabilities for Rosie Fordham in leg 4 - Podium: 0.00473286899114635
INFO [2025-06-05 21:09:15] Found probabilities for Oleksandr Lisohor in leg 1 - Podium: 0.0044195052608048
INFO [2025-06-05 21:09:15] Found probabilities for Anastasiia Nikon in leg 2 - Podium: 0.00458065594467287
INFO [2025-06-05 21:09:15] Found probabilities for Dmytro Drahun in leg 3 - Podium: 0.00521835812026798
INFO [2025-06-05 21:09:15] Found probabilities for Viktoriya Olekh in leg 4 - Podium: 0.000581265791125897
INFO [2025-06-05 21:09:15] Found probabilities for Yernur Bexultan in leg 1 - Podium: 0.009676522663298
INFO [2025-06-05 21:09:15] Found probabilities for Yelizaveta Tolmachyova in leg 2 - Podium: 0.0170066474350912
INFO [2025-06-05 21:09:15] Found probabilities for Didar Kassenov in leg 3 - Podium: 0.00623787285838891
INFO [2025-06-05 21:09:15] Found probabilities for Laura Kinybaeyeva in leg 4 - Podium: 0.00263109799202643
INFO [2025-06-05 21:09:15] Resetting probabilities at or below the mode to zero
INFO [2025-06-05 21:09:15] No values appear more than twice for Win_Prob
INFO [2025-06-05 21:09:15] No values appear more than twice for Podium_Prob
INFO [2025-06-05 21:09:15] No values appear more than twice for Top5_Prob
INFO [2025-06-05 21:09:15] No values appear more than twice for Top10_Prob
INFO [2025-06-05 21:09:15] Normalizing team probabilities
INFO [2025-06-05 21:09:15] Normalized Win_Prob from sum of 0.4 to 1
INFO [2025-06-05 21:09:15] Normalized Podium_Prob from sum of 2.65 to 3
INFO [2025-06-05 21:09:15] Normalized Top5_Prob from sum of 4.68 to 5
INFO [2025-06-05 21:09:15] Normalized Top10_Prob from sum of 10.87 to 10
INFO [2025-06-05 21:09:15] Recalculated Expected_Points based on normalized probabilities
INFO [2025-06-05 21:09:15] Optimizing fantasy mixed relay team
INFO [2025-06-05 21:09:15] Fantasy team optimization complete. Selected 12 teams.
INFO [2025-06-05 21:09:15] Total price: 98626 of max 1e+05
INFO [2025-06-05 21:09:15] Expected total points: 765.8
INFO [2025-06-05 21:09:15] Saved points predictions to ~/blog/daehl-e/content/post/cross-country/drafts/weekly-picks/20250606/mixed_relay_points.xlsx
INFO [2025-06-05 21:09:15] Saved probability predictions to ~/blog/daehl-e/content/post/cross-country/drafts/weekly-picks/20250606/mixed_relay_probabilities.xlsx
INFO [2025-06-05 21:09:15] Saved fantasy team results to ~/blog/daehl-e/content/post/cross-country/drafts/weekly-picks/20250606/fantasy_mixed_relay_team.xlsx
INFO [2025-06-05 21:09:15] Mixed relay predictions completed successfully
INFO [2025-06-05 21:46:48] Starting mixed relay predictions process
INFO [2025-06-05 21:46:48] Loading weekend race data
INFO [2025-06-05 21:46:48] Tomorrow's date: 2025-06-06
