INFO [2025-03-17 07:59:03] Starting mixed relay predictions process
INFO [2025-03-17 07:59:05] Loading weekend race data
INFO [2025-03-17 07:59:05] Tomorrow's date: 2025-03-18
INFO [2025-03-17 07:59:05] Found 1 mixed relay races
INFO [2025-03-17 07:59:05] Loading chrono data
INFO [2025-03-17 07:59:11] Loaded men's chrono with 104709 rows and 36 columns
INFO [2025-03-17 07:59:11] Loaded ladies' chrono with 78415 rows and 36 columns
INFO [2025-03-17 07:59:11] Created combined chrono with 183124 rows
INFO [2025-03-17 07:59:11] Created relay df with 17707 rows
INFO [2025-03-17 07:59:11] Created individual df with 159804 rows
INFO [2025-03-17 07:59:17] Leg 1 dataset contains 357 rows
INFO [2025-03-17 07:59:17] Leg 2 dataset contains 356 rows
INFO [2025-03-17 07:59:17] Leg 3 dataset contains 355 rows
INFO [2025-03-17 07:59:17] Leg 4 dataset contains 354 rows
INFO [2025-03-17 07:59:17] Training models for Leg 1
INFO [2025-03-17 07:59:17] Using predictors: Distance_C_Pelo_Pct, Classic_Pelo_Pct, Distance_Pelo_Pct, Pelo_Pct, Weighted_Last_5
INFO [2025-03-17 07:59:17] Training podium model using xgbTree
INFO [2025-03-17 07:59:17] Training win model using xgbTree
INFO [2025-03-17 07:59:18] Training top5 model using xgbTree
INFO [2025-03-17 07:59:18] Training top10 model using xgbTree
INFO [2025-03-17 07:59:18] Top features for Leg 1 podium prediction:
INFO [2025-03-17 07:59:18] Training models for Leg 2
INFO [2025-03-17 07:59:18] Using predictors: Distance_C_Pelo_Pct, Classic_Pelo_Pct, Distance_Pelo_Pct, Pelo_Pct, Weighted_Last_5
INFO [2025-03-17 07:59:18] Training podium model using xgbTree
INFO [2025-03-17 07:59:19] Training win model using xgbTree
INFO [2025-03-17 07:59:19] Training top5 model using xgbTree
INFO [2025-03-17 07:59:19] Training top10 model using xgbTree
INFO [2025-03-17 07:59:20] Top features for Leg 2 podium prediction:
INFO [2025-03-17 07:59:20] Training models for Leg 3
INFO [2025-03-17 07:59:20] Using predictors: Distance_F_Pelo_Pct, Freestyle_Pelo_Pct, Distance_Pelo_Pct, Pelo_Pct, Weighted_Last_5
INFO [2025-03-17 07:59:20] Training podium model using xgbTree
INFO [2025-03-17 07:59:20] Training win model using xgbTree
INFO [2025-03-17 07:59:20] Training top5 model using xgbTree
INFO [2025-03-17 07:59:20] Training top10 model using xgbTree
INFO [2025-03-17 07:59:21] Top features for Leg 3 podium prediction:
INFO [2025-03-17 07:59:21] Training models for Leg 4
INFO [2025-03-17 07:59:21] Using predictors: Distance_F_Pelo_Pct, Freestyle_Pelo_Pct, Distance_Pelo_Pct, Sprint_Pelo_Pct, Pelo_Pct, Weighted_Last_5
INFO [2025-03-17 07:59:21] Training podium model using xgbTree
INFO [2025-03-17 07:59:21] Training win model using xgbTree
INFO [2025-03-17 07:59:21] Training top5 model using xgbTree
INFO [2025-03-17 07:59:22] Training top10 model using xgbTree
INFO [2025-03-17 07:59:22] Top features for Leg 4 podium prediction:
INFO [2025-03-17 07:59:22] Processing mixed relay predictions
INFO [2025-03-17 07:59:22] Loaded mixed relay teams startlist with 35 rows
INFO [2025-03-17 07:59:22] Loaded mixed relay individuals startlist with 505 rows
INFO [2025-03-17 07:59:22] Preparing current skier data for mixed relay
INFO [2025-03-17 07:59:24] Replaced NAs in Distance_Elo with first quartile: 1224.90028666242
INFO [2025-03-17 07:59:24] Replaced NAs in Distance_C_Elo with first quartile: 1232.30664600281
INFO [2025-03-17 07:59:24] Replaced NAs in Distance_F_Elo with first quartile: 1241.41688253304
INFO [2025-03-17 07:59:24] Replaced NAs in Sprint_Elo with first quartile: 1227.75153606681
INFO [2025-03-17 07:59:24] Replaced NAs in Sprint_C_Elo with first quartile: 1248.96250847029
INFO [2025-03-17 07:59:24] Replaced NAs in Sprint_F_Elo with first quartile: 1233.28714618613
INFO [2025-03-17 07:59:24] Replaced NAs in Classic_Elo with first quartile: 1243.86122284199
INFO [2025-03-17 07:59:24] Replaced NAs in Freestyle_Elo with first quartile: 1229.66040680229
INFO [2025-03-17 07:59:24] Replaced NAs in Distance_Pelo with first quartile: 1227.41341105013
INFO [2025-03-17 07:59:24] Replaced NAs in Distance_C_Pelo with first quartile: 1234.84588206926
INFO [2025-03-17 07:59:24] Replaced NAs in Distance_F_Pelo with first quartile: 1241.90573717984
INFO [2025-03-17 07:59:24] Replaced NAs in Sprint_Pelo with first quartile: 1241.68956780456
INFO [2025-03-17 07:59:24] Replaced NAs in Sprint_C_Pelo with first quartile: 1248.96250847029
INFO [2025-03-17 07:59:24] Replaced NAs in Sprint_F_Pelo with first quartile: 1254.56770895299
INFO [2025-03-17 07:59:24] Replaced NAs in Classic_Pelo with first quartile: 1245.68998444009
INFO [2025-03-17 07:59:24] Replaced NAs in Freestyle_Pelo with first quartile: 1247.99663056109
INFO [2025-03-17 07:59:24] Replaced NAs in Classic_Last_5 with first quartile: 0
INFO [2025-03-17 07:59:24] Replaced NAs in Freestyle_Last_5 with first quartile: 0
INFO [2025-03-17 07:59:24] Created Pelo_Pct from Elo with max value: 1936.67566595139
INFO [2025-03-17 07:59:24] Created Distance_Pelo_Pct from Distance_Elo with max value: 1864.8112847824
INFO [2025-03-17 07:59:24] Created Distance_C_Pelo_Pct from Distance_C_Elo with max value: 1772.68700688686
INFO [2025-03-17 07:59:24] Created Distance_F_Pelo_Pct from Distance_F_Elo with max value: 1704.82115321538
INFO [2025-03-17 07:59:24] Created Sprint_Pelo_Pct from Sprint_Elo with max value: 1882.4487927528
INFO [2025-03-17 07:59:24] Created Sprint_C_Pelo_Pct from Sprint_C_Elo with max value: 1711.09106628928
INFO [2025-03-17 07:59:24] Created Sprint_F_Pelo_Pct from Sprint_F_Elo with max value: 1797.07396691951
INFO [2025-03-17 07:59:24] Created Classic_Pelo_Pct from Classic_Elo with max value: 1803.94978393517
INFO [2025-03-17 07:59:24] Created Freestyle_Pelo_Pct from Freestyle_Elo with max value: 1804.47493286592
INFO [2025-03-17 07:59:24] Prepared data for 607 skiers with 33 features
INFO [2025-03-17 07:59:24] No FIS startlist, predicting for all skiers in all legs
INFO [2025-03-17 07:59:24] No valid FIS startlist, building optimized teams
INFO [2025-03-17 07:59:24] Attempting Option 1: Team model coefficients
INFO [2025-03-17 07:59:24] Option 1 failed: object 'leg_models' not found
INFO [2025-03-17 07:59:24] Attempting Option 2: Individual model accuracy
INFO [2025-03-17 07:59:24] Option 2 failed: object 'leg_models' not found
INFO [2025-03-17 07:59:24] Using Option 3: Default leg importance weights for mixed relay
INFO [2025-03-17 07:59:24] Using leg importance weights for team optimization: Leg 1: 0.20, Leg 2: 0.25, Leg 3: 0.25, Leg 4: 0.30
INFO [2025-03-17 07:59:24] Optimizing team for Finland
WARN [2025-03-17 07:59:24] Skier Kerttu Niskanen appears in multiple legs - adjusting
WARN [2025-03-17 07:59:24] Skier Iivo Niskanen appears in multiple legs - adjusting
INFO [2025-03-17 07:59:24] Optimizing team for Norway
WARN [2025-03-17 07:59:24] Skier Johannes Høsflot Klæbo appears in multiple legs - adjusting
INFO [2025-03-17 07:59:24] Optimizing team for Sweden
WARN [2025-03-17 07:59:24] Skier Jonna Sundling appears in multiple legs - adjusting
WARN [2025-03-17 07:59:24] Skier William Poromaa appears in multiple legs - adjusting
INFO [2025-03-17 07:59:24] Optimizing team for Ireland
WARN [2025-03-17 07:59:24] Nation Ireland doesn't have skiers for leg 1
WARN [2025-03-17 07:59:24] Nation Ireland doesn't have skiers for leg 3
INFO [2025-03-17 07:59:24] Optimizing team for Austria
WARN [2025-03-17 07:59:24] Skier Teresa Stadlober appears in multiple legs - adjusting
WARN [2025-03-17 07:59:24] Skier Mika Vermeulen appears in multiple legs - adjusting
INFO [2025-03-17 07:59:24] Optimizing team for France
WARN [2025-03-17 07:59:24] Skier Hugo Lapalus appears in multiple legs - adjusting
INFO [2025-03-17 07:59:25] Optimizing team for Germany
WARN [2025-03-17 07:59:25] Skier Friedrich Moch appears in multiple legs - adjusting
INFO [2025-03-17 07:59:25] Optimizing team for Italy
WARN [2025-03-17 07:59:25] Skier Caterina Ganz appears in multiple legs - adjusting
WARN [2025-03-17 07:59:25] Skier Federico Pellegrino appears in multiple legs - adjusting
INFO [2025-03-17 07:59:25] Optimizing team for Switzerland
INFO [2025-03-17 07:59:25] Optimizing team for USA
WARN [2025-03-17 07:59:25] Skier Jessie Diggins appears in multiple legs - adjusting
WARN [2025-03-17 07:59:25] Skier Gus Schumacher appears in multiple legs - adjusting
INFO [2025-03-17 07:59:25] Optimizing team for Canada
WARN [2025-03-17 07:59:25] Skier Kathrine Stewart-Jones appears in multiple legs - adjusting
INFO [2025-03-17 07:59:25] Optimizing team for Estonia
WARN [2025-03-17 07:59:25] Skier Alvar Johannes Alev appears in multiple legs - adjusting
INFO [2025-03-17 07:59:25] Optimizing team for Andorra
WARN [2025-03-17 07:59:25] Skier Gina del Rio appears in multiple legs - adjusting
WARN [2025-03-17 07:59:25] Skier Irineu Esteve Altimiras appears in multiple legs - adjusting
INFO [2025-03-17 07:59:25] Optimizing team for Czechia
WARN [2025-03-17 07:59:25] Skier Katerina Janatova appears in multiple legs - adjusting
WARN [2025-03-17 07:59:25] Skier Michal Novak appears in multiple legs - adjusting
INFO [2025-03-17 07:59:25] Optimizing team for Great Britain
WARN [2025-03-17 07:59:25] Nation Great Britain doesn't have skiers for leg 1
WARN [2025-03-17 07:59:25] Nation Great Britain doesn't have skiers for leg 3
INFO [2025-03-17 07:59:25] Optimizing team for Bulgaria
WARN [2025-03-17 07:59:25] Skier Kalina Nedyalkova appears in multiple legs - adjusting
WARN [2025-03-17 07:59:25] Skier Simeon Deyanov appears in multiple legs - adjusting
INFO [2025-03-17 07:59:25] Optimizing team for Armenia
WARN [2025-03-17 07:59:25] Skier Katya Galstyan appears in multiple legs - adjusting
WARN [2025-03-17 07:59:25] Skier Mikayel Mikayelyan appears in multiple legs - adjusting
INFO [2025-03-17 07:59:25] Optimizing team for Slovenia
WARN [2025-03-17 07:59:25] Skier Anja Mandeljc appears in multiple legs - adjusting
INFO [2025-03-17 07:59:25] Optimizing team for Australia
WARN [2025-03-17 07:59:25] Skier Rosie Fordham appears in multiple legs - adjusting
WARN [2025-03-17 07:59:25] Skier Seve De Campo appears in multiple legs - adjusting
INFO [2025-03-17 07:59:25] Optimizing team for Kazakhstan
WARN [2025-03-17 07:59:25] Skier Darya Ryazhko appears in multiple legs - adjusting
WARN [2025-03-17 07:59:25] Skier Nail Bashmakov appears in multiple legs - adjusting
INFO [2025-03-17 07:59:25] Optimizing team for Spain
WARN [2025-03-17 07:59:25] Nation Spain doesn't have skiers for leg 1
WARN [2025-03-17 07:59:25] Nation Spain doesn't have skiers for leg 3
INFO [2025-03-17 07:59:25] Optimizing team for Ukraine
WARN [2025-03-17 07:59:25] Skier Anastasiia Nikon appears in multiple legs - adjusting
WARN [2025-03-17 07:59:25] Skier Dmytro Drahun appears in multiple legs - adjusting
INFO [2025-03-17 07:59:25] Optimizing team for Slovakia
WARN [2025-03-17 07:59:25] Skier Maria Danielova appears in multiple legs - adjusting
WARN [2025-03-17 07:59:25] Skier Andrej Renda appears in multiple legs - adjusting
INFO [2025-03-17 07:59:25] Optimizing team for Latvia
WARN [2025-03-17 07:59:25] Skier Raimo Vigants appears in multiple legs - adjusting
INFO [2025-03-17 07:59:25] Optimizing team for Hungary
WARN [2025-03-17 07:59:25] Skier Sara Ponya appears in multiple legs - adjusting
WARN [2025-03-17 07:59:25] Skier Adam Konya appears in multiple legs - adjusting
INFO [2025-03-17 07:59:25] Optimizing team for Japan
WARN [2025-03-17 07:59:25] Skier Masae Tsuchiya appears in multiple legs - adjusting
WARN [2025-03-17 07:59:25] Skier Naoto Baba appears in multiple legs - adjusting
INFO [2025-03-17 07:59:25] Optimizing team for Poland
WARN [2025-03-17 07:59:25] Skier Izabela Marcisz appears in multiple legs - adjusting
WARN [2025-03-17 07:59:25] Skier Dominik Bury appears in multiple legs - adjusting
INFO [2025-03-17 07:59:25] Optimizing team for Colombia
WARN [2025-03-17 07:59:25] Nation Colombia doesn't have skiers for leg 1
WARN [2025-03-17 07:59:25] Nation Colombia doesn't have skiers for leg 3
INFO [2025-03-17 07:59:25] Optimizing team for South Korea
WARN [2025-03-17 07:59:25] Skier Eui Jin Lee appears in multiple legs - adjusting
WARN [2025-03-17 07:59:25] Skier Ji-Yeong Byun appears in multiple legs - adjusting
INFO [2025-03-17 07:59:25] Optimizing team for China
WARN [2025-03-17 07:59:25] Skier Honglian Meng appears in multiple legs - adjusting
WARN [2025-03-17 07:59:25] Skier Qiang Wang appears in multiple legs - adjusting
INFO [2025-03-17 07:59:25] Optimizing team for Chile
WARN [2025-03-17 07:59:25] Skier Martina Flores appears in multiple legs - adjusting
WARN [2025-03-17 07:59:25] Skier Sebastian Kristoffer Endrestad appears in multiple legs - adjusting
INFO [2025-03-17 07:59:25] Optimizing team for Argentina
WARN [2025-03-17 07:59:25] Skier Nahiara Diaz Gonzalez appears in multiple legs - adjusting
WARN [2025-03-17 07:59:25] Skier Franco Dal Farra appears in multiple legs - adjusting
INFO [2025-03-17 07:59:25] Optimizing team for Croatia
WARN [2025-03-17 07:59:25] Skier Tena Hadzic appears in multiple legs - adjusting
WARN [2025-03-17 07:59:25] Skier Marko Skender appears in multiple legs - adjusting
INFO [2025-03-17 07:59:25] Optimizing team for Liechtenstein
WARN [2025-03-17 07:59:25] Skier Nina Riedener appears in multiple legs - adjusting
WARN [2025-03-17 07:59:25] Skier Robin Frommelt appears in multiple legs - adjusting
INFO [2025-03-17 07:59:25] Optimizing team for Romania
WARN [2025-03-17 07:59:25] Skier Delia Ioana Reit appears in multiple legs - adjusting
WARN [2025-03-17 07:59:25] Skier Paul Constantin Pepene appears in multiple legs - adjusting
INFO [2025-03-17 07:59:25] Optimizing team for Serbia
WARN [2025-03-17 07:59:25] Skier Anja Ilic appears in multiple legs - adjusting
WARN [2025-03-17 07:59:25] Skier Milos Milosavljevic appears in multiple legs - adjusting
INFO [2025-03-17 07:59:25] Optimizing team for Thailand
WARN [2025-03-17 07:59:25] Nation Thailand doesn't have skiers for leg 1
WARN [2025-03-17 07:59:25] Nation Thailand doesn't have skiers for leg 3
INFO [2025-03-17 07:59:25] Optimizing team for Mongolia
WARN [2025-03-17 07:59:25] Skier Ariunbold Tumur appears in multiple legs - adjusting
WARN [2025-03-17 07:59:25] Skier Achbadrakh Batmunkh appears in multiple legs - adjusting
INFO [2025-03-17 07:59:25] Optimizing team for North Macedonia
WARN [2025-03-17 07:59:25] Skier Ana Cvetanovska appears in multiple legs - adjusting
WARN [2025-03-17 07:59:25] Skier Stavre Jada appears in multiple legs - adjusting
INFO [2025-03-17 07:59:25] Optimizing team for Belgium
WARN [2025-03-17 07:59:25] Nation Belgium doesn't have skiers for leg 1
WARN [2025-03-17 07:59:25] Nation Belgium doesn't have skiers for leg 3
INFO [2025-03-17 07:59:25] Optimizing team for Lithuania
WARN [2025-03-17 07:59:25] Skier Ieva Dainyte appears in multiple legs - adjusting
WARN [2025-03-17 07:59:25] Skier Tautvydas Strolia appears in multiple legs - adjusting
INFO [2025-03-17 07:59:25] Optimizing team for Haiti
WARN [2025-03-17 07:59:25] Skier Celine Marti appears in multiple legs - adjusting
WARN [2025-03-17 07:59:25] Skier Stevenson Stavart appears in multiple legs - adjusting
INFO [2025-03-17 07:59:25] Optimizing team for Bosnia&Herzegovina
WARN [2025-03-17 07:59:25] Skier Sara Plakalovic appears in multiple legs - adjusting
WARN [2025-03-17 07:59:25] Skier Strahinja Eric appears in multiple legs - adjusting
INFO [2025-03-17 07:59:25] Optimizing team for Turkey
WARN [2025-03-17 07:59:26] Skier Rabia Akyol appears in multiple legs - adjusting
WARN [2025-03-17 07:59:26] Skier Abdullah Yilmaz appears in multiple legs - adjusting
INFO [2025-03-17 07:59:26] Optimizing team for Denmark
WARN [2025-03-17 07:59:26] Nation Denmark doesn't have skiers for leg 1
WARN [2025-03-17 07:59:26] Nation Denmark doesn't have skiers for leg 3
INFO [2025-03-17 07:59:26] Optimizing team for Brazil
WARN [2025-03-17 07:59:26] Skier Eduarda Ribera appears in multiple legs - adjusting
WARN [2025-03-17 07:59:26] Skier Manex Silva appears in multiple legs - adjusting
INFO [2025-03-17 07:59:26] Optimizing team for Iceland
WARN [2025-03-17 07:59:26] Skier Kristrun Gudnadottir appears in multiple legs - adjusting
WARN [2025-03-17 07:59:26] Skier Dagur Benediktsson appears in multiple legs - adjusting
INFO [2025-03-17 07:59:26] Optimizing team for Greece
WARN [2025-03-17 07:59:26] Skier Konstantina Charalampidou appears in multiple legs - adjusting
WARN [2025-03-17 07:59:26] Skier Nikolaos Tsourekas appears in multiple legs - adjusting
INFO [2025-03-17 07:59:26] Optimizing team for Nigeria
WARN [2025-03-17 07:59:26] Nation Nigeria doesn't have skiers for leg 1
WARN [2025-03-17 07:59:26] Nation Nigeria doesn't have skiers for leg 3
INFO [2025-03-17 07:59:26] Optimizing team for Montenegro
WARN [2025-03-17 07:59:26] Nation Montenegro doesn't have skiers for leg 1
WARN [2025-03-17 07:59:26] Nation Montenegro doesn't have skiers for leg 3
INFO [2025-03-17 07:59:26] Optimizing team for Kyrgyzstan
WARN [2025-03-17 07:59:26] Nation Kyrgyzstan doesn't have skiers for leg 1
WARN [2025-03-17 07:59:26] Nation Kyrgyzstan doesn't have skiers for leg 3
INFO [2025-03-17 07:59:26] Optimizing team for India
WARN [2025-03-17 07:59:26] Skier Bhavani Thekkada Nanjunda appears in multiple legs - adjusting
WARN [2025-03-17 07:59:26] Skier Shubam Parihar appears in multiple legs - adjusting
INFO [2025-03-17 07:59:26] Optimizing team for Bolivia
WARN [2025-03-17 07:59:26] Nation Bolivia doesn't have skiers for leg 1
WARN [2025-03-17 07:59:26] Nation Bolivia doesn't have skiers for leg 3
INFO [2025-03-17 07:59:26] Optimizing team for Portugal
WARN [2025-03-17 07:59:26] Nation Portugal doesn't have skiers for leg 1
WARN [2025-03-17 07:59:26] Nation Portugal doesn't have skiers for leg 3
INFO [2025-03-17 07:59:26] Optimizing team for Lebanon
WARN [2025-03-17 07:59:26] Skier Jeanne Darc Tawk appears in multiple legs - adjusting
WARN [2025-03-17 07:59:26] Skier Samer Tawk appears in multiple legs - adjusting
INFO [2025-03-17 07:59:26] Optimizing team for Iran
WARN [2025-03-17 07:59:26] Skier Samaneh Beyrami Baher appears in multiple legs - adjusting
WARN [2025-03-17 07:59:26] Skier Alireza Moghdid appears in multiple legs - adjusting
INFO [2025-03-17 07:59:26] Optimizing team for Mexico
WARN [2025-03-17 07:59:26] Skier Regina Martinez Lorenzo appears in multiple legs - adjusting
WARN [2025-03-17 07:59:26] Skier Allan Corona appears in multiple legs - adjusting
INFO [2025-03-17 07:59:26] Optimizing team for Taiwan
WARN [2025-03-17 07:59:26] Skier Sophia Tsu Velicer appears in multiple legs - adjusting
WARN [2025-03-17 07:59:26] Skier Chieh-Han Lee appears in multiple legs - adjusting
INFO [2025-03-17 07:59:26] Optimizing team for Saudi Arabia
WARN [2025-03-17 07:59:26] Nation Saudi Arabia doesn't have skiers for leg 1
WARN [2025-03-17 07:59:26] Nation Saudi Arabia doesn't have skiers for leg 3
INFO [2025-03-17 07:59:26] Optimizing team for Peru
WARN [2025-03-17 07:59:26] Nation Peru doesn't have skiers for leg 1
WARN [2025-03-17 07:59:26] Nation Peru doesn't have skiers for leg 3
INFO [2025-03-17 07:59:26] Optimizing team for South Africa
WARN [2025-03-17 07:59:26] Nation South Africa doesn't have skiers for leg 1
WARN [2025-03-17 07:59:26] Nation South Africa doesn't have skiers for leg 3
INFO [2025-03-17 07:59:26] Optimizing team for San Marino
WARN [2025-03-17 07:59:26] Nation San Marino doesn't have skiers for leg 1
WARN [2025-03-17 07:59:26] Nation San Marino doesn't have skiers for leg 3
INFO [2025-03-17 07:59:26] Optimizing team for Israel
WARN [2025-03-17 07:59:26] Nation Israel doesn't have skiers for leg 1
WARN [2025-03-17 07:59:26] Nation Israel doesn't have skiers for leg 3
INFO [2025-03-17 07:59:26] Optimizing team for Ecuador
WARN [2025-03-17 07:59:26] Nation Ecuador doesn't have skiers for leg 1
WARN [2025-03-17 07:59:26] Nation Ecuador doesn't have skiers for leg 3
INFO [2025-03-17 07:59:26] Optimizing team for Venezuela
WARN [2025-03-17 07:59:26] Nation Venezuela doesn't have skiers for leg 1
WARN [2025-03-17 07:59:26] Nation Venezuela doesn't have skiers for leg 3
INFO [2025-03-17 07:59:26] Optimizing team for Trinidad & Tobago
WARN [2025-03-17 07:59:26] Nation Trinidad & Tobago doesn't have skiers for leg 1
WARN [2025-03-17 07:59:26] Nation Trinidad & Tobago doesn't have skiers for leg 3
INFO [2025-03-17 07:59:26] Optimizing team for Malta
WARN [2025-03-17 07:59:26] Nation Malta doesn't have skiers for leg 1
WARN [2025-03-17 07:59:26] Nation Malta doesn't have skiers for leg 3
INFO [2025-03-17 07:59:26] Optimizing team for Malaysia
WARN [2025-03-17 07:59:26] Nation Malaysia doesn't have skiers for leg 2
WARN [2025-03-17 07:59:26] Nation Malaysia doesn't have skiers for leg 4
INFO [2025-03-17 07:59:26] Matching optimized teams with startlist team names and prices
INFO [2025-03-17 07:59:26] Resetting probabilities at or below the mode to zero
INFO [2025-03-17 07:59:26] Reset 57 values to 0 for Win_Prob (repeated values or values <  0.0962 )
INFO [2025-03-17 07:59:26] Repeated values: 0, 0.0373, 0.0724, 0.0962
INFO [2025-03-17 07:59:26] Reset 52 values to 0 for Podium_Prob (repeated values or values <  0.0795 )
INFO [2025-03-17 07:59:26] Repeated values: 0, 0.0733, 0.0795
INFO [2025-03-17 07:59:26] Reset 50 values to 0 for Top5_Prob (repeated values or values <  0.1292 )
INFO [2025-03-17 07:59:26] Repeated values: 0, 0.1018, 0.1292
INFO [2025-03-17 07:59:26] Reset 22 values to 0 for Top10_Prob (repeated values or values <  0 )
INFO [2025-03-17 07:59:26] Repeated values: 0
INFO [2025-03-17 07:59:26] Normalizing team probabilities
INFO [2025-03-17 07:59:26] Normalized Win_Prob from sum of 1.87 to 1
INFO [2025-03-17 07:59:26] Normalized Podium_Prob from sum of 4.82 to 3
INFO [2025-03-17 07:59:26] Normalized Top5_Prob from sum of 7.05 to 5
INFO [2025-03-17 07:59:26] Normalized Top10_Prob from sum of 14.94 to 10
INFO [2025-03-17 07:59:26] Recalculated Expected_Points based on normalized probabilities
INFO [2025-03-17 07:59:26] Optimizing fantasy mixed relay team
INFO [2025-03-17 07:59:26] Fantasy team optimization complete. Selected 12 teams.
INFO [2025-03-17 07:59:26] Total price: 99378 of max 1e+05
INFO [2025-03-17 07:59:26] Expected total points: 606.4
INFO [2025-03-17 07:59:26] Saved points predictions to ~/blog/daehl-e/content/post/cross-country/drafts/weekly-picks/20250318/mixed_relay_points.xlsx
INFO [2025-03-17 07:59:26] Saved probability predictions to ~/blog/daehl-e/content/post/cross-country/drafts/weekly-picks/20250318/mixed_relay_probabilities.xlsx
INFO [2025-03-17 07:59:26] Saved fantasy team results to ~/blog/daehl-e/content/post/cross-country/drafts/weekly-picks/20250318/fantasy_mixed_relay_team.xlsx
INFO [2025-03-17 07:59:26] Mixed relay predictions completed successfully
INFO [2025-03-17 08:10:26] Loading weekend race data
INFO [2025-03-17 08:10:26] Tomorrow's date: 2025-03-18
INFO [2025-03-17 08:10:26] Found 1 mixed relay races
INFO [2025-03-17 08:10:26] Loading chrono data
INFO [2025-03-17 08:10:32] Loaded men's chrono with 104709 rows and 36 columns
INFO [2025-03-17 08:10:32] Loaded ladies' chrono with 78415 rows and 36 columns
INFO [2025-03-17 08:10:32] Created combined chrono with 183124 rows
INFO [2025-03-17 08:10:32] Created relay df with 17707 rows
INFO [2025-03-17 08:10:32] Created individual df with 159804 rows
INFO [2025-03-17 08:10:37] Leg 1 dataset contains 357 rows
INFO [2025-03-17 08:10:37] Leg 2 dataset contains 356 rows
INFO [2025-03-17 08:10:37] Leg 3 dataset contains 355 rows
INFO [2025-03-17 08:10:37] Leg 4 dataset contains 354 rows
INFO [2025-03-17 08:10:37] Training models for Leg 1
INFO [2025-03-17 08:10:37] Using predictors: Distance_C_Pelo_Pct, Classic_Pelo_Pct, Distance_Pelo_Pct, Pelo_Pct, Weighted_Last_5
INFO [2025-03-17 08:10:37] Training podium model using glm
INFO [2025-03-17 08:10:37] Training win model using glm
INFO [2025-03-17 08:10:37] Training top5 model using glm
INFO [2025-03-17 08:10:37] Training top10 model using glm
INFO [2025-03-17 08:10:37] Top features for Leg 1 podium prediction:
INFO [2025-03-17 08:10:37] Training models for Leg 2
INFO [2025-03-17 08:10:37] Using predictors: Distance_C_Pelo_Pct, Classic_Pelo_Pct, Distance_Pelo_Pct, Pelo_Pct, Weighted_Last_5
INFO [2025-03-17 08:10:37] Training podium model using glm
INFO [2025-03-17 08:10:37] Training win model using glm
INFO [2025-03-17 08:10:38] Training top5 model using glm
INFO [2025-03-17 08:10:38] Training top10 model using glm
INFO [2025-03-17 08:10:38] Top features for Leg 2 podium prediction:
INFO [2025-03-17 08:10:38] Training models for Leg 3
INFO [2025-03-17 08:10:38] Using predictors: Distance_F_Pelo_Pct, Freestyle_Pelo_Pct, Distance_Pelo_Pct, Pelo_Pct, Weighted_Last_5
INFO [2025-03-17 08:10:38] Training podium model using glm
INFO [2025-03-17 08:10:38] Training win model using glm
INFO [2025-03-17 08:10:38] Training top5 model using glm
INFO [2025-03-17 08:10:38] Training top10 model using glm
INFO [2025-03-17 08:10:38] Top features for Leg 3 podium prediction:
INFO [2025-03-17 08:10:38] Training models for Leg 4
INFO [2025-03-17 08:10:38] Using predictors: Distance_F_Pelo_Pct, Freestyle_Pelo_Pct, Distance_Pelo_Pct, Sprint_Pelo_Pct, Pelo_Pct, Weighted_Last_5
INFO [2025-03-17 08:10:38] Training podium model using glm
INFO [2025-03-17 08:10:38] Training win model using glm
INFO [2025-03-17 08:10:38] Training top5 model using glm
INFO [2025-03-17 08:10:38] Training top10 model using glm
INFO [2025-03-17 08:10:38] Top features for Leg 4 podium prediction:
INFO [2025-03-17 08:10:38] Processing mixed relay predictions
INFO [2025-03-17 08:10:38] Loaded mixed relay teams startlist with 35 rows
INFO [2025-03-17 08:10:38] Loaded mixed relay individuals startlist with 505 rows
INFO [2025-03-17 08:10:38] Preparing current skier data for mixed relay
INFO [2025-03-17 08:10:40] Replaced NAs in Distance_Elo with first quartile: 1224.90028666242
INFO [2025-03-17 08:10:40] Replaced NAs in Distance_C_Elo with first quartile: 1232.30664600281
INFO [2025-03-17 08:10:40] Replaced NAs in Distance_F_Elo with first quartile: 1241.41688253304
INFO [2025-03-17 08:10:40] Replaced NAs in Sprint_Elo with first quartile: 1227.75153606681
INFO [2025-03-17 08:10:40] Replaced NAs in Sprint_C_Elo with first quartile: 1248.96250847029
INFO [2025-03-17 08:10:40] Replaced NAs in Sprint_F_Elo with first quartile: 1233.28714618613
INFO [2025-03-17 08:10:40] Replaced NAs in Classic_Elo with first quartile: 1243.86122284199
INFO [2025-03-17 08:10:40] Replaced NAs in Freestyle_Elo with first quartile: 1229.66040680229
INFO [2025-03-17 08:10:40] Replaced NAs in Distance_Pelo with first quartile: 1227.41341105013
INFO [2025-03-17 08:10:40] Replaced NAs in Distance_C_Pelo with first quartile: 1234.84588206926
INFO [2025-03-17 08:10:40] Replaced NAs in Distance_F_Pelo with first quartile: 1241.90573717984
INFO [2025-03-17 08:10:40] Replaced NAs in Sprint_Pelo with first quartile: 1241.68956780456
INFO [2025-03-17 08:10:40] Replaced NAs in Sprint_C_Pelo with first quartile: 1248.96250847029
INFO [2025-03-17 08:10:40] Replaced NAs in Sprint_F_Pelo with first quartile: 1254.56770895299
INFO [2025-03-17 08:10:40] Replaced NAs in Classic_Pelo with first quartile: 1245.68998444009
INFO [2025-03-17 08:10:40] Replaced NAs in Freestyle_Pelo with first quartile: 1247.99663056109
INFO [2025-03-17 08:10:40] Replaced NAs in Classic_Last_5 with first quartile: 0
INFO [2025-03-17 08:10:40] Replaced NAs in Freestyle_Last_5 with first quartile: 0
INFO [2025-03-17 08:10:40] Created Pelo_Pct from Elo with max value: 1936.67566595139
INFO [2025-03-17 08:10:40] Created Distance_Pelo_Pct from Distance_Elo with max value: 1864.8112847824
INFO [2025-03-17 08:10:40] Created Distance_C_Pelo_Pct from Distance_C_Elo with max value: 1772.68700688686
INFO [2025-03-17 08:10:40] Created Distance_F_Pelo_Pct from Distance_F_Elo with max value: 1704.82115321538
INFO [2025-03-17 08:10:40] Created Sprint_Pelo_Pct from Sprint_Elo with max value: 1882.4487927528
INFO [2025-03-17 08:10:40] Created Sprint_C_Pelo_Pct from Sprint_C_Elo with max value: 1711.09106628928
INFO [2025-03-17 08:10:40] Created Sprint_F_Pelo_Pct from Sprint_F_Elo with max value: 1797.07396691951
INFO [2025-03-17 08:10:40] Created Classic_Pelo_Pct from Classic_Elo with max value: 1803.94978393517
INFO [2025-03-17 08:10:40] Created Freestyle_Pelo_Pct from Freestyle_Elo with max value: 1804.47493286592
INFO [2025-03-17 08:10:40] Prepared data for 607 skiers with 33 features
INFO [2025-03-17 08:10:40] No FIS startlist, predicting for all skiers in all legs
INFO [2025-03-17 08:10:40] No valid FIS startlist, building optimized teams
INFO [2025-03-17 08:10:40] Attempting Option 1: Team model coefficients
INFO [2025-03-17 08:10:40] Option 1 failed: object 'leg_models' not found
INFO [2025-03-17 08:10:40] Attempting Option 2: Individual model accuracy
INFO [2025-03-17 08:10:40] Option 2 failed: object 'leg_models' not found
INFO [2025-03-17 08:10:40] Using Option 3: Default leg importance weights for mixed relay
INFO [2025-03-17 08:10:40] Using leg importance weights for team optimization: Leg 1: 0.20, Leg 2: 0.25, Leg 3: 0.25, Leg 4: 0.30
INFO [2025-03-17 08:10:40] Optimizing team for Finland
WARN [2025-03-17 08:10:40] Skier Kerttu Niskanen appears in multiple legs - adjusting
WARN [2025-03-17 08:10:40] Skier Iivo Niskanen appears in multiple legs - adjusting
INFO [2025-03-17 08:10:40] Optimizing team for Norway
WARN [2025-03-17 08:10:40] Skier Therese Johaug appears in multiple legs - adjusting
INFO [2025-03-17 08:10:40] Optimizing team for Sweden
WARN [2025-03-17 08:10:40] Skier William Poromaa appears in multiple legs - adjusting
INFO [2025-03-17 08:10:40] Optimizing team for Ireland
WARN [2025-03-17 08:10:40] Nation Ireland doesn't have skiers for leg 1
WARN [2025-03-17 08:10:40] Nation Ireland doesn't have skiers for leg 3
INFO [2025-03-17 08:10:40] Optimizing team for Austria
WARN [2025-03-17 08:10:40] Skier Teresa Stadlober appears in multiple legs - adjusting
WARN [2025-03-17 08:10:40] Skier Mika Vermeulen appears in multiple legs - adjusting
INFO [2025-03-17 08:10:40] Optimizing team for France
WARN [2025-03-17 08:10:40] Skier Flora Dolci appears in multiple legs - adjusting
WARN [2025-03-17 08:10:40] Skier Hugo Lapalus appears in multiple legs - adjusting
INFO [2025-03-17 08:10:40] Optimizing team for Germany
WARN [2025-03-17 08:10:40] Skier Victoria Carl appears in multiple legs - adjusting
WARN [2025-03-17 08:10:40] Skier Friedrich Moch appears in multiple legs - adjusting
INFO [2025-03-17 08:10:41] Optimizing team for Italy
WARN [2025-03-17 08:10:41] Skier Caterina Ganz appears in multiple legs - adjusting
WARN [2025-03-17 08:10:41] Skier Federico Pellegrino appears in multiple legs - adjusting
INFO [2025-03-17 08:10:41] Optimizing team for Switzerland
WARN [2025-03-17 08:10:41] Skier Nadine Fähndrich appears in multiple legs - adjusting
INFO [2025-03-17 08:10:41] Optimizing team for USA
WARN [2025-03-17 08:10:41] Skier Jessie Diggins appears in multiple legs - adjusting
WARN [2025-03-17 08:10:41] Skier Gus Schumacher appears in multiple legs - adjusting
INFO [2025-03-17 08:10:41] Optimizing team for Canada
WARN [2025-03-17 08:10:41] Skier Kathrine Stewart-Jones appears in multiple legs - adjusting
WARN [2025-03-17 08:10:41] Skier Antoine Cyr appears in multiple legs - adjusting
INFO [2025-03-17 08:10:41] Optimizing team for Estonia
WARN [2025-03-17 08:10:41] Skier Kaidy Kaasiku appears in multiple legs - adjusting
WARN [2025-03-17 08:10:41] Skier Alvar Johannes Alev appears in multiple legs - adjusting
INFO [2025-03-17 08:10:41] Optimizing team for Andorra
WARN [2025-03-17 08:10:41] Skier Gina del Rio appears in multiple legs - adjusting
WARN [2025-03-17 08:10:41] Skier Irineu Esteve Altimiras appears in multiple legs - adjusting
INFO [2025-03-17 08:10:41] Optimizing team for Czechia
WARN [2025-03-17 08:10:41] Skier Katerina Janatova appears in multiple legs - adjusting
WARN [2025-03-17 08:10:41] Skier Michal Novak appears in multiple legs - adjusting
INFO [2025-03-17 08:10:41] Optimizing team for Great Britain
WARN [2025-03-17 08:10:41] Nation Great Britain doesn't have skiers for leg 1
WARN [2025-03-17 08:10:41] Nation Great Britain doesn't have skiers for leg 3
INFO [2025-03-17 08:10:41] Optimizing team for Bulgaria
WARN [2025-03-17 08:10:41] Skier Kalina Nedyalkova appears in multiple legs - adjusting
WARN [2025-03-17 08:10:41] Skier Mario Matikanov appears in multiple legs - adjusting
INFO [2025-03-17 08:10:41] Optimizing team for Armenia
WARN [2025-03-17 08:10:41] Skier Katya Galstyan appears in multiple legs - adjusting
WARN [2025-03-17 08:10:41] Skier Mikayel Mikayelyan appears in multiple legs - adjusting
INFO [2025-03-17 08:10:41] Optimizing team for Slovenia
WARN [2025-03-17 08:10:41] Skier Anja Mandeljc appears in multiple legs - adjusting
INFO [2025-03-17 08:10:41] Optimizing team for Australia
WARN [2025-03-17 08:10:41] Skier Rosie Fordham appears in multiple legs - adjusting
INFO [2025-03-17 08:10:41] Optimizing team for Kazakhstan
WARN [2025-03-17 08:10:41] Skier Yelizaveta Tolmachyova appears in multiple legs - adjusting
WARN [2025-03-17 08:10:41] Skier Svyatoslav Matassov appears in multiple legs - adjusting
INFO [2025-03-17 08:10:41] Optimizing team for Spain
WARN [2025-03-17 08:10:41] Nation Spain doesn't have skiers for leg 1
WARN [2025-03-17 08:10:41] Nation Spain doesn't have skiers for leg 3
INFO [2025-03-17 08:10:41] Optimizing team for Ukraine
INFO [2025-03-17 08:10:41] Optimizing team for Slovakia
WARN [2025-03-17 08:10:41] Skier Maria Danielova appears in multiple legs - adjusting
INFO [2025-03-17 08:10:41] Optimizing team for Latvia
WARN [2025-03-17 08:10:41] Skier Patricijia Eiduka appears in multiple legs - adjusting
WARN [2025-03-17 08:10:41] Skier Jekabs Skolnieks appears in multiple legs - adjusting
INFO [2025-03-17 08:10:41] Optimizing team for Hungary
WARN [2025-03-17 08:10:41] Skier Daniel Szollos appears in multiple legs - adjusting
INFO [2025-03-17 08:10:41] Optimizing team for Japan
WARN [2025-03-17 08:10:41] Skier Masae Tsuchiya appears in multiple legs - adjusting
WARN [2025-03-17 08:10:41] Skier Naoto Baba appears in multiple legs - adjusting
INFO [2025-03-17 08:10:41] Optimizing team for Poland
WARN [2025-03-17 08:10:41] Skier Dominik Bury appears in multiple legs - adjusting
INFO [2025-03-17 08:10:41] Optimizing team for Colombia
WARN [2025-03-17 08:10:41] Nation Colombia doesn't have skiers for leg 1
WARN [2025-03-17 08:10:41] Nation Colombia doesn't have skiers for leg 3
INFO [2025-03-17 08:10:41] Optimizing team for South Korea
INFO [2025-03-17 08:10:41] Optimizing team for China
WARN [2025-03-17 08:10:41] Skier Lingshuang Chen appears in multiple legs - adjusting
INFO [2025-03-17 08:10:41] Optimizing team for Chile
WARN [2025-03-17 08:10:41] Skier Sigurd Herrera appears in multiple legs - adjusting
INFO [2025-03-17 08:10:41] Optimizing team for Argentina
WARN [2025-03-17 08:10:41] Skier Agustina Groetzner appears in multiple legs - adjusting
WARN [2025-03-17 08:10:41] Skier Mateo Lorenzo Sauma appears in multiple legs - adjusting
INFO [2025-03-17 08:10:41] Optimizing team for Croatia
WARN [2025-03-17 08:10:41] Skier Ema Sobol appears in multiple legs - adjusting
WARN [2025-03-17 08:10:41] Skier Marko Skender appears in multiple legs - adjusting
INFO [2025-03-17 08:10:41] Optimizing team for Liechtenstein
WARN [2025-03-17 08:10:41] Skier Nina Riedener appears in multiple legs - adjusting
INFO [2025-03-17 08:10:41] Optimizing team for Romania
WARN [2025-03-17 08:10:41] Skier Delia Ioana Reit appears in multiple legs - adjusting
INFO [2025-03-17 08:10:41] Optimizing team for Serbia
WARN [2025-03-17 08:10:41] Skier Anja Ilic appears in multiple legs - adjusting
WARN [2025-03-17 08:10:41] Skier Rejhan Smrkovic appears in multiple legs - adjusting
INFO [2025-03-17 08:10:41] Optimizing team for Thailand
WARN [2025-03-17 08:10:41] Nation Thailand doesn't have skiers for leg 1
WARN [2025-03-17 08:10:41] Nation Thailand doesn't have skiers for leg 3
INFO [2025-03-17 08:10:41] Optimizing team for Mongolia
WARN [2025-03-17 08:10:41] Skier Ariunbold Tumur appears in multiple legs - adjusting
INFO [2025-03-17 08:10:41] Optimizing team for North Macedonia
WARN [2025-03-17 08:10:41] Skier Ana Cvetanovska appears in multiple legs - adjusting
WARN [2025-03-17 08:10:41] Skier Darko Damjanovski appears in multiple legs - adjusting
INFO [2025-03-17 08:10:41] Optimizing team for Belgium
WARN [2025-03-17 08:10:41] Nation Belgium doesn't have skiers for leg 1
WARN [2025-03-17 08:10:41] Nation Belgium doesn't have skiers for leg 3
INFO [2025-03-17 08:10:41] Optimizing team for Lithuania
INFO [2025-03-17 08:10:41] Optimizing team for Haiti
WARN [2025-03-17 08:10:41] Skier Celine Marti appears in multiple legs - adjusting
INFO [2025-03-17 08:10:41] Optimizing team for Bosnia&Herzegovina
INFO [2025-03-17 08:10:41] Optimizing team for Turkey
WARN [2025-03-17 08:10:41] Skier Rabia Akyol appears in multiple legs - adjusting
INFO [2025-03-17 08:10:41] Optimizing team for Denmark
WARN [2025-03-17 08:10:41] Nation Denmark doesn't have skiers for leg 1
WARN [2025-03-17 08:10:41] Nation Denmark doesn't have skiers for leg 3
INFO [2025-03-17 08:10:41] Optimizing team for Brazil
WARN [2025-03-17 08:10:41] Skier Eduarda Ribera appears in multiple legs - adjusting
INFO [2025-03-17 08:10:41] Optimizing team for Iceland
WARN [2025-03-17 08:10:41] Skier Kristrun Gudnadottir appears in multiple legs - adjusting
INFO [2025-03-17 08:10:41] Optimizing team for Greece
INFO [2025-03-17 08:10:41] Optimizing team for Nigeria
WARN [2025-03-17 08:10:41] Nation Nigeria doesn't have skiers for leg 1
WARN [2025-03-17 08:10:41] Nation Nigeria doesn't have skiers for leg 3
INFO [2025-03-17 08:10:41] Optimizing team for Montenegro
WARN [2025-03-17 08:10:41] Nation Montenegro doesn't have skiers for leg 1
WARN [2025-03-17 08:10:41] Nation Montenegro doesn't have skiers for leg 3
INFO [2025-03-17 08:10:41] Optimizing team for Kyrgyzstan
WARN [2025-03-17 08:10:42] Nation Kyrgyzstan doesn't have skiers for leg 1
WARN [2025-03-17 08:10:42] Nation Kyrgyzstan doesn't have skiers for leg 3
INFO [2025-03-17 08:10:42] Optimizing team for India
WARN [2025-03-17 08:10:42] Skier Bhavani Thekkada Nanjunda appears in multiple legs - adjusting
INFO [2025-03-17 08:10:42] Optimizing team for Bolivia
WARN [2025-03-17 08:10:42] Nation Bolivia doesn't have skiers for leg 1
WARN [2025-03-17 08:10:42] Nation Bolivia doesn't have skiers for leg 3
INFO [2025-03-17 08:10:42] Optimizing team for Portugal
WARN [2025-03-17 08:10:42] Nation Portugal doesn't have skiers for leg 1
WARN [2025-03-17 08:10:42] Nation Portugal doesn't have skiers for leg 3
INFO [2025-03-17 08:10:42] Optimizing team for Lebanon
WARN [2025-03-17 08:10:42] Skier Jeanne Darc Tawk appears in multiple legs - adjusting
WARN [2025-03-17 08:10:42] Skier Samer Tawk appears in multiple legs - adjusting
INFO [2025-03-17 08:10:42] Optimizing team for Iran
WARN [2025-03-17 08:10:42] Skier Atefah Salehi appears in multiple legs - adjusting
WARN [2025-03-17 08:10:42] Skier Seyed Ahmad Reza Seyd appears in multiple legs - adjusting
INFO [2025-03-17 08:10:42] Optimizing team for Mexico
INFO [2025-03-17 08:10:42] Optimizing team for Taiwan
WARN [2025-03-17 08:10:42] Skier Sophia Tsu Velicer appears in multiple legs - adjusting
WARN [2025-03-17 08:10:42] Skier Chieh-Han Lee appears in multiple legs - adjusting
INFO [2025-03-17 08:10:42] Optimizing team for Saudi Arabia
WARN [2025-03-17 08:10:42] Nation Saudi Arabia doesn't have skiers for leg 1
WARN [2025-03-17 08:10:42] Nation Saudi Arabia doesn't have skiers for leg 3
INFO [2025-03-17 08:10:42] Optimizing team for Peru
WARN [2025-03-17 08:10:42] Nation Peru doesn't have skiers for leg 1
WARN [2025-03-17 08:10:42] Nation Peru doesn't have skiers for leg 3
INFO [2025-03-17 08:10:42] Optimizing team for South Africa
WARN [2025-03-17 08:10:42] Nation South Africa doesn't have skiers for leg 1
WARN [2025-03-17 08:10:42] Nation South Africa doesn't have skiers for leg 3
INFO [2025-03-17 08:10:42] Optimizing team for San Marino
WARN [2025-03-17 08:10:42] Nation San Marino doesn't have skiers for leg 1
WARN [2025-03-17 08:10:42] Nation San Marino doesn't have skiers for leg 3
INFO [2025-03-17 08:10:42] Optimizing team for Israel
WARN [2025-03-17 08:10:42] Nation Israel doesn't have skiers for leg 1
WARN [2025-03-17 08:10:42] Nation Israel doesn't have skiers for leg 3
INFO [2025-03-17 08:10:42] Optimizing team for Ecuador
WARN [2025-03-17 08:10:42] Nation Ecuador doesn't have skiers for leg 1
WARN [2025-03-17 08:10:42] Nation Ecuador doesn't have skiers for leg 3
INFO [2025-03-17 08:10:42] Optimizing team for Venezuela
WARN [2025-03-17 08:10:42] Nation Venezuela doesn't have skiers for leg 1
WARN [2025-03-17 08:10:42] Nation Venezuela doesn't have skiers for leg 3
INFO [2025-03-17 08:10:42] Optimizing team for Trinidad & Tobago
WARN [2025-03-17 08:10:42] Nation Trinidad & Tobago doesn't have skiers for leg 1
WARN [2025-03-17 08:10:42] Nation Trinidad & Tobago doesn't have skiers for leg 3
INFO [2025-03-17 08:10:42] Optimizing team for Malta
WARN [2025-03-17 08:10:42] Nation Malta doesn't have skiers for leg 1
WARN [2025-03-17 08:10:42] Nation Malta doesn't have skiers for leg 3
INFO [2025-03-17 08:10:42] Optimizing team for Malaysia
WARN [2025-03-17 08:10:42] Nation Malaysia doesn't have skiers for leg 2
WARN [2025-03-17 08:10:42] Nation Malaysia doesn't have skiers for leg 4
INFO [2025-03-17 08:10:42] Matching optimized teams with startlist team names and prices
INFO [2025-03-17 08:10:42] Resetting probabilities at or below the mode to zero
INFO [2025-03-17 08:10:42] Reset 40 values to 0 for Win_Prob (repeated values or values <  1e-04 )
INFO [2025-03-17 08:10:42] Repeated values: 0, 1e-04, 1e-04
INFO [2025-03-17 08:10:42] Reset 22 values to 0 for Podium_Prob (repeated values or values <  0 )
INFO [2025-03-17 08:10:42] Repeated values: 0
INFO [2025-03-17 08:10:42] Reset 22 values to 0 for Top5_Prob (repeated values or values <  0 )
INFO [2025-03-17 08:10:42] Repeated values: 0
INFO [2025-03-17 08:10:42] Reset 22 values to 0 for Top10_Prob (repeated values or values <  0 )
INFO [2025-03-17 08:10:42] Repeated values: 0
INFO [2025-03-17 08:10:42] Normalizing team probabilities
INFO [2025-03-17 08:10:42] Normalized Win_Prob from sum of 1.18 to 1
INFO [2025-03-17 08:10:42] Normalized Podium_Prob from sum of 4.24 to 3
INFO [2025-03-17 08:10:42] Normalized Top5_Prob from sum of 7.11 to 5
INFO [2025-03-17 08:10:42] Normalized Top10_Prob from sum of 16.56 to 10
INFO [2025-03-17 08:10:42] Recalculated Expected_Points based on normalized probabilities
INFO [2025-03-17 08:10:42] Optimizing fantasy mixed relay team
INFO [2025-03-17 08:10:42] Fantasy team optimization complete. Selected 12 teams.
INFO [2025-03-17 08:10:42] Total price: 99344 of max 1e+05
INFO [2025-03-17 08:10:42] Expected total points: 594.6
INFO [2025-03-17 08:10:42] Saved points predictions to ~/blog/daehl-e/content/post/cross-country/drafts/weekly-picks/20250318/mixed_relay_points.xlsx
INFO [2025-03-17 08:10:42] Saved probability predictions to ~/blog/daehl-e/content/post/cross-country/drafts/weekly-picks/20250318/mixed_relay_probabilities.xlsx
INFO [2025-03-17 08:10:42] Saved fantasy team results to ~/blog/daehl-e/content/post/cross-country/drafts/weekly-picks/20250318/fantasy_mixed_relay_team.xlsx
INFO [2025-03-17 08:10:42] Mixed relay predictions completed successfully
INFO [2025-03-17 08:13:24] Loading weekend race data
INFO [2025-03-17 08:13:24] Tomorrow's date: 2025-03-18
INFO [2025-03-17 08:13:24] Found 1 mixed relay races
INFO [2025-03-17 08:13:24] Loading chrono data
INFO [2025-03-17 08:13:30] Loaded men's chrono with 104709 rows and 36 columns
INFO [2025-03-17 08:13:30] Loaded ladies' chrono with 78415 rows and 36 columns
INFO [2025-03-17 08:13:30] Created combined chrono with 183124 rows
INFO [2025-03-17 08:13:30] Created relay df with 17707 rows
INFO [2025-03-17 08:13:30] Created individual df with 159804 rows
WARN [2025-03-17 08:13:30] No Pelo or Elo columns found in data
WARN [2025-03-17 08:13:30] No Pelo or Elo columns found in data
WARN [2025-03-17 08:13:30] No Pelo or Elo columns found in data
WARN [2025-03-17 08:13:30] No Pelo or Elo columns found in data
WARN [2025-03-17 08:13:30] No Pelo or Elo columns found in data
WARN [2025-03-17 08:13:30] No Pelo or Elo columns found in data
INFO [2025-03-17 08:14:01] Loading weekend race data
INFO [2025-03-17 08:14:01] Tomorrow's date: 2025-03-18
INFO [2025-03-17 08:14:01] Found 1 mixed relay races
INFO [2025-03-17 08:14:01] Loading chrono data
INFO [2025-03-17 08:14:07] Loaded men's chrono with 104709 rows and 36 columns
INFO [2025-03-17 08:14:07] Loaded ladies' chrono with 78415 rows and 36 columns
INFO [2025-03-17 08:14:07] Created combined chrono with 183124 rows
INFO [2025-03-17 08:14:07] Created relay df with 17707 rows
INFO [2025-03-17 08:14:07] Created individual df with 159804 rows
WARN [2025-03-17 08:14:07] No Pelo or Elo columns found in data
WARN [2025-03-17 08:14:07] No Pelo or Elo columns found in data
WARN [2025-03-17 08:14:07] No Pelo or Elo columns found in data
WARN [2025-03-17 08:14:07] No Pelo or Elo columns found in data
WARN [2025-03-17 08:14:07] No Pelo or Elo columns found in data
WARN [2025-03-17 08:14:07] No Pelo or Elo columns found in data
