INFO [2025-03-16 17:27:16] Starting mixed relay predictions process
INFO [2025-03-16 17:27:17] Loading weekend race data
INFO [2025-03-16 17:27:17] Tomorrow's date: 2025-03-17
INFO [2025-03-16 17:27:17] No mixed relay races found for tomorrow, finding next mixed relay race
WARN [2025-03-16 17:27:17] No upcoming mixed relay races found in the schedule
INFO [2025-03-16 17:27:17] Found 0 mixed relay races
ERROR [2025-03-16 17:27:17] No upcoming mixed relay races found. Exiting.
INFO [2025-03-16 17:29:20] Loading weekend race data
INFO [2025-03-16 17:29:20] Tomorrow's date: 2025-03-17
INFO [2025-03-16 17:29:20] No mixed relay races found for tomorrow, finding next mixed relay race
WARN [2025-03-16 17:29:20] No upcoming mixed relay races found in the schedule
INFO [2025-03-16 17:29:20] Found 0 mixed relay races
ERROR [2025-03-16 17:29:20] No upcoming mixed relay races found. Exiting.
INFO [2025-03-16 17:30:30] Loading weekend race data
INFO [2025-03-16 17:30:30] Tomorrow's date: 2025-03-17
INFO [2025-03-16 17:30:30] Found 1 mixed relay races
INFO [2025-03-16 17:30:30] Loading chrono data
INFO [2025-03-16 17:30:36] Loaded men's chrono with 104709 rows and 36 columns
INFO [2025-03-16 17:30:36] Loaded ladies' chrono with 78415 rows and 36 columns
INFO [2025-03-16 17:30:36] Created combined chrono with 183124 rows
INFO [2025-03-16 17:30:36] Created relay df with 17707 rows
INFO [2025-03-16 17:30:36] Created individual df with 159804 rows
INFO [2025-03-16 17:31:45] Loading weekend race data
INFO [2025-03-16 17:31:45] Tomorrow's date: 2025-03-17
INFO [2025-03-16 17:31:45] Found 1 mixed relay races
INFO [2025-03-16 17:31:45] Loading chrono data
INFO [2025-03-16 17:31:51] Loaded men's chrono with 104709 rows and 36 columns
INFO [2025-03-16 17:31:51] Loaded ladies' chrono with 78415 rows and 36 columns
INFO [2025-03-16 17:31:51] Created combined chrono with 183124 rows
INFO [2025-03-16 17:31:51] Created relay df with 17707 rows
INFO [2025-03-16 17:31:51] Created individual df with 159804 rows
INFO [2025-03-16 17:34:24] Starting mixed relay predictions process
INFO [2025-03-16 17:34:25] Loading weekend race data
INFO [2025-03-16 17:34:25] Tomorrow's date: 2025-03-17
INFO [2025-03-16 17:34:25] Found 1 mixed relay races
INFO [2025-03-16 17:34:25] Loading chrono data
INFO [2025-03-16 17:34:32] Loaded men's chrono with 104709 rows and 36 columns
INFO [2025-03-16 17:34:32] Loaded ladies' chrono with 78415 rows and 36 columns
INFO [2025-03-16 17:34:32] Created combined chrono with 183124 rows
INFO [2025-03-16 17:34:32] Created relay df with 17707 rows
INFO [2025-03-16 17:34:32] Created individual df with 159804 rows
INFO [2025-03-16 17:38:35] Starting mixed relay predictions process
INFO [2025-03-16 17:38:36] Loading weekend race data
INFO [2025-03-16 17:38:36] Tomorrow's date: 2025-03-17
INFO [2025-03-16 17:38:36] Found 1 mixed relay races
INFO [2025-03-16 17:38:36] Loading chrono data
INFO [2025-03-16 17:38:43] Loaded men's chrono with 104709 rows and 36 columns
INFO [2025-03-16 17:38:43] Loaded ladies' chrono with 78415 rows and 36 columns
INFO [2025-03-16 17:38:43] Created combined chrono with 183124 rows
INFO [2025-03-16 17:38:43] Created relay df with 17707 rows
INFO [2025-03-16 17:38:43] Created individual df with 159804 rows
INFO [2025-03-16 17:39:54] Loading weekend race data
INFO [2025-03-16 17:39:54] Tomorrow's date: 2025-03-17
INFO [2025-03-16 17:39:54] Found 1 mixed relay races
INFO [2025-03-16 17:39:54] Loading chrono data
INFO [2025-03-16 17:40:00] Loaded men's chrono with 104709 rows and 36 columns
INFO [2025-03-16 17:40:00] Loaded ladies' chrono with 78415 rows and 36 columns
INFO [2025-03-16 17:40:00] Created combined chrono with 183124 rows
INFO [2025-03-16 17:40:00] Created relay df with 17707 rows
INFO [2025-03-16 17:40:00] Created individual df with 159804 rows
INFO [2025-03-16 17:40:04] Leg 1 dataset contains 357 rows
INFO [2025-03-16 17:40:04] Leg 2 dataset contains 356 rows
INFO [2025-03-16 17:40:04] Leg 3 dataset contains 355 rows
INFO [2025-03-16 17:40:04] Leg 4 dataset contains 354 rows
INFO [2025-03-16 17:40:04] Training models for Leg 1
INFO [2025-03-16 17:40:04] Using predictors: Distance_C_Pelo_Pct, Classic_Pelo_Pct, Distance_Pelo_Pct, Pelo_Pct, Weighted_Last_5
INFO [2025-03-16 17:40:04] Training podium model using xgbTree
INFO [2025-03-16 17:40:05] Training win model using xgbTree
INFO [2025-03-16 17:40:05] Training top5 model using xgbTree
INFO [2025-03-16 17:40:05] Training top10 model using xgbTree
INFO [2025-03-16 17:40:06] Top features for Leg 1 podium prediction:
INFO [2025-03-16 17:40:06] Training models for Leg 2
INFO [2025-03-16 17:40:06] Using predictors: Distance_C_Pelo_Pct, Classic_Pelo_Pct, Distance_Pelo_Pct, Pelo_Pct, Weighted_Last_5
INFO [2025-03-16 17:40:06] Training podium model using xgbTree
INFO [2025-03-16 17:40:06] Training win model using xgbTree
INFO [2025-03-16 17:40:06] Training top5 model using xgbTree
INFO [2025-03-16 17:40:07] Training top10 model using xgbTree
INFO [2025-03-16 17:40:07] Top features for Leg 2 podium prediction:
INFO [2025-03-16 17:40:07] Training models for Leg 3
INFO [2025-03-16 17:40:07] Using predictors: Distance_F_Pelo_Pct, Freestyle_Pelo_Pct, Distance_Pelo_Pct, Pelo_Pct, Weighted_Last_5
INFO [2025-03-16 17:40:07] Training podium model using xgbTree
INFO [2025-03-16 17:40:07] Training win model using xgbTree
INFO [2025-03-16 17:40:08] Training top5 model using xgbTree
INFO [2025-03-16 17:40:08] Training top10 model using xgbTree
INFO [2025-03-16 17:40:08] Top features for Leg 3 podium prediction:
INFO [2025-03-16 17:40:08] Training models for Leg 4
INFO [2025-03-16 17:40:08] Using predictors: Distance_F_Pelo_Pct, Freestyle_Pelo_Pct, Distance_Pelo_Pct, Sprint_Pelo_Pct, Pelo_Pct, Weighted_Last_5
INFO [2025-03-16 17:40:08] Training podium model using xgbTree
INFO [2025-03-16 17:40:08] Training win model using xgbTree
INFO [2025-03-16 17:40:09] Training top5 model using xgbTree
INFO [2025-03-16 17:40:09] Training top10 model using xgbTree
INFO [2025-03-16 17:40:09] Top features for Leg 4 podium prediction:
INFO [2025-03-16 17:43:20] Loading weekend race data
INFO [2025-03-16 17:43:20] Tomorrow's date: 2025-03-17
INFO [2025-03-16 17:43:20] Found 1 mixed relay races
INFO [2025-03-16 17:43:20] Loading chrono data
INFO [2025-03-16 17:43:26] Loaded men's chrono with 104709 rows and 36 columns
INFO [2025-03-16 17:43:26] Loaded ladies' chrono with 78415 rows and 36 columns
INFO [2025-03-16 17:43:26] Created combined chrono with 183124 rows
INFO [2025-03-16 17:43:26] Created relay df with 17707 rows
INFO [2025-03-16 17:43:26] Created individual df with 159804 rows
INFO [2025-03-16 17:43:31] Leg 1 dataset contains 357 rows
INFO [2025-03-16 17:43:31] Leg 2 dataset contains 356 rows
INFO [2025-03-16 17:43:31] Leg 3 dataset contains 355 rows
INFO [2025-03-16 17:43:31] Leg 4 dataset contains 354 rows
INFO [2025-03-16 17:43:31] Training models for Leg 1
INFO [2025-03-16 17:43:31] Using predictors: Distance_C_Pelo_Pct, Classic_Pelo_Pct, Distance_Pelo_Pct, Pelo_Pct, Weighted_Last_5
INFO [2025-03-16 17:43:31] Training podium model using xgbTree
INFO [2025-03-16 17:43:31] Training win model using xgbTree
INFO [2025-03-16 17:43:32] Training top5 model using xgbTree
INFO [2025-03-16 17:43:32] Training top10 model using xgbTree
INFO [2025-03-16 17:43:32] Top features for Leg 1 podium prediction:
INFO [2025-03-16 17:43:32] Training models for Leg 2
INFO [2025-03-16 17:43:32] Using predictors: Distance_C_Pelo_Pct, Classic_Pelo_Pct, Distance_Pelo_Pct, Pelo_Pct, Weighted_Last_5
INFO [2025-03-16 17:43:32] Training podium model using xgbTree
INFO [2025-03-16 17:43:33] Training win model using xgbTree
INFO [2025-03-16 17:43:33] Training top5 model using xgbTree
INFO [2025-03-16 17:43:33] Training top10 model using xgbTree
INFO [2025-03-16 17:43:34] Top features for Leg 2 podium prediction:
INFO [2025-03-16 17:43:34] Training models for Leg 3
INFO [2025-03-16 17:43:34] Using predictors: Distance_F_Pelo_Pct, Freestyle_Pelo_Pct, Distance_Pelo_Pct, Pelo_Pct, Weighted_Last_5
INFO [2025-03-16 17:43:34] Training podium model using xgbTree
INFO [2025-03-16 17:43:34] Training win model using xgbTree
INFO [2025-03-16 17:43:34] Training top5 model using xgbTree
INFO [2025-03-16 17:43:34] Training top10 model using xgbTree
INFO [2025-03-16 17:43:35] Top features for Leg 3 podium prediction:
INFO [2025-03-16 17:43:35] Training models for Leg 4
INFO [2025-03-16 17:43:35] Using predictors: Distance_F_Pelo_Pct, Freestyle_Pelo_Pct, Distance_Pelo_Pct, Sprint_Pelo_Pct, Pelo_Pct, Weighted_Last_5
INFO [2025-03-16 17:43:35] Training podium model using xgbTree
INFO [2025-03-16 17:43:35] Training win model using xgbTree
INFO [2025-03-16 17:43:35] Training top5 model using xgbTree
INFO [2025-03-16 17:43:36] Training top10 model using xgbTree
INFO [2025-03-16 17:43:36] Top features for Leg 4 podium prediction:
INFO [2025-03-16 17:44:21] Loading weekend race data
INFO [2025-03-16 17:44:21] Tomorrow's date: 2025-03-17
INFO [2025-03-16 17:44:21] Found 1 mixed relay races
INFO [2025-03-16 17:44:21] Loading chrono data
INFO [2025-03-16 17:44:27] Loaded men's chrono with 104709 rows and 36 columns
INFO [2025-03-16 17:44:27] Loaded ladies' chrono with 78415 rows and 36 columns
INFO [2025-03-16 17:44:27] Created combined chrono with 183124 rows
INFO [2025-03-16 17:44:27] Created relay df with 17707 rows
INFO [2025-03-16 17:44:27] Created individual df with 159804 rows
INFO [2025-03-16 17:44:32] Leg 1 dataset contains 357 rows
INFO [2025-03-16 17:44:32] Leg 2 dataset contains 356 rows
INFO [2025-03-16 17:44:32] Leg 3 dataset contains 355 rows
INFO [2025-03-16 17:44:32] Leg 4 dataset contains 354 rows
INFO [2025-03-16 17:44:32] Training models for Leg 1
INFO [2025-03-16 17:44:32] Using predictors: Distance_C_Pelo_Pct, Classic_Pelo_Pct, Distance_Pelo_Pct, Pelo_Pct, Weighted_Last_5
INFO [2025-03-16 17:44:32] Training podium model using xgbTree
INFO [2025-03-16 17:44:33] Training win model using xgbTree
INFO [2025-03-16 17:44:33] Training top5 model using xgbTree
INFO [2025-03-16 17:44:33] Training top10 model using xgbTree
INFO [2025-03-16 17:44:33] Top features for Leg 1 podium prediction:
INFO [2025-03-16 17:44:33] Training models for Leg 2
INFO [2025-03-16 17:44:33] Using predictors: Distance_C_Pelo_Pct, Classic_Pelo_Pct, Distance_Pelo_Pct, Pelo_Pct, Weighted_Last_5
INFO [2025-03-16 17:44:33] Training podium model using xgbTree
INFO [2025-03-16 17:44:34] Training win model using xgbTree
INFO [2025-03-16 17:44:34] Training top5 model using xgbTree
INFO [2025-03-16 17:44:34] Training top10 model using xgbTree
INFO [2025-03-16 17:44:35] Top features for Leg 2 podium prediction:
INFO [2025-03-16 17:44:35] Training models for Leg 3
INFO [2025-03-16 17:44:35] Using predictors: Distance_F_Pelo_Pct, Freestyle_Pelo_Pct, Distance_Pelo_Pct, Pelo_Pct, Weighted_Last_5
INFO [2025-03-16 17:44:35] Training podium model using xgbTree
INFO [2025-03-16 17:44:35] Training win model using xgbTree
INFO [2025-03-16 17:44:35] Training top5 model using xgbTree
INFO [2025-03-16 17:44:36] Training top10 model using xgbTree
INFO [2025-03-16 17:44:36] Top features for Leg 3 podium prediction:
INFO [2025-03-16 17:44:36] Training models for Leg 4
INFO [2025-03-16 17:44:36] Using predictors: Distance_F_Pelo_Pct, Freestyle_Pelo_Pct, Distance_Pelo_Pct, Sprint_Pelo_Pct, Pelo_Pct, Weighted_Last_5
INFO [2025-03-16 17:44:36] Training podium model using xgbTree
INFO [2025-03-16 17:44:36] Training win model using xgbTree
INFO [2025-03-16 17:44:37] Training top5 model using xgbTree
INFO [2025-03-16 17:44:37] Training top10 model using xgbTree
INFO [2025-03-16 17:44:37] Top features for Leg 4 podium prediction:
INFO [2025-03-16 17:44:37] Processing mixed relay predictions
INFO [2025-03-16 17:44:37] Loaded mixed relay teams startlist with 19 rows
INFO [2025-03-16 17:44:37] Loaded mixed relay individuals startlist with 76 rows
INFO [2025-03-16 17:45:35] Loading weekend race data
INFO [2025-03-16 17:45:35] Tomorrow's date: 2025-03-17
INFO [2025-03-16 17:45:35] Found 1 mixed relay races
INFO [2025-03-16 17:45:35] Loading chrono data
INFO [2025-03-16 17:45:41] Loaded men's chrono with 104709 rows and 36 columns
INFO [2025-03-16 17:45:41] Loaded ladies' chrono with 78415 rows and 36 columns
INFO [2025-03-16 17:45:41] Created combined chrono with 183124 rows
INFO [2025-03-16 17:45:41] Created relay df with 17707 rows
INFO [2025-03-16 17:45:41] Created individual df with 159804 rows
INFO [2025-03-16 17:45:46] Leg 1 dataset contains 357 rows
INFO [2025-03-16 17:45:46] Leg 2 dataset contains 356 rows
INFO [2025-03-16 17:45:46] Leg 3 dataset contains 355 rows
INFO [2025-03-16 17:45:46] Leg 4 dataset contains 354 rows
INFO [2025-03-16 17:45:46] Training models for Leg 1
INFO [2025-03-16 17:45:46] Using predictors: Distance_C_Pelo_Pct, Classic_Pelo_Pct, Distance_Pelo_Pct, Pelo_Pct, Weighted_Last_5
INFO [2025-03-16 17:45:46] Training podium model using xgbTree
INFO [2025-03-16 17:45:46] Training win model using xgbTree
INFO [2025-03-16 17:45:46] Training top5 model using xgbTree
INFO [2025-03-16 17:45:47] Training top10 model using xgbTree
INFO [2025-03-16 17:45:47] Top features for Leg 1 podium prediction:
INFO [2025-03-16 17:45:47] Training models for Leg 2
INFO [2025-03-16 17:45:47] Using predictors: Distance_C_Pelo_Pct, Classic_Pelo_Pct, Distance_Pelo_Pct, Pelo_Pct, Weighted_Last_5
INFO [2025-03-16 17:45:47] Training podium model using xgbTree
INFO [2025-03-16 17:45:47] Training win model using xgbTree
INFO [2025-03-16 17:45:48] Training top5 model using xgbTree
INFO [2025-03-16 17:45:48] Training top10 model using xgbTree
INFO [2025-03-16 17:45:48] Top features for Leg 2 podium prediction:
INFO [2025-03-16 17:45:48] Training models for Leg 3
INFO [2025-03-16 17:45:48] Using predictors: Distance_F_Pelo_Pct, Freestyle_Pelo_Pct, Distance_Pelo_Pct, Pelo_Pct, Weighted_Last_5
INFO [2025-03-16 17:45:48] Training podium model using xgbTree
INFO [2025-03-16 17:45:49] Training win model using xgbTree
INFO [2025-03-16 17:45:49] Training top5 model using xgbTree
INFO [2025-03-16 17:45:49] Training top10 model using xgbTree
INFO [2025-03-16 17:45:49] Top features for Leg 3 podium prediction:
INFO [2025-03-16 17:45:50] Training models for Leg 4
INFO [2025-03-16 17:45:50] Using predictors: Distance_F_Pelo_Pct, Freestyle_Pelo_Pct, Distance_Pelo_Pct, Sprint_Pelo_Pct, Pelo_Pct, Weighted_Last_5
INFO [2025-03-16 17:45:50] Training podium model using xgbTree
INFO [2025-03-16 17:45:50] Training win model using xgbTree
INFO [2025-03-16 17:45:50] Training top5 model using xgbTree
INFO [2025-03-16 17:45:50] Training top10 model using xgbTree
INFO [2025-03-16 17:45:51] Top features for Leg 4 podium prediction:
INFO [2025-03-16 17:45:51] Processing mixed relay predictions
INFO [2025-03-16 17:45:51] Loaded mixed relay teams startlist with 19 rows
INFO [2025-03-16 17:45:51] Loaded mixed relay individuals startlist with 76 rows
INFO [2025-03-16 17:45:51] Preparing current skier data for mixed relay
INFO [2025-03-16 17:45:52] Replaced NAs in Distance_Elo with first quartile: 1224.90028666242
INFO [2025-03-16 17:45:52] Replaced NAs in Distance_C_Elo with first quartile: 1232.30664600281
INFO [2025-03-16 17:45:52] Replaced NAs in Distance_F_Elo with first quartile: 1241.41688253304
INFO [2025-03-16 17:45:52] Replaced NAs in Sprint_Elo with first quartile: 1227.75153606681
INFO [2025-03-16 17:45:52] Replaced NAs in Sprint_C_Elo with first quartile: 1248.96250847029
INFO [2025-03-16 17:45:52] Replaced NAs in Sprint_F_Elo with first quartile: 1233.28714618613
INFO [2025-03-16 17:45:52] Replaced NAs in Classic_Elo with first quartile: 1243.86122284199
INFO [2025-03-16 17:45:52] Replaced NAs in Freestyle_Elo with first quartile: 1229.66040680229
INFO [2025-03-16 17:45:52] Replaced NAs in Distance_Pelo with first quartile: 1227.41341105013
INFO [2025-03-16 17:45:52] Replaced NAs in Distance_C_Pelo with first quartile: 1234.84588206926
INFO [2025-03-16 17:45:52] Replaced NAs in Distance_F_Pelo with first quartile: 1241.90573717984
INFO [2025-03-16 17:45:52] Replaced NAs in Sprint_Pelo with first quartile: 1241.68956780456
INFO [2025-03-16 17:45:52] Replaced NAs in Sprint_C_Pelo with first quartile: 1248.96250847029
INFO [2025-03-16 17:45:52] Replaced NAs in Sprint_F_Pelo with first quartile: 1254.56770895299
INFO [2025-03-16 17:45:52] Replaced NAs in Classic_Pelo with first quartile: 1245.68998444009
INFO [2025-03-16 17:45:52] Replaced NAs in Freestyle_Pelo with first quartile: 1247.99663056109
INFO [2025-03-16 17:45:52] Replaced NAs in Classic_Last_5 with first quartile: 0
INFO [2025-03-16 17:45:52] Replaced NAs in Freestyle_Last_5 with first quartile: 0
INFO [2025-03-16 17:45:52] Created Pelo_Pct from Elo with max value: 1936.67566595139
INFO [2025-03-16 17:45:52] Created Distance_Pelo_Pct from Distance_Elo with max value: 1864.8112847824
INFO [2025-03-16 17:45:52] Created Distance_C_Pelo_Pct from Distance_C_Elo with max value: 1772.68700688686
INFO [2025-03-16 17:45:52] Created Distance_F_Pelo_Pct from Distance_F_Elo with max value: 1704.82115321538
INFO [2025-03-16 17:45:52] Created Sprint_Pelo_Pct from Sprint_Elo with max value: 1882.4487927528
INFO [2025-03-16 17:45:52] Created Sprint_C_Pelo_Pct from Sprint_C_Elo with max value: 1711.09106628928
INFO [2025-03-16 17:45:52] Created Sprint_F_Pelo_Pct from Sprint_F_Elo with max value: 1797.07396691951
INFO [2025-03-16 17:45:52] Created Classic_Pelo_Pct from Classic_Elo with max value: 1803.94978393517
INFO [2025-03-16 17:45:52] Created Freestyle_Pelo_Pct from Freestyle_Elo with max value: 1804.47493286592
INFO [2025-03-16 17:45:52] Prepared data for 607 skiers with 33 features
INFO [2025-03-16 17:46:25] Loading weekend race data
INFO [2025-03-16 17:46:25] Tomorrow's date: 2025-03-17
INFO [2025-03-16 17:46:25] Found 1 mixed relay races
INFO [2025-03-16 17:46:25] Loading chrono data
INFO [2025-03-16 17:46:31] Loaded men's chrono with 104709 rows and 36 columns
INFO [2025-03-16 17:46:31] Loaded ladies' chrono with 78415 rows and 36 columns
INFO [2025-03-16 17:46:31] Created combined chrono with 183124 rows
INFO [2025-03-16 17:46:31] Created relay df with 17707 rows
INFO [2025-03-16 17:46:31] Created individual df with 159804 rows
INFO [2025-03-16 17:46:36] Leg 1 dataset contains 357 rows
INFO [2025-03-16 17:46:36] Leg 2 dataset contains 356 rows
INFO [2025-03-16 17:46:36] Leg 3 dataset contains 355 rows
INFO [2025-03-16 17:46:36] Leg 4 dataset contains 354 rows
INFO [2025-03-16 17:46:36] Training models for Leg 1
INFO [2025-03-16 17:46:36] Using predictors: Distance_C_Pelo_Pct, Classic_Pelo_Pct, Distance_Pelo_Pct, Pelo_Pct, Weighted_Last_5
INFO [2025-03-16 17:46:36] Training podium model using xgbTree
INFO [2025-03-16 17:46:36] Training win model using xgbTree
INFO [2025-03-16 17:46:36] Training top5 model using xgbTree
INFO [2025-03-16 17:46:37] Training top10 model using xgbTree
INFO [2025-03-16 17:46:37] Top features for Leg 1 podium prediction:
INFO [2025-03-16 17:46:37] Training models for Leg 2
INFO [2025-03-16 17:46:37] Using predictors: Distance_C_Pelo_Pct, Classic_Pelo_Pct, Distance_Pelo_Pct, Pelo_Pct, Weighted_Last_5
INFO [2025-03-16 17:46:37] Training podium model using xgbTree
INFO [2025-03-16 17:46:37] Training win model using xgbTree
INFO [2025-03-16 17:46:37] Training top5 model using xgbTree
INFO [2025-03-16 17:46:38] Training top10 model using xgbTree
INFO [2025-03-16 17:46:38] Top features for Leg 2 podium prediction:
INFO [2025-03-16 17:46:38] Training models for Leg 3
INFO [2025-03-16 17:46:38] Using predictors: Distance_F_Pelo_Pct, Freestyle_Pelo_Pct, Distance_Pelo_Pct, Pelo_Pct, Weighted_Last_5
INFO [2025-03-16 17:46:38] Training podium model using xgbTree
INFO [2025-03-16 17:46:38] Training win model using xgbTree
INFO [2025-03-16 17:46:39] Training top5 model using xgbTree
INFO [2025-03-16 17:46:39] Training top10 model using xgbTree
INFO [2025-03-16 17:46:39] Top features for Leg 3 podium prediction:
INFO [2025-03-16 17:46:39] Training models for Leg 4
INFO [2025-03-16 17:46:39] Using predictors: Distance_F_Pelo_Pct, Freestyle_Pelo_Pct, Distance_Pelo_Pct, Sprint_Pelo_Pct, Pelo_Pct, Weighted_Last_5
INFO [2025-03-16 17:46:39] Training podium model using xgbTree
INFO [2025-03-16 17:46:40] Training win model using xgbTree
INFO [2025-03-16 17:46:40] Training top5 model using xgbTree
INFO [2025-03-16 17:46:40] Training top10 model using xgbTree
INFO [2025-03-16 17:46:41] Top features for Leg 4 podium prediction:
INFO [2025-03-16 17:46:41] Processing mixed relay predictions
INFO [2025-03-16 17:46:41] Loaded mixed relay teams startlist with 19 rows
INFO [2025-03-16 17:46:41] Loaded mixed relay individuals startlist with 76 rows
INFO [2025-03-16 17:46:41] Preparing current skier data for mixed relay
INFO [2025-03-16 17:46:42] Replaced NAs in Distance_Elo with first quartile: 1224.90028666242
INFO [2025-03-16 17:46:42] Replaced NAs in Distance_C_Elo with first quartile: 1232.30664600281
INFO [2025-03-16 17:46:42] Replaced NAs in Distance_F_Elo with first quartile: 1241.41688253304
INFO [2025-03-16 17:46:42] Replaced NAs in Sprint_Elo with first quartile: 1227.75153606681
INFO [2025-03-16 17:46:42] Replaced NAs in Sprint_C_Elo with first quartile: 1248.96250847029
INFO [2025-03-16 17:46:42] Replaced NAs in Sprint_F_Elo with first quartile: 1233.28714618613
INFO [2025-03-16 17:46:42] Replaced NAs in Classic_Elo with first quartile: 1243.86122284199
INFO [2025-03-16 17:46:42] Replaced NAs in Freestyle_Elo with first quartile: 1229.66040680229
INFO [2025-03-16 17:46:42] Replaced NAs in Distance_Pelo with first quartile: 1227.41341105013
INFO [2025-03-16 17:46:42] Replaced NAs in Distance_C_Pelo with first quartile: 1234.84588206926
INFO [2025-03-16 17:46:42] Replaced NAs in Distance_F_Pelo with first quartile: 1241.90573717984
INFO [2025-03-16 17:46:42] Replaced NAs in Sprint_Pelo with first quartile: 1241.68956780456
INFO [2025-03-16 17:46:42] Replaced NAs in Sprint_C_Pelo with first quartile: 1248.96250847029
INFO [2025-03-16 17:46:42] Replaced NAs in Sprint_F_Pelo with first quartile: 1254.56770895299
INFO [2025-03-16 17:46:42] Replaced NAs in Classic_Pelo with first quartile: 1245.68998444009
INFO [2025-03-16 17:46:42] Replaced NAs in Freestyle_Pelo with first quartile: 1247.99663056109
INFO [2025-03-16 17:46:42] Replaced NAs in Classic_Last_5 with first quartile: 0
INFO [2025-03-16 17:46:42] Replaced NAs in Freestyle_Last_5 with first quartile: 0
INFO [2025-03-16 17:46:42] Created Pelo_Pct from Elo with max value: 1936.67566595139
INFO [2025-03-16 17:46:42] Created Distance_Pelo_Pct from Distance_Elo with max value: 1864.8112847824
INFO [2025-03-16 17:46:42] Created Distance_C_Pelo_Pct from Distance_C_Elo with max value: 1772.68700688686
INFO [2025-03-16 17:46:42] Created Distance_F_Pelo_Pct from Distance_F_Elo with max value: 1704.82115321538
INFO [2025-03-16 17:46:42] Created Sprint_Pelo_Pct from Sprint_Elo with max value: 1882.4487927528
INFO [2025-03-16 17:46:42] Created Sprint_C_Pelo_Pct from Sprint_C_Elo with max value: 1711.09106628928
INFO [2025-03-16 17:46:42] Created Sprint_F_Pelo_Pct from Sprint_F_Elo with max value: 1797.07396691951
INFO [2025-03-16 17:46:42] Created Classic_Pelo_Pct from Classic_Elo with max value: 1803.94978393517
INFO [2025-03-16 17:46:42] Created Freestyle_Pelo_Pct from Freestyle_Elo with max value: 1804.47493286592
INFO [2025-03-16 17:46:42] Prepared data for 607 skiers with 33 features
INFO [2025-03-16 17:46:42] Using FIS startlist for mixed relay leg predictions
INFO [2025-03-16 17:47:57] Loading weekend race data
INFO [2025-03-16 17:47:57] Tomorrow's date: 2025-03-17
INFO [2025-03-16 17:47:57] Found 1 mixed relay races
INFO [2025-03-16 17:47:57] Loading chrono data
INFO [2025-03-16 17:48:03] Loaded men's chrono with 104709 rows and 36 columns
INFO [2025-03-16 17:48:03] Loaded ladies' chrono with 78415 rows and 36 columns
INFO [2025-03-16 17:48:03] Created combined chrono with 183124 rows
INFO [2025-03-16 17:48:03] Created relay df with 17707 rows
INFO [2025-03-16 17:48:03] Created individual df with 159804 rows
INFO [2025-03-16 17:48:08] Leg 1 dataset contains 357 rows
INFO [2025-03-16 17:48:08] Leg 2 dataset contains 356 rows
INFO [2025-03-16 17:48:08] Leg 3 dataset contains 355 rows
INFO [2025-03-16 17:48:08] Leg 4 dataset contains 354 rows
INFO [2025-03-16 17:48:08] Training models for Leg 1
INFO [2025-03-16 17:48:08] Using predictors: Distance_C_Pelo_Pct, Classic_Pelo_Pct, Distance_Pelo_Pct, Pelo_Pct, Weighted_Last_5
INFO [2025-03-16 17:48:08] Training podium model using xgbTree
INFO [2025-03-16 17:48:08] Training win model using xgbTree
INFO [2025-03-16 17:48:09] Training top5 model using xgbTree
INFO [2025-03-16 17:48:09] Training top10 model using xgbTree
INFO [2025-03-16 17:48:09] Top features for Leg 1 podium prediction:
INFO [2025-03-16 17:48:09] Training models for Leg 2
INFO [2025-03-16 17:48:09] Using predictors: Distance_C_Pelo_Pct, Classic_Pelo_Pct, Distance_Pelo_Pct, Pelo_Pct, Weighted_Last_5
INFO [2025-03-16 17:48:09] Training podium model using xgbTree
INFO [2025-03-16 17:48:09] Training win model using xgbTree
INFO [2025-03-16 17:48:10] Training top5 model using xgbTree
INFO [2025-03-16 17:48:10] Training top10 model using xgbTree
INFO [2025-03-16 17:48:10] Top features for Leg 2 podium prediction:
INFO [2025-03-16 17:48:10] Training models for Leg 3
INFO [2025-03-16 17:48:10] Using predictors: Distance_F_Pelo_Pct, Freestyle_Pelo_Pct, Distance_Pelo_Pct, Pelo_Pct, Weighted_Last_5
INFO [2025-03-16 17:48:10] Training podium model using xgbTree
INFO [2025-03-16 17:48:11] Training win model using xgbTree
INFO [2025-03-16 17:48:11] Training top5 model using xgbTree
INFO [2025-03-16 17:48:11] Training top10 model using xgbTree
INFO [2025-03-16 17:48:11] Top features for Leg 3 podium prediction:
INFO [2025-03-16 17:48:11] Training models for Leg 4
INFO [2025-03-16 17:48:11] Using predictors: Distance_F_Pelo_Pct, Freestyle_Pelo_Pct, Distance_Pelo_Pct, Sprint_Pelo_Pct, Pelo_Pct, Weighted_Last_5
INFO [2025-03-16 17:48:11] Training podium model using xgbTree
INFO [2025-03-16 17:48:12] Training win model using xgbTree
INFO [2025-03-16 17:48:12] Training top5 model using xgbTree
INFO [2025-03-16 17:48:12] Training top10 model using xgbTree
INFO [2025-03-16 17:48:13] Top features for Leg 4 podium prediction:
INFO [2025-03-16 17:48:13] Processing mixed relay predictions
INFO [2025-03-16 17:48:13] Loaded mixed relay teams startlist with 19 rows
INFO [2025-03-16 17:48:13] Loaded mixed relay individuals startlist with 76 rows
INFO [2025-03-16 17:48:13] Preparing current skier data for mixed relay
INFO [2025-03-16 17:48:14] Replaced NAs in Distance_Elo with first quartile: 1224.90028666242
INFO [2025-03-16 17:48:14] Replaced NAs in Distance_C_Elo with first quartile: 1232.30664600281
INFO [2025-03-16 17:48:14] Replaced NAs in Distance_F_Elo with first quartile: 1241.41688253304
INFO [2025-03-16 17:48:14] Replaced NAs in Sprint_Elo with first quartile: 1227.75153606681
INFO [2025-03-16 17:48:14] Replaced NAs in Sprint_C_Elo with first quartile: 1248.96250847029
INFO [2025-03-16 17:48:14] Replaced NAs in Sprint_F_Elo with first quartile: 1233.28714618613
INFO [2025-03-16 17:48:14] Replaced NAs in Classic_Elo with first quartile: 1243.86122284199
INFO [2025-03-16 17:48:14] Replaced NAs in Freestyle_Elo with first quartile: 1229.66040680229
INFO [2025-03-16 17:48:14] Replaced NAs in Distance_Pelo with first quartile: 1227.41341105013
INFO [2025-03-16 17:48:14] Replaced NAs in Distance_C_Pelo with first quartile: 1234.84588206926
INFO [2025-03-16 17:48:14] Replaced NAs in Distance_F_Pelo with first quartile: 1241.90573717984
INFO [2025-03-16 17:48:14] Replaced NAs in Sprint_Pelo with first quartile: 1241.68956780456
INFO [2025-03-16 17:48:14] Replaced NAs in Sprint_C_Pelo with first quartile: 1248.96250847029
INFO [2025-03-16 17:48:14] Replaced NAs in Sprint_F_Pelo with first quartile: 1254.56770895299
INFO [2025-03-16 17:48:14] Replaced NAs in Classic_Pelo with first quartile: 1245.68998444009
INFO [2025-03-16 17:48:14] Replaced NAs in Freestyle_Pelo with first quartile: 1247.99663056109
INFO [2025-03-16 17:48:14] Replaced NAs in Classic_Last_5 with first quartile: 0
INFO [2025-03-16 17:48:14] Replaced NAs in Freestyle_Last_5 with first quartile: 0
INFO [2025-03-16 17:48:14] Created Pelo_Pct from Elo with max value: 1936.67566595139
INFO [2025-03-16 17:48:14] Created Distance_Pelo_Pct from Distance_Elo with max value: 1864.8112847824
INFO [2025-03-16 17:48:14] Created Distance_C_Pelo_Pct from Distance_C_Elo with max value: 1772.68700688686
INFO [2025-03-16 17:48:14] Created Distance_F_Pelo_Pct from Distance_F_Elo with max value: 1704.82115321538
INFO [2025-03-16 17:48:14] Created Sprint_Pelo_Pct from Sprint_Elo with max value: 1882.4487927528
INFO [2025-03-16 17:48:14] Created Sprint_C_Pelo_Pct from Sprint_C_Elo with max value: 1711.09106628928
INFO [2025-03-16 17:48:14] Created Sprint_F_Pelo_Pct from Sprint_F_Elo with max value: 1797.07396691951
INFO [2025-03-16 17:48:14] Created Classic_Pelo_Pct from Classic_Elo with max value: 1803.94978393517
INFO [2025-03-16 17:48:14] Created Freestyle_Pelo_Pct from Freestyle_Elo with max value: 1804.47493286592
INFO [2025-03-16 17:48:14] Prepared data for 607 skiers with 33 features
INFO [2025-03-16 17:48:14] Using FIS startlist for mixed relay leg predictions
INFO [2025-03-16 17:48:14] Using FIS startlist for mixed relay teams
INFO [2025-03-16 17:48:14] Attempting Option 1: Team model coefficients
INFO [2025-03-16 17:48:14] Option 1 failed: No team_podium model found
INFO [2025-03-16 17:48:14] Option 1 failed: No team model
INFO [2025-03-16 17:48:14] Attempting Option 2: Individual model accuracy
INFO [2025-03-16 17:48:14] Leg 1 accuracy: 0.840492957746479
INFO [2025-03-16 17:48:14] Leg 2 accuracy: 0.839866979655712
INFO [2025-03-16 17:48:14] Leg 3 accuracy: 0.85628660854013
INFO [2025-03-16 17:48:14] Leg 4 accuracy: 0.869930695282808
INFO [2025-03-16 17:48:14] Option 2 succeeded: Using model accuracy weights
INFO [2025-03-16 17:48:14] Leg importance weights: Leg 1: 0.25, Leg 2: 0.25, Leg 3: 0.25, Leg 4: 0.26
INFO [2025-03-16 17:48:14] Resetting probabilities at or below the mode to zero
INFO [2025-03-16 17:48:14] Reset 19 values to 0 for Win_Prob (repeated values or values <  0 )
INFO [2025-03-16 17:48:14] Repeated values: 0
INFO [2025-03-16 17:48:14] Reset 19 values to 0 for Podium_Prob (repeated values or values <  0 )
INFO [2025-03-16 17:48:14] Repeated values: 0
INFO [2025-03-16 17:48:14] Reset 19 values to 0 for Top5_Prob (repeated values or values <  0 )
INFO [2025-03-16 17:48:14] Repeated values: 0
INFO [2025-03-16 17:48:14] Reset 19 values to 0 for Top10_Prob (repeated values or values <  0 )
INFO [2025-03-16 17:48:14] Repeated values: 0
INFO [2025-03-16 17:48:23] Loading weekend race data
INFO [2025-03-16 17:48:23] Tomorrow's date: 2025-03-17
INFO [2025-03-16 17:48:23] Found 1 mixed relay races
INFO [2025-03-16 17:48:23] Loading chrono data
INFO [2025-03-16 17:48:29] Loaded men's chrono with 104709 rows and 36 columns
INFO [2025-03-16 17:48:29] Loaded ladies' chrono with 78415 rows and 36 columns
INFO [2025-03-16 17:48:29] Created combined chrono with 183124 rows
INFO [2025-03-16 17:48:29] Created relay df with 17707 rows
INFO [2025-03-16 17:48:29] Created individual df with 159804 rows
INFO [2025-03-16 17:48:34] Leg 1 dataset contains 357 rows
INFO [2025-03-16 17:48:34] Leg 2 dataset contains 356 rows
INFO [2025-03-16 17:48:34] Leg 3 dataset contains 355 rows
INFO [2025-03-16 17:48:34] Leg 4 dataset contains 354 rows
INFO [2025-03-16 17:48:34] Training models for Leg 1
INFO [2025-03-16 17:48:34] Using predictors: Distance_C_Pelo_Pct, Classic_Pelo_Pct, Distance_Pelo_Pct, Pelo_Pct, Weighted_Last_5
INFO [2025-03-16 17:48:34] Training podium model using xgbTree
INFO [2025-03-16 17:48:34] Training win model using xgbTree
INFO [2025-03-16 17:48:35] Training top5 model using xgbTree
INFO [2025-03-16 17:48:35] Training top10 model using xgbTree
INFO [2025-03-16 17:48:35] Top features for Leg 1 podium prediction:
INFO [2025-03-16 17:48:35] Training models for Leg 2
INFO [2025-03-16 17:48:35] Using predictors: Distance_C_Pelo_Pct, Classic_Pelo_Pct, Distance_Pelo_Pct, Pelo_Pct, Weighted_Last_5
INFO [2025-03-16 17:48:35] Training podium model using xgbTree
INFO [2025-03-16 17:48:36] Training win model using xgbTree
INFO [2025-03-16 17:48:36] Training top5 model using xgbTree
INFO [2025-03-16 17:48:36] Training top10 model using xgbTree
INFO [2025-03-16 17:48:37] Top features for Leg 2 podium prediction:
INFO [2025-03-16 17:48:37] Training models for Leg 3
INFO [2025-03-16 17:48:37] Using predictors: Distance_F_Pelo_Pct, Freestyle_Pelo_Pct, Distance_Pelo_Pct, Pelo_Pct, Weighted_Last_5
INFO [2025-03-16 17:48:37] Training podium model using xgbTree
INFO [2025-03-16 17:48:37] Training win model using xgbTree
INFO [2025-03-16 17:48:37] Training top5 model using xgbTree
INFO [2025-03-16 17:48:37] Training top10 model using xgbTree
INFO [2025-03-16 17:48:38] Top features for Leg 3 podium prediction:
INFO [2025-03-16 17:48:38] Training models for Leg 4
INFO [2025-03-16 17:48:38] Using predictors: Distance_F_Pelo_Pct, Freestyle_Pelo_Pct, Distance_Pelo_Pct, Sprint_Pelo_Pct, Pelo_Pct, Weighted_Last_5
INFO [2025-03-16 17:48:38] Training podium model using xgbTree
INFO [2025-03-16 17:48:38] Training win model using xgbTree
INFO [2025-03-16 17:48:38] Training top5 model using xgbTree
INFO [2025-03-16 17:48:39] Training top10 model using xgbTree
INFO [2025-03-16 17:48:39] Top features for Leg 4 podium prediction:
INFO [2025-03-16 17:48:39] Processing mixed relay predictions
INFO [2025-03-16 17:48:39] Loaded mixed relay teams startlist with 19 rows
INFO [2025-03-16 17:48:39] Loaded mixed relay individuals startlist with 76 rows
INFO [2025-03-16 17:48:39] Preparing current skier data for mixed relay
INFO [2025-03-16 17:48:40] Replaced NAs in Distance_Elo with first quartile: 1224.90028666242
INFO [2025-03-16 17:48:40] Replaced NAs in Distance_C_Elo with first quartile: 1232.30664600281
INFO [2025-03-16 17:48:40] Replaced NAs in Distance_F_Elo with first quartile: 1241.41688253304
INFO [2025-03-16 17:48:40] Replaced NAs in Sprint_Elo with first quartile: 1227.75153606681
INFO [2025-03-16 17:48:40] Replaced NAs in Sprint_C_Elo with first quartile: 1248.96250847029
INFO [2025-03-16 17:48:40] Replaced NAs in Sprint_F_Elo with first quartile: 1233.28714618613
INFO [2025-03-16 17:48:40] Replaced NAs in Classic_Elo with first quartile: 1243.86122284199
INFO [2025-03-16 17:48:40] Replaced NAs in Freestyle_Elo with first quartile: 1229.66040680229
INFO [2025-03-16 17:48:40] Replaced NAs in Distance_Pelo with first quartile: 1227.41341105013
INFO [2025-03-16 17:48:40] Replaced NAs in Distance_C_Pelo with first quartile: 1234.84588206926
INFO [2025-03-16 17:48:40] Replaced NAs in Distance_F_Pelo with first quartile: 1241.90573717984
INFO [2025-03-16 17:48:40] Replaced NAs in Sprint_Pelo with first quartile: 1241.68956780456
INFO [2025-03-16 17:48:40] Replaced NAs in Sprint_C_Pelo with first quartile: 1248.96250847029
INFO [2025-03-16 17:48:40] Replaced NAs in Sprint_F_Pelo with first quartile: 1254.56770895299
INFO [2025-03-16 17:48:40] Replaced NAs in Classic_Pelo with first quartile: 1245.68998444009
INFO [2025-03-16 17:48:40] Replaced NAs in Freestyle_Pelo with first quartile: 1247.99663056109
INFO [2025-03-16 17:48:40] Replaced NAs in Classic_Last_5 with first quartile: 0
INFO [2025-03-16 17:48:40] Replaced NAs in Freestyle_Last_5 with first quartile: 0
INFO [2025-03-16 17:48:40] Created Pelo_Pct from Elo with max value: 1936.67566595139
INFO [2025-03-16 17:48:40] Created Distance_Pelo_Pct from Distance_Elo with max value: 1864.8112847824
INFO [2025-03-16 17:48:40] Created Distance_C_Pelo_Pct from Distance_C_Elo with max value: 1772.68700688686
INFO [2025-03-16 17:48:40] Created Distance_F_Pelo_Pct from Distance_F_Elo with max value: 1704.82115321538
INFO [2025-03-16 17:48:40] Created Sprint_Pelo_Pct from Sprint_Elo with max value: 1882.4487927528
INFO [2025-03-16 17:48:40] Created Sprint_C_Pelo_Pct from Sprint_C_Elo with max value: 1711.09106628928
INFO [2025-03-16 17:48:40] Created Sprint_F_Pelo_Pct from Sprint_F_Elo with max value: 1797.07396691951
INFO [2025-03-16 17:48:40] Created Classic_Pelo_Pct from Classic_Elo with max value: 1803.94978393517
INFO [2025-03-16 17:48:40] Created Freestyle_Pelo_Pct from Freestyle_Elo with max value: 1804.47493286592
INFO [2025-03-16 17:48:40] Prepared data for 607 skiers with 33 features
INFO [2025-03-16 17:48:40] Using FIS startlist for mixed relay leg predictions
INFO [2025-03-16 17:48:40] Using FIS startlist for mixed relay teams
INFO [2025-03-16 17:48:40] Attempting Option 1: Team model coefficients
INFO [2025-03-16 17:48:40] Option 1 failed: No team_podium model found
INFO [2025-03-16 17:48:40] Option 1 failed: No team model
INFO [2025-03-16 17:48:40] Attempting Option 2: Individual model accuracy
INFO [2025-03-16 17:48:40] Leg 1 accuracy: 0.854303599374022
INFO [2025-03-16 17:48:40] Leg 2 accuracy: 0.834256651017214
INFO [2025-03-16 17:48:40] Leg 3 accuracy: 0.873220433713391
INFO [2025-03-16 17:48:40] Leg 4 accuracy: 0.895524256651017
INFO [2025-03-16 17:48:40] Option 2 succeeded: Using model accuracy weights
INFO [2025-03-16 17:48:40] Leg importance weights: Leg 1: 0.25, Leg 2: 0.24, Leg 3: 0.25, Leg 4: 0.26
INFO [2025-03-16 17:48:40] Resetting probabilities at or below the mode to zero
INFO [2025-03-16 17:48:40] Reset 19 values to 0 for Win_Prob (repeated values or values <  0 )
INFO [2025-03-16 17:48:40] Repeated values: 0
INFO [2025-03-16 17:48:40] Reset 19 values to 0 for Podium_Prob (repeated values or values <  0 )
INFO [2025-03-16 17:48:40] Repeated values: 0
INFO [2025-03-16 17:48:40] Reset 19 values to 0 for Top5_Prob (repeated values or values <  0 )
INFO [2025-03-16 17:48:40] Repeated values: 0
INFO [2025-03-16 17:48:40] Reset 19 values to 0 for Top10_Prob (repeated values or values <  0 )
INFO [2025-03-16 17:48:40] Repeated values: 0
INFO [2025-03-16 17:49:26] Loading weekend race data
INFO [2025-03-16 17:49:26] Tomorrow's date: 2025-03-17
INFO [2025-03-16 17:49:26] Found 1 mixed relay races
INFO [2025-03-16 17:49:26] Loading chrono data
INFO [2025-03-16 17:49:31] Loaded men's chrono with 104709 rows and 36 columns
INFO [2025-03-16 17:49:31] Loaded ladies' chrono with 78415 rows and 36 columns
INFO [2025-03-16 17:49:31] Created combined chrono with 183124 rows
INFO [2025-03-16 17:49:31] Created relay df with 17707 rows
INFO [2025-03-16 17:49:31] Created individual df with 159804 rows
INFO [2025-03-16 17:49:36] Leg 1 dataset contains 357 rows
INFO [2025-03-16 17:49:36] Leg 2 dataset contains 356 rows
INFO [2025-03-16 17:49:36] Leg 3 dataset contains 355 rows
INFO [2025-03-16 17:49:36] Leg 4 dataset contains 354 rows
INFO [2025-03-16 17:49:36] Training models for Leg 1
INFO [2025-03-16 17:49:36] Using predictors: Distance_C_Pelo_Pct, Classic_Pelo_Pct, Distance_Pelo_Pct, Pelo_Pct, Weighted_Last_5
INFO [2025-03-16 17:49:36] Training podium model using xgbTree
INFO [2025-03-16 17:49:36] Training win model using xgbTree
INFO [2025-03-16 17:49:37] Training top5 model using xgbTree
INFO [2025-03-16 17:49:37] Training top10 model using xgbTree
INFO [2025-03-16 17:49:37] Top features for Leg 1 podium prediction:
INFO [2025-03-16 17:49:37] Training models for Leg 2
INFO [2025-03-16 17:49:37] Using predictors: Distance_C_Pelo_Pct, Classic_Pelo_Pct, Distance_Pelo_Pct, Pelo_Pct, Weighted_Last_5
INFO [2025-03-16 17:49:37] Training podium model using xgbTree
INFO [2025-03-16 17:49:38] Training win model using xgbTree
INFO [2025-03-16 17:49:38] Training top5 model using xgbTree
INFO [2025-03-16 17:49:38] Training top10 model using xgbTree
INFO [2025-03-16 17:49:39] Top features for Leg 2 podium prediction:
INFO [2025-03-16 17:49:39] Training models for Leg 3
INFO [2025-03-16 17:49:39] Using predictors: Distance_F_Pelo_Pct, Freestyle_Pelo_Pct, Distance_Pelo_Pct, Pelo_Pct, Weighted_Last_5
INFO [2025-03-16 17:49:39] Training podium model using xgbTree
INFO [2025-03-16 17:49:39] Training win model using xgbTree
INFO [2025-03-16 17:49:39] Training top5 model using xgbTree
INFO [2025-03-16 17:49:39] Training top10 model using xgbTree
INFO [2025-03-16 17:49:40] Top features for Leg 3 podium prediction:
INFO [2025-03-16 17:49:40] Training models for Leg 4
INFO [2025-03-16 17:49:40] Using predictors: Distance_F_Pelo_Pct, Freestyle_Pelo_Pct, Distance_Pelo_Pct, Sprint_Pelo_Pct, Pelo_Pct, Weighted_Last_5
INFO [2025-03-16 17:49:40] Training podium model using xgbTree
INFO [2025-03-16 17:49:40] Training win model using xgbTree
INFO [2025-03-16 17:49:40] Training top5 model using xgbTree
INFO [2025-03-16 17:49:41] Training top10 model using xgbTree
INFO [2025-03-16 17:49:41] Top features for Leg 4 podium prediction:
INFO [2025-03-16 17:49:41] Processing mixed relay predictions
INFO [2025-03-16 17:49:41] Loaded mixed relay teams startlist with 19 rows
INFO [2025-03-16 17:49:41] Loaded mixed relay individuals startlist with 76 rows
INFO [2025-03-16 17:49:41] Preparing current skier data for mixed relay
INFO [2025-03-16 17:49:42] Replaced NAs in Distance_Elo with first quartile: 1224.90028666242
INFO [2025-03-16 17:49:42] Replaced NAs in Distance_C_Elo with first quartile: 1232.30664600281
INFO [2025-03-16 17:49:42] Replaced NAs in Distance_F_Elo with first quartile: 1241.41688253304
INFO [2025-03-16 17:49:42] Replaced NAs in Sprint_Elo with first quartile: 1227.75153606681
INFO [2025-03-16 17:49:42] Replaced NAs in Sprint_C_Elo with first quartile: 1248.96250847029
INFO [2025-03-16 17:49:42] Replaced NAs in Sprint_F_Elo with first quartile: 1233.28714618613
INFO [2025-03-16 17:49:42] Replaced NAs in Classic_Elo with first quartile: 1243.86122284199
INFO [2025-03-16 17:49:42] Replaced NAs in Freestyle_Elo with first quartile: 1229.66040680229
INFO [2025-03-16 17:49:42] Replaced NAs in Distance_Pelo with first quartile: 1227.41341105013
INFO [2025-03-16 17:49:42] Replaced NAs in Distance_C_Pelo with first quartile: 1234.84588206926
INFO [2025-03-16 17:49:42] Replaced NAs in Distance_F_Pelo with first quartile: 1241.90573717984
INFO [2025-03-16 17:49:42] Replaced NAs in Sprint_Pelo with first quartile: 1241.68956780456
INFO [2025-03-16 17:49:42] Replaced NAs in Sprint_C_Pelo with first quartile: 1248.96250847029
INFO [2025-03-16 17:49:42] Replaced NAs in Sprint_F_Pelo with first quartile: 1254.56770895299
INFO [2025-03-16 17:49:42] Replaced NAs in Classic_Pelo with first quartile: 1245.68998444009
INFO [2025-03-16 17:49:42] Replaced NAs in Freestyle_Pelo with first quartile: 1247.99663056109
INFO [2025-03-16 17:49:42] Replaced NAs in Classic_Last_5 with first quartile: 0
INFO [2025-03-16 17:49:42] Replaced NAs in Freestyle_Last_5 with first quartile: 0
INFO [2025-03-16 17:49:42] Created Pelo_Pct from Elo with max value: 1936.67566595139
INFO [2025-03-16 17:49:42] Created Distance_Pelo_Pct from Distance_Elo with max value: 1864.8112847824
INFO [2025-03-16 17:49:42] Created Distance_C_Pelo_Pct from Distance_C_Elo with max value: 1772.68700688686
INFO [2025-03-16 17:49:42] Created Distance_F_Pelo_Pct from Distance_F_Elo with max value: 1704.82115321538
INFO [2025-03-16 17:49:42] Created Sprint_Pelo_Pct from Sprint_Elo with max value: 1882.4487927528
INFO [2025-03-16 17:49:42] Created Sprint_C_Pelo_Pct from Sprint_C_Elo with max value: 1711.09106628928
INFO [2025-03-16 17:49:42] Created Sprint_F_Pelo_Pct from Sprint_F_Elo with max value: 1797.07396691951
INFO [2025-03-16 17:49:42] Created Classic_Pelo_Pct from Classic_Elo with max value: 1803.94978393517
INFO [2025-03-16 17:49:42] Created Freestyle_Pelo_Pct from Freestyle_Elo with max value: 1804.47493286592
INFO [2025-03-16 17:49:42] Prepared data for 607 skiers with 33 features
INFO [2025-03-16 17:49:42] Using FIS startlist for mixed relay leg predictions
INFO [2025-03-16 17:49:42] Using FIS startlist for mixed relay teams
INFO [2025-03-16 17:49:42] Attempting Option 1: Team model coefficients
INFO [2025-03-16 17:49:42] Option 1 failed: No team_podium model found
INFO [2025-03-16 17:49:42] Option 1 failed: No team model
INFO [2025-03-16 17:49:42] Attempting Option 2: Individual model accuracy
INFO [2025-03-16 17:49:42] Leg 1 accuracy: 0.843114241001565
INFO [2025-03-16 17:49:42] Leg 2 accuracy: 0.851134585289515
INFO [2025-03-16 17:49:42] Leg 3 accuracy: 0.861948356807512
INFO [2025-03-16 17:49:42] Leg 4 accuracy: 0.87010060362173
INFO [2025-03-16 17:49:42] Option 2 succeeded: Using model accuracy weights
INFO [2025-03-16 17:49:42] Leg importance weights: Leg 1: 0.25, Leg 2: 0.25, Leg 3: 0.25, Leg 4: 0.25
INFO [2025-03-16 17:49:42] Resetting probabilities at or below the mode to zero
INFO [2025-03-16 17:49:42] Reset 19 values to 0 for Win_Prob (repeated values or values <  0 )
INFO [2025-03-16 17:49:42] Repeated values: 0
INFO [2025-03-16 17:49:42] Reset 19 values to 0 for Podium_Prob (repeated values or values <  0 )
INFO [2025-03-16 17:49:42] Repeated values: 0
INFO [2025-03-16 17:49:42] Reset 19 values to 0 for Top5_Prob (repeated values or values <  0 )
INFO [2025-03-16 17:49:42] Repeated values: 0
INFO [2025-03-16 17:49:42] Reset 19 values to 0 for Top10_Prob (repeated values or values <  0 )
INFO [2025-03-16 17:49:42] Repeated values: 0
INFO [2025-03-16 17:50:10] Loading weekend race data
INFO [2025-03-16 17:50:10] Tomorrow's date: 2025-03-17
INFO [2025-03-16 17:50:10] Found 1 mixed relay races
INFO [2025-03-16 17:50:10] Loading chrono data
INFO [2025-03-16 17:50:16] Loaded men's chrono with 104709 rows and 36 columns
INFO [2025-03-16 17:50:16] Loaded ladies' chrono with 78415 rows and 36 columns
INFO [2025-03-16 17:50:16] Created combined chrono with 183124 rows
INFO [2025-03-16 17:50:16] Created relay df with 17707 rows
INFO [2025-03-16 17:50:16] Created individual df with 159804 rows
INFO [2025-03-16 17:50:21] Leg 1 dataset contains 357 rows
INFO [2025-03-16 17:50:21] Leg 2 dataset contains 356 rows
INFO [2025-03-16 17:50:21] Leg 3 dataset contains 355 rows
INFO [2025-03-16 17:50:21] Leg 4 dataset contains 354 rows
INFO [2025-03-16 17:50:21] Training models for Leg 1
INFO [2025-03-16 17:50:21] Using predictors: Distance_C_Pelo_Pct, Classic_Pelo_Pct, Distance_Pelo_Pct, Pelo_Pct, Weighted_Last_5
INFO [2025-03-16 17:50:21] Training podium model using xgbTree
INFO [2025-03-16 17:50:22] Training win model using xgbTree
INFO [2025-03-16 17:50:22] Training top5 model using xgbTree
INFO [2025-03-16 17:50:22] Training top10 model using xgbTree
INFO [2025-03-16 17:50:23] Top features for Leg 1 podium prediction:
INFO [2025-03-16 17:50:23] Training models for Leg 2
INFO [2025-03-16 17:50:23] Using predictors: Distance_C_Pelo_Pct, Classic_Pelo_Pct, Distance_Pelo_Pct, Pelo_Pct, Weighted_Last_5
INFO [2025-03-16 17:50:23] Training podium model using xgbTree
INFO [2025-03-16 17:50:23] Training win model using xgbTree
INFO [2025-03-16 17:50:23] Training top5 model using xgbTree
INFO [2025-03-16 17:50:23] Training top10 model using xgbTree
INFO [2025-03-16 17:50:24] Top features for Leg 2 podium prediction:
INFO [2025-03-16 17:50:24] Training models for Leg 3
INFO [2025-03-16 17:50:24] Using predictors: Distance_F_Pelo_Pct, Freestyle_Pelo_Pct, Distance_Pelo_Pct, Pelo_Pct, Weighted_Last_5
INFO [2025-03-16 17:50:24] Training podium model using xgbTree
INFO [2025-03-16 17:50:24] Training win model using xgbTree
INFO [2025-03-16 17:50:24] Training top5 model using xgbTree
INFO [2025-03-16 17:50:25] Training top10 model using xgbTree
INFO [2025-03-16 17:50:25] Top features for Leg 3 podium prediction:
INFO [2025-03-16 17:50:25] Training models for Leg 4
INFO [2025-03-16 17:50:25] Using predictors: Distance_F_Pelo_Pct, Freestyle_Pelo_Pct, Distance_Pelo_Pct, Sprint_Pelo_Pct, Pelo_Pct, Weighted_Last_5
INFO [2025-03-16 17:50:25] Training podium model using xgbTree
INFO [2025-03-16 17:50:25] Training win model using xgbTree
INFO [2025-03-16 17:50:26] Training top5 model using xgbTree
INFO [2025-03-16 17:50:26] Training top10 model using xgbTree
INFO [2025-03-16 17:50:26] Top features for Leg 4 podium prediction:
INFO [2025-03-16 17:50:26] Processing mixed relay predictions
INFO [2025-03-16 17:50:26] Loaded mixed relay teams startlist with 19 rows
INFO [2025-03-16 17:50:26] Loaded mixed relay individuals startlist with 76 rows
INFO [2025-03-16 17:50:26] Preparing current skier data for mixed relay
INFO [2025-03-16 17:50:28] Replaced NAs in Distance_Elo with first quartile: 1224.90028666242
INFO [2025-03-16 17:50:28] Replaced NAs in Distance_C_Elo with first quartile: 1232.30664600281
INFO [2025-03-16 17:50:28] Replaced NAs in Distance_F_Elo with first quartile: 1241.41688253304
INFO [2025-03-16 17:50:28] Replaced NAs in Sprint_Elo with first quartile: 1227.75153606681
INFO [2025-03-16 17:50:28] Replaced NAs in Sprint_C_Elo with first quartile: 1248.96250847029
INFO [2025-03-16 17:50:28] Replaced NAs in Sprint_F_Elo with first quartile: 1233.28714618613
INFO [2025-03-16 17:50:28] Replaced NAs in Classic_Elo with first quartile: 1243.86122284199
INFO [2025-03-16 17:50:28] Replaced NAs in Freestyle_Elo with first quartile: 1229.66040680229
INFO [2025-03-16 17:50:28] Replaced NAs in Distance_Pelo with first quartile: 1227.41341105013
INFO [2025-03-16 17:50:28] Replaced NAs in Distance_C_Pelo with first quartile: 1234.84588206926
INFO [2025-03-16 17:50:28] Replaced NAs in Distance_F_Pelo with first quartile: 1241.90573717984
INFO [2025-03-16 17:50:28] Replaced NAs in Sprint_Pelo with first quartile: 1241.68956780456
INFO [2025-03-16 17:50:28] Replaced NAs in Sprint_C_Pelo with first quartile: 1248.96250847029
INFO [2025-03-16 17:50:28] Replaced NAs in Sprint_F_Pelo with first quartile: 1254.56770895299
INFO [2025-03-16 17:50:28] Replaced NAs in Classic_Pelo with first quartile: 1245.68998444009
INFO [2025-03-16 17:50:28] Replaced NAs in Freestyle_Pelo with first quartile: 1247.99663056109
INFO [2025-03-16 17:50:28] Replaced NAs in Classic_Last_5 with first quartile: 0
INFO [2025-03-16 17:50:28] Replaced NAs in Freestyle_Last_5 with first quartile: 0
INFO [2025-03-16 17:50:28] Created Pelo_Pct from Elo with max value: 1936.67566595139
INFO [2025-03-16 17:50:28] Created Distance_Pelo_Pct from Distance_Elo with max value: 1864.8112847824
INFO [2025-03-16 17:50:28] Created Distance_C_Pelo_Pct from Distance_C_Elo with max value: 1772.68700688686
INFO [2025-03-16 17:50:28] Created Distance_F_Pelo_Pct from Distance_F_Elo with max value: 1704.82115321538
INFO [2025-03-16 17:50:28] Created Sprint_Pelo_Pct from Sprint_Elo with max value: 1882.4487927528
INFO [2025-03-16 17:50:28] Created Sprint_C_Pelo_Pct from Sprint_C_Elo with max value: 1711.09106628928
INFO [2025-03-16 17:50:28] Created Sprint_F_Pelo_Pct from Sprint_F_Elo with max value: 1797.07396691951
INFO [2025-03-16 17:50:28] Created Classic_Pelo_Pct from Classic_Elo with max value: 1803.94978393517
INFO [2025-03-16 17:50:28] Created Freestyle_Pelo_Pct from Freestyle_Elo with max value: 1804.47493286592
INFO [2025-03-16 17:50:28] Prepared data for 607 skiers with 33 features
INFO [2025-03-16 17:50:28] Using FIS startlist for mixed relay leg predictions
INFO [2025-03-16 17:50:28] Using FIS startlist for mixed relay teams
INFO [2025-03-16 17:50:28] Attempting Option 1: Team model coefficients
INFO [2025-03-16 17:50:28] Option 1 failed: No team_podium model found
INFO [2025-03-16 17:50:28] Option 1 failed: No team model
INFO [2025-03-16 17:50:28] Attempting Option 2: Individual model accuracy
INFO [2025-03-16 17:50:28] Leg 1 accuracy: 0.843035993740219
INFO [2025-03-16 17:50:28] Leg 2 accuracy: 0.853939190699754
INFO [2025-03-16 17:50:28] Leg 3 accuracy: 0.878892242342947
INFO [2025-03-16 17:50:28] Leg 4 accuracy: 0.867511737089202
INFO [2025-03-16 17:50:28] Option 2 succeeded: Using model accuracy weights
INFO [2025-03-16 17:50:28] Leg importance weights: Leg 1: 0.24, Leg 2: 0.25, Leg 3: 0.26, Leg 4: 0.25
INFO [2025-03-16 17:50:28] Resetting probabilities at or below the mode to zero
INFO [2025-03-16 17:50:28] Reset 19 values to 0 for Win_Prob (repeated values or values <  0 )
INFO [2025-03-16 17:50:28] Repeated values: 0
INFO [2025-03-16 17:50:28] Reset 19 values to 0 for Podium_Prob (repeated values or values <  0 )
INFO [2025-03-16 17:50:28] Repeated values: 0
INFO [2025-03-16 17:50:28] Reset 19 values to 0 for Top5_Prob (repeated values or values <  0 )
INFO [2025-03-16 17:50:28] Repeated values: 0
INFO [2025-03-16 17:50:28] Reset 19 values to 0 for Top10_Prob (repeated values or values <  0 )
INFO [2025-03-16 17:50:28] Repeated values: 0
INFO [2025-03-16 17:57:35] Loading weekend race data
INFO [2025-03-16 17:57:35] Tomorrow's date: 2025-03-17
INFO [2025-03-16 17:57:35] Found 1 mixed relay races
INFO [2025-03-16 17:57:35] Loading chrono data
INFO [2025-03-16 17:57:41] Loaded men's chrono with 104709 rows and 36 columns
INFO [2025-03-16 17:57:41] Loaded ladies' chrono with 78415 rows and 36 columns
INFO [2025-03-16 17:57:41] Created combined chrono with 183124 rows
INFO [2025-03-16 17:57:41] Created relay df with 17707 rows
INFO [2025-03-16 17:57:41] Created individual df with 159804 rows
INFO [2025-03-16 17:57:45] Leg 1 dataset contains 357 rows
INFO [2025-03-16 17:57:45] Leg 2 dataset contains 356 rows
INFO [2025-03-16 17:57:45] Leg 3 dataset contains 355 rows
INFO [2025-03-16 17:57:45] Leg 4 dataset contains 354 rows
INFO [2025-03-16 17:57:45] Training models for Leg 1
INFO [2025-03-16 17:57:45] Using predictors: Distance_C_Pelo_Pct, Classic_Pelo_Pct, Distance_Pelo_Pct, Pelo_Pct, Weighted_Last_5
INFO [2025-03-16 17:57:45] Training podium model using xgbTree
INFO [2025-03-16 17:57:46] Training win model using xgbTree
INFO [2025-03-16 17:57:46] Training top5 model using xgbTree
INFO [2025-03-16 17:57:46] Training top10 model using xgbTree
INFO [2025-03-16 17:57:47] Top features for Leg 1 podium prediction:
INFO [2025-03-16 17:57:47] Training models for Leg 2
INFO [2025-03-16 17:57:47] Using predictors: Distance_C_Pelo_Pct, Classic_Pelo_Pct, Distance_Pelo_Pct, Pelo_Pct, Weighted_Last_5
INFO [2025-03-16 17:57:47] Training podium model using xgbTree
INFO [2025-03-16 17:57:47] Training win model using xgbTree
INFO [2025-03-16 17:57:47] Training top5 model using xgbTree
INFO [2025-03-16 17:57:48] Training top10 model using xgbTree
INFO [2025-03-16 17:57:48] Top features for Leg 2 podium prediction:
INFO [2025-03-16 17:57:48] Training models for Leg 3
INFO [2025-03-16 17:57:48] Using predictors: Distance_F_Pelo_Pct, Freestyle_Pelo_Pct, Distance_Pelo_Pct, Pelo_Pct, Weighted_Last_5
INFO [2025-03-16 17:57:48] Training podium model using xgbTree
INFO [2025-03-16 17:57:48] Training win model using xgbTree
INFO [2025-03-16 17:57:49] Training top5 model using xgbTree
INFO [2025-03-16 17:57:49] Training top10 model using xgbTree
INFO [2025-03-16 17:57:49] Top features for Leg 3 podium prediction:
INFO [2025-03-16 17:57:49] Training models for Leg 4
INFO [2025-03-16 17:57:49] Using predictors: Distance_F_Pelo_Pct, Freestyle_Pelo_Pct, Distance_Pelo_Pct, Sprint_Pelo_Pct, Pelo_Pct, Weighted_Last_5
INFO [2025-03-16 17:57:49] Training podium model using xgbTree
INFO [2025-03-16 17:57:50] Training win model using xgbTree
INFO [2025-03-16 17:57:50] Training top5 model using xgbTree
INFO [2025-03-16 17:57:50] Training top10 model using xgbTree
INFO [2025-03-16 17:57:50] Top features for Leg 4 podium prediction:
INFO [2025-03-16 17:57:50] Processing mixed relay predictions
INFO [2025-03-16 17:57:50] Loaded mixed relay teams startlist with 19 rows
INFO [2025-03-16 17:57:50] Loaded mixed relay individuals startlist with 76 rows
INFO [2025-03-16 17:57:50] Preparing current skier data for mixed relay
INFO [2025-03-16 17:57:52] Replaced NAs in Distance_Elo with first quartile: 1224.90028666242
INFO [2025-03-16 17:57:52] Replaced NAs in Distance_C_Elo with first quartile: 1232.30664600281
INFO [2025-03-16 17:57:52] Replaced NAs in Distance_F_Elo with first quartile: 1241.41688253304
INFO [2025-03-16 17:57:52] Replaced NAs in Sprint_Elo with first quartile: 1227.75153606681
INFO [2025-03-16 17:57:52] Replaced NAs in Sprint_C_Elo with first quartile: 1248.96250847029
INFO [2025-03-16 17:57:52] Replaced NAs in Sprint_F_Elo with first quartile: 1233.28714618613
INFO [2025-03-16 17:57:52] Replaced NAs in Classic_Elo with first quartile: 1243.86122284199
INFO [2025-03-16 17:57:52] Replaced NAs in Freestyle_Elo with first quartile: 1229.66040680229
INFO [2025-03-16 17:57:52] Replaced NAs in Distance_Pelo with first quartile: 1227.41341105013
INFO [2025-03-16 17:57:52] Replaced NAs in Distance_C_Pelo with first quartile: 1234.84588206926
INFO [2025-03-16 17:57:52] Replaced NAs in Distance_F_Pelo with first quartile: 1241.90573717984
INFO [2025-03-16 17:57:52] Replaced NAs in Sprint_Pelo with first quartile: 1241.68956780456
INFO [2025-03-16 17:57:52] Replaced NAs in Sprint_C_Pelo with first quartile: 1248.96250847029
INFO [2025-03-16 17:57:52] Replaced NAs in Sprint_F_Pelo with first quartile: 1254.56770895299
INFO [2025-03-16 17:57:52] Replaced NAs in Classic_Pelo with first quartile: 1245.68998444009
INFO [2025-03-16 17:57:52] Replaced NAs in Freestyle_Pelo with first quartile: 1247.99663056109
INFO [2025-03-16 17:57:52] Replaced NAs in Classic_Last_5 with first quartile: 0
INFO [2025-03-16 17:57:52] Replaced NAs in Freestyle_Last_5 with first quartile: 0
INFO [2025-03-16 17:57:52] Created Pelo_Pct from Elo with max value: 1936.67566595139
INFO [2025-03-16 17:57:52] Created Distance_Pelo_Pct from Distance_Elo with max value: 1864.8112847824
INFO [2025-03-16 17:57:52] Created Distance_C_Pelo_Pct from Distance_C_Elo with max value: 1772.68700688686
INFO [2025-03-16 17:57:52] Created Distance_F_Pelo_Pct from Distance_F_Elo with max value: 1704.82115321538
INFO [2025-03-16 17:57:52] Created Sprint_Pelo_Pct from Sprint_Elo with max value: 1882.4487927528
INFO [2025-03-16 17:57:52] Created Sprint_C_Pelo_Pct from Sprint_C_Elo with max value: 1711.09106628928
INFO [2025-03-16 17:57:52] Created Sprint_F_Pelo_Pct from Sprint_F_Elo with max value: 1797.07396691951
INFO [2025-03-16 17:57:52] Created Classic_Pelo_Pct from Classic_Elo with max value: 1803.94978393517
INFO [2025-03-16 17:57:52] Created Freestyle_Pelo_Pct from Freestyle_Elo with max value: 1804.47493286592
INFO [2025-03-16 17:57:52] Prepared data for 607 skiers with 33 features
INFO [2025-03-16 17:57:52] Using FIS startlist for mixed relay leg predictions
INFO [2025-03-16 17:57:52] Using FIS startlist for mixed relay teams
INFO [2025-03-16 17:57:52] Attempting Option 1: Team model coefficients
INFO [2025-03-16 17:57:52] Option 1 failed: No team_podium model found
INFO [2025-03-16 17:57:52] Option 1 failed: No team model
INFO [2025-03-16 17:57:52] Attempting Option 2: Individual model accuracy
INFO [2025-03-16 17:57:52] Leg 1 accuracy: 0.857159624413146
INFO [2025-03-16 17:57:52] Leg 2 accuracy: 0.825845070422535
INFO [2025-03-16 17:57:52] Leg 3 accuracy: 0.87033199195171
INFO [2025-03-16 17:57:52] Leg 4 accuracy: 0.86417616811983
INFO [2025-03-16 17:57:52] Option 2 succeeded: Using model accuracy weights
INFO [2025-03-16 17:57:52] Leg importance weights: Leg 1: 0.25, Leg 2: 0.24, Leg 3: 0.25, Leg 4: 0.25
INFO [2025-03-16 17:57:52] Found probabilities for Jens Burman in leg 1 - Podium: 0.293081343173981
INFO [2025-03-16 17:57:52] Found probabilities for Emma Ribom in leg 2 - Podium: 0.207478880882263
INFO [2025-03-16 17:57:52] Found probabilities for Edvin Anger in leg 3 - Podium: 0.693079322576523
INFO [2025-03-16 17:57:52] Found probabilities for Moa Ilar in leg 4 - Podium: 0.139375269412994
INFO [2025-03-16 17:57:52] Found probabilities for Pål Golberg in leg 1 - Podium: 0.6431964635849
INFO [2025-03-16 17:57:52] Found probabilities for Nora Sanness in leg 2 - Podium: 0.233272314071655
INFO [2025-03-16 17:57:52] Found probabilities for Iver Tildheim Andersen in leg 3 - Podium: 0.249593138694763
INFO [2025-03-16 17:57:52] Found probabilities for Kristin Austgulen Fosnæs in leg 4 - Podium: 0.183311223983765
INFO [2025-03-16 17:57:52] Found probabilities for Jonas Baumann in leg 1 - Podium: 0.160887897014618
INFO [2025-03-16 17:57:52] Found probabilities for Anja Weber in leg 2 - Podium: 0.129661500453949
INFO [2025-03-16 17:57:52] Found probabilities for Jason Rüesch in leg 3 - Podium: 0.134637296199799
INFO [2025-03-16 17:57:52] Found probabilities for Nadine Fähndrich in leg 4 - Podium: 0.186289548873901
INFO [2025-03-16 17:57:52] Found probabilities for Martin Kirkeberg Mørk in leg 1 - Podium: 0.0640509724617004
INFO [2025-03-16 17:57:52] Found probabilities for Johanne Hauge Harviken in leg 2 - Podium: 0.129661500453949
INFO [2025-03-16 17:57:52] Found probabilities for Andreas Fjorden Ree in leg 3 - Podium: 0.276753008365631
INFO [2025-03-16 17:57:52] Found probabilities for Anne Kjersti Kalvå in leg 4 - Podium: 0.357952177524567
INFO [2025-03-16 17:57:52] Found probabilities for Iivo Niskanen in leg 1 - Podium: 0.603490978479385
INFO [2025-03-16 17:57:52] Found probabilities for Jasmi Joensuu in leg 2 - Podium: 0.289978742599487
INFO [2025-03-16 17:57:52] Found probabilities for Remi Lindholm in leg 3 - Podium: 0.277241408824921
INFO [2025-03-16 17:57:52] Found probabilities for Vilma Ryytty in leg 4 - Podium: 0.114763975143433
INFO [2025-03-16 17:57:52] Found probabilities for Antoine Cyr in leg 1 - Podium: 0.182693541049957
INFO [2025-03-16 17:57:52] Found probabilities for Kathrine Stewart-Jones in leg 2 - Podium: 0.129661500453949
INFO [2025-03-16 17:57:52] Found probabilities for Olivier Leveille in leg 3 - Podium: 0.135909736156464
INFO [2025-03-16 17:57:52] Found probabilities for Liliane Gagnon in leg 4 - Podium: 0.0801238417625427
INFO [2025-03-16 17:57:52] Found probabilities for Cyril Fähndrich in leg 1 - Podium: 0.107549488544464
INFO [2025-03-16 17:57:52] Found probabilities for Nadja Kälin in leg 2 - Podium: 0.129661500453949
INFO [2025-03-16 17:57:52] Found probabilities for Valerio Grond in leg 3 - Podium: 0.0679689049720764
INFO [2025-03-16 17:57:52] Found probabilities for Marina Kälin in leg 4 - Podium: 0.0845124125480652
INFO [2025-03-16 17:57:52] Found probabilities for Mika Vermeulen in leg 1 - Podium: 0.762933060526848
INFO [2025-03-16 17:57:52] Found probabilities for Teresa Stadlober in leg 2 - Podium: 0.515808671712875
INFO [2025-03-16 17:57:52] Found probabilities for Benjamin Moser in leg 3 - Podium: 0.0846224427223206
INFO [2025-03-16 17:57:52] Found probabilities for Katharina Brudermann in leg 4 - Podium: 0.0360050201416016
INFO [2025-03-16 17:57:52] Found probabilities for Lucas Bögl in leg 1 - Podium: 0.0307954549789429
INFO [2025-03-16 17:57:52] Found probabilities for Katherine Sauerbrey in leg 2 - Podium: 0.13987272977829
INFO [2025-03-16 17:57:52] Found probabilities for Jan Stoelben in leg 3 - Podium: 0.072120189666748
INFO [2025-03-16 17:57:52] Found probabilities for Anna-Maria Dietze in leg 4 - Podium: 0.0344763994216919
INFO [2025-03-16 17:57:52] Found probabilities for Calle Halfvarsson in leg 1 - Podium: 0.222851753234863
INFO [2025-03-16 17:57:52] Found probabilities for Moa Lundgren in leg 2 - Podium: 0.129661500453949
INFO [2025-03-16 17:57:52] Found probabilities for Gustaf Berglund in leg 3 - Podium: 0.374178051948547
INFO [2025-03-16 17:57:52] Found probabilities for Maja Dahlqvist in leg 4 - Podium: 0.242931246757507
INFO [2025-03-16 17:57:52] Found probabilities for Remi Drolet in leg 1 - Podium: 0.0307954549789429
INFO [2025-03-16 17:57:52] Found probabilities for Alison Mackie in leg 2 - Podium: 0.129661500453949
INFO [2025-03-16 17:57:52] Found probabilities for Thomas Stephen in leg 3 - Podium: 0.0350877046585083
INFO [2025-03-16 17:57:52] Found probabilities for Sonjaa Schmidt in leg 4 - Podium: 0.0344763994216919
INFO [2025-03-16 17:57:52] Found probabilities for Michal Novak in leg 1 - Podium: 0.188157856464386
INFO [2025-03-16 17:57:52] Found probabilities for Katerina Janatova in leg 2 - Podium: 0.263262748718262
INFO [2025-03-16 17:57:52] Found probabilities for Matyas Bauer in leg 3 - Podium: 0.0350877046585083
INFO [2025-03-16 17:57:52] Found probabilities for Barbora Havlickova in leg 4 - Podium: 0.0360050201416016
INFO [2025-03-16 17:57:52] Found probabilities for Martino Carollo in leg 1 - Podium: 0.0307954549789429
INFO [2025-03-16 17:57:52] Found probabilities for Martina di Centa in leg 2 - Podium: 0.129661500453949
INFO [2025-03-16 17:57:52] Found probabilities for Paolo Ventura in leg 3 - Podium: 0.13737952709198
INFO [2025-03-16 17:57:52] Found probabilities for Maria Gismondi in leg 4 - Podium: 0.0826342701911926
INFO [2025-03-16 17:57:52] Found probabilities for Zanden McMullen in leg 1 - Podium: 0.332410871982574
INFO [2025-03-16 17:57:52] Found probabilities for Julia Kern in leg 2 - Podium: 0.129661500453949
INFO [2025-03-16 17:57:52] Found probabilities for Ben Ogden in leg 3 - Podium: 0.232747137546539
INFO [2025-03-16 17:57:52] Found probabilities for Sophia Laukli in leg 4 - Podium: 0.206496477127075
INFO [2025-03-16 17:57:52] Found probabilities for Nejc Stern in leg 1 - Podium: 0.0307954549789429
INFO [2025-03-16 17:57:52] Found probabilities for Anja Mandeljc in leg 2 - Podium: 0.129661500453949
INFO [2025-03-16 17:57:52] Found probabilities for Miha Licef in leg 3 - Podium: 0.0350877046585083
INFO [2025-03-16 17:57:52] Found probabilities for Eva Urevc in leg 4 - Podium: 0.033487856388092
INFO [2025-03-16 17:57:52] Found probabilities for Luke Jager in leg 1 - Podium: 0.0307954549789429
INFO [2025-03-16 17:57:52] Found probabilities for Kendall Kramer in leg 2 - Podium: 0.129661500453949
INFO [2025-03-16 17:57:52] Found probabilities for James Clinton Schoonmaker in leg 3 - Podium: 0.0663369297981262
WARN [2025-03-16 17:57:52] No match found for Sammy SMITH in leg 4
INFO [2025-03-16 17:57:52] Found probabilities for Hugo Hinckfuss in leg 1 - Podium: 0.0307954549789429
INFO [2025-03-16 17:57:52] Found probabilities for Tuva Bygrave in leg 2 - Podium: 0.129661500453949
INFO [2025-03-16 17:57:52] Found probabilities for Seve De Campo in leg 3 - Podium: 0.062349796295166
INFO [2025-03-16 17:57:52] Found probabilities for Rosie Fordham in leg 4 - Podium: 0.0360050201416016
INFO [2025-03-16 17:57:52] Found probabilities for Oleksandr Lisohor in leg 1 - Podium: 0.0307954549789429
INFO [2025-03-16 17:57:52] Found probabilities for Anastasiia Nikon in leg 2 - Podium: 0.129661500453949
INFO [2025-03-16 17:57:52] Found probabilities for Dmytro Drahun in leg 3 - Podium: 0.062349796295166
INFO [2025-03-16 17:57:52] Found probabilities for Viktoriya Olekh in leg 4 - Podium: 0.0336620211601257
INFO [2025-03-16 17:57:52] Found probabilities for Yernur Bexultan in leg 1 - Podium: 0.0307954549789429
INFO [2025-03-16 17:57:52] Found probabilities for Yelizaveta Tolmachyova in leg 2 - Podium: 0.129661500453949
INFO [2025-03-16 17:57:52] Found probabilities for Didar Kassenov in leg 3 - Podium: 0.0350877046585083
INFO [2025-03-16 17:57:52] Found probabilities for Laura Kinybaeyeva in leg 4 - Podium: 0.0336620211601257
INFO [2025-03-16 17:57:52] Resetting probabilities at or below the mode to zero
INFO [2025-03-16 17:57:52] Reset 9 values to 0 for Win_Prob (repeated values or values <  0.0959 )
INFO [2025-03-16 17:57:52] Repeated values: 0.0959
INFO [2025-03-16 17:57:52] No values appear more than twice for Podium_Prob
INFO [2025-03-16 17:57:52] No values appear more than twice for Top5_Prob
INFO [2025-03-16 17:57:52] No values appear more than twice for Top10_Prob
INFO [2025-03-16 18:00:08] Starting mixed relay predictions process
INFO [2025-03-16 18:00:09] Loading weekend race data
INFO [2025-03-16 18:00:09] Tomorrow's date: 2025-03-17
INFO [2025-03-16 18:00:09] Found 1 mixed relay races
INFO [2025-03-16 18:00:09] Loading chrono data
INFO [2025-03-16 18:00:15] Loaded men's chrono with 104709 rows and 36 columns
INFO [2025-03-16 18:00:15] Loaded ladies' chrono with 78415 rows and 36 columns
INFO [2025-03-16 18:00:15] Created combined chrono with 183124 rows
INFO [2025-03-16 18:00:16] Created relay df with 17707 rows
INFO [2025-03-16 18:00:16] Created individual df with 159804 rows
INFO [2025-03-16 18:00:21] Leg 1 dataset contains 357 rows
INFO [2025-03-16 18:00:21] Leg 2 dataset contains 356 rows
INFO [2025-03-16 18:00:21] Leg 3 dataset contains 355 rows
INFO [2025-03-16 18:00:21] Leg 4 dataset contains 354 rows
INFO [2025-03-16 18:00:21] Training models for Leg 1
INFO [2025-03-16 18:00:21] Using predictors: Distance_C_Pelo_Pct, Classic_Pelo_Pct, Distance_Pelo_Pct, Pelo_Pct, Weighted_Last_5
INFO [2025-03-16 18:00:21] Training podium model using xgbTree
INFO [2025-03-16 18:00:21] Training win model using xgbTree
INFO [2025-03-16 18:00:22] Training top5 model using xgbTree
INFO [2025-03-16 18:00:22] Training top10 model using xgbTree
INFO [2025-03-16 18:00:22] Top features for Leg 1 podium prediction:
INFO [2025-03-16 18:00:22] Training models for Leg 2
INFO [2025-03-16 18:00:22] Using predictors: Distance_C_Pelo_Pct, Classic_Pelo_Pct, Distance_Pelo_Pct, Pelo_Pct, Weighted_Last_5
INFO [2025-03-16 18:00:22] Training podium model using xgbTree
INFO [2025-03-16 18:00:23] Training win model using xgbTree
INFO [2025-03-16 18:00:23] Training top5 model using xgbTree
INFO [2025-03-16 18:00:23] Training top10 model using xgbTree
INFO [2025-03-16 18:00:24] Top features for Leg 2 podium prediction:
INFO [2025-03-16 18:00:24] Training models for Leg 3
INFO [2025-03-16 18:00:24] Using predictors: Distance_F_Pelo_Pct, Freestyle_Pelo_Pct, Distance_Pelo_Pct, Pelo_Pct, Weighted_Last_5
INFO [2025-03-16 18:00:24] Training podium model using xgbTree
INFO [2025-03-16 18:00:24] Training win model using xgbTree
INFO [2025-03-16 18:00:24] Training top5 model using xgbTree
INFO [2025-03-16 18:00:25] Training top10 model using xgbTree
INFO [2025-03-16 18:00:25] Top features for Leg 3 podium prediction:
INFO [2025-03-16 18:00:25] Training models for Leg 4
INFO [2025-03-16 18:00:25] Using predictors: Distance_F_Pelo_Pct, Freestyle_Pelo_Pct, Distance_Pelo_Pct, Sprint_Pelo_Pct, Pelo_Pct, Weighted_Last_5
INFO [2025-03-16 18:00:25] Training podium model using xgbTree
INFO [2025-03-16 18:00:26] Training win model using xgbTree
INFO [2025-03-16 18:00:26] Training top5 model using xgbTree
INFO [2025-03-16 18:00:26] Training top10 model using xgbTree
INFO [2025-03-16 18:00:27] Top features for Leg 4 podium prediction:
INFO [2025-03-16 18:00:27] Processing mixed relay predictions
INFO [2025-03-16 18:00:27] Loaded mixed relay teams startlist with 19 rows
INFO [2025-03-16 18:00:27] Loaded mixed relay individuals startlist with 76 rows
INFO [2025-03-16 18:00:27] Preparing current skier data for mixed relay
INFO [2025-03-16 18:00:28] Replaced NAs in Distance_Elo with first quartile: 1224.90028666242
INFO [2025-03-16 18:00:28] Replaced NAs in Distance_C_Elo with first quartile: 1232.30664600281
INFO [2025-03-16 18:00:28] Replaced NAs in Distance_F_Elo with first quartile: 1241.41688253304
INFO [2025-03-16 18:00:28] Replaced NAs in Sprint_Elo with first quartile: 1227.75153606681
INFO [2025-03-16 18:00:28] Replaced NAs in Sprint_C_Elo with first quartile: 1248.96250847029
INFO [2025-03-16 18:00:28] Replaced NAs in Sprint_F_Elo with first quartile: 1233.28714618613
INFO [2025-03-16 18:00:28] Replaced NAs in Classic_Elo with first quartile: 1243.86122284199
INFO [2025-03-16 18:00:28] Replaced NAs in Freestyle_Elo with first quartile: 1229.66040680229
INFO [2025-03-16 18:00:28] Replaced NAs in Distance_Pelo with first quartile: 1227.41341105013
INFO [2025-03-16 18:00:28] Replaced NAs in Distance_C_Pelo with first quartile: 1234.84588206926
INFO [2025-03-16 18:00:28] Replaced NAs in Distance_F_Pelo with first quartile: 1241.90573717984
INFO [2025-03-16 18:00:28] Replaced NAs in Sprint_Pelo with first quartile: 1241.68956780456
INFO [2025-03-16 18:00:28] Replaced NAs in Sprint_C_Pelo with first quartile: 1248.96250847029
INFO [2025-03-16 18:00:28] Replaced NAs in Sprint_F_Pelo with first quartile: 1254.56770895299
INFO [2025-03-16 18:00:28] Replaced NAs in Classic_Pelo with first quartile: 1245.68998444009
INFO [2025-03-16 18:00:28] Replaced NAs in Freestyle_Pelo with first quartile: 1247.99663056109
INFO [2025-03-16 18:00:28] Replaced NAs in Classic_Last_5 with first quartile: 0
INFO [2025-03-16 18:00:28] Replaced NAs in Freestyle_Last_5 with first quartile: 0
INFO [2025-03-16 18:00:28] Created Pelo_Pct from Elo with max value: 1936.67566595139
INFO [2025-03-16 18:00:28] Created Distance_Pelo_Pct from Distance_Elo with max value: 1864.8112847824
INFO [2025-03-16 18:00:28] Created Distance_C_Pelo_Pct from Distance_C_Elo with max value: 1772.68700688686
INFO [2025-03-16 18:00:28] Created Distance_F_Pelo_Pct from Distance_F_Elo with max value: 1704.82115321538
INFO [2025-03-16 18:00:28] Created Sprint_Pelo_Pct from Sprint_Elo with max value: 1882.4487927528
INFO [2025-03-16 18:00:28] Created Sprint_C_Pelo_Pct from Sprint_C_Elo with max value: 1711.09106628928
INFO [2025-03-16 18:00:28] Created Sprint_F_Pelo_Pct from Sprint_F_Elo with max value: 1797.07396691951
INFO [2025-03-16 18:00:28] Created Classic_Pelo_Pct from Classic_Elo with max value: 1803.94978393517
INFO [2025-03-16 18:00:28] Created Freestyle_Pelo_Pct from Freestyle_Elo with max value: 1804.47493286592
INFO [2025-03-16 18:00:28] Prepared data for 607 skiers with 33 features
INFO [2025-03-16 18:00:28] Using FIS startlist for mixed relay leg predictions
INFO [2025-03-16 18:00:28] Using FIS startlist for mixed relay teams
INFO [2025-03-16 18:00:28] Attempting Option 1: Team model coefficients
INFO [2025-03-16 18:00:28] Option 1 failed: No team_podium model found
INFO [2025-03-16 18:00:28] Option 1 failed: No team model
INFO [2025-03-16 18:00:28] Attempting Option 2: Individual model accuracy
INFO [2025-03-16 18:00:28] Leg 1 accuracy: 0.856964006259781
INFO [2025-03-16 18:00:28] Leg 2 accuracy: 0.839892689470154
INFO [2025-03-16 18:00:28] Leg 3 accuracy: 0.850970266040689
INFO [2025-03-16 18:00:28] Leg 4 accuracy: 0.844853565839481
INFO [2025-03-16 18:00:28] Option 2 succeeded: Using model accuracy weights
INFO [2025-03-16 18:00:28] Leg importance weights: Leg 1: 0.25, Leg 2: 0.25, Leg 3: 0.25, Leg 4: 0.25
INFO [2025-03-16 18:00:28] Found probabilities for Jens Burman in leg 1 - Podium: 0.307778418064117
INFO [2025-03-16 18:00:28] Found probabilities for Emma Ribom in leg 2 - Podium: 0.11800754070282
INFO [2025-03-16 18:00:28] Found probabilities for Edvin Anger in leg 3 - Podium: 0.682149946689606
INFO [2025-03-16 18:00:28] Found probabilities for Moa Ilar in leg 4 - Podium: 0.291642427444458
INFO [2025-03-16 18:00:28] Found probabilities for Pål Golberg in leg 1 - Podium: 0.657598823308945
INFO [2025-03-16 18:00:28] Found probabilities for Nora Sanness in leg 2 - Podium: 0.192856848239899
INFO [2025-03-16 18:00:28] Found probabilities for Iver Tildheim Andersen in leg 3 - Podium: 0.237407445907593
INFO [2025-03-16 18:00:28] Found probabilities for Kristin Austgulen Fosnæs in leg 4 - Podium: 0.329507529735565
INFO [2025-03-16 18:00:28] Found probabilities for Jonas Baumann in leg 1 - Podium: 0.315885603427887
INFO [2025-03-16 18:00:28] Found probabilities for Anja Weber in leg 2 - Podium: 0.0425223708152771
INFO [2025-03-16 18:00:28] Found probabilities for Jason Rüesch in leg 3 - Podium: 0.128543615341187
INFO [2025-03-16 18:00:28] Found probabilities for Nadine Fähndrich in leg 4 - Podium: 0.292242169380188
INFO [2025-03-16 18:00:28] Found probabilities for Martin Kirkeberg Mørk in leg 1 - Podium: 0.141191899776459
INFO [2025-03-16 18:00:28] Found probabilities for Johanne Hauge Harviken in leg 2 - Podium: 0.0420226454734802
INFO [2025-03-16 18:00:28] Found probabilities for Andreas Fjorden Ree in leg 3 - Podium: 0.266606152057648
INFO [2025-03-16 18:00:28] Found probabilities for Anne Kjersti Kalvå in leg 4 - Podium: 0.429579555988312
INFO [2025-03-16 18:00:28] Found probabilities for Iivo Niskanen in leg 1 - Podium: 0.600271284580231
INFO [2025-03-16 18:00:28] Found probabilities for Jasmi Joensuu in leg 2 - Podium: 0.272113919258118
INFO [2025-03-16 18:00:28] Found probabilities for Remi Lindholm in leg 3 - Podium: 0.277461290359497
INFO [2025-03-16 18:00:28] Found probabilities for Vilma Ryytty in leg 4 - Podium: 0.273059844970703
INFO [2025-03-16 18:00:28] Found probabilities for Antoine Cyr in leg 1 - Podium: 0.302558422088623
INFO [2025-03-16 18:00:28] Found probabilities for Kathrine Stewart-Jones in leg 2 - Podium: 0.0420226454734802
INFO [2025-03-16 18:00:28] Found probabilities for Olivier Leveille in leg 3 - Podium: 0.115899205207825
INFO [2025-03-16 18:00:28] Found probabilities for Liliane Gagnon in leg 4 - Podium: 0.186332225799561
INFO [2025-03-16 18:00:28] Found probabilities for Cyril Fähndrich in leg 1 - Podium: 0.212988913059235
INFO [2025-03-16 18:00:28] Found probabilities for Nadja Kälin in leg 2 - Podium: 0.0420226454734802
INFO [2025-03-16 18:00:28] Found probabilities for Valerio Grond in leg 3 - Podium: 0.0641655921936035
INFO [2025-03-16 18:00:28] Found probabilities for Marina Kälin in leg 4 - Podium: 0.186332225799561
INFO [2025-03-16 18:00:28] Found probabilities for Mika Vermeulen in leg 1 - Podium: 0.692843198776245
INFO [2025-03-16 18:00:28] Found probabilities for Teresa Stadlober in leg 2 - Podium: 0.529907643795013
INFO [2025-03-16 18:00:28] Found probabilities for Benjamin Moser in leg 3 - Podium: 0.0885377526283264
INFO [2025-03-16 18:00:28] Found probabilities for Katharina Brudermann in leg 4 - Podium: 0.127999544143677
INFO [2025-03-16 18:00:28] Found probabilities for Lucas Bögl in leg 1 - Podium: 0.117739498615265
INFO [2025-03-16 18:00:28] Found probabilities for Katherine Sauerbrey in leg 2 - Podium: 0.0781199336051941
INFO [2025-03-16 18:00:28] Found probabilities for Jan Stoelben in leg 3 - Podium: 0.0715866684913635
INFO [2025-03-16 18:00:28] Found probabilities for Anna-Maria Dietze in leg 4 - Podium: 0.12474799156189
INFO [2025-03-16 18:00:28] Found probabilities for Calle Halfvarsson in leg 1 - Podium: 0.263854205608368
INFO [2025-03-16 18:00:28] Found probabilities for Moa Lundgren in leg 2 - Podium: 0.0630887150764465
INFO [2025-03-16 18:00:28] Found probabilities for Gustaf Berglund in leg 3 - Podium: 0.355398178100586
INFO [2025-03-16 18:00:28] Found probabilities for Maja Dahlqvist in leg 4 - Podium: 0.327488303184509
INFO [2025-03-16 18:00:28] Found probabilities for Remi Drolet in leg 1 - Podium: 0.117739498615265
INFO [2025-03-16 18:00:28] Found probabilities for Alison Mackie in leg 2 - Podium: 0.0420226454734802
INFO [2025-03-16 18:00:28] Found probabilities for Thomas Stephen in leg 3 - Podium: 0.0350915789604187
INFO [2025-03-16 18:00:28] Found probabilities for Sonjaa Schmidt in leg 4 - Podium: 0.12474799156189
INFO [2025-03-16 18:00:28] Found probabilities for Michal Novak in leg 1 - Podium: 0.239608407020569
INFO [2025-03-16 18:00:28] Found probabilities for Katerina Janatova in leg 2 - Podium: 0.291522920131683
INFO [2025-03-16 18:00:28] Found probabilities for Matyas Bauer in leg 3 - Podium: 0.0350915789604187
INFO [2025-03-16 18:00:28] Found probabilities for Barbora Havlickova in leg 4 - Podium: 0.127999544143677
INFO [2025-03-16 18:00:28] Found probabilities for Martino Carollo in leg 1 - Podium: 0.117739498615265
INFO [2025-03-16 18:00:28] Found probabilities for Martina di Centa in leg 2 - Podium: 0.0420226454734802
INFO [2025-03-16 18:00:28] Found probabilities for Paolo Ventura in leg 3 - Podium: 0.115593314170837
INFO [2025-03-16 18:00:28] Found probabilities for Maria Gismondi in leg 4 - Podium: 0.190838992595673
INFO [2025-03-16 18:00:28] Found probabilities for Zanden McMullen in leg 1 - Podium: 0.40692013502121
INFO [2025-03-16 18:00:28] Found probabilities for Julia Kern in leg 2 - Podium: 0.0457932353019714
INFO [2025-03-16 18:00:28] Found probabilities for Ben Ogden in leg 3 - Podium: 0.208891630172729
INFO [2025-03-16 18:00:28] Found probabilities for Sophia Laukli in leg 4 - Podium: 0.296887695789337
INFO [2025-03-16 18:00:28] Found probabilities for Nejc Stern in leg 1 - Podium: 0.117739498615265
INFO [2025-03-16 18:00:28] Found probabilities for Anja Mandeljc in leg 2 - Podium: 0.0420226454734802
INFO [2025-03-16 18:00:28] Found probabilities for Miha Licef in leg 3 - Podium: 0.0350915789604187
INFO [2025-03-16 18:00:28] Found probabilities for Eva Urevc in leg 4 - Podium: 0.122885227203369
INFO [2025-03-16 18:00:28] Found probabilities for Luke Jager in leg 1 - Podium: 0.117739498615265
INFO [2025-03-16 18:00:28] Found probabilities for Kendall Kramer in leg 2 - Podium: 0.0362822413444519
INFO [2025-03-16 18:00:28] Found probabilities for James Clinton Schoonmaker in leg 3 - Podium: 0.0589191913604736
WARN [2025-03-16 18:00:28] No match found for Sammy SMITH in leg 4
INFO [2025-03-16 18:00:28] Found probabilities for Hugo Hinckfuss in leg 1 - Podium: 0.117739498615265
INFO [2025-03-16 18:00:28] Found probabilities for Tuva Bygrave in leg 2 - Podium: 0.0362822413444519
INFO [2025-03-16 18:00:28] Found probabilities for Seve De Campo in leg 3 - Podium: 0.0619592070579529
INFO [2025-03-16 18:00:28] Found probabilities for Rosie Fordham in leg 4 - Podium: 0.127999544143677
INFO [2025-03-16 18:00:28] Found probabilities for Oleksandr Lisohor in leg 1 - Podium: 0.117739498615265
INFO [2025-03-16 18:00:28] Found probabilities for Anastasiia Nikon in leg 2 - Podium: 0.0362822413444519
INFO [2025-03-16 18:00:28] Found probabilities for Dmytro Drahun in leg 3 - Podium: 0.0619592070579529
INFO [2025-03-16 18:00:28] Found probabilities for Viktoriya Olekh in leg 4 - Podium: 0.121441006660461
INFO [2025-03-16 18:00:28] Found probabilities for Yernur Bexultan in leg 1 - Podium: 0.117739498615265
INFO [2025-03-16 18:00:28] Found probabilities for Yelizaveta Tolmachyova in leg 2 - Podium: 0.0362822413444519
INFO [2025-03-16 18:00:28] Found probabilities for Didar Kassenov in leg 3 - Podium: 0.0350915789604187
INFO [2025-03-16 18:00:28] Found probabilities for Laura Kinybaeyeva in leg 4 - Podium: 0.121441006660461
INFO [2025-03-16 18:00:28] Resetting probabilities at or below the mode to zero
INFO [2025-03-16 18:00:28] Reset 10 values to 0 for Win_Prob (repeated values or values <  0.053 )
INFO [2025-03-16 18:00:28] Repeated values: 0.053, 0.053
INFO [2025-03-16 18:00:28] No values appear more than twice for Podium_Prob
INFO [2025-03-16 18:00:28] No values appear more than twice for Top5_Prob
INFO [2025-03-16 18:00:28] No values appear more than twice for Top10_Prob
INFO [2025-03-16 18:00:28] Normalizing team probabilities
INFO [2025-03-16 18:00:28] Normalized Win_Prob from sum of 0.7 to 1
INFO [2025-03-16 18:00:28] Normalized Podium_Prob from sum of 3.47 to 3
INFO [2025-03-16 18:00:28] Normalized Top5_Prob from sum of 5.55 to 5
INFO [2025-03-16 18:00:28] Normalized Top10_Prob from sum of 10.62 to 10
INFO [2025-03-16 18:00:28] Recalculated Expected_Points based on normalized probabilities
INFO [2025-03-16 18:00:28] Optimizing fantasy mixed relay team
INFO [2025-03-16 18:00:29] Fantasy team optimization complete. Selected 12 teams.
INFO [2025-03-16 18:00:29] Total price: 99012 of max 1e+05
INFO [2025-03-16 18:00:29] Expected total points: 737.3
INFO [2025-03-16 18:00:29] Saved points predictions to ~/blog/daehl-e/content/post/cross-country/drafts/weekly-picks/20250317/mixed_relay_points.xlsx
INFO [2025-03-16 18:00:29] Saved probability predictions to ~/blog/daehl-e/content/post/cross-country/drafts/weekly-picks/20250317/mixed_relay_probabilities.xlsx
INFO [2025-03-16 18:00:29] Saved fantasy team results to ~/blog/daehl-e/content/post/cross-country/drafts/weekly-picks/20250317/fantasy_mixed_relay_team.xlsx
INFO [2025-03-16 18:00:29] Mixed relay predictions completed successfully
