INFO [2025-06-06 11:08:10] Starting relay predictions process
INFO [2025-06-06 11:08:10] Loading weekend race data
INFO [2025-06-06 11:08:10] Tomorrow's date: 2025-06-06
INFO [2025-06-06 11:08:10] Found 1 men's relay races and 1 ladies' relay races
INFO [2025-06-06 11:08:10] Loading chrono data
INFO [2025-06-06 11:08:12] Loaded men's chrono with 105122 rows and 36 columns
INFO [2025-06-06 11:08:12] Loaded ladies' chrono with 78706 rows and 36 columns
INFO [2025-06-06 11:08:12] Created men's relay df with 9688 rows
INFO [2025-06-06 11:08:12] Created men's individual df with 92143 rows
INFO [2025-06-06 11:08:12] Created ladies' relay df with 8019 rows
INFO [2025-06-06 11:08:12] Created ladies' individual df with 68253 rows
INFO [2025-06-06 11:08:15] Training models for Leg 1
INFO [2025-06-06 11:08:15] Using predictors: Distance_C_Pelo_Pct, Classic_Pelo_Pct, Distance_Pelo_Pct, Pelo_Pct, Weighted_Last_5
INFO [2025-06-06 11:08:15] Training podium model using glm
INFO [2025-06-06 11:08:15] Training win model using glm
INFO [2025-06-06 11:08:15] Training top5 model using glm
INFO [2025-06-06 11:08:15] Training top10 model using glm
INFO [2025-06-06 11:08:15] Top features for Leg 1 podium prediction:
INFO [2025-06-06 11:08:15] Training models for Leg 2
INFO [2025-06-06 11:08:15] Using predictors: Distance_C_Pelo_Pct, Classic_Pelo_Pct, Distance_Pelo_Pct, Pelo_Pct, Weighted_Last_5
INFO [2025-06-06 11:08:15] Training podium model using glm
INFO [2025-06-06 11:08:15] Training win model using glm
INFO [2025-06-06 11:08:15] Training top5 model using glm
INFO [2025-06-06 11:08:15] Training top10 model using glm
INFO [2025-06-06 11:08:15] Top features for Leg 2 podium prediction:
INFO [2025-06-06 11:08:15] Training models for Leg 3
INFO [2025-06-06 11:08:15] Using predictors: Distance_F_Pelo_Pct, Freestyle_Pelo_Pct, Distance_Pelo_Pct, Pelo_Pct, Weighted_Last_5
INFO [2025-06-06 11:08:15] Training podium model using glm
INFO [2025-06-06 11:08:15] Training win model using glm
INFO [2025-06-06 11:08:16] Training top5 model using glm
INFO [2025-06-06 11:08:16] Training top10 model using glm
INFO [2025-06-06 11:08:16] Top features for Leg 3 podium prediction:
INFO [2025-06-06 11:08:16] Training models for Leg 4
INFO [2025-06-06 11:08:16] Using predictors: Distance_F_Pelo_Pct, Freestyle_Pelo_Pct, Distance_Pelo_Pct, Sprint_Pelo_Pct, Pelo_Pct, Weighted_Last_5
INFO [2025-06-06 11:08:16] Training podium model using glm
INFO [2025-06-06 11:08:16] Training win model using glm
INFO [2025-06-06 11:08:16] Training top5 model using glm
INFO [2025-06-06 11:08:16] Training top10 model using glm
INFO [2025-06-06 11:08:16] Top features for Leg 4 podium prediction:
INFO [2025-06-06 11:08:16] Training models for Leg 1
INFO [2025-06-06 11:08:16] Using predictors: Distance_C_Pelo_Pct, Classic_Pelo_Pct, Distance_Pelo_Pct, Pelo_Pct, Weighted_Last_5
INFO [2025-06-06 11:08:16] Training podium model using glm
INFO [2025-06-06 11:08:16] Training win model using glm
INFO [2025-06-06 11:08:16] Training top5 model using glm
INFO [2025-06-06 11:08:16] Training top10 model using glm
INFO [2025-06-06 11:08:16] Top features for Leg 1 podium prediction:
INFO [2025-06-06 11:08:16] Training models for Leg 2
INFO [2025-06-06 11:08:16] Using predictors: Distance_C_Pelo_Pct, Classic_Pelo_Pct, Distance_Pelo_Pct, Pelo_Pct, Weighted_Last_5
INFO [2025-06-06 11:08:16] Training podium model using glm
INFO [2025-06-06 11:08:16] Training win model using glm
INFO [2025-06-06 11:08:16] Training top5 model using glm
INFO [2025-06-06 11:08:16] Training top10 model using glm
INFO [2025-06-06 11:08:16] Top features for Leg 2 podium prediction:
INFO [2025-06-06 11:08:16] Training models for Leg 3
INFO [2025-06-06 11:08:16] Using predictors: Distance_F_Pelo_Pct, Freestyle_Pelo_Pct, Distance_Pelo_Pct, Pelo_Pct, Weighted_Last_5
INFO [2025-06-06 11:08:16] Training podium model using glm
INFO [2025-06-06 11:08:16] Training win model using glm
INFO [2025-06-06 11:08:16] Training top5 model using glm
INFO [2025-06-06 11:08:16] Training top10 model using glm
INFO [2025-06-06 11:08:16] Top features for Leg 3 podium prediction:
INFO [2025-06-06 11:08:16] Training models for Leg 4
INFO [2025-06-06 11:08:16] Using predictors: Distance_F_Pelo_Pct, Freestyle_Pelo_Pct, Distance_Pelo_Pct, Sprint_Pelo_Pct, Pelo_Pct, Weighted_Last_5
INFO [2025-06-06 11:08:16] Training podium model using glm
INFO [2025-06-06 11:08:16] Training win model using glm
INFO [2025-06-06 11:08:16] Training top5 model using glm
INFO [2025-06-06 11:08:17] Training top10 model using glm
INFO [2025-06-06 11:08:17] Top features for Leg 4 podium prediction:
INFO [2025-06-06 11:08:17] Processing men's relay predictions
INFO [2025-06-06 11:08:17] Loaded men relay teams startlist with 24 rows
INFO [2025-06-06 11:08:17] Loaded men relay individuals startlist with 96 rows
INFO [2025-06-06 11:08:17] Preparing current men skier data
INFO [2025-06-06 11:08:17] Found 9 Elo columns for current skiers
INFO [2025-06-06 11:08:17] Replaced NAs in Distance_Elo with first quartile: 1207.23243912712
INFO [2025-06-06 11:08:17] Replaced NAs in Distance_C_Elo with first quartile: 1233.40200699225
INFO [2025-06-06 11:08:17] Replaced NAs in Distance_F_Elo with first quartile: 1236.48554062178
INFO [2025-06-06 11:08:17] Replaced NAs in Sprint_Elo with first quartile: 1223.60107000698
INFO [2025-06-06 11:08:17] Replaced NAs in Sprint_C_Elo with first quartile: 1241.28715500947
INFO [2025-06-06 11:08:17] Replaced NAs in Sprint_F_Elo with first quartile: 1234.45151108772
INFO [2025-06-06 11:08:17] Replaced NAs in Classic_Elo with first quartile: 1241.52867310024
INFO [2025-06-06 11:08:17] Replaced NAs in Freestyle_Elo with first quartile: 1228.48649348109
INFO [2025-06-06 11:08:17] Replaced NAs in Distance_Pelo with first quartile: 1211.63035979047
INFO [2025-06-06 11:08:17] Replaced NAs in Distance_C_Pelo with first quartile: 1234.81091928129
INFO [2025-06-06 11:08:17] Replaced NAs in Distance_F_Pelo with first quartile: 1239.65331180248
INFO [2025-06-06 11:08:17] Replaced NAs in Sprint_Pelo with first quartile: 1240.94751821383
INFO [2025-06-06 11:08:17] Replaced NAs in Sprint_C_Pelo with first quartile: 1241.28715500947
INFO [2025-06-06 11:08:17] Replaced NAs in Sprint_F_Pelo with first quartile: 1252.45166310493
INFO [2025-06-06 11:08:17] Replaced NAs in Classic_Pelo with first quartile: 1243.63746068082
INFO [2025-06-06 11:08:17] Replaced NAs in Freestyle_Pelo with first quartile: 1249.30280713791
INFO [2025-06-06 11:08:17] Replaced NAs in Classic_Last_5 with first quartile: 0
INFO [2025-06-06 11:08:17] Replaced NAs in Freestyle_Last_5 with first quartile: 0
INFO [2025-06-06 11:08:17] Created Pelo_Pct from Elo with max value: 1946.6211651574
INFO [2025-06-06 11:08:17] Created Distance_Pelo_Pct from Distance_Elo with max value: 1869.1251911742
INFO [2025-06-06 11:08:17] Created Distance_C_Pelo_Pct from Distance_C_Elo with max value: 1777.16297253153
INFO [2025-06-06 11:08:17] Created Distance_F_Pelo_Pct from Distance_F_Elo with max value: 1695.2053212904
INFO [2025-06-06 11:08:17] Created Sprint_Pelo_Pct from Sprint_Elo with max value: 1886.80363942481
INFO [2025-06-06 11:08:17] Created Sprint_C_Pelo_Pct from Sprint_C_Elo with max value: 1711.08486899169
INFO [2025-06-06 11:08:17] Created Sprint_F_Pelo_Pct from Sprint_F_Elo with max value: 1792.65157560707
INFO [2025-06-06 11:08:17] Created Classic_Pelo_Pct from Classic_Elo with max value: 1807.56773496777
INFO [2025-06-06 11:08:17] Created Freestyle_Pelo_Pct from Freestyle_Elo with max value: 1814.60460629541
INFO [2025-06-06 11:08:17] Prepared data for 381 men skiers with 33 features
INFO [2025-06-06 11:08:17] Using FIS startlist for men's leg predictions
INFO [2025-06-06 11:08:17] Using FIS startlist for men
INFO [2025-06-06 11:08:17] Attempting Option 1: Team model coefficients
INFO [2025-06-06 11:08:17] Option 1 failed: No team_podium model found
INFO [2025-06-06 11:08:17] Option 1 failed: No team model
INFO [2025-06-06 11:08:17] Attempting Option 2: Individual model accuracy
INFO [2025-06-06 11:08:17] Leg 1 accuracy: 0.86819209039548
INFO [2025-06-06 11:08:17] Leg 2 accuracy: 0.854632768361582
INFO [2025-06-06 11:08:17] Leg 3 accuracy: 0.870533800896162
INFO [2025-06-06 11:08:17] Leg 4 accuracy: 0.89496006234171
INFO [2025-06-06 11:08:17] Option 2 succeeded: Using model accuracy weights
INFO [2025-06-06 11:08:17] Leg importance weights: Leg 1: 0.25, Leg 2: 0.24, Leg 3: 0.25, Leg 4: 0.26
INFO [2025-06-06 11:08:17] Processing ladies's relay predictions
INFO [2025-06-06 11:08:17] Loaded ladies relay teams startlist with 20 rows
INFO [2025-06-06 11:08:17] Loaded ladies relay individuals startlist with 80 rows
INFO [2025-06-06 11:08:17] Preparing current ladies skier data
INFO [2025-06-06 11:08:17] Found 9 Elo columns for current skiers
INFO [2025-06-06 11:08:17] Replaced NAs in Distance_Elo with first quartile: 1237.38564383256
INFO [2025-06-06 11:08:17] Replaced NAs in Distance_C_Elo with first quartile: 1243.87329106944
INFO [2025-06-06 11:08:17] Replaced NAs in Distance_F_Elo with first quartile: 1256.69628195708
INFO [2025-06-06 11:08:17] Replaced NAs in Sprint_Elo with first quartile: 1246.32574824425
INFO [2025-06-06 11:08:17] Replaced NAs in Sprint_C_Elo with first quartile: 1257.67866787334
INFO [2025-06-06 11:08:17] Replaced NAs in Sprint_F_Elo with first quartile: 1244.84742904868
INFO [2025-06-06 11:08:17] Replaced NAs in Classic_Elo with first quartile: 1252.44868703669
INFO [2025-06-06 11:08:17] Replaced NAs in Freestyle_Elo with first quartile: 1244.44508230281
INFO [2025-06-06 11:08:17] Replaced NAs in Distance_Pelo with first quartile: 1241.11854419952
INFO [2025-06-06 11:08:17] Replaced NAs in Distance_C_Pelo with first quartile: 1245.57367555166
INFO [2025-06-06 11:08:17] Replaced NAs in Distance_F_Pelo with first quartile: 1259.54282973153
INFO [2025-06-06 11:08:17] Replaced NAs in Sprint_Pelo with first quartile: 1254.59410960767
INFO [2025-06-06 11:08:17] Replaced NAs in Sprint_C_Pelo with first quartile: 1257.58302026178
INFO [2025-06-06 11:08:17] Replaced NAs in Sprint_F_Pelo with first quartile: 1257.67755691493
INFO [2025-06-06 11:08:17] Replaced NAs in Classic_Pelo with first quartile: 1256.79275004544
INFO [2025-06-06 11:08:17] Replaced NAs in Freestyle_Pelo with first quartile: 1256.79999900008
INFO [2025-06-06 11:08:17] Replaced NAs in Classic_Last_5 with first quartile: 3.5
INFO [2025-06-06 11:08:17] Replaced NAs in Freestyle_Last_5 with first quartile: 2.4
INFO [2025-06-06 11:08:17] Created Pelo_Pct from Elo with max value: 1840.99747242401
INFO [2025-06-06 11:08:17] Created Distance_Pelo_Pct from Distance_Elo with max value: 1889.46974050597
INFO [2025-06-06 11:08:17] Created Distance_C_Pelo_Pct from Distance_C_Elo with max value: 1763.33572074398
INFO [2025-06-06 11:08:17] Created Distance_F_Pelo_Pct from Distance_F_Elo with max value: 1693.85026290322
INFO [2025-06-06 11:08:17] Created Sprint_Pelo_Pct from Sprint_Elo with max value: 1742.75320156525
INFO [2025-06-06 11:08:17] Created Sprint_C_Pelo_Pct from Sprint_C_Elo with max value: 1601.58469902127
INFO [2025-06-06 11:08:17] Created Sprint_F_Pelo_Pct from Sprint_F_Elo with max value: 1681.09824552997
INFO [2025-06-06 11:08:17] Created Classic_Pelo_Pct from Classic_Elo with max value: 1698.68768563646
INFO [2025-06-06 11:08:17] Created Freestyle_Pelo_Pct from Freestyle_Elo with max value: 1707.58410982918
INFO [2025-06-06 11:08:17] Prepared data for 255 ladies skiers with 33 features
INFO [2025-06-06 11:08:17] Using FIS startlist for ladies's leg predictions
INFO [2025-06-06 11:08:17] Using FIS startlist for ladies
INFO [2025-06-06 11:08:17] Attempting Option 1: Team model coefficients
INFO [2025-06-06 11:08:17] Option 1 failed: No team_podium model found
INFO [2025-06-06 11:08:17] Option 1 failed: No team model
INFO [2025-06-06 11:08:17] Attempting Option 2: Individual model accuracy
INFO [2025-06-06 11:08:17] Leg 1 accuracy: 0.801282051282051
INFO [2025-06-06 11:08:17] Leg 2 accuracy: 0.85
INFO [2025-06-06 11:08:17] Leg 3 accuracy: 0.802564102564103
INFO [2025-06-06 11:08:17] Leg 4 accuracy: 0.798484848484848
INFO [2025-06-06 11:08:17] Option 2 succeeded: Using model accuracy weights
INFO [2025-06-06 11:08:17] Leg importance weights: Leg 1: 0.25, Leg 2: 0.26, Leg 3: 0.25, Leg 4: 0.25
INFO [2025-06-06 11:08:17] Resetting men's probabilities at or below the mode to zero
INFO [2025-06-06 11:08:17] No values appear more than twice for Win_Prob
INFO [2025-06-06 11:08:17] No values appear more than twice for Podium_Prob
INFO [2025-06-06 11:08:17] No values appear more than twice for Top5_Prob
INFO [2025-06-06 11:08:17] No values appear more than twice for Top10_Prob
INFO [2025-06-06 11:08:17] Resetting ladies' probabilities at or below the mode to zero
INFO [2025-06-06 11:08:17] No values appear more than twice for Win_Prob
INFO [2025-06-06 11:08:17] No values appear more than twice for Podium_Prob
INFO [2025-06-06 11:08:17] No values appear more than twice for Top5_Prob
INFO [2025-06-06 11:08:17] No values appear more than twice for Top10_Prob
INFO [2025-06-06 11:08:17] Normalizing men's team probabilities
INFO [2025-06-06 11:08:17] Normalized Win_Prob from sum of 0.71 to 1
INFO [2025-06-06 11:08:17] Normalized Podium_Prob from sum of 2.34 to 3
INFO [2025-06-06 11:08:17] Normalized Top5_Prob from sum of 4.2 to 5
INFO [2025-06-06 11:08:17] Normalized Top10_Prob from sum of 10.33 to 10
INFO [2025-06-06 11:08:17] Capped 1 values at 1 for Podium_Prob
INFO [2025-06-06 11:08:17] Capped 1 values at 1 for Top5_Prob
INFO [2025-06-06 11:08:17] Normalizing ladies' team probabilities
INFO [2025-06-06 11:08:17] Normalized Win_Prob from sum of 1.12 to 1
INFO [2025-06-06 11:08:17] Normalized Podium_Prob from sum of 3.26 to 3
INFO [2025-06-06 11:08:17] Normalized Top5_Prob from sum of 4.51 to 5
INFO [2025-06-06 11:08:17] Normalized Top10_Prob from sum of 9.36 to 10
INFO [2025-06-06 11:08:17] Capped 2 values at 1 for Top5_Prob
INFO [2025-06-06 11:08:17] Capped 5 values at 1 for Top10_Prob
INFO [2025-06-06 11:08:17] Final capping of probabilities to maximum of 1
INFO [2025-06-06 11:08:17] Capped 1 values at 1 for Podium_Prob
INFO [2025-06-06 11:08:17] Capped 1 values at 1 for Top5_Prob
INFO [2025-06-06 11:08:17] Capped 2 values at 1 for Top5_Prob
INFO [2025-06-06 11:08:17] Capped 5 values at 1 for Top10_Prob
INFO [2025-06-06 11:08:17] Optimizing fantasy relay team
INFO [2025-06-06 11:08:17] Fantasy team optimization complete. Selected 12 teams.
INFO [2025-06-06 11:08:17] Total price: 99826 of max 1e+05
INFO [2025-06-06 11:08:17] Expected total points: 814.6
INFO [2025-06-06 11:08:17] Men's teams: 6 ( 6 )
INFO [2025-06-06 11:08:17] Ladies' teams: 6 ( 6 )
INFO [2025-06-06 11:08:17] Saved points predictions to ~/blog/daehl-e/content/post/cross-country/drafts/weekly-picks/20250606/men_relay_points.xlsx
INFO [2025-06-06 11:08:17] Saved probability predictions to ~/blog/daehl-e/content/post/cross-country/drafts/weekly-picks/20250606/men_relay_probabilities.xlsx
INFO [2025-06-06 11:08:17] Saved points predictions to ~/blog/daehl-e/content/post/cross-country/drafts/weekly-picks/20250606/ladies_relay_points.xlsx
INFO [2025-06-06 11:08:17] Saved probability predictions to ~/blog/daehl-e/content/post/cross-country/drafts/weekly-picks/20250606/ladies_relay_probabilities.xlsx
INFO [2025-06-06 11:08:17] Saved fantasy team results to ~/blog/daehl-e/content/post/cross-country/drafts/weekly-picks/20250606/fantasy_relay_team.xlsx
INFO [2025-06-06 11:08:17] Relay predictions completed successfully
INFO [2025-06-06 11:11:21] Starting relay predictions process
INFO [2025-06-06 11:11:21] Loading weekend race data
INFO [2025-06-06 11:11:21] Tomorrow's date: 2025-06-06
INFO [2025-06-06 11:11:21] Found 1 men's relay races and 1 ladies' relay races
INFO [2025-06-06 11:11:22] Loading chrono data
INFO [2025-06-06 11:11:24] Loaded men's chrono with 105122 rows and 36 columns
INFO [2025-06-06 11:11:24] Loaded ladies' chrono with 78706 rows and 36 columns
INFO [2025-06-06 11:11:24] Created men's relay df with 9688 rows
INFO [2025-06-06 11:11:24] Created men's individual df with 92143 rows
INFO [2025-06-06 11:11:24] Created ladies' relay df with 8019 rows
INFO [2025-06-06 11:11:24] Created ladies' individual df with 68253 rows
INFO [2025-06-06 11:11:27] Training models for Leg 1
INFO [2025-06-06 11:11:27] Using predictors: Distance_C_Pelo_Pct, Classic_Pelo_Pct, Distance_Pelo_Pct, Pelo_Pct, Weighted_Last_5
INFO [2025-06-06 11:11:27] Training podium model using glm
INFO [2025-06-06 11:11:27] Training win model using glm
INFO [2025-06-06 11:11:27] Training top5 model using glm
INFO [2025-06-06 11:11:27] Training top10 model using glm
INFO [2025-06-06 11:11:27] Top features for Leg 1 podium prediction:
INFO [2025-06-06 11:11:27] Training models for Leg 2
INFO [2025-06-06 11:11:27] Using predictors: Distance_C_Pelo_Pct, Classic_Pelo_Pct, Distance_Pelo_Pct, Pelo_Pct, Weighted_Last_5
INFO [2025-06-06 11:11:27] Training podium model using glm
INFO [2025-06-06 11:11:27] Training win model using glm
INFO [2025-06-06 11:11:27] Training top5 model using glm
INFO [2025-06-06 11:11:27] Training top10 model using glm
INFO [2025-06-06 11:11:27] Top features for Leg 2 podium prediction:
INFO [2025-06-06 11:11:27] Training models for Leg 3
INFO [2025-06-06 11:11:27] Using predictors: Distance_F_Pelo_Pct, Freestyle_Pelo_Pct, Distance_Pelo_Pct, Pelo_Pct, Weighted_Last_5
INFO [2025-06-06 11:11:27] Training podium model using glm
INFO [2025-06-06 11:11:27] Training win model using glm
INFO [2025-06-06 11:11:27] Training top5 model using glm
INFO [2025-06-06 11:11:27] Training top10 model using glm
INFO [2025-06-06 11:11:27] Top features for Leg 3 podium prediction:
INFO [2025-06-06 11:11:27] Training models for Leg 4
INFO [2025-06-06 11:11:27] Using predictors: Distance_F_Pelo_Pct, Freestyle_Pelo_Pct, Distance_Pelo_Pct, Sprint_Pelo_Pct, Pelo_Pct, Weighted_Last_5
INFO [2025-06-06 11:11:27] Training podium model using glm
INFO [2025-06-06 11:11:27] Training win model using glm
INFO [2025-06-06 11:11:28] Training top5 model using glm
INFO [2025-06-06 11:11:28] Training top10 model using glm
INFO [2025-06-06 11:11:28] Top features for Leg 4 podium prediction:
INFO [2025-06-06 11:11:28] Training models for Leg 1
INFO [2025-06-06 11:11:28] Using predictors: Distance_C_Pelo_Pct, Classic_Pelo_Pct, Distance_Pelo_Pct, Pelo_Pct, Weighted_Last_5
INFO [2025-06-06 11:11:28] Training podium model using glm
INFO [2025-06-06 11:11:28] Training win model using glm
INFO [2025-06-06 11:11:28] Training top5 model using glm
INFO [2025-06-06 11:11:28] Training top10 model using glm
INFO [2025-06-06 11:11:28] Top features for Leg 1 podium prediction:
INFO [2025-06-06 11:11:28] Training models for Leg 2
INFO [2025-06-06 11:11:28] Using predictors: Distance_C_Pelo_Pct, Classic_Pelo_Pct, Distance_Pelo_Pct, Pelo_Pct, Weighted_Last_5
INFO [2025-06-06 11:11:28] Training podium model using glm
INFO [2025-06-06 11:11:28] Training win model using glm
INFO [2025-06-06 11:11:28] Training top5 model using glm
INFO [2025-06-06 11:11:28] Training top10 model using glm
INFO [2025-06-06 11:11:28] Top features for Leg 2 podium prediction:
INFO [2025-06-06 11:11:28] Training models for Leg 3
INFO [2025-06-06 11:11:28] Using predictors: Distance_F_Pelo_Pct, Freestyle_Pelo_Pct, Distance_Pelo_Pct, Pelo_Pct, Weighted_Last_5
INFO [2025-06-06 11:11:28] Training podium model using glm
INFO [2025-06-06 11:11:28] Training win model using glm
INFO [2025-06-06 11:11:28] Training top5 model using glm
INFO [2025-06-06 11:11:28] Training top10 model using glm
INFO [2025-06-06 11:11:28] Top features for Leg 3 podium prediction:
INFO [2025-06-06 11:11:28] Training models for Leg 4
INFO [2025-06-06 11:11:28] Using predictors: Distance_F_Pelo_Pct, Freestyle_Pelo_Pct, Distance_Pelo_Pct, Sprint_Pelo_Pct, Pelo_Pct, Weighted_Last_5
INFO [2025-06-06 11:11:28] Training podium model using glm
INFO [2025-06-06 11:11:28] Training win model using glm
INFO [2025-06-06 11:11:28] Training top5 model using glm
INFO [2025-06-06 11:11:28] Training top10 model using glm
INFO [2025-06-06 11:11:28] Top features for Leg 4 podium prediction:
INFO [2025-06-06 11:11:28] Processing men's relay predictions
INFO [2025-06-06 11:11:28] Loaded men relay teams startlist with 24 rows
INFO [2025-06-06 11:11:28] Loaded men relay individuals startlist with 96 rows
INFO [2025-06-06 11:11:28] Preparing current men skier data
INFO [2025-06-06 11:11:28] Found 9 Elo columns for current skiers
INFO [2025-06-06 11:11:29] Replaced NAs in Distance_Elo with first quartile: 1207.23243912712
INFO [2025-06-06 11:11:29] Replaced NAs in Distance_C_Elo with first quartile: 1233.40200699225
INFO [2025-06-06 11:11:29] Replaced NAs in Distance_F_Elo with first quartile: 1236.48554062178
INFO [2025-06-06 11:11:29] Replaced NAs in Sprint_Elo with first quartile: 1223.60107000698
INFO [2025-06-06 11:11:29] Replaced NAs in Sprint_C_Elo with first quartile: 1241.28715500947
INFO [2025-06-06 11:11:29] Replaced NAs in Sprint_F_Elo with first quartile: 1234.45151108772
INFO [2025-06-06 11:11:29] Replaced NAs in Classic_Elo with first quartile: 1241.52867310024
INFO [2025-06-06 11:11:29] Replaced NAs in Freestyle_Elo with first quartile: 1228.48649348109
INFO [2025-06-06 11:11:29] Replaced NAs in Distance_Pelo with first quartile: 1211.63035979047
INFO [2025-06-06 11:11:29] Replaced NAs in Distance_C_Pelo with first quartile: 1234.81091928129
INFO [2025-06-06 11:11:29] Replaced NAs in Distance_F_Pelo with first quartile: 1239.65331180248
INFO [2025-06-06 11:11:29] Replaced NAs in Sprint_Pelo with first quartile: 1240.94751821383
INFO [2025-06-06 11:11:29] Replaced NAs in Sprint_C_Pelo with first quartile: 1241.28715500947
INFO [2025-06-06 11:11:29] Replaced NAs in Sprint_F_Pelo with first quartile: 1252.45166310493
INFO [2025-06-06 11:11:29] Replaced NAs in Classic_Pelo with first quartile: 1243.63746068082
INFO [2025-06-06 11:11:29] Replaced NAs in Freestyle_Pelo with first quartile: 1249.30280713791
INFO [2025-06-06 11:11:29] Replaced NAs in Classic_Last_5 with first quartile: 0
INFO [2025-06-06 11:11:29] Replaced NAs in Freestyle_Last_5 with first quartile: 0
INFO [2025-06-06 11:11:29] Created Pelo_Pct from Elo with max value: 1946.6211651574
INFO [2025-06-06 11:11:29] Created Distance_Pelo_Pct from Distance_Elo with max value: 1869.1251911742
INFO [2025-06-06 11:11:29] Created Distance_C_Pelo_Pct from Distance_C_Elo with max value: 1777.16297253153
INFO [2025-06-06 11:11:29] Created Distance_F_Pelo_Pct from Distance_F_Elo with max value: 1695.2053212904
INFO [2025-06-06 11:11:29] Created Sprint_Pelo_Pct from Sprint_Elo with max value: 1886.80363942481
INFO [2025-06-06 11:11:29] Created Sprint_C_Pelo_Pct from Sprint_C_Elo with max value: 1711.08486899169
INFO [2025-06-06 11:11:29] Created Sprint_F_Pelo_Pct from Sprint_F_Elo with max value: 1792.65157560707
INFO [2025-06-06 11:11:29] Created Classic_Pelo_Pct from Classic_Elo with max value: 1807.56773496777
INFO [2025-06-06 11:11:29] Created Freestyle_Pelo_Pct from Freestyle_Elo with max value: 1814.60460629541
INFO [2025-06-06 11:11:29] Prepared data for 381 men skiers with 33 features
INFO [2025-06-06 11:11:29] Using FIS startlist for men's leg predictions
INFO [2025-06-06 11:11:29] Using FIS startlist for men
INFO [2025-06-06 11:11:29] Attempting Option 1: Team model coefficients
INFO [2025-06-06 11:11:29] Option 1 failed: No team_podium model found
INFO [2025-06-06 11:11:29] Option 1 failed: No team model
INFO [2025-06-06 11:11:29] Attempting Option 2: Individual model accuracy
INFO [2025-06-06 11:11:29] Leg 1 accuracy: 0.86180790960452
INFO [2025-06-06 11:11:29] Leg 2 accuracy: 0.834519774011299
INFO [2025-06-06 11:11:29] Leg 3 accuracy: 0.867142022209234
INFO [2025-06-06 11:11:29] Leg 4 accuracy: 0.888293395675044
INFO [2025-06-06 11:11:29] Option 2 succeeded: Using model accuracy weights
INFO [2025-06-06 11:11:29] Leg importance weights: Leg 1: 0.25, Leg 2: 0.24, Leg 3: 0.25, Leg 4: 0.26
INFO [2025-06-06 11:11:29] Processing ladies's relay predictions
INFO [2025-06-06 11:11:29] Loaded ladies relay teams startlist with 20 rows
INFO [2025-06-06 11:11:29] Loaded ladies relay individuals startlist with 80 rows
INFO [2025-06-06 11:11:29] Preparing current ladies skier data
INFO [2025-06-06 11:11:29] Found 9 Elo columns for current skiers
INFO [2025-06-06 11:11:29] Replaced NAs in Distance_Elo with first quartile: 1237.38564383256
INFO [2025-06-06 11:11:29] Replaced NAs in Distance_C_Elo with first quartile: 1243.87329106944
INFO [2025-06-06 11:11:29] Replaced NAs in Distance_F_Elo with first quartile: 1256.69628195708
INFO [2025-06-06 11:11:29] Replaced NAs in Sprint_Elo with first quartile: 1246.32574824425
INFO [2025-06-06 11:11:29] Replaced NAs in Sprint_C_Elo with first quartile: 1257.67866787334
INFO [2025-06-06 11:11:29] Replaced NAs in Sprint_F_Elo with first quartile: 1244.84742904868
INFO [2025-06-06 11:11:29] Replaced NAs in Classic_Elo with first quartile: 1252.44868703669
INFO [2025-06-06 11:11:29] Replaced NAs in Freestyle_Elo with first quartile: 1244.44508230281
INFO [2025-06-06 11:11:29] Replaced NAs in Distance_Pelo with first quartile: 1241.11854419952
INFO [2025-06-06 11:11:29] Replaced NAs in Distance_C_Pelo with first quartile: 1245.57367555166
INFO [2025-06-06 11:11:29] Replaced NAs in Distance_F_Pelo with first quartile: 1259.54282973153
INFO [2025-06-06 11:11:29] Replaced NAs in Sprint_Pelo with first quartile: 1254.59410960767
INFO [2025-06-06 11:11:29] Replaced NAs in Sprint_C_Pelo with first quartile: 1257.58302026178
INFO [2025-06-06 11:11:29] Replaced NAs in Sprint_F_Pelo with first quartile: 1257.67755691493
INFO [2025-06-06 11:11:29] Replaced NAs in Classic_Pelo with first quartile: 1256.79275004544
INFO [2025-06-06 11:11:29] Replaced NAs in Freestyle_Pelo with first quartile: 1256.79999900008
INFO [2025-06-06 11:11:29] Replaced NAs in Classic_Last_5 with first quartile: 3.5
INFO [2025-06-06 11:11:29] Replaced NAs in Freestyle_Last_5 with first quartile: 2.4
INFO [2025-06-06 11:11:29] Created Pelo_Pct from Elo with max value: 1840.99747242401
INFO [2025-06-06 11:11:29] Created Distance_Pelo_Pct from Distance_Elo with max value: 1889.46974050597
INFO [2025-06-06 11:11:29] Created Distance_C_Pelo_Pct from Distance_C_Elo with max value: 1763.33572074398
INFO [2025-06-06 11:11:29] Created Distance_F_Pelo_Pct from Distance_F_Elo with max value: 1693.85026290322
INFO [2025-06-06 11:11:29] Created Sprint_Pelo_Pct from Sprint_Elo with max value: 1742.75320156525
INFO [2025-06-06 11:11:29] Created Sprint_C_Pelo_Pct from Sprint_C_Elo with max value: 1601.58469902127
INFO [2025-06-06 11:11:29] Created Sprint_F_Pelo_Pct from Sprint_F_Elo with max value: 1681.09824552997
INFO [2025-06-06 11:11:29] Created Classic_Pelo_Pct from Classic_Elo with max value: 1698.68768563646
INFO [2025-06-06 11:11:29] Created Freestyle_Pelo_Pct from Freestyle_Elo with max value: 1707.58410982918
INFO [2025-06-06 11:11:29] Prepared data for 255 ladies skiers with 33 features
INFO [2025-06-06 11:11:29] Using FIS startlist for ladies's leg predictions
INFO [2025-06-06 11:11:29] Using FIS startlist for ladies
INFO [2025-06-06 11:11:29] Attempting Option 1: Team model coefficients
INFO [2025-06-06 11:11:29] Option 1 failed: No team_podium model found
INFO [2025-06-06 11:11:29] Option 1 failed: No team model
INFO [2025-06-06 11:11:29] Attempting Option 2: Individual model accuracy
INFO [2025-06-06 11:11:29] Leg 1 accuracy: 0.819230769230769
INFO [2025-06-06 11:11:29] Leg 2 accuracy: 0.833333333333333
INFO [2025-06-06 11:11:29] Leg 3 accuracy: 0.852564102564103
INFO [2025-06-06 11:11:29] Leg 4 accuracy: 0.78030303030303
INFO [2025-06-06 11:11:29] Option 2 succeeded: Using model accuracy weights
INFO [2025-06-06 11:11:29] Leg importance weights: Leg 1: 0.25, Leg 2: 0.25, Leg 3: 0.26, Leg 4: 0.24
INFO [2025-06-06 11:11:29] Resetting men's probabilities at or below the mode to zero
INFO [2025-06-06 11:11:29] No values appear more than twice for Win_Prob
INFO [2025-06-06 11:11:29] No values appear more than twice for Podium_Prob
INFO [2025-06-06 11:11:29] No values appear more than twice for Top5_Prob
INFO [2025-06-06 11:11:29] No values appear more than twice for Top10_Prob
INFO [2025-06-06 11:11:29] Resetting ladies' probabilities at or below the mode to zero
INFO [2025-06-06 11:11:29] Reset 3 values to 0 for Win_Prob (repeated values or values <  0 )
INFO [2025-06-06 11:11:29] Repeated values: 0
INFO [2025-06-06 11:11:29] No values appear more than twice for Podium_Prob
INFO [2025-06-06 11:11:29] No values appear more than twice for Top5_Prob
INFO [2025-06-06 11:11:29] No values appear more than twice for Top10_Prob
INFO [2025-06-06 11:11:29] Normalizing men's team probabilities
INFO [2025-06-06 11:11:29] Normalized Win_Prob from sum of 0.71 to 1
INFO [2025-06-06 11:11:29] Normalized Podium_Prob from sum of 2.34 to 3
INFO [2025-06-06 11:11:29] Normalized Top5_Prob from sum of 4.2 to 5
INFO [2025-06-06 11:11:29] Normalized Top10_Prob from sum of 10.33 to 10
INFO [2025-06-06 11:11:29] Capped 1 values at 1 for Podium_Prob
INFO [2025-06-06 11:11:29] Capped 1 values at 1 for Top5_Prob
INFO [2025-06-06 11:11:29] Normalizing ladies' team probabilities
INFO [2025-06-06 11:11:29] Normalized Win_Prob from sum of 1.12 to 1
INFO [2025-06-06 11:11:29] Normalized Podium_Prob from sum of 3.26 to 3
INFO [2025-06-06 11:11:29] Normalized Top5_Prob from sum of 4.5 to 5
INFO [2025-06-06 11:11:29] Normalized Top10_Prob from sum of 9.38 to 10
INFO [2025-06-06 11:11:29] Capped 2 values at 1 for Top5_Prob
INFO [2025-06-06 11:11:29] Capped 5 values at 1 for Top10_Prob
INFO [2025-06-06 11:11:29] Final capping of probabilities to maximum of 1
INFO [2025-06-06 11:11:29] Capped 1 values at 1 for Podium_Prob
INFO [2025-06-06 11:11:29] Capped 1 values at 1 for Top5_Prob
INFO [2025-06-06 11:11:29] Capped 2 values at 1 for Top5_Prob
INFO [2025-06-06 11:11:29] Capped 5 values at 1 for Top10_Prob
INFO [2025-06-06 11:11:29] Optimizing fantasy relay team
INFO [2025-06-06 11:11:29] Fantasy team optimization complete. Selected 12 teams.
INFO [2025-06-06 11:11:29] Total price: 99826 of max 1e+05
INFO [2025-06-06 11:11:29] Expected total points: 814.9
INFO [2025-06-06 11:11:29] Men's teams: 6 ( 6 )
INFO [2025-06-06 11:11:29] Ladies' teams: 6 ( 6 )
INFO [2025-06-06 11:11:29] Saved points predictions to ~/blog/daehl-e/content/post/cross-country/drafts/weekly-picks/20250606/men_relay_points.xlsx
INFO [2025-06-06 11:11:29] Saved probability predictions to ~/blog/daehl-e/content/post/cross-country/drafts/weekly-picks/20250606/men_relay_probabilities.xlsx
INFO [2025-06-06 11:11:29] Saved points predictions to ~/blog/daehl-e/content/post/cross-country/drafts/weekly-picks/20250606/ladies_relay_points.xlsx
INFO [2025-06-06 11:11:29] Saved probability predictions to ~/blog/daehl-e/content/post/cross-country/drafts/weekly-picks/20250606/ladies_relay_probabilities.xlsx
INFO [2025-06-06 11:11:29] Saved fantasy team results to ~/blog/daehl-e/content/post/cross-country/drafts/weekly-picks/20250606/fantasy_relay_team.xlsx
INFO [2025-06-06 11:11:29] Relay predictions completed successfully
INFO [2025-06-06 11:44:32] Starting relay predictions process
INFO [2025-06-06 11:44:32] Loading weekend race data
INFO [2025-06-06 11:44:32] Tomorrow's date: 2025-06-06
INFO [2025-06-06 11:44:32] Found 1 men's relay races and 1 ladies' relay races
INFO [2025-06-06 11:44:32] Loading chrono data
INFO [2025-06-06 11:48:37] Starting relay predictions process
INFO [2025-06-06 11:48:37] Loading weekend race data
INFO [2025-06-06 11:48:37] Tomorrow's date: 2025-06-06
INFO [2025-06-06 11:48:37] Found 1 men's relay races and 1 ladies' relay races
INFO [2025-06-06 11:48:37] Loading chrono data
INFO [2025-06-06 11:48:40] Loaded men's chrono with 105122 rows and 36 columns
INFO [2025-06-06 11:48:40] Loaded ladies' chrono with 78706 rows and 36 columns
INFO [2025-06-06 11:48:40] Created men's relay df with 9688 rows
INFO [2025-06-06 11:48:40] Created men's individual df with 92143 rows
INFO [2025-06-06 11:48:40] Created ladies' relay df with 8019 rows
INFO [2025-06-06 11:48:40] Created ladies' individual df with 68253 rows
INFO [2025-06-06 11:48:43] Training models for Leg 1
INFO [2025-06-06 11:48:43] Using predictors: Distance_C_Pelo_Pct, Classic_Pelo_Pct, Distance_Pelo_Pct, Pelo_Pct, Weighted_Last_5
INFO [2025-06-06 11:48:43] Training podium model using glm
INFO [2025-06-06 11:48:43] Training win model using glm
INFO [2025-06-06 11:48:43] Training top5 model using glm
INFO [2025-06-06 11:48:43] Training top10 model using glm
INFO [2025-06-06 11:48:43] Top features for Leg 1 podium prediction:
INFO [2025-06-06 11:48:43] Training models for Leg 2
INFO [2025-06-06 11:48:43] Using predictors: Distance_C_Pelo_Pct, Classic_Pelo_Pct, Distance_Pelo_Pct, Pelo_Pct, Weighted_Last_5
INFO [2025-06-06 11:48:43] Training podium model using glm
INFO [2025-06-06 11:48:43] Training win model using glm
INFO [2025-06-06 11:48:43] Training top5 model using glm
INFO [2025-06-06 11:48:43] Training top10 model using glm
INFO [2025-06-06 11:48:43] Top features for Leg 2 podium prediction:
INFO [2025-06-06 11:48:43] Training models for Leg 3
INFO [2025-06-06 11:48:43] Using predictors: Distance_F_Pelo_Pct, Freestyle_Pelo_Pct, Distance_Pelo_Pct, Pelo_Pct, Weighted_Last_5
INFO [2025-06-06 11:48:43] Training podium model using glm
INFO [2025-06-06 11:48:43] Training win model using glm
INFO [2025-06-06 11:48:43] Training top5 model using glm
INFO [2025-06-06 11:48:43] Training top10 model using glm
INFO [2025-06-06 11:48:44] Top features for Leg 3 podium prediction:
INFO [2025-06-06 11:48:44] Training models for Leg 4
INFO [2025-06-06 11:48:44] Using predictors: Distance_F_Pelo_Pct, Freestyle_Pelo_Pct, Distance_Pelo_Pct, Sprint_Pelo_Pct, Pelo_Pct, Weighted_Last_5
INFO [2025-06-06 11:48:44] Training podium model using glm
INFO [2025-06-06 11:48:44] Training win model using glm
INFO [2025-06-06 11:48:44] Training top5 model using glm
INFO [2025-06-06 11:48:44] Training top10 model using glm
INFO [2025-06-06 11:48:44] Top features for Leg 4 podium prediction:
INFO [2025-06-06 11:48:44] Training models for Leg 1
INFO [2025-06-06 11:48:44] Using predictors: Distance_C_Pelo_Pct, Classic_Pelo_Pct, Distance_Pelo_Pct, Pelo_Pct, Weighted_Last_5
INFO [2025-06-06 11:48:44] Training podium model using glm
INFO [2025-06-06 11:48:44] Training win model using glm
INFO [2025-06-06 11:48:44] Training top5 model using glm
INFO [2025-06-06 11:48:44] Training top10 model using glm
INFO [2025-06-06 11:48:44] Top features for Leg 1 podium prediction:
INFO [2025-06-06 11:48:44] Training models for Leg 2
INFO [2025-06-06 11:48:44] Using predictors: Distance_C_Pelo_Pct, Classic_Pelo_Pct, Distance_Pelo_Pct, Pelo_Pct, Weighted_Last_5
INFO [2025-06-06 11:48:44] Training podium model using glm
INFO [2025-06-06 11:48:44] Training win model using glm
INFO [2025-06-06 11:48:44] Training top5 model using glm
INFO [2025-06-06 11:48:44] Training top10 model using glm
INFO [2025-06-06 11:48:44] Top features for Leg 2 podium prediction:
INFO [2025-06-06 11:48:44] Training models for Leg 3
INFO [2025-06-06 11:48:44] Using predictors: Distance_F_Pelo_Pct, Freestyle_Pelo_Pct, Distance_Pelo_Pct, Pelo_Pct, Weighted_Last_5
INFO [2025-06-06 11:48:44] Training podium model using glm
INFO [2025-06-06 11:48:44] Training win model using glm
INFO [2025-06-06 11:48:44] Training top5 model using glm
INFO [2025-06-06 11:48:44] Training top10 model using glm
INFO [2025-06-06 11:48:44] Top features for Leg 3 podium prediction:
INFO [2025-06-06 11:48:44] Training models for Leg 4
INFO [2025-06-06 11:48:44] Using predictors: Distance_F_Pelo_Pct, Freestyle_Pelo_Pct, Distance_Pelo_Pct, Sprint_Pelo_Pct, Pelo_Pct, Weighted_Last_5
INFO [2025-06-06 11:48:44] Training podium model using glm
INFO [2025-06-06 11:48:44] Training win model using glm
INFO [2025-06-06 11:48:44] Training top5 model using glm
INFO [2025-06-06 11:48:44] Training top10 model using glm
INFO [2025-06-06 11:48:44] Top features for Leg 4 podium prediction:
INFO [2025-06-06 11:48:44] Processing men's relay predictions
INFO [2025-06-06 11:48:44] Loaded men relay teams startlist with 24 rows
INFO [2025-06-06 11:48:44] Loaded men relay individuals startlist with 96 rows
INFO [2025-06-06 11:48:44] Preparing current men skier data
INFO [2025-06-06 11:48:45] Found 9 Elo columns for current skiers
INFO [2025-06-06 11:48:45] Replaced NAs in Distance_Elo with first quartile: 1207.23243912712
INFO [2025-06-06 11:48:45] Replaced NAs in Distance_C_Elo with first quartile: 1233.40200699225
INFO [2025-06-06 11:48:45] Replaced NAs in Distance_F_Elo with first quartile: 1236.48554062178
INFO [2025-06-06 11:48:45] Replaced NAs in Sprint_Elo with first quartile: 1223.60107000698
INFO [2025-06-06 11:48:45] Replaced NAs in Sprint_C_Elo with first quartile: 1241.28715500947
INFO [2025-06-06 11:48:45] Replaced NAs in Sprint_F_Elo with first quartile: 1234.45151108772
INFO [2025-06-06 11:48:45] Replaced NAs in Classic_Elo with first quartile: 1241.52867310024
INFO [2025-06-06 11:48:45] Replaced NAs in Freestyle_Elo with first quartile: 1228.48649348109
INFO [2025-06-06 11:48:45] Replaced NAs in Distance_Pelo with first quartile: 1211.63035979047
INFO [2025-06-06 11:48:45] Replaced NAs in Distance_C_Pelo with first quartile: 1234.81091928129
INFO [2025-06-06 11:48:45] Replaced NAs in Distance_F_Pelo with first quartile: 1239.65331180248
INFO [2025-06-06 11:48:45] Replaced NAs in Sprint_Pelo with first quartile: 1240.94751821383
INFO [2025-06-06 11:48:45] Replaced NAs in Sprint_C_Pelo with first quartile: 1241.28715500947
INFO [2025-06-06 11:48:45] Replaced NAs in Sprint_F_Pelo with first quartile: 1252.45166310493
INFO [2025-06-06 11:48:45] Replaced NAs in Classic_Pelo with first quartile: 1243.63746068082
INFO [2025-06-06 11:48:45] Replaced NAs in Freestyle_Pelo with first quartile: 1249.30280713791
INFO [2025-06-06 11:48:45] Replaced NAs in Classic_Last_5 with first quartile: 0
INFO [2025-06-06 11:48:45] Replaced NAs in Freestyle_Last_5 with first quartile: 0
INFO [2025-06-06 11:48:45] Created Pelo_Pct from Elo with max value: 1946.6211651574
INFO [2025-06-06 11:48:45] Created Distance_Pelo_Pct from Distance_Elo with max value: 1869.1251911742
INFO [2025-06-06 11:48:45] Created Distance_C_Pelo_Pct from Distance_C_Elo with max value: 1777.16297253153
INFO [2025-06-06 11:48:45] Created Distance_F_Pelo_Pct from Distance_F_Elo with max value: 1695.2053212904
INFO [2025-06-06 11:48:45] Created Sprint_Pelo_Pct from Sprint_Elo with max value: 1886.80363942481
INFO [2025-06-06 11:48:45] Created Sprint_C_Pelo_Pct from Sprint_C_Elo with max value: 1711.08486899169
INFO [2025-06-06 11:48:45] Created Sprint_F_Pelo_Pct from Sprint_F_Elo with max value: 1792.65157560707
INFO [2025-06-06 11:48:45] Created Classic_Pelo_Pct from Classic_Elo with max value: 1807.56773496777
INFO [2025-06-06 11:48:45] Created Freestyle_Pelo_Pct from Freestyle_Elo with max value: 1814.60460629541
INFO [2025-06-06 11:48:45] Prepared data for 381 men skiers with 33 features
INFO [2025-06-06 11:48:45] Using FIS startlist for men's leg predictions
INFO [2025-06-06 11:48:45] Using FIS startlist for men
INFO [2025-06-06 11:48:45] Attempting Option 1: Team model coefficients
INFO [2025-06-06 11:48:45] Option 1 failed: No team_podium model found
INFO [2025-06-06 11:48:45] Option 1 failed: No team model
INFO [2025-06-06 11:48:45] Attempting Option 2: Individual model accuracy
INFO [2025-06-06 11:48:45] Leg 1 accuracy: 0.851525423728814
INFO [2025-06-06 11:48:45] Leg 2 accuracy: 0.841468926553672
INFO [2025-06-06 11:48:45] Leg 3 accuracy: 0.864155464640561
INFO [2025-06-06 11:48:45] Leg 4 accuracy: 0.884490551334502
INFO [2025-06-06 11:48:45] Option 2 succeeded: Using model accuracy weights
INFO [2025-06-06 11:48:45] Leg importance weights: Leg 1: 0.25, Leg 2: 0.24, Leg 3: 0.25, Leg 4: 0.26
INFO [2025-06-06 11:48:45] Processing ladies's relay predictions
INFO [2025-06-06 11:48:45] Loaded ladies relay teams startlist with 20 rows
INFO [2025-06-06 11:48:45] Loaded ladies relay individuals startlist with 80 rows
INFO [2025-06-06 11:48:45] Preparing current ladies skier data
INFO [2025-06-06 11:48:45] Found 9 Elo columns for current skiers
INFO [2025-06-06 11:48:45] Replaced NAs in Distance_Elo with first quartile: 1237.38564383256
INFO [2025-06-06 11:48:45] Replaced NAs in Distance_C_Elo with first quartile: 1243.87329106944
INFO [2025-06-06 11:48:45] Replaced NAs in Distance_F_Elo with first quartile: 1256.69628195708
INFO [2025-06-06 11:48:45] Replaced NAs in Sprint_Elo with first quartile: 1246.32574824425
INFO [2025-06-06 11:48:45] Replaced NAs in Sprint_C_Elo with first quartile: 1257.67866787334
INFO [2025-06-06 11:48:45] Replaced NAs in Sprint_F_Elo with first quartile: 1244.84742904868
INFO [2025-06-06 11:48:45] Replaced NAs in Classic_Elo with first quartile: 1252.44868703669
INFO [2025-06-06 11:48:45] Replaced NAs in Freestyle_Elo with first quartile: 1244.44508230281
INFO [2025-06-06 11:48:45] Replaced NAs in Distance_Pelo with first quartile: 1241.11854419952
INFO [2025-06-06 11:48:45] Replaced NAs in Distance_C_Pelo with first quartile: 1245.57367555166
INFO [2025-06-06 11:48:45] Replaced NAs in Distance_F_Pelo with first quartile: 1259.54282973153
INFO [2025-06-06 11:48:45] Replaced NAs in Sprint_Pelo with first quartile: 1254.59410960767
INFO [2025-06-06 11:48:45] Replaced NAs in Sprint_C_Pelo with first quartile: 1257.58302026178
INFO [2025-06-06 11:48:45] Replaced NAs in Sprint_F_Pelo with first quartile: 1257.67755691493
INFO [2025-06-06 11:48:45] Replaced NAs in Classic_Pelo with first quartile: 1256.79275004544
INFO [2025-06-06 11:48:45] Replaced NAs in Freestyle_Pelo with first quartile: 1256.79999900008
INFO [2025-06-06 11:48:45] Replaced NAs in Classic_Last_5 with first quartile: 3.5
INFO [2025-06-06 11:48:45] Replaced NAs in Freestyle_Last_5 with first quartile: 2.4
INFO [2025-06-06 11:48:45] Created Pelo_Pct from Elo with max value: 1840.99747242401
INFO [2025-06-06 11:48:45] Created Distance_Pelo_Pct from Distance_Elo with max value: 1889.46974050597
INFO [2025-06-06 11:48:45] Created Distance_C_Pelo_Pct from Distance_C_Elo with max value: 1763.33572074398
INFO [2025-06-06 11:48:45] Created Distance_F_Pelo_Pct from Distance_F_Elo with max value: 1693.85026290322
INFO [2025-06-06 11:48:45] Created Sprint_Pelo_Pct from Sprint_Elo with max value: 1742.75320156525
INFO [2025-06-06 11:48:45] Created Sprint_C_Pelo_Pct from Sprint_C_Elo with max value: 1601.58469902127
INFO [2025-06-06 11:48:45] Created Sprint_F_Pelo_Pct from Sprint_F_Elo with max value: 1681.09824552997
INFO [2025-06-06 11:48:45] Created Classic_Pelo_Pct from Classic_Elo with max value: 1698.68768563646
INFO [2025-06-06 11:48:45] Created Freestyle_Pelo_Pct from Freestyle_Elo with max value: 1707.58410982918
INFO [2025-06-06 11:48:45] Prepared data for 255 ladies skiers with 33 features
INFO [2025-06-06 11:48:45] Using FIS startlist for ladies's leg predictions
INFO [2025-06-06 11:48:45] Using FIS startlist for ladies
INFO [2025-06-06 11:48:45] Attempting Option 1: Team model coefficients
INFO [2025-06-06 11:48:45] Option 1 failed: No team_podium model found
INFO [2025-06-06 11:48:45] Option 1 failed: No team model
INFO [2025-06-06 11:48:45] Attempting Option 2: Individual model accuracy
INFO [2025-06-06 11:48:45] Leg 1 accuracy: 0.771794871794872
INFO [2025-06-06 11:48:45] Leg 2 accuracy: 0.833333333333333
INFO [2025-06-06 11:48:45] Leg 3 accuracy: 0.803846153846154
INFO [2025-06-06 11:48:45] Leg 4 accuracy: 0.810606060606061
INFO [2025-06-06 11:48:45] Option 2 succeeded: Using model accuracy weights
INFO [2025-06-06 11:48:45] Leg importance weights: Leg 1: 0.24, Leg 2: 0.26, Leg 3: 0.25, Leg 4: 0.25
INFO [2025-06-06 11:48:45] Resetting men's probabilities at or below the mode to zero
INFO [2025-06-06 11:48:45] No values appear more than twice for Win_Prob
INFO [2025-06-06 11:48:45] No values appear more than twice for Podium_Prob
INFO [2025-06-06 11:48:45] No values appear more than twice for Top5_Prob
INFO [2025-06-06 11:48:45] No values appear more than twice for Top10_Prob
INFO [2025-06-06 11:48:45] Resetting ladies' probabilities at or below the mode to zero
INFO [2025-06-06 11:48:45] Reset 3 values to 0 for Win_Prob (repeated values or values <  0 )
INFO [2025-06-06 11:48:45] Repeated values: 0
INFO [2025-06-06 11:48:45] No values appear more than twice for Podium_Prob
INFO [2025-06-06 11:48:45] No values appear more than twice for Top5_Prob
INFO [2025-06-06 11:48:45] No values appear more than twice for Top10_Prob
INFO [2025-06-06 11:48:45] Normalizing men's team probabilities
INFO [2025-06-06 11:48:45] Normalized Win_Prob from sum of 0.72 to 1
INFO [2025-06-06 11:48:45] Normalized Podium_Prob from sum of 2.34 to 3
INFO [2025-06-06 11:48:45] Normalized Top5_Prob from sum of 4.2 to 5
INFO [2025-06-06 11:48:45] Normalized Top10_Prob from sum of 10.33 to 10
INFO [2025-06-06 11:48:45] Capped 1 values at 1 for Podium_Prob
INFO [2025-06-06 11:48:45] Capped 1 values at 1 for Top5_Prob
INFO [2025-06-06 11:48:45] Normalizing ladies' team probabilities
INFO [2025-06-06 11:48:45] Normalized Win_Prob from sum of 1.12 to 1
INFO [2025-06-06 11:48:45] Normalized Podium_Prob from sum of 3.26 to 3
INFO [2025-06-06 11:48:45] Normalized Top5_Prob from sum of 4.5 to 5
INFO [2025-06-06 11:48:45] Normalized Top10_Prob from sum of 9.35 to 10
INFO [2025-06-06 11:48:45] Capped 2 values at 1 for Top5_Prob
INFO [2025-06-06 11:48:45] Capped 5 values at 1 for Top10_Prob
INFO [2025-06-06 11:48:45] Final capping of probabilities to maximum of 1
INFO [2025-06-06 11:48:45] Capped 1 values at 1 for Podium_Prob
INFO [2025-06-06 11:48:45] Capped 1 values at 1 for Top5_Prob
INFO [2025-06-06 11:48:45] Capped 2 values at 1 for Top5_Prob
INFO [2025-06-06 11:48:45] Capped 5 values at 1 for Top10_Prob
INFO [2025-06-06 11:48:45] Optimizing fantasy relay team
INFO [2025-06-06 11:48:45] Fantasy team optimization complete. Selected 12 teams.
INFO [2025-06-06 11:48:45] Total price: 99826 of max 1e+05
INFO [2025-06-06 11:48:45] Expected total points: 813.9
INFO [2025-06-06 11:48:45] Men's teams: 6 ( 6 )
INFO [2025-06-06 11:48:45] Ladies' teams: 6 ( 6 )
INFO [2025-06-06 11:48:45] Saved points predictions to ~/blog/daehl-e/content/post/cross-country/drafts/weekly-picks/20250606/men_relay.xlsx
INFO [2025-06-06 11:48:45] Saved probability predictions to ~/blog/daehl-e/content/post/cross-country/drafts/weekly-picks/20250606/men_relay_position_probabilities.xlsx
INFO [2025-06-06 11:48:45] Saved points predictions to ~/blog/daehl-e/content/post/cross-country/drafts/weekly-picks/20250606/ladies_relay.xlsx
INFO [2025-06-06 11:48:45] Saved probability predictions to ~/blog/daehl-e/content/post/cross-country/drafts/weekly-picks/20250606/ladies_relay_position_probabilities.xlsx
INFO [2025-06-06 11:48:45] Saved fantasy team results to ~/blog/daehl-e/content/post/cross-country/drafts/weekly-picks/20250606/fantasy_relay_team.xlsx
INFO [2025-06-06 11:48:45] Relay predictions completed successfully
