INFO [2025-06-08 00:17:51] Starting relay predictions process
INFO [2025-06-08 00:17:51] Loading weekend race data
INFO [2025-06-08 00:17:51] Tomorrow's date: 2025-06-08
INFO [2025-06-08 00:17:51] Found 1 men's relay races and 1 ladies' relay races
INFO [2025-06-08 00:17:51] Loading chrono data
INFO [2025-06-08 00:17:53] Loaded men's chrono with 105122 rows and 36 columns
INFO [2025-06-08 00:17:53] Loaded ladies' chrono with 78706 rows and 36 columns
INFO [2025-06-08 00:17:53] Created men's relay df with 9688 rows
INFO [2025-06-08 00:17:53] Created men's individual df with 92143 rows
INFO [2025-06-08 00:17:53] Created ladies' relay df with 8019 rows
INFO [2025-06-08 00:17:53] Created ladies' individual df with 68253 rows
INFO [2025-06-08 00:17:56] Training models for Leg 1
INFO [2025-06-08 00:17:56] Using predictors: Distance_C_Pelo_Pct, Classic_Pelo_Pct, Distance_Pelo_Pct, Pelo_Pct, Weighted_Last_5
INFO [2025-06-08 00:17:56] Training podium model using glm
INFO [2025-06-08 00:17:56] Training win model using glm
INFO [2025-06-08 00:17:56] Training top5 model using glm
INFO [2025-06-08 00:17:57] Training top10 model using glm
INFO [2025-06-08 00:17:57] Top features for Leg 1 podium prediction:
INFO [2025-06-08 00:17:57] Training models for Leg 2
INFO [2025-06-08 00:17:57] Using predictors: Distance_C_Pelo_Pct, Classic_Pelo_Pct, Distance_Pelo_Pct, Pelo_Pct, Weighted_Last_5
INFO [2025-06-08 00:17:57] Training podium model using glm
INFO [2025-06-08 00:17:57] Training win model using glm
INFO [2025-06-08 00:17:57] Training top5 model using glm
INFO [2025-06-08 00:17:57] Training top10 model using glm
INFO [2025-06-08 00:17:57] Top features for Leg 2 podium prediction:
INFO [2025-06-08 00:17:57] Training models for Leg 3
INFO [2025-06-08 00:17:57] Using predictors: Distance_F_Pelo_Pct, Freestyle_Pelo_Pct, Distance_Pelo_Pct, Pelo_Pct, Weighted_Last_5
INFO [2025-06-08 00:17:57] Training podium model using glm
INFO [2025-06-08 00:17:57] Training win model using glm
INFO [2025-06-08 00:17:57] Training top5 model using glm
INFO [2025-06-08 00:17:57] Training top10 model using glm
INFO [2025-06-08 00:17:57] Top features for Leg 3 podium prediction:
INFO [2025-06-08 00:17:57] Training models for Leg 4
INFO [2025-06-08 00:17:57] Using predictors: Distance_F_Pelo_Pct, Freestyle_Pelo_Pct, Distance_Pelo_Pct, Sprint_Pelo_Pct, Pelo_Pct, Weighted_Last_5
INFO [2025-06-08 00:17:57] Training podium model using glm
INFO [2025-06-08 00:17:57] Training win model using glm
INFO [2025-06-08 00:17:57] Training top5 model using glm
INFO [2025-06-08 00:17:57] Training top10 model using glm
INFO [2025-06-08 00:17:57] Top features for Leg 4 podium prediction:
INFO [2025-06-08 00:17:57] Training models for Leg 1
INFO [2025-06-08 00:17:57] Using predictors: Distance_C_Pelo_Pct, Classic_Pelo_Pct, Distance_Pelo_Pct, Pelo_Pct, Weighted_Last_5
INFO [2025-06-08 00:17:57] Training podium model using glm
INFO [2025-06-08 00:17:57] Training win model using glm
INFO [2025-06-08 00:17:57] Training top5 model using glm
INFO [2025-06-08 00:17:57] Training top10 model using glm
INFO [2025-06-08 00:17:57] Top features for Leg 1 podium prediction:
INFO [2025-06-08 00:17:57] Training models for Leg 2
INFO [2025-06-08 00:17:57] Using predictors: Distance_C_Pelo_Pct, Classic_Pelo_Pct, Distance_Pelo_Pct, Pelo_Pct, Weighted_Last_5
INFO [2025-06-08 00:17:57] Training podium model using glm
INFO [2025-06-08 00:17:57] Training win model using glm
INFO [2025-06-08 00:17:57] Training top5 model using glm
INFO [2025-06-08 00:17:57] Training top10 model using glm
INFO [2025-06-08 00:17:58] Top features for Leg 2 podium prediction:
INFO [2025-06-08 00:17:58] Training models for Leg 3
INFO [2025-06-08 00:17:58] Using predictors: Distance_F_Pelo_Pct, Freestyle_Pelo_Pct, Distance_Pelo_Pct, Pelo_Pct, Weighted_Last_5
INFO [2025-06-08 00:17:58] Training podium model using glm
INFO [2025-06-08 00:17:58] Training win model using glm
INFO [2025-06-08 00:17:58] Training top5 model using glm
INFO [2025-06-08 00:17:58] Training top10 model using glm
INFO [2025-06-08 00:17:58] Top features for Leg 3 podium prediction:
INFO [2025-06-08 00:17:58] Training models for Leg 4
INFO [2025-06-08 00:17:58] Using predictors: Distance_F_Pelo_Pct, Freestyle_Pelo_Pct, Distance_Pelo_Pct, Sprint_Pelo_Pct, Pelo_Pct, Weighted_Last_5
INFO [2025-06-08 00:17:58] Training podium model using glm
INFO [2025-06-08 00:17:58] Training win model using glm
INFO [2025-06-08 00:17:58] Training top5 model using glm
INFO [2025-06-08 00:17:58] Training top10 model using glm
INFO [2025-06-08 00:17:58] Top features for Leg 4 podium prediction:
INFO [2025-06-08 00:17:58] Processing men's relay predictions
INFO [2025-06-08 00:17:58] Loaded men relay teams startlist with 24 rows
INFO [2025-06-08 00:17:58] Loaded men relay individuals startlist with 96 rows
INFO [2025-06-08 00:17:58] Preparing current men skier data
INFO [2025-06-08 00:17:58] Found 9 Elo columns for current skiers
INFO [2025-06-08 00:17:58] Replaced NAs in Distance_Elo with first quartile: 1207.23243912712
INFO [2025-06-08 00:17:58] Replaced NAs in Distance_C_Elo with first quartile: 1233.40200699225
INFO [2025-06-08 00:17:58] Replaced NAs in Distance_F_Elo with first quartile: 1236.48554062178
INFO [2025-06-08 00:17:58] Replaced NAs in Sprint_Elo with first quartile: 1223.60107000698
INFO [2025-06-08 00:17:58] Replaced NAs in Sprint_C_Elo with first quartile: 1241.28715500947
INFO [2025-06-08 00:17:58] Replaced NAs in Sprint_F_Elo with first quartile: 1234.45151108772
INFO [2025-06-08 00:17:58] Replaced NAs in Classic_Elo with first quartile: 1241.52867310024
INFO [2025-06-08 00:17:58] Replaced NAs in Freestyle_Elo with first quartile: 1228.48649348109
INFO [2025-06-08 00:17:58] Replaced NAs in Distance_Pelo with first quartile: 1211.63035979047
INFO [2025-06-08 00:17:58] Replaced NAs in Distance_C_Pelo with first quartile: 1234.81091928129
INFO [2025-06-08 00:17:58] Replaced NAs in Distance_F_Pelo with first quartile: 1239.65331180248
INFO [2025-06-08 00:17:58] Replaced NAs in Sprint_Pelo with first quartile: 1240.94751821383
INFO [2025-06-08 00:17:58] Replaced NAs in Sprint_C_Pelo with first quartile: 1241.28715500947
INFO [2025-06-08 00:17:58] Replaced NAs in Sprint_F_Pelo with first quartile: 1252.45166310493
INFO [2025-06-08 00:17:58] Replaced NAs in Classic_Pelo with first quartile: 1243.63746068082
INFO [2025-06-08 00:17:58] Replaced NAs in Freestyle_Pelo with first quartile: 1249.30280713791
INFO [2025-06-08 00:17:58] Replaced NAs in Classic_Last_5 with first quartile: 0
INFO [2025-06-08 00:17:58] Replaced NAs in Freestyle_Last_5 with first quartile: 0
INFO [2025-06-08 00:17:58] Created Pelo_Pct from Elo with max value: 1946.6211651574
INFO [2025-06-08 00:17:58] Created Distance_Pelo_Pct from Distance_Elo with max value: 1869.1251911742
INFO [2025-06-08 00:17:58] Created Distance_C_Pelo_Pct from Distance_C_Elo with max value: 1777.16297253153
INFO [2025-06-08 00:17:58] Created Distance_F_Pelo_Pct from Distance_F_Elo with max value: 1695.2053212904
INFO [2025-06-08 00:17:58] Created Sprint_Pelo_Pct from Sprint_Elo with max value: 1886.80363942481
INFO [2025-06-08 00:17:58] Created Sprint_C_Pelo_Pct from Sprint_C_Elo with max value: 1711.08486899169
INFO [2025-06-08 00:17:58] Created Sprint_F_Pelo_Pct from Sprint_F_Elo with max value: 1792.65157560707
INFO [2025-06-08 00:17:58] Created Classic_Pelo_Pct from Classic_Elo with max value: 1807.56773496777
INFO [2025-06-08 00:17:58] Created Freestyle_Pelo_Pct from Freestyle_Elo with max value: 1814.60460629541
INFO [2025-06-08 00:17:58] Prepared data for 381 men skiers with 33 features
INFO [2025-06-08 00:17:58] Using FIS startlist for men's leg predictions
INFO [2025-06-08 00:17:58] Using FIS startlist for men
INFO [2025-06-08 00:17:58] Attempting Option 1: Team model coefficients
INFO [2025-06-08 00:17:58] Option 1 failed: No team_podium model found
INFO [2025-06-08 00:17:58] Option 1 failed: No team model
INFO [2025-06-08 00:17:58] Attempting Option 2: Individual model accuracy
INFO [2025-06-08 00:17:58] Leg 1 accuracy: 0.85806156243912
INFO [2025-06-08 00:17:58] Leg 2 accuracy: 0.851412429378531
INFO [2025-06-08 00:17:58] Leg 3 accuracy: 0.863997662185856
INFO [2025-06-08 00:17:58] Leg 4 accuracy: 0.884490551334502
INFO [2025-06-08 00:17:58] Option 2 succeeded: Using model accuracy weights
INFO [2025-06-08 00:17:58] Leg importance weights: Leg 1: 0.25, Leg 2: 0.25, Leg 3: 0.25, Leg 4: 0.26
INFO [2025-06-08 00:17:58] Processing ladies's relay predictions
INFO [2025-06-08 00:17:58] Loaded ladies relay teams startlist with 20 rows
INFO [2025-06-08 00:17:58] Loaded ladies relay individuals startlist with 80 rows
INFO [2025-06-08 00:17:58] Preparing current ladies skier data
INFO [2025-06-08 00:17:58] Found 9 Elo columns for current skiers
INFO [2025-06-08 00:17:58] Replaced NAs in Distance_Elo with first quartile: 1237.38564383256
INFO [2025-06-08 00:17:58] Replaced NAs in Distance_C_Elo with first quartile: 1243.87329106944
INFO [2025-06-08 00:17:58] Replaced NAs in Distance_F_Elo with first quartile: 1256.69628195708
INFO [2025-06-08 00:17:58] Replaced NAs in Sprint_Elo with first quartile: 1246.32574824425
INFO [2025-06-08 00:17:58] Replaced NAs in Sprint_C_Elo with first quartile: 1257.67866787334
INFO [2025-06-08 00:17:58] Replaced NAs in Sprint_F_Elo with first quartile: 1244.84742904868
INFO [2025-06-08 00:17:58] Replaced NAs in Classic_Elo with first quartile: 1252.44868703669
INFO [2025-06-08 00:17:58] Replaced NAs in Freestyle_Elo with first quartile: 1244.44508230281
INFO [2025-06-08 00:17:58] Replaced NAs in Distance_Pelo with first quartile: 1241.11854419952
INFO [2025-06-08 00:17:58] Replaced NAs in Distance_C_Pelo with first quartile: 1245.57367555166
INFO [2025-06-08 00:17:58] Replaced NAs in Distance_F_Pelo with first quartile: 1259.54282973153
INFO [2025-06-08 00:17:58] Replaced NAs in Sprint_Pelo with first quartile: 1254.59410960767
INFO [2025-06-08 00:17:58] Replaced NAs in Sprint_C_Pelo with first quartile: 1257.58302026178
INFO [2025-06-08 00:17:58] Replaced NAs in Sprint_F_Pelo with first quartile: 1257.67755691493
INFO [2025-06-08 00:17:58] Replaced NAs in Classic_Pelo with first quartile: 1256.79275004544
INFO [2025-06-08 00:17:58] Replaced NAs in Freestyle_Pelo with first quartile: 1256.79999900008
INFO [2025-06-08 00:17:58] Replaced NAs in Classic_Last_5 with first quartile: 3.5
INFO [2025-06-08 00:17:58] Replaced NAs in Freestyle_Last_5 with first quartile: 2.4
INFO [2025-06-08 00:17:58] Created Pelo_Pct from Elo with max value: 1840.99747242401
INFO [2025-06-08 00:17:58] Created Distance_Pelo_Pct from Distance_Elo with max value: 1889.46974050597
INFO [2025-06-08 00:17:58] Created Distance_C_Pelo_Pct from Distance_C_Elo with max value: 1763.33572074398
INFO [2025-06-08 00:17:58] Created Distance_F_Pelo_Pct from Distance_F_Elo with max value: 1693.85026290322
INFO [2025-06-08 00:17:58] Created Sprint_Pelo_Pct from Sprint_Elo with max value: 1742.75320156525
INFO [2025-06-08 00:17:58] Created Sprint_C_Pelo_Pct from Sprint_C_Elo with max value: 1601.58469902127
INFO [2025-06-08 00:17:58] Created Sprint_F_Pelo_Pct from Sprint_F_Elo with max value: 1681.09824552997
INFO [2025-06-08 00:17:58] Created Classic_Pelo_Pct from Classic_Elo with max value: 1698.68768563646
INFO [2025-06-08 00:17:58] Created Freestyle_Pelo_Pct from Freestyle_Elo with max value: 1707.58410982918
INFO [2025-06-08 00:17:58] Prepared data for 255 ladies skiers with 33 features
INFO [2025-06-08 00:17:58] Using FIS startlist for ladies's leg predictions
INFO [2025-06-08 00:17:58] Using FIS startlist for ladies
INFO [2025-06-08 00:17:58] Attempting Option 1: Team model coefficients
INFO [2025-06-08 00:17:58] Option 1 failed: No team_podium model found
INFO [2025-06-08 00:17:58] Option 1 failed: No team model
INFO [2025-06-08 00:17:58] Attempting Option 2: Individual model accuracy
INFO [2025-06-08 00:17:58] Leg 1 accuracy: 0.803846153846154
INFO [2025-06-08 00:17:58] Leg 2 accuracy: 0.816666666666667
INFO [2025-06-08 00:17:58] Leg 3 accuracy: 0.802564102564103
INFO [2025-06-08 00:17:58] Leg 4 accuracy: 0.828787878787879
INFO [2025-06-08 00:17:58] Option 2 succeeded: Using model accuracy weights
INFO [2025-06-08 00:17:58] Leg importance weights: Leg 1: 0.25, Leg 2: 0.25, Leg 3: 0.25, Leg 4: 0.25
INFO [2025-06-08 00:17:58] Resetting men's probabilities at or below the mode to zero
INFO [2025-06-08 00:17:58] No values appear more than twice for Win_Prob
INFO [2025-06-08 00:17:58] No values appear more than twice for Podium_Prob
INFO [2025-06-08 00:17:58] No values appear more than twice for Top5_Prob
INFO [2025-06-08 00:17:58] No values appear more than twice for Top10_Prob
INFO [2025-06-08 00:17:58] Resetting ladies' probabilities at or below the mode to zero
INFO [2025-06-08 00:17:58] No values appear more than twice for Win_Prob
INFO [2025-06-08 00:17:58] No values appear more than twice for Podium_Prob
INFO [2025-06-08 00:17:58] No values appear more than twice for Top5_Prob
INFO [2025-06-08 00:17:58] No values appear more than twice for Top10_Prob
INFO [2025-06-08 00:17:58] Normalizing men's team probabilities
INFO [2025-06-08 00:17:58] Normalized Win_Prob from sum of 0.72 to 1
INFO [2025-06-08 00:17:58] Normalized Podium_Prob from sum of 2.34 to 3
INFO [2025-06-08 00:17:58] Normalized Top5_Prob from sum of 4.2 to 5
INFO [2025-06-08 00:17:58] Normalized Top10_Prob from sum of 10.33 to 10
INFO [2025-06-08 00:17:58] Capped 1 values at 1 for Podium_Prob
INFO [2025-06-08 00:17:58] Capped 1 values at 1 for Top5_Prob
INFO [2025-06-08 00:17:58] Normalizing ladies' team probabilities
INFO [2025-06-08 00:17:58] Normalized Win_Prob from sum of 1.12 to 1
INFO [2025-06-08 00:17:58] Normalized Podium_Prob from sum of 3.26 to 3
INFO [2025-06-08 00:17:58] Normalized Top5_Prob from sum of 4.51 to 5
INFO [2025-06-08 00:17:58] Normalized Top10_Prob from sum of 9.36 to 10
INFO [2025-06-08 00:17:58] Capped 2 values at 1 for Top5_Prob
INFO [2025-06-08 00:17:58] Capped 5 values at 1 for Top10_Prob
INFO [2025-06-08 00:17:58] Final capping of probabilities to maximum of 1
INFO [2025-06-08 00:17:58] Capped 1 values at 1 for Podium_Prob
INFO [2025-06-08 00:17:58] Capped 1 values at 1 for Top5_Prob
INFO [2025-06-08 00:17:58] Capped 2 values at 1 for Top5_Prob
INFO [2025-06-08 00:17:58] Capped 5 values at 1 for Top10_Prob
INFO [2025-06-08 00:17:58] Optimizing fantasy relay team
INFO [2025-06-08 00:17:58] Fantasy team optimization complete. Selected 12 teams.
INFO [2025-06-08 00:17:58] Total price: 99826 of max 1e+05
INFO [2025-06-08 00:17:58] Expected total points: 812.8
INFO [2025-06-08 00:17:58] Men's teams: 6 ( 6 )
INFO [2025-06-08 00:17:58] Ladies' teams: 6 ( 6 )
INFO [2025-06-08 00:17:58] Saved points predictions to ~/blog/daehl-e/content/post/cross-country/drafts/weekly-picks/20250608/men_relay.xlsx
INFO [2025-06-08 00:17:58] Saved probability predictions to ~/blog/daehl-e/content/post/cross-country/drafts/weekly-picks/20250608/men_relay_position_probabilities.xlsx
INFO [2025-06-08 00:17:58] Saved points predictions to ~/blog/daehl-e/content/post/cross-country/drafts/weekly-picks/20250608/ladies_relay.xlsx
INFO [2025-06-08 00:17:58] Saved probability predictions to ~/blog/daehl-e/content/post/cross-country/drafts/weekly-picks/20250608/ladies_relay_position_probabilities.xlsx
INFO [2025-06-08 00:17:58] Saved fantasy team results to ~/blog/daehl-e/content/post/cross-country/drafts/weekly-picks/20250608/fantasy_relay_team.xlsx
INFO [2025-06-08 00:17:58] Relay predictions completed successfully
INFO [2025-06-08 00:37:10] Starting relay predictions process
INFO [2025-06-08 00:37:10] Loading weekend race data
INFO [2025-06-08 00:37:10] Tomorrow's date: 2025-06-08
INFO [2025-06-08 00:37:10] Found 1 men's relay races and 1 ladies' relay races
INFO [2025-06-08 00:37:10] Loading chrono data
INFO [2025-06-08 00:37:13] Loaded men's chrono with 105122 rows and 36 columns
INFO [2025-06-08 00:37:13] Loaded ladies' chrono with 78706 rows and 36 columns
INFO [2025-06-08 00:37:14] Created men's relay df with 9688 rows
INFO [2025-06-08 00:37:14] Created men's individual df with 92143 rows
INFO [2025-06-08 00:37:14] Created ladies' relay df with 8019 rows
INFO [2025-06-08 00:37:14] Created ladies' individual df with 68253 rows
INFO [2025-06-08 00:37:17] Training models for Leg 1
INFO [2025-06-08 00:37:17] Using predictors: Distance_C_Pelo_Pct, Classic_Pelo_Pct, Distance_Pelo_Pct, Pelo_Pct, Weighted_Last_5
INFO [2025-06-08 00:37:17] Training podium model using glm
INFO [2025-06-08 00:37:17] Training win model using glm
INFO [2025-06-08 00:37:17] Training top5 model using glm
INFO [2025-06-08 00:37:17] Training top10 model using glm
INFO [2025-06-08 00:37:17] Top features for Leg 1 podium prediction:
INFO [2025-06-08 00:37:17] Training models for Leg 2
INFO [2025-06-08 00:37:17] Using predictors: Distance_C_Pelo_Pct, Classic_Pelo_Pct, Distance_Pelo_Pct, Pelo_Pct, Weighted_Last_5
INFO [2025-06-08 00:37:17] Training podium model using glm
INFO [2025-06-08 00:37:17] Training win model using glm
INFO [2025-06-08 00:37:18] Training top5 model using glm
INFO [2025-06-08 00:37:18] Training top10 model using glm
INFO [2025-06-08 00:37:18] Top features for Leg 2 podium prediction:
INFO [2025-06-08 00:37:18] Training models for Leg 3
INFO [2025-06-08 00:37:18] Using predictors: Distance_F_Pelo_Pct, Freestyle_Pelo_Pct, Distance_Pelo_Pct, Pelo_Pct, Weighted_Last_5
INFO [2025-06-08 00:37:18] Training podium model using glm
INFO [2025-06-08 00:37:18] Training win model using glm
INFO [2025-06-08 00:37:18] Training top5 model using glm
INFO [2025-06-08 00:37:18] Training top10 model using glm
INFO [2025-06-08 00:37:18] Top features for Leg 3 podium prediction:
INFO [2025-06-08 00:37:18] Training models for Leg 4
INFO [2025-06-08 00:37:18] Using predictors: Distance_F_Pelo_Pct, Freestyle_Pelo_Pct, Distance_Pelo_Pct, Sprint_Pelo_Pct, Pelo_Pct, Weighted_Last_5
INFO [2025-06-08 00:37:18] Training podium model using glm
INFO [2025-06-08 00:37:18] Training win model using glm
INFO [2025-06-08 00:37:18] Training top5 model using glm
INFO [2025-06-08 00:37:18] Training top10 model using glm
INFO [2025-06-08 00:37:18] Top features for Leg 4 podium prediction:
INFO [2025-06-08 00:37:18] Training models for Leg 1
INFO [2025-06-08 00:37:18] Using predictors: Distance_C_Pelo_Pct, Classic_Pelo_Pct, Distance_Pelo_Pct, Pelo_Pct, Weighted_Last_5
INFO [2025-06-08 00:37:18] Training podium model using glm
INFO [2025-06-08 00:37:18] Training win model using glm
INFO [2025-06-08 00:37:18] Training top5 model using glm
INFO [2025-06-08 00:37:18] Training top10 model using glm
INFO [2025-06-08 00:37:18] Top features for Leg 1 podium prediction:
INFO [2025-06-08 00:37:18] Training models for Leg 2
INFO [2025-06-08 00:37:18] Using predictors: Distance_C_Pelo_Pct, Classic_Pelo_Pct, Distance_Pelo_Pct, Pelo_Pct, Weighted_Last_5
INFO [2025-06-08 00:37:18] Training podium model using glm
INFO [2025-06-08 00:37:18] Training win model using glm
INFO [2025-06-08 00:37:18] Training top5 model using glm
INFO [2025-06-08 00:37:18] Training top10 model using glm
INFO [2025-06-08 00:37:18] Top features for Leg 2 podium prediction:
INFO [2025-06-08 00:37:18] Training models for Leg 3
INFO [2025-06-08 00:37:18] Using predictors: Distance_F_Pelo_Pct, Freestyle_Pelo_Pct, Distance_Pelo_Pct, Pelo_Pct, Weighted_Last_5
INFO [2025-06-08 00:37:18] Training podium model using glm
INFO [2025-06-08 00:37:19] Training win model using glm
INFO [2025-06-08 00:37:19] Training top5 model using glm
INFO [2025-06-08 00:37:19] Training top10 model using glm
INFO [2025-06-08 00:37:19] Top features for Leg 3 podium prediction:
INFO [2025-06-08 00:37:19] Training models for Leg 4
INFO [2025-06-08 00:37:19] Using predictors: Distance_F_Pelo_Pct, Freestyle_Pelo_Pct, Distance_Pelo_Pct, Sprint_Pelo_Pct, Pelo_Pct, Weighted_Last_5
INFO [2025-06-08 00:37:19] Training podium model using glm
INFO [2025-06-08 00:37:19] Training win model using glm
INFO [2025-06-08 00:37:19] Training top5 model using glm
INFO [2025-06-08 00:37:19] Training top10 model using glm
INFO [2025-06-08 00:37:19] Top features for Leg 4 podium prediction:
INFO [2025-06-08 00:37:19] Processing men's relay predictions
INFO [2025-06-08 00:37:19] Loaded men relay teams startlist with 24 rows
INFO [2025-06-08 00:37:19] Loaded men relay individuals startlist with 96 rows
INFO [2025-06-08 00:37:19] Preparing current men skier data
INFO [2025-06-08 00:37:19] Found 9 Elo columns for current skiers
INFO [2025-06-08 00:37:19] Replaced NAs in Distance_Elo with first quartile: 1207.23243912712
INFO [2025-06-08 00:37:19] Replaced NAs in Distance_C_Elo with first quartile: 1233.40200699225
INFO [2025-06-08 00:37:19] Replaced NAs in Distance_F_Elo with first quartile: 1236.48554062178
INFO [2025-06-08 00:37:19] Replaced NAs in Sprint_Elo with first quartile: 1223.60107000698
INFO [2025-06-08 00:37:19] Replaced NAs in Sprint_C_Elo with first quartile: 1241.28715500947
INFO [2025-06-08 00:37:19] Replaced NAs in Sprint_F_Elo with first quartile: 1234.45151108772
INFO [2025-06-08 00:37:19] Replaced NAs in Classic_Elo with first quartile: 1241.52867310024
INFO [2025-06-08 00:37:19] Replaced NAs in Freestyle_Elo with first quartile: 1228.48649348109
INFO [2025-06-08 00:37:19] Replaced NAs in Distance_Pelo with first quartile: 1211.63035979047
INFO [2025-06-08 00:37:19] Replaced NAs in Distance_C_Pelo with first quartile: 1234.81091928129
INFO [2025-06-08 00:37:19] Replaced NAs in Distance_F_Pelo with first quartile: 1239.65331180248
INFO [2025-06-08 00:37:19] Replaced NAs in Sprint_Pelo with first quartile: 1240.94751821383
INFO [2025-06-08 00:37:19] Replaced NAs in Sprint_C_Pelo with first quartile: 1241.28715500947
INFO [2025-06-08 00:37:19] Replaced NAs in Sprint_F_Pelo with first quartile: 1252.45166310493
INFO [2025-06-08 00:37:19] Replaced NAs in Classic_Pelo with first quartile: 1243.63746068082
INFO [2025-06-08 00:37:19] Replaced NAs in Freestyle_Pelo with first quartile: 1249.30280713791
INFO [2025-06-08 00:37:19] Replaced NAs in Classic_Last_5 with first quartile: 0
INFO [2025-06-08 00:37:19] Replaced NAs in Freestyle_Last_5 with first quartile: 0
INFO [2025-06-08 00:37:19] Created Pelo_Pct from Elo with max value: 1946.6211651574
INFO [2025-06-08 00:37:19] Created Distance_Pelo_Pct from Distance_Elo with max value: 1869.1251911742
INFO [2025-06-08 00:37:19] Created Distance_C_Pelo_Pct from Distance_C_Elo with max value: 1777.16297253153
INFO [2025-06-08 00:37:19] Created Distance_F_Pelo_Pct from Distance_F_Elo with max value: 1695.2053212904
INFO [2025-06-08 00:37:19] Created Sprint_Pelo_Pct from Sprint_Elo with max value: 1886.80363942481
INFO [2025-06-08 00:37:19] Created Sprint_C_Pelo_Pct from Sprint_C_Elo with max value: 1711.08486899169
INFO [2025-06-08 00:37:19] Created Sprint_F_Pelo_Pct from Sprint_F_Elo with max value: 1792.65157560707
INFO [2025-06-08 00:37:19] Created Classic_Pelo_Pct from Classic_Elo with max value: 1807.56773496777
INFO [2025-06-08 00:37:19] Created Freestyle_Pelo_Pct from Freestyle_Elo with max value: 1814.60460629541
INFO [2025-06-08 00:37:19] Prepared data for 381 men skiers with 33 features
INFO [2025-06-08 00:37:19] Using FIS startlist for men's leg predictions
INFO [2025-06-08 00:37:19] Using FIS startlist for men
INFO [2025-06-08 00:37:19] Attempting Option 1: Team model coefficients
INFO [2025-06-08 00:37:19] Option 1 failed: No team_podium model found
INFO [2025-06-08 00:37:19] Option 1 failed: No team model
INFO [2025-06-08 00:37:19] Attempting Option 2: Individual model accuracy
INFO [2025-06-08 00:37:19] Leg 1 accuracy: 0.864971751412429
INFO [2025-06-08 00:37:19] Leg 2 accuracy: 0.848176504967855
INFO [2025-06-08 00:37:19] Leg 3 accuracy: 0.871494252873563
INFO [2025-06-08 00:37:19] Leg 4 accuracy: 0.888168712254042
INFO [2025-06-08 00:37:19] Option 2 succeeded: Using model accuracy weights
INFO [2025-06-08 00:37:19] Leg importance weights: Leg 1: 0.25, Leg 2: 0.24, Leg 3: 0.25, Leg 4: 0.26
INFO [2025-06-08 00:37:19] Processing ladies's relay predictions
INFO [2025-06-08 00:37:19] Loaded ladies relay teams startlist with 20 rows
INFO [2025-06-08 00:37:19] Loaded ladies relay individuals startlist with 80 rows
INFO [2025-06-08 00:37:19] Preparing current ladies skier data
INFO [2025-06-08 00:37:19] Found 9 Elo columns for current skiers
INFO [2025-06-08 00:37:19] Replaced NAs in Distance_Elo with first quartile: 1237.38564383256
INFO [2025-06-08 00:37:19] Replaced NAs in Distance_C_Elo with first quartile: 1243.87329106944
INFO [2025-06-08 00:37:19] Replaced NAs in Distance_F_Elo with first quartile: 1256.69628195708
INFO [2025-06-08 00:37:19] Replaced NAs in Sprint_Elo with first quartile: 1246.32574824425
INFO [2025-06-08 00:37:19] Replaced NAs in Sprint_C_Elo with first quartile: 1257.67866787334
INFO [2025-06-08 00:37:19] Replaced NAs in Sprint_F_Elo with first quartile: 1244.84742904868
INFO [2025-06-08 00:37:19] Replaced NAs in Classic_Elo with first quartile: 1252.44868703669
INFO [2025-06-08 00:37:19] Replaced NAs in Freestyle_Elo with first quartile: 1244.44508230281
INFO [2025-06-08 00:37:19] Replaced NAs in Distance_Pelo with first quartile: 1241.11854419952
INFO [2025-06-08 00:37:19] Replaced NAs in Distance_C_Pelo with first quartile: 1245.57367555166
INFO [2025-06-08 00:37:19] Replaced NAs in Distance_F_Pelo with first quartile: 1259.54282973153
INFO [2025-06-08 00:37:19] Replaced NAs in Sprint_Pelo with first quartile: 1254.59410960767
INFO [2025-06-08 00:37:19] Replaced NAs in Sprint_C_Pelo with first quartile: 1257.58302026178
INFO [2025-06-08 00:37:19] Replaced NAs in Sprint_F_Pelo with first quartile: 1257.67755691493
INFO [2025-06-08 00:37:19] Replaced NAs in Classic_Pelo with first quartile: 1256.79275004544
INFO [2025-06-08 00:37:19] Replaced NAs in Freestyle_Pelo with first quartile: 1256.79999900008
INFO [2025-06-08 00:37:19] Replaced NAs in Classic_Last_5 with first quartile: 3.5
INFO [2025-06-08 00:37:19] Replaced NAs in Freestyle_Last_5 with first quartile: 2.4
INFO [2025-06-08 00:37:19] Created Pelo_Pct from Elo with max value: 1840.99747242401
INFO [2025-06-08 00:37:19] Created Distance_Pelo_Pct from Distance_Elo with max value: 1889.46974050597
INFO [2025-06-08 00:37:19] Created Distance_C_Pelo_Pct from Distance_C_Elo with max value: 1763.33572074398
INFO [2025-06-08 00:37:19] Created Distance_F_Pelo_Pct from Distance_F_Elo with max value: 1693.85026290322
INFO [2025-06-08 00:37:19] Created Sprint_Pelo_Pct from Sprint_Elo with max value: 1742.75320156525
INFO [2025-06-08 00:37:19] Created Sprint_C_Pelo_Pct from Sprint_C_Elo with max value: 1601.58469902127
INFO [2025-06-08 00:37:19] Created Sprint_F_Pelo_Pct from Sprint_F_Elo with max value: 1681.09824552997
INFO [2025-06-08 00:37:19] Created Classic_Pelo_Pct from Classic_Elo with max value: 1698.68768563646
INFO [2025-06-08 00:37:19] Created Freestyle_Pelo_Pct from Freestyle_Elo with max value: 1707.58410982918
INFO [2025-06-08 00:37:19] Prepared data for 255 ladies skiers with 33 features
INFO [2025-06-08 00:37:19] Using FIS startlist for ladies's leg predictions
INFO [2025-06-08 00:37:19] Using FIS startlist for ladies
INFO [2025-06-08 00:37:19] Attempting Option 1: Team model coefficients
INFO [2025-06-08 00:37:19] Option 1 failed: No team_podium model found
INFO [2025-06-08 00:37:19] Option 1 failed: No team model
INFO [2025-06-08 00:37:19] Attempting Option 2: Individual model accuracy
INFO [2025-06-08 00:37:19] Leg 1 accuracy: 0.752564102564103
INFO [2025-06-08 00:37:19] Leg 2 accuracy: 0.85
INFO [2025-06-08 00:37:19] Leg 3 accuracy: 0.823076923076923
INFO [2025-06-08 00:37:19] Leg 4 accuracy: 0.78030303030303
INFO [2025-06-08 00:37:19] Option 2 succeeded: Using model accuracy weights
INFO [2025-06-08 00:37:19] Leg importance weights: Leg 1: 0.23, Leg 2: 0.27, Leg 3: 0.26, Leg 4: 0.24
INFO [2025-06-08 00:37:19] Resetting men's probabilities at or below the mode to zero
INFO [2025-06-08 00:37:19] No values appear more than twice for Win_Prob
INFO [2025-06-08 00:37:19] No values appear more than twice for Podium_Prob
INFO [2025-06-08 00:37:19] No values appear more than twice for Top5_Prob
INFO [2025-06-08 00:37:19] No values appear more than twice for Top10_Prob
INFO [2025-06-08 00:37:19] Resetting ladies' probabilities at or below the mode to zero
INFO [2025-06-08 00:37:19] No values appear more than twice for Win_Prob
INFO [2025-06-08 00:37:19] No values appear more than twice for Podium_Prob
INFO [2025-06-08 00:37:19] No values appear more than twice for Top5_Prob
INFO [2025-06-08 00:37:19] No values appear more than twice for Top10_Prob
INFO [2025-06-08 00:37:19] Normalizing men's team probabilities
INFO [2025-06-08 00:37:19] Normalized Win_Prob from sum of 0.71 to 1
INFO [2025-06-08 00:37:19] Normalized Podium_Prob from sum of 2.34 to 3
INFO [2025-06-08 00:37:19] Normalized Top5_Prob from sum of 4.2 to 5
INFO [2025-06-08 00:37:19] Normalized Top10_Prob from sum of 10.33 to 10
INFO [2025-06-08 00:37:19] Capped 1 values at 1 for Podium_Prob
INFO [2025-06-08 00:37:19] Capped 1 values at 1 for Top5_Prob
INFO [2025-06-08 00:37:19] Normalizing ladies' team probabilities
INFO [2025-06-08 00:37:19] Normalized Win_Prob from sum of 1.12 to 1
INFO [2025-06-08 00:37:19] Normalized Podium_Prob from sum of 3.26 to 3
INFO [2025-06-08 00:37:19] Normalized Top5_Prob from sum of 4.5 to 5
INFO [2025-06-08 00:37:19] Normalized Top10_Prob from sum of 9.35 to 10
INFO [2025-06-08 00:37:19] Capped 2 values at 1 for Top5_Prob
INFO [2025-06-08 00:37:19] Capped 5 values at 1 for Top10_Prob
INFO [2025-06-08 00:37:19] Final capping of probabilities to maximum of 1
INFO [2025-06-08 00:37:19] Capped 1 values at 1 for Podium_Prob
INFO [2025-06-08 00:37:19] Capped 1 values at 1 for Top5_Prob
INFO [2025-06-08 00:37:19] Capped 2 values at 1 for Top5_Prob
INFO [2025-06-08 00:37:19] Capped 5 values at 1 for Top10_Prob
INFO [2025-06-08 00:37:19] Optimizing fantasy relay team
INFO [2025-06-08 00:37:19] Fantasy team optimization complete. Selected 12 teams.
INFO [2025-06-08 00:37:19] Total price: 99826 of max 1e+05
INFO [2025-06-08 00:37:19] Expected total points: 815.5
INFO [2025-06-08 00:37:19] Men's teams: 6 ( 6 )
INFO [2025-06-08 00:37:19] Ladies' teams: 6 ( 6 )
INFO [2025-06-08 00:37:19] Saved points predictions to ~/blog/daehl-e/content/post/cross-country/drafts/weekly-picks/20250608/men_relay.xlsx
INFO [2025-06-08 00:37:19] Saved probability predictions to ~/blog/daehl-e/content/post/cross-country/drafts/weekly-picks/20250608/men_relay_position_probabilities.xlsx
INFO [2025-06-08 00:37:19] Saved points predictions to ~/blog/daehl-e/content/post/cross-country/drafts/weekly-picks/20250608/ladies_relay.xlsx
INFO [2025-06-08 00:37:20] Saved probability predictions to ~/blog/daehl-e/content/post/cross-country/drafts/weekly-picks/20250608/ladies_relay_position_probabilities.xlsx
INFO [2025-06-08 00:37:20] Saved fantasy team results to ~/blog/daehl-e/content/post/cross-country/drafts/weekly-picks/20250608/fantasy_relay_team.xlsx
INFO [2025-06-08 00:37:20] Relay predictions completed successfully
INFO [2025-06-08 01:15:23] Starting relay predictions process
INFO [2025-06-08 01:15:23] Loading weekend race data
INFO [2025-06-08 01:15:23] Tomorrow's date: 2025-06-08
INFO [2025-06-08 01:15:23] Found 1 men's relay races and 1 ladies' relay races
INFO [2025-06-08 01:15:23] Loading chrono data
INFO [2025-06-08 01:15:25] Loaded men's chrono with 105122 rows and 36 columns
INFO [2025-06-08 01:15:25] Loaded ladies' chrono with 78706 rows and 36 columns
INFO [2025-06-08 01:15:25] Created men's relay df with 9688 rows
INFO [2025-06-08 01:15:25] Created men's individual df with 92143 rows
INFO [2025-06-08 01:15:25] Created ladies' relay df with 8019 rows
INFO [2025-06-08 01:15:25] Created ladies' individual df with 68253 rows
INFO [2025-06-08 01:15:29] Training models for Leg 1
INFO [2025-06-08 01:15:29] Using predictors: Distance_C_Pelo_Pct, Classic_Pelo_Pct, Distance_Pelo_Pct, Pelo_Pct, Weighted_Last_5
INFO [2025-06-08 01:15:29] Training podium model using glm
INFO [2025-06-08 01:15:29] Training win model using glm
INFO [2025-06-08 01:15:29] Training top5 model using glm
INFO [2025-06-08 01:15:29] Training top10 model using glm
INFO [2025-06-08 01:15:29] Top features for Leg 1 podium prediction:
INFO [2025-06-08 01:15:29] Training models for Leg 2
INFO [2025-06-08 01:15:29] Using predictors: Distance_C_Pelo_Pct, Classic_Pelo_Pct, Distance_Pelo_Pct, Pelo_Pct, Weighted_Last_5
INFO [2025-06-08 01:15:29] Training podium model using glm
INFO [2025-06-08 01:15:29] Training win model using glm
INFO [2025-06-08 01:15:29] Training top5 model using glm
INFO [2025-06-08 01:15:29] Training top10 model using glm
INFO [2025-06-08 01:15:29] Top features for Leg 2 podium prediction:
INFO [2025-06-08 01:15:29] Training models for Leg 3
INFO [2025-06-08 01:15:29] Using predictors: Distance_F_Pelo_Pct, Freestyle_Pelo_Pct, Distance_Pelo_Pct, Pelo_Pct, Weighted_Last_5
INFO [2025-06-08 01:15:29] Training podium model using glm
INFO [2025-06-08 01:15:29] Training win model using glm
INFO [2025-06-08 01:15:29] Training top5 model using glm
INFO [2025-06-08 01:15:29] Training top10 model using glm
INFO [2025-06-08 01:15:29] Top features for Leg 3 podium prediction:
INFO [2025-06-08 01:15:29] Training models for Leg 4
INFO [2025-06-08 01:15:29] Using predictors: Distance_F_Pelo_Pct, Freestyle_Pelo_Pct, Distance_Pelo_Pct, Sprint_Pelo_Pct, Pelo_Pct, Weighted_Last_5
INFO [2025-06-08 01:15:29] Training podium model using glm
INFO [2025-06-08 01:15:29] Training win model using glm
INFO [2025-06-08 01:15:29] Training top5 model using glm
INFO [2025-06-08 01:15:29] Training top10 model using glm
INFO [2025-06-08 01:15:29] Top features for Leg 4 podium prediction:
INFO [2025-06-08 01:15:29] Training models for Leg 1
INFO [2025-06-08 01:15:29] Using predictors: Distance_C_Pelo_Pct, Classic_Pelo_Pct, Distance_Pelo_Pct, Pelo_Pct, Weighted_Last_5
INFO [2025-06-08 01:15:29] Training podium model using glm
INFO [2025-06-08 01:15:30] Training win model using glm
INFO [2025-06-08 01:15:30] Training top5 model using glm
INFO [2025-06-08 01:15:30] Training top10 model using glm
INFO [2025-06-08 01:15:30] Top features for Leg 1 podium prediction:
INFO [2025-06-08 01:15:30] Training models for Leg 2
INFO [2025-06-08 01:15:30] Using predictors: Distance_C_Pelo_Pct, Classic_Pelo_Pct, Distance_Pelo_Pct, Pelo_Pct, Weighted_Last_5
INFO [2025-06-08 01:15:30] Training podium model using glm
INFO [2025-06-08 01:15:30] Training win model using glm
INFO [2025-06-08 01:15:30] Training top5 model using glm
INFO [2025-06-08 01:15:30] Training top10 model using glm
INFO [2025-06-08 01:15:30] Top features for Leg 2 podium prediction:
INFO [2025-06-08 01:15:30] Training models for Leg 3
INFO [2025-06-08 01:15:30] Using predictors: Distance_F_Pelo_Pct, Freestyle_Pelo_Pct, Distance_Pelo_Pct, Pelo_Pct, Weighted_Last_5
INFO [2025-06-08 01:15:30] Training podium model using glm
INFO [2025-06-08 01:15:30] Training win model using glm
INFO [2025-06-08 01:15:30] Training top5 model using glm
INFO [2025-06-08 01:15:30] Training top10 model using glm
INFO [2025-06-08 01:15:30] Top features for Leg 3 podium prediction:
INFO [2025-06-08 01:15:30] Training models for Leg 4
INFO [2025-06-08 01:15:30] Using predictors: Distance_F_Pelo_Pct, Freestyle_Pelo_Pct, Distance_Pelo_Pct, Sprint_Pelo_Pct, Pelo_Pct, Weighted_Last_5
INFO [2025-06-08 01:15:30] Training podium model using glm
INFO [2025-06-08 01:15:30] Training win model using glm
INFO [2025-06-08 01:15:30] Training top5 model using glm
INFO [2025-06-08 01:15:30] Training top10 model using glm
INFO [2025-06-08 01:15:30] Top features for Leg 4 podium prediction:
INFO [2025-06-08 01:15:30] Processing men's relay predictions
INFO [2025-06-08 01:15:30] Loaded men relay teams startlist with 24 rows
INFO [2025-06-08 01:15:30] Loaded men relay individuals startlist with 96 rows
INFO [2025-06-08 01:15:30] Preparing current men skier data
INFO [2025-06-08 01:15:30] Found 9 Elo columns for current skiers
INFO [2025-06-08 01:15:30] Replaced NAs in Distance_Elo with first quartile: 1207.23243912712
INFO [2025-06-08 01:15:30] Replaced NAs in Distance_C_Elo with first quartile: 1233.40200699225
INFO [2025-06-08 01:15:30] Replaced NAs in Distance_F_Elo with first quartile: 1236.48554062178
INFO [2025-06-08 01:15:30] Replaced NAs in Sprint_Elo with first quartile: 1223.60107000698
INFO [2025-06-08 01:15:30] Replaced NAs in Sprint_C_Elo with first quartile: 1241.28715500947
INFO [2025-06-08 01:15:30] Replaced NAs in Sprint_F_Elo with first quartile: 1234.45151108772
INFO [2025-06-08 01:15:30] Replaced NAs in Classic_Elo with first quartile: 1241.52867310024
INFO [2025-06-08 01:15:30] Replaced NAs in Freestyle_Elo with first quartile: 1228.48649348109
INFO [2025-06-08 01:15:30] Replaced NAs in Distance_Pelo with first quartile: 1211.63035979047
INFO [2025-06-08 01:15:30] Replaced NAs in Distance_C_Pelo with first quartile: 1234.81091928129
INFO [2025-06-08 01:15:30] Replaced NAs in Distance_F_Pelo with first quartile: 1239.65331180248
INFO [2025-06-08 01:15:30] Replaced NAs in Sprint_Pelo with first quartile: 1240.94751821383
INFO [2025-06-08 01:15:30] Replaced NAs in Sprint_C_Pelo with first quartile: 1241.28715500947
INFO [2025-06-08 01:15:30] Replaced NAs in Sprint_F_Pelo with first quartile: 1252.45166310493
INFO [2025-06-08 01:15:30] Replaced NAs in Classic_Pelo with first quartile: 1243.63746068082
INFO [2025-06-08 01:15:30] Replaced NAs in Freestyle_Pelo with first quartile: 1249.30280713791
INFO [2025-06-08 01:15:30] Replaced NAs in Classic_Last_5 with first quartile: 0
INFO [2025-06-08 01:15:30] Replaced NAs in Freestyle_Last_5 with first quartile: 0
INFO [2025-06-08 01:15:30] Created Pelo_Pct from Elo with max value: 1946.6211651574
INFO [2025-06-08 01:15:30] Created Distance_Pelo_Pct from Distance_Elo with max value: 1869.1251911742
INFO [2025-06-08 01:15:30] Created Distance_C_Pelo_Pct from Distance_C_Elo with max value: 1777.16297253153
INFO [2025-06-08 01:15:30] Created Distance_F_Pelo_Pct from Distance_F_Elo with max value: 1695.2053212904
INFO [2025-06-08 01:15:30] Created Sprint_Pelo_Pct from Sprint_Elo with max value: 1886.80363942481
INFO [2025-06-08 01:15:30] Created Sprint_C_Pelo_Pct from Sprint_C_Elo with max value: 1711.08486899169
INFO [2025-06-08 01:15:30] Created Sprint_F_Pelo_Pct from Sprint_F_Elo with max value: 1792.65157560707
INFO [2025-06-08 01:15:30] Created Classic_Pelo_Pct from Classic_Elo with max value: 1807.56773496777
INFO [2025-06-08 01:15:30] Created Freestyle_Pelo_Pct from Freestyle_Elo with max value: 1814.60460629541
INFO [2025-06-08 01:15:30] Prepared data for 381 men skiers with 33 features
INFO [2025-06-08 01:15:31] Using FIS startlist for men's leg predictions
INFO [2025-06-08 01:15:31] Using FIS startlist for men
INFO [2025-06-08 01:15:31] Attempting Option 1: Team model coefficients
INFO [2025-06-08 01:15:31] Option 1 failed: No team_podium model found
INFO [2025-06-08 01:15:31] Option 1 failed: No team model
INFO [2025-06-08 01:15:31] Attempting Option 2: Individual model accuracy
INFO [2025-06-08 01:15:31] Leg 1 accuracy: 0.861570231833236
INFO [2025-06-08 01:15:31] Leg 2 accuracy: 0.854689265536723
INFO [2025-06-08 01:15:31] Leg 3 accuracy: 0.867387492694331
INFO [2025-06-08 01:15:31] Leg 4 accuracy: 0.891451392947594
INFO [2025-06-08 01:15:31] Option 2 succeeded: Using model accuracy weights
INFO [2025-06-08 01:15:31] Leg importance weights: Leg 1: 0.25, Leg 2: 0.25, Leg 3: 0.25, Leg 4: 0.26
INFO [2025-06-08 01:15:31] Processing ladies's relay predictions
INFO [2025-06-08 01:15:31] Loaded ladies relay teams startlist with 20 rows
INFO [2025-06-08 01:15:31] Loaded ladies relay individuals startlist with 80 rows
INFO [2025-06-08 01:15:31] Preparing current ladies skier data
INFO [2025-06-08 01:15:31] Found 9 Elo columns for current skiers
INFO [2025-06-08 01:15:31] Replaced NAs in Distance_Elo with first quartile: 1237.38564383256
INFO [2025-06-08 01:15:31] Replaced NAs in Distance_C_Elo with first quartile: 1243.87329106944
INFO [2025-06-08 01:15:31] Replaced NAs in Distance_F_Elo with first quartile: 1256.69628195708
INFO [2025-06-08 01:15:31] Replaced NAs in Sprint_Elo with first quartile: 1246.32574824425
INFO [2025-06-08 01:15:31] Replaced NAs in Sprint_C_Elo with first quartile: 1257.67866787334
INFO [2025-06-08 01:15:31] Replaced NAs in Sprint_F_Elo with first quartile: 1244.84742904868
INFO [2025-06-08 01:15:31] Replaced NAs in Classic_Elo with first quartile: 1252.44868703669
INFO [2025-06-08 01:15:31] Replaced NAs in Freestyle_Elo with first quartile: 1244.44508230281
INFO [2025-06-08 01:15:31] Replaced NAs in Distance_Pelo with first quartile: 1241.11854419952
INFO [2025-06-08 01:15:31] Replaced NAs in Distance_C_Pelo with first quartile: 1245.57367555166
INFO [2025-06-08 01:15:31] Replaced NAs in Distance_F_Pelo with first quartile: 1259.54282973153
INFO [2025-06-08 01:15:31] Replaced NAs in Sprint_Pelo with first quartile: 1254.59410960767
INFO [2025-06-08 01:15:31] Replaced NAs in Sprint_C_Pelo with first quartile: 1257.58302026178
INFO [2025-06-08 01:15:31] Replaced NAs in Sprint_F_Pelo with first quartile: 1257.67755691493
INFO [2025-06-08 01:15:31] Replaced NAs in Classic_Pelo with first quartile: 1256.79275004544
INFO [2025-06-08 01:15:31] Replaced NAs in Freestyle_Pelo with first quartile: 1256.79999900008
INFO [2025-06-08 01:15:31] Replaced NAs in Classic_Last_5 with first quartile: 3.5
INFO [2025-06-08 01:15:31] Replaced NAs in Freestyle_Last_5 with first quartile: 2.4
INFO [2025-06-08 01:15:31] Created Pelo_Pct from Elo with max value: 1840.99747242401
INFO [2025-06-08 01:15:31] Created Distance_Pelo_Pct from Distance_Elo with max value: 1889.46974050597
INFO [2025-06-08 01:15:31] Created Distance_C_Pelo_Pct from Distance_C_Elo with max value: 1763.33572074398
INFO [2025-06-08 01:15:31] Created Distance_F_Pelo_Pct from Distance_F_Elo with max value: 1693.85026290322
INFO [2025-06-08 01:15:31] Created Sprint_Pelo_Pct from Sprint_Elo with max value: 1742.75320156525
INFO [2025-06-08 01:15:31] Created Sprint_C_Pelo_Pct from Sprint_C_Elo with max value: 1601.58469902127
INFO [2025-06-08 01:15:31] Created Sprint_F_Pelo_Pct from Sprint_F_Elo with max value: 1681.09824552997
INFO [2025-06-08 01:15:31] Created Classic_Pelo_Pct from Classic_Elo with max value: 1698.68768563646
INFO [2025-06-08 01:15:31] Created Freestyle_Pelo_Pct from Freestyle_Elo with max value: 1707.58410982918
INFO [2025-06-08 01:15:31] Prepared data for 255 ladies skiers with 33 features
INFO [2025-06-08 01:15:31] Using FIS startlist for ladies's leg predictions
INFO [2025-06-08 01:15:31] Using FIS startlist for ladies
INFO [2025-06-08 01:15:31] Attempting Option 1: Team model coefficients
INFO [2025-06-08 01:15:31] Option 1 failed: No team_podium model found
INFO [2025-06-08 01:15:31] Option 1 failed: No team model
INFO [2025-06-08 01:15:31] Attempting Option 2: Individual model accuracy
INFO [2025-06-08 01:15:31] Leg 1 accuracy: 0.737179487179487
INFO [2025-06-08 01:15:31] Leg 2 accuracy: 0.85
INFO [2025-06-08 01:15:31] Leg 3 accuracy: 0.819230769230769
INFO [2025-06-08 01:15:31] Leg 4 accuracy: 0.762121212121212
INFO [2025-06-08 01:15:31] Option 2 succeeded: Using model accuracy weights
INFO [2025-06-08 01:15:31] Leg importance weights: Leg 1: 0.23, Leg 2: 0.27, Leg 3: 0.26, Leg 4: 0.24
INFO [2025-06-08 01:15:31] Resetting men's probabilities at or below the mode to zero
INFO [2025-06-08 01:15:31] No values appear more than twice for Win_Prob
INFO [2025-06-08 01:15:31] No values appear more than twice for Podium_Prob
INFO [2025-06-08 01:15:31] No values appear more than twice for Top5_Prob
INFO [2025-06-08 01:15:31] No values appear more than twice for Top10_Prob
INFO [2025-06-08 01:15:31] Resetting ladies' probabilities at or below the mode to zero
INFO [2025-06-08 01:15:31] No values appear more than twice for Win_Prob
INFO [2025-06-08 01:15:31] No values appear more than twice for Podium_Prob
INFO [2025-06-08 01:15:31] No values appear more than twice for Top5_Prob
INFO [2025-06-08 01:15:31] No values appear more than twice for Top10_Prob
INFO [2025-06-08 01:15:31] Normalizing men's team probabilities
INFO [2025-06-08 01:15:31] Normalized Win_Prob from sum of 0.72 to 1
INFO [2025-06-08 01:15:31] Normalized Podium_Prob from sum of 2.34 to 3
INFO [2025-06-08 01:15:31] Normalized Top5_Prob from sum of 4.2 to 5
INFO [2025-06-08 01:15:31] Normalized Top10_Prob from sum of 10.33 to 10
INFO [2025-06-08 01:15:31] Capped 1 values at 1 for Podium_Prob
INFO [2025-06-08 01:15:31] Capped 1 values at 1 for Top5_Prob
INFO [2025-06-08 01:15:31] Normalizing ladies' team probabilities
INFO [2025-06-08 01:15:31] Normalized Win_Prob from sum of 1.12 to 1
INFO [2025-06-08 01:15:31] Normalized Podium_Prob from sum of 3.25 to 3
INFO [2025-06-08 01:15:31] Normalized Top5_Prob from sum of 4.49 to 5
INFO [2025-06-08 01:15:31] Normalized Top10_Prob from sum of 9.36 to 10
INFO [2025-06-08 01:15:31] Capped 2 values at 1 for Top5_Prob
INFO [2025-06-08 01:15:31] Capped 5 values at 1 for Top10_Prob
INFO [2025-06-08 01:15:31] Final capping of probabilities to maximum of 1
INFO [2025-06-08 01:15:31] Capped 1 values at 1 for Podium_Prob
INFO [2025-06-08 01:15:31] Capped 1 values at 1 for Top5_Prob
INFO [2025-06-08 01:15:31] Capped 2 values at 1 for Top5_Prob
INFO [2025-06-08 01:15:31] Capped 5 values at 1 for Top10_Prob
INFO [2025-06-08 01:15:31] Optimizing fantasy relay team
INFO [2025-06-08 01:15:31] Fantasy team optimization complete. Selected 12 teams.
INFO [2025-06-08 01:15:31] Total price: 99826 of max 1e+05
INFO [2025-06-08 01:15:31] Expected total points: 816.6
INFO [2025-06-08 01:15:31] Men's teams: 6 ( 6 )
INFO [2025-06-08 01:15:31] Ladies' teams: 6 ( 6 )
INFO [2025-06-08 01:15:31] Saved points predictions to ~/blog/daehl-e/content/post/cross-country/drafts/weekly-picks/20250608/men_relay.xlsx
INFO [2025-06-08 01:15:31] Saved probability predictions to ~/blog/daehl-e/content/post/cross-country/drafts/weekly-picks/20250608/men_relay_position_probabilities.xlsx
INFO [2025-06-08 01:15:31] Saved points predictions to ~/blog/daehl-e/content/post/cross-country/drafts/weekly-picks/20250608/ladies_relay.xlsx
INFO [2025-06-08 01:15:31] Saved probability predictions to ~/blog/daehl-e/content/post/cross-country/drafts/weekly-picks/20250608/ladies_relay_position_probabilities.xlsx
INFO [2025-06-08 01:15:31] Saved fantasy team results to ~/blog/daehl-e/content/post/cross-country/drafts/weekly-picks/20250608/fantasy_relay_team.xlsx
INFO [2025-06-08 01:15:31] Relay predictions completed successfully
INFO [2025-06-08 01:31:57] Starting relay predictions process
INFO [2025-06-08 01:31:57] Loading weekend race data
INFO [2025-06-08 01:31:57] Tomorrow's date: 2025-06-08
INFO [2025-06-08 01:31:57] Found 1 men's relay races and 1 ladies' relay races
INFO [2025-06-08 01:31:57] Loading chrono data
INFO [2025-06-08 01:32:00] Loaded men's chrono with 105122 rows and 36 columns
INFO [2025-06-08 01:32:00] Loaded ladies' chrono with 78706 rows and 36 columns
INFO [2025-06-08 01:32:00] Created men's relay df with 9688 rows
INFO [2025-06-08 01:32:00] Created men's individual df with 92143 rows
INFO [2025-06-08 01:32:00] Created ladies' relay df with 8019 rows
INFO [2025-06-08 01:32:00] Created ladies' individual df with 68253 rows
INFO [2025-06-08 01:32:03] Training models for Leg 1
INFO [2025-06-08 01:32:03] Using predictors: Distance_C_Pelo_Pct, Classic_Pelo_Pct, Distance_Pelo_Pct, Pelo_Pct, Weighted_Last_5
INFO [2025-06-08 01:32:03] Training podium model using glm
INFO [2025-06-08 01:32:03] Training win model using glm
INFO [2025-06-08 01:32:03] Training top5 model using glm
INFO [2025-06-08 01:32:03] Training top10 model using glm
INFO [2025-06-08 01:32:03] Top features for Leg 1 podium prediction:
INFO [2025-06-08 01:32:03] Training models for Leg 2
INFO [2025-06-08 01:32:03] Using predictors: Distance_C_Pelo_Pct, Classic_Pelo_Pct, Distance_Pelo_Pct, Pelo_Pct, Weighted_Last_5
INFO [2025-06-08 01:32:03] Training podium model using glm
INFO [2025-06-08 01:32:03] Training win model using glm
INFO [2025-06-08 01:32:04] Training top5 model using glm
INFO [2025-06-08 01:32:04] Training top10 model using glm
INFO [2025-06-08 01:32:04] Top features for Leg 2 podium prediction:
INFO [2025-06-08 01:32:04] Training models for Leg 3
INFO [2025-06-08 01:32:04] Using predictors: Distance_F_Pelo_Pct, Freestyle_Pelo_Pct, Distance_Pelo_Pct, Pelo_Pct, Weighted_Last_5
INFO [2025-06-08 01:32:04] Training podium model using glm
INFO [2025-06-08 01:32:04] Training win model using glm
INFO [2025-06-08 01:32:04] Training top5 model using glm
INFO [2025-06-08 01:32:04] Training top10 model using glm
INFO [2025-06-08 01:32:04] Top features for Leg 3 podium prediction:
INFO [2025-06-08 01:32:04] Training models for Leg 4
INFO [2025-06-08 01:32:04] Using predictors: Distance_F_Pelo_Pct, Freestyle_Pelo_Pct, Distance_Pelo_Pct, Sprint_Pelo_Pct, Pelo_Pct, Weighted_Last_5
INFO [2025-06-08 01:32:04] Training podium model using glm
INFO [2025-06-08 01:32:04] Training win model using glm
INFO [2025-06-08 01:32:04] Training top5 model using glm
INFO [2025-06-08 01:32:04] Training top10 model using glm
INFO [2025-06-08 01:32:04] Top features for Leg 4 podium prediction:
INFO [2025-06-08 01:32:04] Training models for Leg 1
INFO [2025-06-08 01:32:04] Using predictors: Distance_C_Pelo_Pct, Classic_Pelo_Pct, Distance_Pelo_Pct, Pelo_Pct, Weighted_Last_5
INFO [2025-06-08 01:32:04] Training podium model using glm
INFO [2025-06-08 01:32:04] Training win model using glm
INFO [2025-06-08 01:32:04] Training top5 model using glm
INFO [2025-06-08 01:32:04] Training top10 model using glm
INFO [2025-06-08 01:32:04] Top features for Leg 1 podium prediction:
INFO [2025-06-08 01:32:04] Training models for Leg 2
INFO [2025-06-08 01:32:04] Using predictors: Distance_C_Pelo_Pct, Classic_Pelo_Pct, Distance_Pelo_Pct, Pelo_Pct, Weighted_Last_5
INFO [2025-06-08 01:32:04] Training podium model using glm
INFO [2025-06-08 01:32:04] Training win model using glm
INFO [2025-06-08 01:32:04] Training top5 model using glm
INFO [2025-06-08 01:32:04] Training top10 model using glm
INFO [2025-06-08 01:32:05] Top features for Leg 2 podium prediction:
INFO [2025-06-08 01:32:05] Training models for Leg 3
INFO [2025-06-08 01:32:05] Using predictors: Distance_F_Pelo_Pct, Freestyle_Pelo_Pct, Distance_Pelo_Pct, Pelo_Pct, Weighted_Last_5
INFO [2025-06-08 01:32:05] Training podium model using glm
INFO [2025-06-08 01:32:05] Training win model using glm
INFO [2025-06-08 01:32:05] Training top5 model using glm
INFO [2025-06-08 01:32:05] Training top10 model using glm
INFO [2025-06-08 01:32:05] Top features for Leg 3 podium prediction:
INFO [2025-06-08 01:32:05] Training models for Leg 4
INFO [2025-06-08 01:32:05] Using predictors: Distance_F_Pelo_Pct, Freestyle_Pelo_Pct, Distance_Pelo_Pct, Sprint_Pelo_Pct, Pelo_Pct, Weighted_Last_5
INFO [2025-06-08 01:32:05] Training podium model using glm
INFO [2025-06-08 01:32:05] Training win model using glm
INFO [2025-06-08 01:32:05] Training top5 model using glm
INFO [2025-06-08 01:32:05] Training top10 model using glm
INFO [2025-06-08 01:32:05] Top features for Leg 4 podium prediction:
INFO [2025-06-08 01:32:05] Processing men's relay predictions
INFO [2025-06-08 01:32:05] Loaded men relay teams startlist with 24 rows
INFO [2025-06-08 01:32:05] Loaded men relay individuals startlist with 96 rows
INFO [2025-06-08 01:32:05] Preparing current men skier data
INFO [2025-06-08 01:32:05] Found 9 Elo columns for current skiers
INFO [2025-06-08 01:32:05] Replaced NAs in Distance_Elo with first quartile: 1207.23243912712
INFO [2025-06-08 01:32:05] Replaced NAs in Distance_C_Elo with first quartile: 1233.40200699225
INFO [2025-06-08 01:32:05] Replaced NAs in Distance_F_Elo with first quartile: 1236.48554062178
INFO [2025-06-08 01:32:05] Replaced NAs in Sprint_Elo with first quartile: 1223.60107000698
INFO [2025-06-08 01:32:05] Replaced NAs in Sprint_C_Elo with first quartile: 1241.28715500947
INFO [2025-06-08 01:32:05] Replaced NAs in Sprint_F_Elo with first quartile: 1234.45151108772
INFO [2025-06-08 01:32:05] Replaced NAs in Classic_Elo with first quartile: 1241.52867310024
INFO [2025-06-08 01:32:05] Replaced NAs in Freestyle_Elo with first quartile: 1228.48649348109
INFO [2025-06-08 01:32:05] Replaced NAs in Distance_Pelo with first quartile: 1211.63035979047
INFO [2025-06-08 01:32:05] Replaced NAs in Distance_C_Pelo with first quartile: 1234.81091928129
INFO [2025-06-08 01:32:05] Replaced NAs in Distance_F_Pelo with first quartile: 1239.65331180248
INFO [2025-06-08 01:32:05] Replaced NAs in Sprint_Pelo with first quartile: 1240.94751821383
INFO [2025-06-08 01:32:05] Replaced NAs in Sprint_C_Pelo with first quartile: 1241.28715500947
INFO [2025-06-08 01:32:05] Replaced NAs in Sprint_F_Pelo with first quartile: 1252.45166310493
INFO [2025-06-08 01:32:05] Replaced NAs in Classic_Pelo with first quartile: 1243.63746068082
INFO [2025-06-08 01:32:05] Replaced NAs in Freestyle_Pelo with first quartile: 1249.30280713791
INFO [2025-06-08 01:32:05] Replaced NAs in Classic_Last_5 with first quartile: 0
INFO [2025-06-08 01:32:05] Replaced NAs in Freestyle_Last_5 with first quartile: 0
INFO [2025-06-08 01:32:05] Created Pelo_Pct from Elo with max value: 1946.6211651574
INFO [2025-06-08 01:32:05] Created Distance_Pelo_Pct from Distance_Elo with max value: 1869.1251911742
INFO [2025-06-08 01:32:05] Created Distance_C_Pelo_Pct from Distance_C_Elo with max value: 1777.16297253153
INFO [2025-06-08 01:32:05] Created Distance_F_Pelo_Pct from Distance_F_Elo with max value: 1695.2053212904
INFO [2025-06-08 01:32:05] Created Sprint_Pelo_Pct from Sprint_Elo with max value: 1886.80363942481
INFO [2025-06-08 01:32:05] Created Sprint_C_Pelo_Pct from Sprint_C_Elo with max value: 1711.08486899169
INFO [2025-06-08 01:32:05] Created Sprint_F_Pelo_Pct from Sprint_F_Elo with max value: 1792.65157560707
INFO [2025-06-08 01:32:05] Created Classic_Pelo_Pct from Classic_Elo with max value: 1807.56773496777
INFO [2025-06-08 01:32:05] Created Freestyle_Pelo_Pct from Freestyle_Elo with max value: 1814.60460629541
INFO [2025-06-08 01:32:05] Prepared data for 381 men skiers with 33 features
INFO [2025-06-08 01:32:05] Using FIS startlist for men's leg predictions
INFO [2025-06-08 01:32:05] Using FIS startlist for men
INFO [2025-06-08 01:32:05] Attempting Option 1: Team model coefficients
INFO [2025-06-08 01:32:05] Option 1 failed: No team_podium model found
INFO [2025-06-08 01:32:05] Option 1 failed: No team model
INFO [2025-06-08 01:32:05] Attempting Option 2: Individual model accuracy
INFO [2025-06-08 01:32:05] Leg 1 accuracy: 0.857948568088837
INFO [2025-06-08 01:32:05] Leg 2 accuracy: 0.854802259887006
INFO [2025-06-08 01:32:05] Leg 3 accuracy: 0.870757841418274
INFO [2025-06-08 01:32:05] Leg 4 accuracy: 0.894730177284239
INFO [2025-06-08 01:32:05] Option 2 succeeded: Using model accuracy weights
INFO [2025-06-08 01:32:05] Leg importance weights: Leg 1: 0.25, Leg 2: 0.25, Leg 3: 0.25, Leg 4: 0.26
INFO [2025-06-08 01:32:05] Processing ladies's relay predictions
INFO [2025-06-08 01:32:05] Loaded ladies relay teams startlist with 20 rows
INFO [2025-06-08 01:32:05] Loaded ladies relay individuals startlist with 80 rows
INFO [2025-06-08 01:32:05] Preparing current ladies skier data
INFO [2025-06-08 01:32:05] Found 9 Elo columns for current skiers
INFO [2025-06-08 01:32:05] Replaced NAs in Distance_Elo with first quartile: 1237.38564383256
INFO [2025-06-08 01:32:05] Replaced NAs in Distance_C_Elo with first quartile: 1243.87329106944
INFO [2025-06-08 01:32:05] Replaced NAs in Distance_F_Elo with first quartile: 1256.69628195708
INFO [2025-06-08 01:32:05] Replaced NAs in Sprint_Elo with first quartile: 1246.32574824425
INFO [2025-06-08 01:32:05] Replaced NAs in Sprint_C_Elo with first quartile: 1257.67866787334
INFO [2025-06-08 01:32:05] Replaced NAs in Sprint_F_Elo with first quartile: 1244.84742904868
INFO [2025-06-08 01:32:05] Replaced NAs in Classic_Elo with first quartile: 1252.44868703669
INFO [2025-06-08 01:32:05] Replaced NAs in Freestyle_Elo with first quartile: 1244.44508230281
INFO [2025-06-08 01:32:05] Replaced NAs in Distance_Pelo with first quartile: 1241.11854419952
INFO [2025-06-08 01:32:05] Replaced NAs in Distance_C_Pelo with first quartile: 1245.57367555166
INFO [2025-06-08 01:32:05] Replaced NAs in Distance_F_Pelo with first quartile: 1259.54282973153
INFO [2025-06-08 01:32:05] Replaced NAs in Sprint_Pelo with first quartile: 1254.59410960767
INFO [2025-06-08 01:32:05] Replaced NAs in Sprint_C_Pelo with first quartile: 1257.58302026178
INFO [2025-06-08 01:32:05] Replaced NAs in Sprint_F_Pelo with first quartile: 1257.67755691493
INFO [2025-06-08 01:32:05] Replaced NAs in Classic_Pelo with first quartile: 1256.79275004544
INFO [2025-06-08 01:32:05] Replaced NAs in Freestyle_Pelo with first quartile: 1256.79999900008
INFO [2025-06-08 01:32:05] Replaced NAs in Classic_Last_5 with first quartile: 3.5
INFO [2025-06-08 01:32:05] Replaced NAs in Freestyle_Last_5 with first quartile: 2.4
INFO [2025-06-08 01:32:05] Created Pelo_Pct from Elo with max value: 1840.99747242401
INFO [2025-06-08 01:32:05] Created Distance_Pelo_Pct from Distance_Elo with max value: 1889.46974050597
INFO [2025-06-08 01:32:05] Created Distance_C_Pelo_Pct from Distance_C_Elo with max value: 1763.33572074398
INFO [2025-06-08 01:32:05] Created Distance_F_Pelo_Pct from Distance_F_Elo with max value: 1693.85026290322
INFO [2025-06-08 01:32:05] Created Sprint_Pelo_Pct from Sprint_Elo with max value: 1742.75320156525
INFO [2025-06-08 01:32:05] Created Sprint_C_Pelo_Pct from Sprint_C_Elo with max value: 1601.58469902127
INFO [2025-06-08 01:32:05] Created Sprint_F_Pelo_Pct from Sprint_F_Elo with max value: 1681.09824552997
INFO [2025-06-08 01:32:05] Created Classic_Pelo_Pct from Classic_Elo with max value: 1698.68768563646
INFO [2025-06-08 01:32:05] Created Freestyle_Pelo_Pct from Freestyle_Elo with max value: 1707.58410982918
INFO [2025-06-08 01:32:05] Prepared data for 255 ladies skiers with 33 features
INFO [2025-06-08 01:32:05] Using FIS startlist for ladies's leg predictions
INFO [2025-06-08 01:32:05] Using FIS startlist for ladies
INFO [2025-06-08 01:32:05] Attempting Option 1: Team model coefficients
INFO [2025-06-08 01:32:05] Option 1 failed: No team_podium model found
INFO [2025-06-08 01:32:05] Option 1 failed: No team model
INFO [2025-06-08 01:32:05] Attempting Option 2: Individual model accuracy
INFO [2025-06-08 01:32:05] Leg 1 accuracy: 0.821794871794872
INFO [2025-06-08 01:32:05] Leg 2 accuracy: 0.833333333333333
INFO [2025-06-08 01:32:05] Leg 3 accuracy: 0.805128205128205
INFO [2025-06-08 01:32:05] Leg 4 accuracy: 0.796969696969697
INFO [2025-06-08 01:32:05] Option 2 succeeded: Using model accuracy weights
INFO [2025-06-08 01:32:05] Leg importance weights: Leg 1: 0.25, Leg 2: 0.26, Leg 3: 0.25, Leg 4: 0.24
INFO [2025-06-08 01:32:05] Resetting men's probabilities at or below the mode to zero
INFO [2025-06-08 01:32:05] No values appear more than twice for Win_Prob
INFO [2025-06-08 01:32:05] No values appear more than twice for Podium_Prob
INFO [2025-06-08 01:32:05] No values appear more than twice for Top5_Prob
INFO [2025-06-08 01:32:05] No values appear more than twice for Top10_Prob
INFO [2025-06-08 01:32:05] Resetting ladies' probabilities at or below the mode to zero
INFO [2025-06-08 01:32:05] Reset 3 values to 0 for Win_Prob (repeated values or values <  0 )
INFO [2025-06-08 01:32:05] Repeated values: 0
INFO [2025-06-08 01:32:05] No values appear more than twice for Podium_Prob
INFO [2025-06-08 01:32:05] No values appear more than twice for Top5_Prob
INFO [2025-06-08 01:32:05] No values appear more than twice for Top10_Prob
INFO [2025-06-08 01:32:05] Normalizing men's team probabilities
INFO [2025-06-08 01:32:05] Normalized Win_Prob from sum of 0.72 to 1
INFO [2025-06-08 01:32:05] Normalized Podium_Prob from sum of 2.34 to 3
INFO [2025-06-08 01:32:05] Normalized Top5_Prob from sum of 4.2 to 5
INFO [2025-06-08 01:32:05] Normalized Top10_Prob from sum of 10.33 to 10
INFO [2025-06-08 01:32:05] Capped 1 values at 1 for Podium_Prob
INFO [2025-06-08 01:32:05] Capped 1 values at 1 for Top5_Prob
INFO [2025-06-08 01:32:05] Normalizing ladies' team probabilities
INFO [2025-06-08 01:32:05] Normalized Win_Prob from sum of 1.12 to 1
INFO [2025-06-08 01:32:05] Normalized Podium_Prob from sum of 3.27 to 3
INFO [2025-06-08 01:32:05] Normalized Top5_Prob from sum of 4.51 to 5
INFO [2025-06-08 01:32:05] Normalized Top10_Prob from sum of 9.37 to 10
INFO [2025-06-08 01:32:05] Capped 2 values at 1 for Top5_Prob
INFO [2025-06-08 01:32:05] Capped 5 values at 1 for Top10_Prob
INFO [2025-06-08 01:32:05] Final capping of probabilities to maximum of 1
INFO [2025-06-08 01:32:05] Capped 1 values at 1 for Podium_Prob
INFO [2025-06-08 01:32:05] Capped 1 values at 1 for Top5_Prob
INFO [2025-06-08 01:32:05] Capped 2 values at 1 for Top5_Prob
INFO [2025-06-08 01:32:05] Capped 5 values at 1 for Top10_Prob
INFO [2025-06-08 01:32:05] Optimizing fantasy relay team
INFO [2025-06-08 01:32:06] Fantasy team optimization complete. Selected 12 teams.
INFO [2025-06-08 01:32:06] Total price: 99826 of max 1e+05
INFO [2025-06-08 01:32:06] Expected total points: 814.4
INFO [2025-06-08 01:32:06] Men's teams: 6 ( 6 )
INFO [2025-06-08 01:32:06] Ladies' teams: 6 ( 6 )
INFO [2025-06-08 01:32:06] Saved points predictions to ~/blog/daehl-e/content/post/cross-country/drafts/weekly-picks/20250608/men_relay.xlsx
INFO [2025-06-08 01:32:06] Saved probability predictions to ~/blog/daehl-e/content/post/cross-country/drafts/weekly-picks/20250608/men_relay_position_probabilities.xlsx
INFO [2025-06-08 01:32:06] Saved points predictions to ~/blog/daehl-e/content/post/cross-country/drafts/weekly-picks/20250608/ladies_relay.xlsx
INFO [2025-06-08 01:32:06] Saved probability predictions to ~/blog/daehl-e/content/post/cross-country/drafts/weekly-picks/20250608/ladies_relay_position_probabilities.xlsx
INFO [2025-06-08 01:32:06] Saved fantasy team results to ~/blog/daehl-e/content/post/cross-country/drafts/weekly-picks/20250608/fantasy_relay_team.xlsx
INFO [2025-06-08 01:32:06] Relay predictions completed successfully
