INFO [2025-06-08 00:11:54] Starting team sprint predictions process
INFO [2025-06-08 00:11:54] Loading weekend race data
INFO [2025-06-08 00:11:54] Tomorrow's date: 2025-06-08
INFO [2025-06-08 00:11:54] Found 1 men's team sprint races and 1 ladies' team sprint races
INFO [2025-06-08 00:11:54] Men's team sprint technique: C
INFO [2025-06-08 00:11:54] Ladies' team sprint technique: C
INFO [2025-06-08 00:11:54] Men's team sprint technique: C
INFO [2025-06-08 00:11:54] Ladies' team sprint technique: C
INFO [2025-06-08 00:11:54] Loading chrono data
INFO [2025-06-08 00:11:56] Loaded men's chrono with 105122 rows and 36 columns
INFO [2025-06-08 00:11:56] Loaded ladies' chrono with 78706 rows and 36 columns
INFO [2025-06-08 00:11:57] Created men's team sprint df with 3291 rows
INFO [2025-06-08 00:11:57] Created men's individual df with 92143 rows
INFO [2025-06-08 00:11:57] Created ladies' team sprint df with 2434 rows
INFO [2025-06-08 00:11:57] Created ladies' individual df with 68253 rows
INFO [2025-06-08 00:11:59] Filtered men's team sprint data by technique C - kept 997 of 3291 records
INFO [2025-06-08 00:11:59] Filtered ladies' team sprint data by technique C - kept 700 of 2434 records
INFO [2025-06-08 00:11:59] Training models for Leg 1
INFO [2025-06-08 00:11:59] Determined technique from leg data: C
INFO [2025-06-08 00:11:59] Race is classic technique - using classic-specific predictors
INFO [2025-06-08 00:11:59] Selected predictors for leg 1 : Pelo_Pct, Weighted_Last_5, Sprint_Pelo_Pct, Distance_Pelo_Pct, Sprint_C_Pelo_Pct, Classic_Pelo_Pct, Sprint_F_Pelo_Pct
INFO [2025-06-08 00:11:59] Using predictors: Pelo_Pct, Weighted_Last_5, Sprint_Pelo_Pct, Distance_Pelo_Pct, Sprint_C_Pelo_Pct, Classic_Pelo_Pct, Sprint_F_Pelo_Pct
INFO [2025-06-08 00:11:59] Training podium model using glm
INFO [2025-06-08 00:11:59] Training win model using glm
INFO [2025-06-08 00:11:59] Training top5 model using glm
INFO [2025-06-08 00:11:59] Training top10 model using glm
INFO [2025-06-08 00:11:59] Top features for Leg 1 podium prediction:
INFO [2025-06-08 00:11:59] Training models for Leg 2
INFO [2025-06-08 00:11:59] Determined technique from leg data: C
INFO [2025-06-08 00:11:59] Race is classic technique - using classic-specific predictors
INFO [2025-06-08 00:11:59] Selected predictors for leg 2 : Pelo_Pct, Weighted_Last_5, Sprint_Pelo_Pct, Distance_Pelo_Pct, Sprint_C_Pelo_Pct, Classic_Pelo_Pct, Sprint_F_Pelo_Pct
INFO [2025-06-08 00:11:59] Using predictors: Pelo_Pct, Weighted_Last_5, Sprint_Pelo_Pct, Distance_Pelo_Pct, Sprint_C_Pelo_Pct, Classic_Pelo_Pct, Sprint_F_Pelo_Pct
INFO [2025-06-08 00:11:59] Training podium model using glm
INFO [2025-06-08 00:11:59] Training win model using glm
INFO [2025-06-08 00:11:59] Training top5 model using glm
INFO [2025-06-08 00:11:59] Training top10 model using glm
INFO [2025-06-08 00:11:59] Top features for Leg 2 podium prediction:
INFO [2025-06-08 00:11:59] Training models for Leg 1
INFO [2025-06-08 00:11:59] Determined technique from leg data: C
INFO [2025-06-08 00:11:59] Race is classic technique - using classic-specific predictors
INFO [2025-06-08 00:11:59] Selected predictors for leg 1 : Pelo_Pct, Weighted_Last_5, Sprint_Pelo_Pct, Distance_Pelo_Pct, Sprint_C_Pelo_Pct, Classic_Pelo_Pct, Sprint_F_Pelo_Pct
INFO [2025-06-08 00:11:59] Using predictors: Pelo_Pct, Weighted_Last_5, Sprint_Pelo_Pct, Distance_Pelo_Pct, Sprint_C_Pelo_Pct, Classic_Pelo_Pct, Sprint_F_Pelo_Pct
INFO [2025-06-08 00:11:59] Training podium model using glm
INFO [2025-06-08 00:12:00] Training win model using glm
INFO [2025-06-08 00:12:00] Training top5 model using glm
INFO [2025-06-08 00:12:00] Training top10 model using glm
INFO [2025-06-08 00:12:00] Top features for Leg 1 podium prediction:
INFO [2025-06-08 00:12:00] Training models for Leg 2
INFO [2025-06-08 00:12:00] Determined technique from leg data: C
INFO [2025-06-08 00:12:00] Race is classic technique - using classic-specific predictors
INFO [2025-06-08 00:12:00] Selected predictors for leg 2 : Pelo_Pct, Weighted_Last_5, Sprint_Pelo_Pct, Distance_Pelo_Pct, Sprint_C_Pelo_Pct, Classic_Pelo_Pct, Sprint_F_Pelo_Pct
INFO [2025-06-08 00:12:00] Using predictors: Pelo_Pct, Weighted_Last_5, Sprint_Pelo_Pct, Distance_Pelo_Pct, Sprint_C_Pelo_Pct, Classic_Pelo_Pct, Sprint_F_Pelo_Pct
INFO [2025-06-08 00:12:00] Training podium model using glm
INFO [2025-06-08 00:12:00] Training win model using glm
INFO [2025-06-08 00:12:00] Training top5 model using glm
INFO [2025-06-08 00:12:00] Training top10 model using glm
INFO [2025-06-08 00:12:00] Top features for Leg 2 podium prediction:
INFO [2025-06-08 00:12:00] Processing men's team sprint predictions
INFO [2025-06-08 00:12:00] Loaded men team sprint teams startlist with 31 rows
INFO [2025-06-08 00:12:00] Loaded men team sprint individuals startlist with 62 rows
INFO [2025-06-08 00:12:00] Preparing current men skier data
INFO [2025-06-08 00:12:00] Replaced NAs in Distance_Elo with first quartile: 1207.23243912712
INFO [2025-06-08 00:12:00] Replaced NAs in Distance_C_Elo with first quartile: 1233.40200699225
INFO [2025-06-08 00:12:00] Replaced NAs in Distance_F_Elo with first quartile: 1236.48554062178
INFO [2025-06-08 00:12:00] Replaced NAs in Sprint_Elo with first quartile: 1223.60107000698
INFO [2025-06-08 00:12:00] Replaced NAs in Sprint_C_Elo with first quartile: 1241.28715500947
INFO [2025-06-08 00:12:00] Replaced NAs in Sprint_F_Elo with first quartile: 1234.45151108772
INFO [2025-06-08 00:12:00] Replaced NAs in Classic_Elo with first quartile: 1241.52867310024
INFO [2025-06-08 00:12:00] Replaced NAs in Freestyle_Elo with first quartile: 1228.48649348109
INFO [2025-06-08 00:12:00] Replaced NAs in Distance_Pelo with first quartile: 1211.63035979047
INFO [2025-06-08 00:12:00] Replaced NAs in Distance_C_Pelo with first quartile: 1234.81091928129
INFO [2025-06-08 00:12:00] Replaced NAs in Distance_F_Pelo with first quartile: 1239.65331180248
INFO [2025-06-08 00:12:00] Replaced NAs in Sprint_Pelo with first quartile: 1240.94751821383
INFO [2025-06-08 00:12:00] Replaced NAs in Sprint_C_Pelo with first quartile: 1241.28715500947
INFO [2025-06-08 00:12:00] Replaced NAs in Sprint_F_Pelo with first quartile: 1252.45166310493
INFO [2025-06-08 00:12:00] Replaced NAs in Classic_Pelo with first quartile: 1243.63746068082
INFO [2025-06-08 00:12:00] Replaced NAs in Freestyle_Pelo with first quartile: 1249.30280713791
INFO [2025-06-08 00:12:00] Replaced NAs in Sprint_Last_5 with first quartile: 0
INFO [2025-06-08 00:12:00] Created Pelo_Pct from Elo with max value: 1946.6211651574
INFO [2025-06-08 00:12:00] Created Distance_Pelo_Pct from Distance_Elo with max value: 1869.1251911742
INFO [2025-06-08 00:12:00] Created Distance_C_Pelo_Pct from Distance_C_Elo with max value: 1777.16297253153
INFO [2025-06-08 00:12:00] Created Distance_F_Pelo_Pct from Distance_F_Elo with max value: 1695.2053212904
INFO [2025-06-08 00:12:00] Created Sprint_Pelo_Pct from Sprint_Elo with max value: 1886.80363942481
INFO [2025-06-08 00:12:00] Created Sprint_C_Pelo_Pct from Sprint_C_Elo with max value: 1711.08486899169
INFO [2025-06-08 00:12:00] Created Sprint_F_Pelo_Pct from Sprint_F_Elo with max value: 1792.65157560707
INFO [2025-06-08 00:12:00] Created Classic_Pelo_Pct from Classic_Elo with max value: 1807.56773496777
INFO [2025-06-08 00:12:00] Created Freestyle_Pelo_Pct from Freestyle_Elo with max value: 1814.60460629541
INFO [2025-06-08 00:12:00] Prepared data for 381 men skiers with 31 features
INFO [2025-06-08 00:12:00] Using FIS startlist for men's leg predictions
INFO [2025-06-08 00:12:00] Using FIS startlist for men
INFO [2025-06-08 00:12:00] Attempting Option 1: Team model coefficients
INFO [2025-06-08 00:12:00] Option 1 failed: No team_podium model found
INFO [2025-06-08 00:12:00] Option 1 failed: No team model
INFO [2025-06-08 00:12:00] Attempting Option 2: Individual model accuracy
INFO [2025-06-08 00:12:00] Leg 1 accuracy: 0.910853658536585
INFO [2025-06-08 00:12:00] Leg 2 accuracy: 0.912891986062718
INFO [2025-06-08 00:12:00] Option 2 succeeded: Using model accuracy weights
INFO [2025-06-08 00:12:00] Leg importance weights: Leg 1: 0.50, Leg 2: 0.50
INFO [2025-06-08 00:12:00] Processing ladies' team sprint predictions
INFO [2025-06-08 00:12:00] Loaded ladies team sprint teams startlist with 26 rows
INFO [2025-06-08 00:12:00] Loaded ladies team sprint individuals startlist with 52 rows
INFO [2025-06-08 00:12:00] Preparing current ladies skier data
INFO [2025-06-08 00:12:00] Replaced NAs in Distance_Elo with first quartile: 1237.38564383256
INFO [2025-06-08 00:12:00] Replaced NAs in Distance_C_Elo with first quartile: 1243.87329106944
INFO [2025-06-08 00:12:00] Replaced NAs in Distance_F_Elo with first quartile: 1256.69628195708
INFO [2025-06-08 00:12:00] Replaced NAs in Sprint_Elo with first quartile: 1246.32574824425
INFO [2025-06-08 00:12:00] Replaced NAs in Sprint_C_Elo with first quartile: 1257.67866787334
INFO [2025-06-08 00:12:00] Replaced NAs in Sprint_F_Elo with first quartile: 1244.84742904868
INFO [2025-06-08 00:12:00] Replaced NAs in Classic_Elo with first quartile: 1252.44868703669
INFO [2025-06-08 00:12:00] Replaced NAs in Freestyle_Elo with first quartile: 1244.44508230281
INFO [2025-06-08 00:12:00] Replaced NAs in Distance_Pelo with first quartile: 1241.11854419952
INFO [2025-06-08 00:12:00] Replaced NAs in Distance_C_Pelo with first quartile: 1245.57367555166
INFO [2025-06-08 00:12:00] Replaced NAs in Distance_F_Pelo with first quartile: 1259.54282973153
INFO [2025-06-08 00:12:00] Replaced NAs in Sprint_Pelo with first quartile: 1254.59410960767
INFO [2025-06-08 00:12:00] Replaced NAs in Sprint_C_Pelo with first quartile: 1257.58302026178
INFO [2025-06-08 00:12:00] Replaced NAs in Sprint_F_Pelo with first quartile: 1257.67755691493
INFO [2025-06-08 00:12:00] Replaced NAs in Classic_Pelo with first quartile: 1256.79275004544
INFO [2025-06-08 00:12:00] Replaced NAs in Freestyle_Pelo with first quartile: 1256.79999900008
INFO [2025-06-08 00:12:00] Replaced NAs in Sprint_Last_5 with first quartile: 0
INFO [2025-06-08 00:12:00] Created Pelo_Pct from Elo with max value: 1840.99747242401
INFO [2025-06-08 00:12:00] Created Distance_Pelo_Pct from Distance_Elo with max value: 1889.46974050597
INFO [2025-06-08 00:12:00] Created Distance_C_Pelo_Pct from Distance_C_Elo with max value: 1763.33572074398
INFO [2025-06-08 00:12:00] Created Distance_F_Pelo_Pct from Distance_F_Elo with max value: 1693.85026290322
INFO [2025-06-08 00:12:00] Created Sprint_Pelo_Pct from Sprint_Elo with max value: 1742.75320156525
INFO [2025-06-08 00:12:00] Created Sprint_C_Pelo_Pct from Sprint_C_Elo with max value: 1601.58469902127
INFO [2025-06-08 00:12:00] Created Sprint_F_Pelo_Pct from Sprint_F_Elo with max value: 1681.09824552997
INFO [2025-06-08 00:12:00] Created Classic_Pelo_Pct from Classic_Elo with max value: 1698.68768563646
INFO [2025-06-08 00:12:00] Created Freestyle_Pelo_Pct from Freestyle_Elo with max value: 1707.58410982918
INFO [2025-06-08 00:12:00] Prepared data for 255 ladies skiers with 31 features
INFO [2025-06-08 00:12:00] Using FIS startlist for ladies' leg predictions
INFO [2025-06-08 00:12:00] Using FIS startlist for ladies
INFO [2025-06-08 00:12:00] Attempting Option 1: Team model coefficients
INFO [2025-06-08 00:12:00] Option 1 failed: No team_podium model found
INFO [2025-06-08 00:12:00] Option 1 failed: No team model
INFO [2025-06-08 00:12:00] Attempting Option 2: Individual model accuracy
INFO [2025-06-08 00:12:00] Leg 1 accuracy: 0.849450549450549
INFO [2025-06-08 00:12:00] Leg 2 accuracy: 0.849450549450549
INFO [2025-06-08 00:12:00] Option 2 succeeded: Using model accuracy weights
INFO [2025-06-08 00:12:00] Leg importance weights: Leg 1: 0.50, Leg 2: 0.50
INFO [2025-06-08 00:12:00] Resetting men's probabilities at or below the mode to zero
INFO [2025-06-08 00:12:00] Resetting ladies' probabilities at or below the mode to zero
INFO [2025-06-08 00:12:00] Normalizing men's team probabilities
INFO [2025-06-08 00:12:00] Normalized Win_Prob from sum of 1 to 1 and capped individual values at 1.0
INFO [2025-06-08 00:12:00] Normalized Podium_Prob from sum of 1.82 to 2.5 and capped individual values at 1.0
INFO [2025-06-08 00:12:00] Normalized Top5_Prob from sum of 3.41 to 4.61 and capped individual values at 1.0
INFO [2025-06-08 00:12:00] Normalized Top10_Prob from sum of 7.37 to 8.89 and capped individual values at 1.0
INFO [2025-06-08 00:12:00] Recalculated Expected_Points based on normalized probabilities
INFO [2025-06-08 00:12:00] Normalizing ladies' team probabilities
INFO [2025-06-08 00:12:00] Normalized Win_Prob from sum of 0.5 to 1 and capped individual values at 1.0
INFO [2025-06-08 00:12:00] Normalized Podium_Prob from sum of 2.57 to 3 and capped individual values at 1.0
INFO [2025-06-08 00:12:00] Normalized Top5_Prob from sum of 3.85 to 4.98 and capped individual values at 1.0
INFO [2025-06-08 00:12:00] Normalized Top10_Prob from sum of 7.76 to 9.12 and capped individual values at 1.0
INFO [2025-06-08 00:12:00] Recalculated Expected_Points based on normalized probabilities
INFO [2025-06-08 00:12:00] Optimizing fantasy team sprint team
INFO [2025-06-08 00:12:00] Fantasy team optimization complete. Selected 8 teams.
INFO [2025-06-08 00:12:00] Total price: 99973 of max 1e+05
INFO [2025-06-08 00:12:00] Expected total points: 815.9
INFO [2025-06-08 00:12:00] Men's teams: 4 ( 4 )
INFO [2025-06-08 00:12:00] Ladies' teams: 4 ( 4 )
INFO [2025-06-08 00:12:00] Saved points predictions to ~/blog/daehl-e/content/post/cross-country/drafts/weekly-picks/20250608/men_team_sprint.xlsx
INFO [2025-06-08 00:12:00] Saved probability predictions to ~/blog/daehl-e/content/post/cross-country/drafts/weekly-picks/20250608/men_team_sprint_position_probabilities.xlsx
INFO [2025-06-08 00:12:00] Saved points predictions to ~/blog/daehl-e/content/post/cross-country/drafts/weekly-picks/20250608/ladies_team_sprint.xlsx
INFO [2025-06-08 00:12:00] Saved probability predictions to ~/blog/daehl-e/content/post/cross-country/drafts/weekly-picks/20250608/ladies_team_sprint_position_probabilities.xlsx
INFO [2025-06-08 00:12:00] Saved fantasy team results to ~/blog/daehl-e/content/post/cross-country/drafts/weekly-picks/20250608/fantasy_team_sprint_team.xlsx
INFO [2025-06-08 00:12:00] Team sprint predictions completed successfully
INFO [2025-06-08 00:18:12] Starting team sprint predictions process
INFO [2025-06-08 00:18:13] Loading weekend race data
INFO [2025-06-08 00:18:13] Tomorrow's date: 2025-06-08
INFO [2025-06-08 00:18:13] Found 1 men's team sprint races and 1 ladies' team sprint races
INFO [2025-06-08 00:18:13] Men's team sprint technique: C
INFO [2025-06-08 00:18:13] Ladies' team sprint technique: C
INFO [2025-06-08 00:18:13] Men's team sprint technique: C
INFO [2025-06-08 00:18:13] Ladies' team sprint technique: C
INFO [2025-06-08 00:18:13] Loading chrono data
INFO [2025-06-08 00:18:15] Loaded men's chrono with 105122 rows and 36 columns
INFO [2025-06-08 00:18:15] Loaded ladies' chrono with 78706 rows and 36 columns
INFO [2025-06-08 00:18:15] Created men's team sprint df with 3291 rows
INFO [2025-06-08 00:18:15] Created men's individual df with 92143 rows
INFO [2025-06-08 00:18:15] Created ladies' team sprint df with 2434 rows
INFO [2025-06-08 00:18:15] Created ladies' individual df with 68253 rows
INFO [2025-06-08 00:18:17] Filtered men's team sprint data by technique C - kept 997 of 3291 records
INFO [2025-06-08 00:18:17] Filtered ladies' team sprint data by technique C - kept 700 of 2434 records
INFO [2025-06-08 00:18:17] Training models for Leg 1
INFO [2025-06-08 00:18:17] Determined technique from leg data: C
INFO [2025-06-08 00:18:17] Race is classic technique - using classic-specific predictors
INFO [2025-06-08 00:18:17] Selected predictors for leg 1 : Pelo_Pct, Weighted_Last_5, Sprint_Pelo_Pct, Distance_Pelo_Pct, Sprint_C_Pelo_Pct, Classic_Pelo_Pct, Sprint_F_Pelo_Pct
INFO [2025-06-08 00:18:17] Using predictors: Pelo_Pct, Weighted_Last_5, Sprint_Pelo_Pct, Distance_Pelo_Pct, Sprint_C_Pelo_Pct, Classic_Pelo_Pct, Sprint_F_Pelo_Pct
INFO [2025-06-08 00:18:17] Training podium model using glm
INFO [2025-06-08 00:18:17] Training win model using glm
INFO [2025-06-08 00:18:18] Training top5 model using glm
INFO [2025-06-08 00:18:18] Training top10 model using glm
INFO [2025-06-08 00:18:18] Top features for Leg 1 podium prediction:
INFO [2025-06-08 00:18:18] Training models for Leg 2
INFO [2025-06-08 00:18:18] Determined technique from leg data: C
INFO [2025-06-08 00:18:18] Race is classic technique - using classic-specific predictors
INFO [2025-06-08 00:18:18] Selected predictors for leg 2 : Pelo_Pct, Weighted_Last_5, Sprint_Pelo_Pct, Distance_Pelo_Pct, Sprint_C_Pelo_Pct, Classic_Pelo_Pct, Sprint_F_Pelo_Pct
INFO [2025-06-08 00:18:18] Using predictors: Pelo_Pct, Weighted_Last_5, Sprint_Pelo_Pct, Distance_Pelo_Pct, Sprint_C_Pelo_Pct, Classic_Pelo_Pct, Sprint_F_Pelo_Pct
INFO [2025-06-08 00:18:18] Training podium model using glm
INFO [2025-06-08 00:18:18] Training win model using glm
INFO [2025-06-08 00:18:18] Training top5 model using glm
INFO [2025-06-08 00:18:18] Training top10 model using glm
INFO [2025-06-08 00:18:18] Top features for Leg 2 podium prediction:
INFO [2025-06-08 00:18:18] Training models for Leg 1
INFO [2025-06-08 00:18:18] Determined technique from leg data: C
INFO [2025-06-08 00:18:18] Race is classic technique - using classic-specific predictors
INFO [2025-06-08 00:18:18] Selected predictors for leg 1 : Pelo_Pct, Weighted_Last_5, Sprint_Pelo_Pct, Distance_Pelo_Pct, Sprint_C_Pelo_Pct, Classic_Pelo_Pct, Sprint_F_Pelo_Pct
INFO [2025-06-08 00:18:18] Using predictors: Pelo_Pct, Weighted_Last_5, Sprint_Pelo_Pct, Distance_Pelo_Pct, Sprint_C_Pelo_Pct, Classic_Pelo_Pct, Sprint_F_Pelo_Pct
INFO [2025-06-08 00:18:18] Training podium model using glm
INFO [2025-06-08 00:18:18] Training win model using glm
INFO [2025-06-08 00:18:18] Training top5 model using glm
INFO [2025-06-08 00:18:18] Training top10 model using glm
INFO [2025-06-08 00:18:18] Top features for Leg 1 podium prediction:
INFO [2025-06-08 00:18:18] Training models for Leg 2
INFO [2025-06-08 00:18:18] Determined technique from leg data: C
INFO [2025-06-08 00:18:18] Race is classic technique - using classic-specific predictors
INFO [2025-06-08 00:18:18] Selected predictors for leg 2 : Pelo_Pct, Weighted_Last_5, Sprint_Pelo_Pct, Distance_Pelo_Pct, Sprint_C_Pelo_Pct, Classic_Pelo_Pct, Sprint_F_Pelo_Pct
INFO [2025-06-08 00:18:18] Using predictors: Pelo_Pct, Weighted_Last_5, Sprint_Pelo_Pct, Distance_Pelo_Pct, Sprint_C_Pelo_Pct, Classic_Pelo_Pct, Sprint_F_Pelo_Pct
INFO [2025-06-08 00:18:18] Training podium model using glm
INFO [2025-06-08 00:18:18] Training win model using glm
INFO [2025-06-08 00:18:18] Training top5 model using glm
INFO [2025-06-08 00:18:18] Training top10 model using glm
INFO [2025-06-08 00:18:18] Top features for Leg 2 podium prediction:
INFO [2025-06-08 00:18:18] Processing men's team sprint predictions
INFO [2025-06-08 00:18:18] Loaded men team sprint teams startlist with 31 rows
INFO [2025-06-08 00:18:18] Loaded men team sprint individuals startlist with 62 rows
INFO [2025-06-08 00:18:18] Preparing current men skier data
INFO [2025-06-08 00:18:18] Replaced NAs in Distance_Elo with first quartile: 1207.23243912712
INFO [2025-06-08 00:18:18] Replaced NAs in Distance_C_Elo with first quartile: 1233.40200699225
INFO [2025-06-08 00:18:18] Replaced NAs in Distance_F_Elo with first quartile: 1236.48554062178
INFO [2025-06-08 00:18:18] Replaced NAs in Sprint_Elo with first quartile: 1223.60107000698
INFO [2025-06-08 00:18:18] Replaced NAs in Sprint_C_Elo with first quartile: 1241.28715500947
INFO [2025-06-08 00:18:18] Replaced NAs in Sprint_F_Elo with first quartile: 1234.45151108772
INFO [2025-06-08 00:18:18] Replaced NAs in Classic_Elo with first quartile: 1241.52867310024
INFO [2025-06-08 00:18:18] Replaced NAs in Freestyle_Elo with first quartile: 1228.48649348109
INFO [2025-06-08 00:18:18] Replaced NAs in Distance_Pelo with first quartile: 1211.63035979047
INFO [2025-06-08 00:18:18] Replaced NAs in Distance_C_Pelo with first quartile: 1234.81091928129
INFO [2025-06-08 00:18:18] Replaced NAs in Distance_F_Pelo with first quartile: 1239.65331180248
INFO [2025-06-08 00:18:18] Replaced NAs in Sprint_Pelo with first quartile: 1240.94751821383
INFO [2025-06-08 00:18:18] Replaced NAs in Sprint_C_Pelo with first quartile: 1241.28715500947
INFO [2025-06-08 00:18:18] Replaced NAs in Sprint_F_Pelo with first quartile: 1252.45166310493
INFO [2025-06-08 00:18:18] Replaced NAs in Classic_Pelo with first quartile: 1243.63746068082
INFO [2025-06-08 00:18:18] Replaced NAs in Freestyle_Pelo with first quartile: 1249.30280713791
INFO [2025-06-08 00:18:18] Replaced NAs in Sprint_Last_5 with first quartile: 0
INFO [2025-06-08 00:18:18] Created Pelo_Pct from Elo with max value: 1946.6211651574
INFO [2025-06-08 00:18:18] Created Distance_Pelo_Pct from Distance_Elo with max value: 1869.1251911742
INFO [2025-06-08 00:18:18] Created Distance_C_Pelo_Pct from Distance_C_Elo with max value: 1777.16297253153
INFO [2025-06-08 00:18:18] Created Distance_F_Pelo_Pct from Distance_F_Elo with max value: 1695.2053212904
INFO [2025-06-08 00:18:18] Created Sprint_Pelo_Pct from Sprint_Elo with max value: 1886.80363942481
INFO [2025-06-08 00:18:18] Created Sprint_C_Pelo_Pct from Sprint_C_Elo with max value: 1711.08486899169
INFO [2025-06-08 00:18:18] Created Sprint_F_Pelo_Pct from Sprint_F_Elo with max value: 1792.65157560707
INFO [2025-06-08 00:18:18] Created Classic_Pelo_Pct from Classic_Elo with max value: 1807.56773496777
INFO [2025-06-08 00:18:18] Created Freestyle_Pelo_Pct from Freestyle_Elo with max value: 1814.60460629541
INFO [2025-06-08 00:18:18] Prepared data for 381 men skiers with 31 features
INFO [2025-06-08 00:18:18] Using FIS startlist for men's leg predictions
INFO [2025-06-08 00:18:18] Using FIS startlist for men
INFO [2025-06-08 00:18:18] Attempting Option 1: Team model coefficients
INFO [2025-06-08 00:18:18] Option 1 failed: No team_podium model found
INFO [2025-06-08 00:18:18] Option 1 failed: No team model
INFO [2025-06-08 00:18:18] Attempting Option 2: Individual model accuracy
INFO [2025-06-08 00:18:18] Leg 1 accuracy: 0.905975609756098
INFO [2025-06-08 00:18:18] Leg 2 accuracy: 0.912195121951219
INFO [2025-06-08 00:18:18] Option 2 succeeded: Using model accuracy weights
INFO [2025-06-08 00:18:18] Leg importance weights: Leg 1: 0.50, Leg 2: 0.50
INFO [2025-06-08 00:18:18] Processing ladies' team sprint predictions
INFO [2025-06-08 00:18:18] Loaded ladies team sprint teams startlist with 26 rows
INFO [2025-06-08 00:18:18] Loaded ladies team sprint individuals startlist with 52 rows
INFO [2025-06-08 00:18:18] Preparing current ladies skier data
INFO [2025-06-08 00:18:18] Replaced NAs in Distance_Elo with first quartile: 1237.38564383256
INFO [2025-06-08 00:18:18] Replaced NAs in Distance_C_Elo with first quartile: 1243.87329106944
INFO [2025-06-08 00:18:18] Replaced NAs in Distance_F_Elo with first quartile: 1256.69628195708
INFO [2025-06-08 00:18:18] Replaced NAs in Sprint_Elo with first quartile: 1246.32574824425
INFO [2025-06-08 00:18:18] Replaced NAs in Sprint_C_Elo with first quartile: 1257.67866787334
INFO [2025-06-08 00:18:18] Replaced NAs in Sprint_F_Elo with first quartile: 1244.84742904868
INFO [2025-06-08 00:18:18] Replaced NAs in Classic_Elo with first quartile: 1252.44868703669
INFO [2025-06-08 00:18:18] Replaced NAs in Freestyle_Elo with first quartile: 1244.44508230281
INFO [2025-06-08 00:18:18] Replaced NAs in Distance_Pelo with first quartile: 1241.11854419952
INFO [2025-06-08 00:18:18] Replaced NAs in Distance_C_Pelo with first quartile: 1245.57367555166
INFO [2025-06-08 00:18:18] Replaced NAs in Distance_F_Pelo with first quartile: 1259.54282973153
INFO [2025-06-08 00:18:18] Replaced NAs in Sprint_Pelo with first quartile: 1254.59410960767
INFO [2025-06-08 00:18:18] Replaced NAs in Sprint_C_Pelo with first quartile: 1257.58302026178
INFO [2025-06-08 00:18:18] Replaced NAs in Sprint_F_Pelo with first quartile: 1257.67755691493
INFO [2025-06-08 00:18:18] Replaced NAs in Classic_Pelo with first quartile: 1256.79275004544
INFO [2025-06-08 00:18:18] Replaced NAs in Freestyle_Pelo with first quartile: 1256.79999900008
INFO [2025-06-08 00:18:18] Replaced NAs in Sprint_Last_5 with first quartile: 0
INFO [2025-06-08 00:18:18] Created Pelo_Pct from Elo with max value: 1840.99747242401
INFO [2025-06-08 00:18:18] Created Distance_Pelo_Pct from Distance_Elo with max value: 1889.46974050597
INFO [2025-06-08 00:18:18] Created Distance_C_Pelo_Pct from Distance_C_Elo with max value: 1763.33572074398
INFO [2025-06-08 00:18:18] Created Distance_F_Pelo_Pct from Distance_F_Elo with max value: 1693.85026290322
INFO [2025-06-08 00:18:18] Created Sprint_Pelo_Pct from Sprint_Elo with max value: 1742.75320156525
INFO [2025-06-08 00:18:18] Created Sprint_C_Pelo_Pct from Sprint_C_Elo with max value: 1601.58469902127
INFO [2025-06-08 00:18:18] Created Sprint_F_Pelo_Pct from Sprint_F_Elo with max value: 1681.09824552997
INFO [2025-06-08 00:18:18] Created Classic_Pelo_Pct from Classic_Elo with max value: 1698.68768563646
INFO [2025-06-08 00:18:18] Created Freestyle_Pelo_Pct from Freestyle_Elo with max value: 1707.58410982918
INFO [2025-06-08 00:18:18] Prepared data for 255 ladies skiers with 31 features
INFO [2025-06-08 00:18:18] Using FIS startlist for ladies' leg predictions
INFO [2025-06-08 00:18:18] Using FIS startlist for ladies
INFO [2025-06-08 00:18:18] Attempting Option 1: Team model coefficients
INFO [2025-06-08 00:18:18] Option 1 failed: No team_podium model found
INFO [2025-06-08 00:18:19] Option 1 failed: No team model
INFO [2025-06-08 00:18:19] Attempting Option 2: Individual model accuracy
INFO [2025-06-08 00:18:19] Leg 1 accuracy: 0.85054945054945
INFO [2025-06-08 00:18:19] Leg 2 accuracy: 0.807692307692308
INFO [2025-06-08 00:18:19] Option 2 succeeded: Using model accuracy weights
INFO [2025-06-08 00:18:19] Leg importance weights: Leg 1: 0.51, Leg 2: 0.49
INFO [2025-06-08 00:18:19] Resetting men's probabilities at or below the mode to zero
INFO [2025-06-08 00:18:19] Resetting ladies' probabilities at or below the mode to zero
INFO [2025-06-08 00:18:19] Normalizing men's team probabilities
INFO [2025-06-08 00:18:19] Normalized Win_Prob from sum of 1 to 1 and capped individual values at 1.0
INFO [2025-06-08 00:18:19] Normalized Podium_Prob from sum of 1.82 to 2.5 and capped individual values at 1.0
INFO [2025-06-08 00:18:19] Normalized Top5_Prob from sum of 3.41 to 4.61 and capped individual values at 1.0
INFO [2025-06-08 00:18:19] Normalized Top10_Prob from sum of 7.37 to 8.89 and capped individual values at 1.0
INFO [2025-06-08 00:18:19] Recalculated Expected_Points based on normalized probabilities
INFO [2025-06-08 00:18:19] Normalizing ladies' team probabilities
INFO [2025-06-08 00:18:19] Normalized Win_Prob from sum of 0.51 to 1 and capped individual values at 1.0
INFO [2025-06-08 00:18:19] Normalized Podium_Prob from sum of 2.58 to 3 and capped individual values at 1.0
INFO [2025-06-08 00:18:19] Normalized Top5_Prob from sum of 3.88 to 4.98 and capped individual values at 1.0
INFO [2025-06-08 00:18:19] Normalized Top10_Prob from sum of 7.78 to 9.15 and capped individual values at 1.0
INFO [2025-06-08 00:18:19] Recalculated Expected_Points based on normalized probabilities
INFO [2025-06-08 00:18:19] Optimizing fantasy team sprint team
INFO [2025-06-08 00:18:19] Fantasy team optimization complete. Selected 8 teams.
INFO [2025-06-08 00:18:19] Total price: 99973 of max 1e+05
INFO [2025-06-08 00:18:19] Expected total points: 816
INFO [2025-06-08 00:18:19] Men's teams: 4 ( 4 )
INFO [2025-06-08 00:18:19] Ladies' teams: 4 ( 4 )
INFO [2025-06-08 00:18:19] Saved points predictions to ~/blog/daehl-e/content/post/cross-country/drafts/weekly-picks/20250608/men_team_sprint.xlsx
INFO [2025-06-08 00:18:19] Saved probability predictions to ~/blog/daehl-e/content/post/cross-country/drafts/weekly-picks/20250608/men_team_sprint_position_probabilities.xlsx
INFO [2025-06-08 00:18:19] Saved points predictions to ~/blog/daehl-e/content/post/cross-country/drafts/weekly-picks/20250608/ladies_team_sprint.xlsx
INFO [2025-06-08 00:18:19] Saved probability predictions to ~/blog/daehl-e/content/post/cross-country/drafts/weekly-picks/20250608/ladies_team_sprint_position_probabilities.xlsx
INFO [2025-06-08 00:18:19] Saved fantasy team results to ~/blog/daehl-e/content/post/cross-country/drafts/weekly-picks/20250608/fantasy_team_sprint_team.xlsx
INFO [2025-06-08 00:18:19] Team sprint predictions completed successfully
INFO [2025-06-08 00:36:55] Starting team sprint predictions process
INFO [2025-06-08 00:36:56] Loading weekend race data
INFO [2025-06-08 00:36:56] Tomorrow's date: 2025-06-08
INFO [2025-06-08 00:36:56] Found 1 men's team sprint races and 1 ladies' team sprint races
INFO [2025-06-08 00:36:56] Men's team sprint technique: C
INFO [2025-06-08 00:36:56] Ladies' team sprint technique: C
INFO [2025-06-08 00:36:56] Men's team sprint technique: C
INFO [2025-06-08 00:36:56] Ladies' team sprint technique: C
INFO [2025-06-08 00:36:56] Loading chrono data
INFO [2025-06-08 00:36:58] Loaded men's chrono with 105122 rows and 36 columns
INFO [2025-06-08 00:36:58] Loaded ladies' chrono with 78706 rows and 36 columns
INFO [2025-06-08 00:36:58] Created men's team sprint df with 3291 rows
INFO [2025-06-08 00:36:58] Created men's individual df with 92143 rows
INFO [2025-06-08 00:36:58] Created ladies' team sprint df with 2434 rows
INFO [2025-06-08 00:36:58] Created ladies' individual df with 68253 rows
INFO [2025-06-08 00:37:00] Filtered men's team sprint data by technique C - kept 997 of 3291 records
INFO [2025-06-08 00:37:00] Filtered ladies' team sprint data by technique C - kept 700 of 2434 records
INFO [2025-06-08 00:37:01] Training models for Leg 1
INFO [2025-06-08 00:37:01] Determined technique from leg data: C
INFO [2025-06-08 00:37:01] Race is classic technique - using classic-specific predictors
INFO [2025-06-08 00:37:01] Selected predictors for leg 1 : Pelo_Pct, Weighted_Last_5, Sprint_Pelo_Pct, Distance_Pelo_Pct, Sprint_C_Pelo_Pct, Classic_Pelo_Pct, Sprint_F_Pelo_Pct
INFO [2025-06-08 00:37:01] Using predictors: Pelo_Pct, Weighted_Last_5, Sprint_Pelo_Pct, Distance_Pelo_Pct, Sprint_C_Pelo_Pct, Classic_Pelo_Pct, Sprint_F_Pelo_Pct
INFO [2025-06-08 00:37:01] Training podium model using glm
INFO [2025-06-08 00:37:01] Training win model using glm
INFO [2025-06-08 00:37:01] Training top5 model using glm
INFO [2025-06-08 00:37:01] Training top10 model using glm
INFO [2025-06-08 00:37:01] Top features for Leg 1 podium prediction:
INFO [2025-06-08 00:37:01] Training models for Leg 2
INFO [2025-06-08 00:37:01] Determined technique from leg data: C
INFO [2025-06-08 00:37:01] Race is classic technique - using classic-specific predictors
INFO [2025-06-08 00:37:01] Selected predictors for leg 2 : Pelo_Pct, Weighted_Last_5, Sprint_Pelo_Pct, Distance_Pelo_Pct, Sprint_C_Pelo_Pct, Classic_Pelo_Pct, Sprint_F_Pelo_Pct
INFO [2025-06-08 00:37:01] Using predictors: Pelo_Pct, Weighted_Last_5, Sprint_Pelo_Pct, Distance_Pelo_Pct, Sprint_C_Pelo_Pct, Classic_Pelo_Pct, Sprint_F_Pelo_Pct
INFO [2025-06-08 00:37:01] Training podium model using glm
INFO [2025-06-08 00:37:01] Training win model using glm
INFO [2025-06-08 00:37:01] Training top5 model using glm
INFO [2025-06-08 00:37:01] Training top10 model using glm
INFO [2025-06-08 00:37:01] Top features for Leg 2 podium prediction:
INFO [2025-06-08 00:37:01] Training models for Leg 1
INFO [2025-06-08 00:37:01] Determined technique from leg data: C
INFO [2025-06-08 00:37:01] Race is classic technique - using classic-specific predictors
INFO [2025-06-08 00:37:01] Selected predictors for leg 1 : Pelo_Pct, Weighted_Last_5, Sprint_Pelo_Pct, Distance_Pelo_Pct, Sprint_C_Pelo_Pct, Classic_Pelo_Pct, Sprint_F_Pelo_Pct
INFO [2025-06-08 00:37:01] Using predictors: Pelo_Pct, Weighted_Last_5, Sprint_Pelo_Pct, Distance_Pelo_Pct, Sprint_C_Pelo_Pct, Classic_Pelo_Pct, Sprint_F_Pelo_Pct
INFO [2025-06-08 00:37:01] Training podium model using glm
INFO [2025-06-08 00:37:01] Training win model using glm
INFO [2025-06-08 00:37:01] Training top5 model using glm
INFO [2025-06-08 00:37:01] Training top10 model using glm
INFO [2025-06-08 00:37:01] Top features for Leg 1 podium prediction:
INFO [2025-06-08 00:37:01] Training models for Leg 2
INFO [2025-06-08 00:37:01] Determined technique from leg data: C
INFO [2025-06-08 00:37:01] Race is classic technique - using classic-specific predictors
INFO [2025-06-08 00:37:01] Selected predictors for leg 2 : Pelo_Pct, Weighted_Last_5, Sprint_Pelo_Pct, Distance_Pelo_Pct, Sprint_C_Pelo_Pct, Classic_Pelo_Pct, Sprint_F_Pelo_Pct
INFO [2025-06-08 00:37:01] Using predictors: Pelo_Pct, Weighted_Last_5, Sprint_Pelo_Pct, Distance_Pelo_Pct, Sprint_C_Pelo_Pct, Classic_Pelo_Pct, Sprint_F_Pelo_Pct
INFO [2025-06-08 00:37:01] Training podium model using glm
INFO [2025-06-08 00:37:01] Training win model using glm
INFO [2025-06-08 00:37:01] Training top5 model using glm
INFO [2025-06-08 00:37:01] Training top10 model using glm
INFO [2025-06-08 00:37:01] Top features for Leg 2 podium prediction:
INFO [2025-06-08 00:37:01] Processing men's team sprint predictions
INFO [2025-06-08 00:37:01] Loaded men team sprint teams startlist with 31 rows
INFO [2025-06-08 00:37:01] Loaded men team sprint individuals startlist with 62 rows
INFO [2025-06-08 00:37:02] Preparing current men skier data
INFO [2025-06-08 00:37:02] Replaced NAs in Distance_Elo with first quartile: 1207.23243912712
INFO [2025-06-08 00:37:02] Replaced NAs in Distance_C_Elo with first quartile: 1233.40200699225
INFO [2025-06-08 00:37:02] Replaced NAs in Distance_F_Elo with first quartile: 1236.48554062178
INFO [2025-06-08 00:37:02] Replaced NAs in Sprint_Elo with first quartile: 1223.60107000698
INFO [2025-06-08 00:37:02] Replaced NAs in Sprint_C_Elo with first quartile: 1241.28715500947
INFO [2025-06-08 00:37:02] Replaced NAs in Sprint_F_Elo with first quartile: 1234.45151108772
INFO [2025-06-08 00:37:02] Replaced NAs in Classic_Elo with first quartile: 1241.52867310024
INFO [2025-06-08 00:37:02] Replaced NAs in Freestyle_Elo with first quartile: 1228.48649348109
INFO [2025-06-08 00:37:02] Replaced NAs in Distance_Pelo with first quartile: 1211.63035979047
INFO [2025-06-08 00:37:02] Replaced NAs in Distance_C_Pelo with first quartile: 1234.81091928129
INFO [2025-06-08 00:37:02] Replaced NAs in Distance_F_Pelo with first quartile: 1239.65331180248
INFO [2025-06-08 00:37:02] Replaced NAs in Sprint_Pelo with first quartile: 1240.94751821383
INFO [2025-06-08 00:37:02] Replaced NAs in Sprint_C_Pelo with first quartile: 1241.28715500947
INFO [2025-06-08 00:37:02] Replaced NAs in Sprint_F_Pelo with first quartile: 1252.45166310493
INFO [2025-06-08 00:37:02] Replaced NAs in Classic_Pelo with first quartile: 1243.63746068082
INFO [2025-06-08 00:37:02] Replaced NAs in Freestyle_Pelo with first quartile: 1249.30280713791
INFO [2025-06-08 00:37:02] Replaced NAs in Sprint_Last_5 with first quartile: 0
INFO [2025-06-08 00:37:02] Created Pelo_Pct from Elo with max value: 1946.6211651574
INFO [2025-06-08 00:37:02] Created Distance_Pelo_Pct from Distance_Elo with max value: 1869.1251911742
INFO [2025-06-08 00:37:02] Created Distance_C_Pelo_Pct from Distance_C_Elo with max value: 1777.16297253153
INFO [2025-06-08 00:37:02] Created Distance_F_Pelo_Pct from Distance_F_Elo with max value: 1695.2053212904
INFO [2025-06-08 00:37:02] Created Sprint_Pelo_Pct from Sprint_Elo with max value: 1886.80363942481
INFO [2025-06-08 00:37:02] Created Sprint_C_Pelo_Pct from Sprint_C_Elo with max value: 1711.08486899169
INFO [2025-06-08 00:37:02] Created Sprint_F_Pelo_Pct from Sprint_F_Elo with max value: 1792.65157560707
INFO [2025-06-08 00:37:02] Created Classic_Pelo_Pct from Classic_Elo with max value: 1807.56773496777
INFO [2025-06-08 00:37:02] Created Freestyle_Pelo_Pct from Freestyle_Elo with max value: 1814.60460629541
INFO [2025-06-08 00:37:02] Prepared data for 381 men skiers with 31 features
INFO [2025-06-08 00:37:02] Using FIS startlist for men's leg predictions
INFO [2025-06-08 00:37:02] Using FIS startlist for men
INFO [2025-06-08 00:37:02] Attempting Option 1: Team model coefficients
INFO [2025-06-08 00:37:02] Option 1 failed: No team_podium model found
INFO [2025-06-08 00:37:02] Option 1 failed: No team model
INFO [2025-06-08 00:37:02] Attempting Option 2: Individual model accuracy
INFO [2025-06-08 00:37:02] Leg 1 accuracy: 0.905853658536585
INFO [2025-06-08 00:37:02] Leg 2 accuracy: 0.921939605110337
INFO [2025-06-08 00:37:02] Option 2 succeeded: Using model accuracy weights
INFO [2025-06-08 00:37:02] Leg importance weights: Leg 1: 0.50, Leg 2: 0.50
INFO [2025-06-08 00:37:02] Processing ladies' team sprint predictions
INFO [2025-06-08 00:37:02] Loaded ladies team sprint teams startlist with 26 rows
INFO [2025-06-08 00:37:02] Loaded ladies team sprint individuals startlist with 52 rows
INFO [2025-06-08 00:37:02] Preparing current ladies skier data
INFO [2025-06-08 00:37:02] Replaced NAs in Distance_Elo with first quartile: 1237.38564383256
INFO [2025-06-08 00:37:02] Replaced NAs in Distance_C_Elo with first quartile: 1243.87329106944
INFO [2025-06-08 00:37:02] Replaced NAs in Distance_F_Elo with first quartile: 1256.69628195708
INFO [2025-06-08 00:37:02] Replaced NAs in Sprint_Elo with first quartile: 1246.32574824425
INFO [2025-06-08 00:37:02] Replaced NAs in Sprint_C_Elo with first quartile: 1257.67866787334
INFO [2025-06-08 00:37:02] Replaced NAs in Sprint_F_Elo with first quartile: 1244.84742904868
INFO [2025-06-08 00:37:02] Replaced NAs in Classic_Elo with first quartile: 1252.44868703669
INFO [2025-06-08 00:37:02] Replaced NAs in Freestyle_Elo with first quartile: 1244.44508230281
INFO [2025-06-08 00:37:02] Replaced NAs in Distance_Pelo with first quartile: 1241.11854419952
INFO [2025-06-08 00:37:02] Replaced NAs in Distance_C_Pelo with first quartile: 1245.57367555166
INFO [2025-06-08 00:37:02] Replaced NAs in Distance_F_Pelo with first quartile: 1259.54282973153
INFO [2025-06-08 00:37:02] Replaced NAs in Sprint_Pelo with first quartile: 1254.59410960767
INFO [2025-06-08 00:37:02] Replaced NAs in Sprint_C_Pelo with first quartile: 1257.58302026178
INFO [2025-06-08 00:37:02] Replaced NAs in Sprint_F_Pelo with first quartile: 1257.67755691493
INFO [2025-06-08 00:37:02] Replaced NAs in Classic_Pelo with first quartile: 1256.79275004544
INFO [2025-06-08 00:37:02] Replaced NAs in Freestyle_Pelo with first quartile: 1256.79999900008
INFO [2025-06-08 00:37:02] Replaced NAs in Sprint_Last_5 with first quartile: 0
INFO [2025-06-08 00:37:02] Created Pelo_Pct from Elo with max value: 1840.99747242401
INFO [2025-06-08 00:37:02] Created Distance_Pelo_Pct from Distance_Elo with max value: 1889.46974050597
INFO [2025-06-08 00:37:02] Created Distance_C_Pelo_Pct from Distance_C_Elo with max value: 1763.33572074398
INFO [2025-06-08 00:37:02] Created Distance_F_Pelo_Pct from Distance_F_Elo with max value: 1693.85026290322
INFO [2025-06-08 00:37:02] Created Sprint_Pelo_Pct from Sprint_Elo with max value: 1742.75320156525
INFO [2025-06-08 00:37:02] Created Sprint_C_Pelo_Pct from Sprint_C_Elo with max value: 1601.58469902127
INFO [2025-06-08 00:37:02] Created Sprint_F_Pelo_Pct from Sprint_F_Elo with max value: 1681.09824552997
INFO [2025-06-08 00:37:02] Created Classic_Pelo_Pct from Classic_Elo with max value: 1698.68768563646
INFO [2025-06-08 00:37:02] Created Freestyle_Pelo_Pct from Freestyle_Elo with max value: 1707.58410982918
INFO [2025-06-08 00:37:02] Prepared data for 255 ladies skiers with 31 features
INFO [2025-06-08 00:37:02] Using FIS startlist for ladies' leg predictions
INFO [2025-06-08 00:37:02] Using FIS startlist for ladies
INFO [2025-06-08 00:37:02] Attempting Option 1: Team model coefficients
INFO [2025-06-08 00:37:02] Option 1 failed: No team_podium model found
INFO [2025-06-08 00:37:02] Option 1 failed: No team model
INFO [2025-06-08 00:37:02] Attempting Option 2: Individual model accuracy
INFO [2025-06-08 00:37:02] Leg 1 accuracy: 0.847252747252747
INFO [2025-06-08 00:37:02] Leg 2 accuracy: 0.802930402930403
INFO [2025-06-08 00:37:02] Option 2 succeeded: Using model accuracy weights
INFO [2025-06-08 00:37:02] Leg importance weights: Leg 1: 0.51, Leg 2: 0.49
INFO [2025-06-08 00:37:02] Resetting men's probabilities at or below the mode to zero
INFO [2025-06-08 00:37:02] Resetting ladies' probabilities at or below the mode to zero
INFO [2025-06-08 00:37:02] Normalizing men's team probabilities
INFO [2025-06-08 00:37:02] Normalized Win_Prob from sum of 1 to 1 and capped individual values at 1.0
INFO [2025-06-08 00:37:02] Normalized Podium_Prob from sum of 1.82 to 2.51 and capped individual values at 1.0
INFO [2025-06-08 00:37:02] Normalized Top5_Prob from sum of 3.41 to 4.61 and capped individual values at 1.0
INFO [2025-06-08 00:37:02] Normalized Top10_Prob from sum of 7.38 to 8.89 and capped individual values at 1.0
INFO [2025-06-08 00:37:02] Recalculated Expected_Points based on normalized probabilities
INFO [2025-06-08 00:37:02] Normalizing ladies' team probabilities
INFO [2025-06-08 00:37:02] Normalized Win_Prob from sum of 0.51 to 1 and capped individual values at 1.0
INFO [2025-06-08 00:37:02] Normalized Podium_Prob from sum of 2.58 to 3 and capped individual values at 1.0
INFO [2025-06-08 00:37:02] Normalized Top5_Prob from sum of 3.88 to 4.98 and capped individual values at 1.0
INFO [2025-06-08 00:37:02] Normalized Top10_Prob from sum of 7.78 to 9.15 and capped individual values at 1.0
INFO [2025-06-08 00:37:02] Recalculated Expected_Points based on normalized probabilities
INFO [2025-06-08 00:37:02] Optimizing fantasy team sprint team
INFO [2025-06-08 00:37:02] Fantasy team optimization complete. Selected 8 teams.
INFO [2025-06-08 00:37:02] Total price: 99973 of max 1e+05
INFO [2025-06-08 00:37:02] Expected total points: 816.1
INFO [2025-06-08 00:37:02] Men's teams: 4 ( 4 )
INFO [2025-06-08 00:37:02] Ladies' teams: 4 ( 4 )
INFO [2025-06-08 00:37:02] Saved points predictions to ~/blog/daehl-e/content/post/cross-country/drafts/weekly-picks/20250608/men_team_sprint.xlsx
INFO [2025-06-08 00:37:02] Saved probability predictions to ~/blog/daehl-e/content/post/cross-country/drafts/weekly-picks/20250608/men_team_sprint_position_probabilities.xlsx
INFO [2025-06-08 00:37:02] Saved points predictions to ~/blog/daehl-e/content/post/cross-country/drafts/weekly-picks/20250608/ladies_team_sprint.xlsx
INFO [2025-06-08 00:37:02] Saved probability predictions to ~/blog/daehl-e/content/post/cross-country/drafts/weekly-picks/20250608/ladies_team_sprint_position_probabilities.xlsx
INFO [2025-06-08 00:37:02] Saved fantasy team results to ~/blog/daehl-e/content/post/cross-country/drafts/weekly-picks/20250608/fantasy_team_sprint_team.xlsx
INFO [2025-06-08 00:37:02] Team sprint predictions completed successfully
INFO [2025-06-08 01:15:43] Starting team sprint predictions process
INFO [2025-06-08 01:15:44] Loading weekend race data
INFO [2025-06-08 01:15:44] Tomorrow's date: 2025-06-08
INFO [2025-06-08 01:15:44] Found 1 men's team sprint races and 1 ladies' team sprint races
INFO [2025-06-08 01:15:44] Men's team sprint technique: C
INFO [2025-06-08 01:15:44] Ladies' team sprint technique: C
INFO [2025-06-08 01:15:44] Men's team sprint technique: C
INFO [2025-06-08 01:15:44] Ladies' team sprint technique: C
INFO [2025-06-08 01:15:44] Loading chrono data
INFO [2025-06-08 01:15:46] Loaded men's chrono with 105122 rows and 36 columns
INFO [2025-06-08 01:15:46] Loaded ladies' chrono with 78706 rows and 36 columns
INFO [2025-06-08 01:15:46] Created men's team sprint df with 3291 rows
INFO [2025-06-08 01:15:46] Created men's individual df with 92143 rows
INFO [2025-06-08 01:15:46] Created ladies' team sprint df with 2434 rows
INFO [2025-06-08 01:15:46] Created ladies' individual df with 68253 rows
INFO [2025-06-08 01:15:48] Filtered men's team sprint data by technique C - kept 997 of 3291 records
INFO [2025-06-08 01:15:48] Filtered ladies' team sprint data by technique C - kept 700 of 2434 records
INFO [2025-06-08 01:15:49] Training models for Leg 1
INFO [2025-06-08 01:15:49] Determined technique from leg data: C
INFO [2025-06-08 01:15:49] Race is classic technique - using classic-specific predictors
INFO [2025-06-08 01:15:49] Selected predictors for leg 1 : Pelo_Pct, Weighted_Last_5, Sprint_Pelo_Pct, Distance_Pelo_Pct, Sprint_C_Pelo_Pct, Classic_Pelo_Pct, Sprint_F_Pelo_Pct
INFO [2025-06-08 01:15:49] Using predictors: Pelo_Pct, Weighted_Last_5, Sprint_Pelo_Pct, Distance_Pelo_Pct, Sprint_C_Pelo_Pct, Classic_Pelo_Pct, Sprint_F_Pelo_Pct
INFO [2025-06-08 01:15:49] Training podium model using glm
INFO [2025-06-08 01:15:49] Training win model using glm
INFO [2025-06-08 01:15:49] Training top5 model using glm
INFO [2025-06-08 01:15:49] Training top10 model using glm
INFO [2025-06-08 01:15:49] Top features for Leg 1 podium prediction:
INFO [2025-06-08 01:15:49] Training models for Leg 2
INFO [2025-06-08 01:15:49] Determined technique from leg data: C
INFO [2025-06-08 01:15:49] Race is classic technique - using classic-specific predictors
INFO [2025-06-08 01:15:49] Selected predictors for leg 2 : Pelo_Pct, Weighted_Last_5, Sprint_Pelo_Pct, Distance_Pelo_Pct, Sprint_C_Pelo_Pct, Classic_Pelo_Pct, Sprint_F_Pelo_Pct
INFO [2025-06-08 01:15:49] Using predictors: Pelo_Pct, Weighted_Last_5, Sprint_Pelo_Pct, Distance_Pelo_Pct, Sprint_C_Pelo_Pct, Classic_Pelo_Pct, Sprint_F_Pelo_Pct
INFO [2025-06-08 01:15:49] Training podium model using glm
INFO [2025-06-08 01:15:49] Training win model using glm
INFO [2025-06-08 01:15:49] Training top5 model using glm
INFO [2025-06-08 01:15:49] Training top10 model using glm
INFO [2025-06-08 01:15:49] Top features for Leg 2 podium prediction:
INFO [2025-06-08 01:15:49] Training models for Leg 1
INFO [2025-06-08 01:15:49] Determined technique from leg data: C
INFO [2025-06-08 01:15:49] Race is classic technique - using classic-specific predictors
INFO [2025-06-08 01:15:49] Selected predictors for leg 1 : Pelo_Pct, Weighted_Last_5, Sprint_Pelo_Pct, Distance_Pelo_Pct, Sprint_C_Pelo_Pct, Classic_Pelo_Pct, Sprint_F_Pelo_Pct
INFO [2025-06-08 01:15:49] Using predictors: Pelo_Pct, Weighted_Last_5, Sprint_Pelo_Pct, Distance_Pelo_Pct, Sprint_C_Pelo_Pct, Classic_Pelo_Pct, Sprint_F_Pelo_Pct
INFO [2025-06-08 01:15:49] Training podium model using glm
INFO [2025-06-08 01:15:49] Training win model using glm
INFO [2025-06-08 01:15:49] Training top5 model using glm
INFO [2025-06-08 01:15:49] Training top10 model using glm
INFO [2025-06-08 01:15:49] Top features for Leg 1 podium prediction:
INFO [2025-06-08 01:15:49] Training models for Leg 2
INFO [2025-06-08 01:15:49] Determined technique from leg data: C
INFO [2025-06-08 01:15:49] Race is classic technique - using classic-specific predictors
INFO [2025-06-08 01:15:49] Selected predictors for leg 2 : Pelo_Pct, Weighted_Last_5, Sprint_Pelo_Pct, Distance_Pelo_Pct, Sprint_C_Pelo_Pct, Classic_Pelo_Pct, Sprint_F_Pelo_Pct
INFO [2025-06-08 01:15:49] Using predictors: Pelo_Pct, Weighted_Last_5, Sprint_Pelo_Pct, Distance_Pelo_Pct, Sprint_C_Pelo_Pct, Classic_Pelo_Pct, Sprint_F_Pelo_Pct
INFO [2025-06-08 01:15:49] Training podium model using glm
INFO [2025-06-08 01:15:49] Training win model using glm
INFO [2025-06-08 01:15:49] Training top5 model using glm
INFO [2025-06-08 01:15:49] Training top10 model using glm
INFO [2025-06-08 01:15:49] Top features for Leg 2 podium prediction:
INFO [2025-06-08 01:15:49] Processing men's team sprint predictions
INFO [2025-06-08 01:15:49] Loaded men team sprint teams startlist with 31 rows
INFO [2025-06-08 01:15:49] Loaded men team sprint individuals startlist with 62 rows
INFO [2025-06-08 01:15:49] Preparing current men skier data
INFO [2025-06-08 01:15:50] Replaced NAs in Distance_Elo with first quartile: 1207.23243912712
INFO [2025-06-08 01:15:50] Replaced NAs in Distance_C_Elo with first quartile: 1233.40200699225
INFO [2025-06-08 01:15:50] Replaced NAs in Distance_F_Elo with first quartile: 1236.48554062178
INFO [2025-06-08 01:15:50] Replaced NAs in Sprint_Elo with first quartile: 1223.60107000698
INFO [2025-06-08 01:15:50] Replaced NAs in Sprint_C_Elo with first quartile: 1241.28715500947
INFO [2025-06-08 01:15:50] Replaced NAs in Sprint_F_Elo with first quartile: 1234.45151108772
INFO [2025-06-08 01:15:50] Replaced NAs in Classic_Elo with first quartile: 1241.52867310024
INFO [2025-06-08 01:15:50] Replaced NAs in Freestyle_Elo with first quartile: 1228.48649348109
INFO [2025-06-08 01:15:50] Replaced NAs in Distance_Pelo with first quartile: 1211.63035979047
INFO [2025-06-08 01:15:50] Replaced NAs in Distance_C_Pelo with first quartile: 1234.81091928129
INFO [2025-06-08 01:15:50] Replaced NAs in Distance_F_Pelo with first quartile: 1239.65331180248
INFO [2025-06-08 01:15:50] Replaced NAs in Sprint_Pelo with first quartile: 1240.94751821383
INFO [2025-06-08 01:15:50] Replaced NAs in Sprint_C_Pelo with first quartile: 1241.28715500947
INFO [2025-06-08 01:15:50] Replaced NAs in Sprint_F_Pelo with first quartile: 1252.45166310493
INFO [2025-06-08 01:15:50] Replaced NAs in Classic_Pelo with first quartile: 1243.63746068082
INFO [2025-06-08 01:15:50] Replaced NAs in Freestyle_Pelo with first quartile: 1249.30280713791
INFO [2025-06-08 01:15:50] Replaced NAs in Sprint_Last_5 with first quartile: 0
INFO [2025-06-08 01:15:50] Created Pelo_Pct from Elo with max value: 1946.6211651574
INFO [2025-06-08 01:15:50] Created Distance_Pelo_Pct from Distance_Elo with max value: 1869.1251911742
INFO [2025-06-08 01:15:50] Created Distance_C_Pelo_Pct from Distance_C_Elo with max value: 1777.16297253153
INFO [2025-06-08 01:15:50] Created Distance_F_Pelo_Pct from Distance_F_Elo with max value: 1695.2053212904
INFO [2025-06-08 01:15:50] Created Sprint_Pelo_Pct from Sprint_Elo with max value: 1886.80363942481
INFO [2025-06-08 01:15:50] Created Sprint_C_Pelo_Pct from Sprint_C_Elo with max value: 1711.08486899169
INFO [2025-06-08 01:15:50] Created Sprint_F_Pelo_Pct from Sprint_F_Elo with max value: 1792.65157560707
INFO [2025-06-08 01:15:50] Created Classic_Pelo_Pct from Classic_Elo with max value: 1807.56773496777
INFO [2025-06-08 01:15:50] Created Freestyle_Pelo_Pct from Freestyle_Elo with max value: 1814.60460629541
INFO [2025-06-08 01:15:50] Prepared data for 381 men skiers with 31 features
INFO [2025-06-08 01:15:50] Using FIS startlist for men's leg predictions
INFO [2025-06-08 01:15:50] Using FIS startlist for men
INFO [2025-06-08 01:15:50] Attempting Option 1: Team model coefficients
INFO [2025-06-08 01:15:50] Option 1 failed: No team_podium model found
INFO [2025-06-08 01:15:50] Option 1 failed: No team model
INFO [2025-06-08 01:15:50] Attempting Option 2: Individual model accuracy
INFO [2025-06-08 01:15:50] Leg 1 accuracy: 0.915714285714286
INFO [2025-06-08 01:15:50] Leg 2 accuracy: 0.912293844367015
INFO [2025-06-08 01:15:50] Option 2 succeeded: Using model accuracy weights
INFO [2025-06-08 01:15:50] Leg importance weights: Leg 1: 0.50, Leg 2: 0.50
INFO [2025-06-08 01:15:50] Processing ladies' team sprint predictions
INFO [2025-06-08 01:15:50] Loaded ladies team sprint teams startlist with 26 rows
INFO [2025-06-08 01:15:50] Loaded ladies team sprint individuals startlist with 52 rows
INFO [2025-06-08 01:15:50] Preparing current ladies skier data
INFO [2025-06-08 01:15:50] Replaced NAs in Distance_Elo with first quartile: 1237.38564383256
INFO [2025-06-08 01:15:50] Replaced NAs in Distance_C_Elo with first quartile: 1243.87329106944
INFO [2025-06-08 01:15:50] Replaced NAs in Distance_F_Elo with first quartile: 1256.69628195708
INFO [2025-06-08 01:15:50] Replaced NAs in Sprint_Elo with first quartile: 1246.32574824425
INFO [2025-06-08 01:15:50] Replaced NAs in Sprint_C_Elo with first quartile: 1257.67866787334
INFO [2025-06-08 01:15:50] Replaced NAs in Sprint_F_Elo with first quartile: 1244.84742904868
INFO [2025-06-08 01:15:50] Replaced NAs in Classic_Elo with first quartile: 1252.44868703669
INFO [2025-06-08 01:15:50] Replaced NAs in Freestyle_Elo with first quartile: 1244.44508230281
INFO [2025-06-08 01:15:50] Replaced NAs in Distance_Pelo with first quartile: 1241.11854419952
INFO [2025-06-08 01:15:50] Replaced NAs in Distance_C_Pelo with first quartile: 1245.57367555166
INFO [2025-06-08 01:15:50] Replaced NAs in Distance_F_Pelo with first quartile: 1259.54282973153
INFO [2025-06-08 01:15:50] Replaced NAs in Sprint_Pelo with first quartile: 1254.59410960767
INFO [2025-06-08 01:15:50] Replaced NAs in Sprint_C_Pelo with first quartile: 1257.58302026178
INFO [2025-06-08 01:15:50] Replaced NAs in Sprint_F_Pelo with first quartile: 1257.67755691493
INFO [2025-06-08 01:15:50] Replaced NAs in Classic_Pelo with first quartile: 1256.79275004544
INFO [2025-06-08 01:15:50] Replaced NAs in Freestyle_Pelo with first quartile: 1256.79999900008
INFO [2025-06-08 01:15:50] Replaced NAs in Sprint_Last_5 with first quartile: 0
INFO [2025-06-08 01:15:50] Created Pelo_Pct from Elo with max value: 1840.99747242401
INFO [2025-06-08 01:15:50] Created Distance_Pelo_Pct from Distance_Elo with max value: 1889.46974050597
INFO [2025-06-08 01:15:50] Created Distance_C_Pelo_Pct from Distance_C_Elo with max value: 1763.33572074398
INFO [2025-06-08 01:15:50] Created Distance_F_Pelo_Pct from Distance_F_Elo with max value: 1693.85026290322
INFO [2025-06-08 01:15:50] Created Sprint_Pelo_Pct from Sprint_Elo with max value: 1742.75320156525
INFO [2025-06-08 01:15:50] Created Sprint_C_Pelo_Pct from Sprint_C_Elo with max value: 1601.58469902127
INFO [2025-06-08 01:15:50] Created Sprint_F_Pelo_Pct from Sprint_F_Elo with max value: 1681.09824552997
INFO [2025-06-08 01:15:50] Created Classic_Pelo_Pct from Classic_Elo with max value: 1698.68768563646
INFO [2025-06-08 01:15:50] Created Freestyle_Pelo_Pct from Freestyle_Elo with max value: 1707.58410982918
INFO [2025-06-08 01:15:50] Prepared data for 255 ladies skiers with 31 features
INFO [2025-06-08 01:15:50] Using FIS startlist for ladies' leg predictions
INFO [2025-06-08 01:15:50] Using FIS startlist for ladies
INFO [2025-06-08 01:15:50] Attempting Option 1: Team model coefficients
INFO [2025-06-08 01:15:50] Option 1 failed: No team_podium model found
INFO [2025-06-08 01:15:50] Option 1 failed: No team model
INFO [2025-06-08 01:15:50] Attempting Option 2: Individual model accuracy
INFO [2025-06-08 01:15:50] Leg 1 accuracy: 0.8503663003663
INFO [2025-06-08 01:15:50] Leg 2 accuracy: 0.835164835164835
INFO [2025-06-08 01:15:50] Option 2 succeeded: Using model accuracy weights
INFO [2025-06-08 01:15:50] Leg importance weights: Leg 1: 0.50, Leg 2: 0.50
INFO [2025-06-08 01:15:50] Resetting men's probabilities at or below the mode to zero
INFO [2025-06-08 01:15:50] Resetting ladies' probabilities at or below the mode to zero
INFO [2025-06-08 01:15:50] Normalizing men's team probabilities
INFO [2025-06-08 01:15:50] Normalized Win_Prob from sum of 1 to 1 and capped individual values at 1.0
INFO [2025-06-08 01:15:50] Normalized Podium_Prob from sum of 1.82 to 2.5 and capped individual values at 1.0
INFO [2025-06-08 01:15:50] Normalized Top5_Prob from sum of 3.41 to 4.61 and capped individual values at 1.0
INFO [2025-06-08 01:15:50] Normalized Top10_Prob from sum of 7.37 to 8.89 and capped individual values at 1.0
INFO [2025-06-08 01:15:50] Recalculated Expected_Points based on normalized probabilities
INFO [2025-06-08 01:15:50] Normalizing ladies' team probabilities
INFO [2025-06-08 01:15:50] Normalized Win_Prob from sum of 0.5 to 1 and capped individual values at 1.0
INFO [2025-06-08 01:15:50] Normalized Podium_Prob from sum of 2.57 to 3 and capped individual values at 1.0
INFO [2025-06-08 01:15:50] Normalized Top5_Prob from sum of 3.86 to 4.98 and capped individual values at 1.0
INFO [2025-06-08 01:15:50] Normalized Top10_Prob from sum of 7.77 to 9.13 and capped individual values at 1.0
INFO [2025-06-08 01:15:50] Recalculated Expected_Points based on normalized probabilities
INFO [2025-06-08 01:15:50] Optimizing fantasy team sprint team
INFO [2025-06-08 01:15:50] Fantasy team optimization complete. Selected 8 teams.
INFO [2025-06-08 01:15:50] Total price: 99973 of max 1e+05
INFO [2025-06-08 01:15:50] Expected total points: 815.8
INFO [2025-06-08 01:15:50] Men's teams: 4 ( 4 )
INFO [2025-06-08 01:15:50] Ladies' teams: 4 ( 4 )
INFO [2025-06-08 01:15:50] Saved points predictions to ~/blog/daehl-e/content/post/cross-country/drafts/weekly-picks/20250608/men_team_sprint.xlsx
INFO [2025-06-08 01:15:50] Saved probability predictions to ~/blog/daehl-e/content/post/cross-country/drafts/weekly-picks/20250608/men_team_sprint_position_probabilities.xlsx
INFO [2025-06-08 01:15:50] Saved points predictions to ~/blog/daehl-e/content/post/cross-country/drafts/weekly-picks/20250608/ladies_team_sprint.xlsx
INFO [2025-06-08 01:15:50] Saved probability predictions to ~/blog/daehl-e/content/post/cross-country/drafts/weekly-picks/20250608/ladies_team_sprint_position_probabilities.xlsx
INFO [2025-06-08 01:15:50] Saved fantasy team results to ~/blog/daehl-e/content/post/cross-country/drafts/weekly-picks/20250608/fantasy_team_sprint_team.xlsx
INFO [2025-06-08 01:15:50] Team sprint predictions completed successfully
INFO [2025-06-08 01:32:14] Starting team sprint predictions process
INFO [2025-06-08 01:32:14] Loading weekend race data
INFO [2025-06-08 01:32:14] Tomorrow's date: 2025-06-08
INFO [2025-06-08 01:32:14] Found 1 men's team sprint races and 1 ladies' team sprint races
INFO [2025-06-08 01:32:14] Men's team sprint technique: C
INFO [2025-06-08 01:32:14] Ladies' team sprint technique: C
INFO [2025-06-08 01:32:14] Men's team sprint technique: C
INFO [2025-06-08 01:32:14] Ladies' team sprint technique: C
INFO [2025-06-08 01:32:14] Loading chrono data
INFO [2025-06-08 01:32:17] Loaded men's chrono with 105122 rows and 36 columns
INFO [2025-06-08 01:32:17] Loaded ladies' chrono with 78706 rows and 36 columns
INFO [2025-06-08 01:32:17] Created men's team sprint df with 3291 rows
INFO [2025-06-08 01:32:17] Created men's individual df with 92143 rows
INFO [2025-06-08 01:32:17] Created ladies' team sprint df with 2434 rows
INFO [2025-06-08 01:32:17] Created ladies' individual df with 68253 rows
INFO [2025-06-08 01:32:19] Filtered men's team sprint data by technique C - kept 997 of 3291 records
INFO [2025-06-08 01:32:19] Filtered ladies' team sprint data by technique C - kept 700 of 2434 records
INFO [2025-06-08 01:32:20] Training models for Leg 1
INFO [2025-06-08 01:32:20] Determined technique from leg data: C
INFO [2025-06-08 01:32:20] Race is classic technique - using classic-specific predictors
INFO [2025-06-08 01:32:20] Selected predictors for leg 1 : Pelo_Pct, Weighted_Last_5, Sprint_Pelo_Pct, Distance_Pelo_Pct, Sprint_C_Pelo_Pct, Classic_Pelo_Pct, Sprint_F_Pelo_Pct
INFO [2025-06-08 01:32:20] Using predictors: Pelo_Pct, Weighted_Last_5, Sprint_Pelo_Pct, Distance_Pelo_Pct, Sprint_C_Pelo_Pct, Classic_Pelo_Pct, Sprint_F_Pelo_Pct
INFO [2025-06-08 01:32:20] Training podium model using glm
INFO [2025-06-08 01:32:20] Training win model using glm
INFO [2025-06-08 01:32:20] Training top5 model using glm
INFO [2025-06-08 01:32:20] Training top10 model using glm
INFO [2025-06-08 01:32:20] Top features for Leg 1 podium prediction:
INFO [2025-06-08 01:32:20] Training models for Leg 2
INFO [2025-06-08 01:32:20] Determined technique from leg data: C
INFO [2025-06-08 01:32:20] Race is classic technique - using classic-specific predictors
INFO [2025-06-08 01:32:20] Selected predictors for leg 2 : Pelo_Pct, Weighted_Last_5, Sprint_Pelo_Pct, Distance_Pelo_Pct, Sprint_C_Pelo_Pct, Classic_Pelo_Pct, Sprint_F_Pelo_Pct
INFO [2025-06-08 01:32:20] Using predictors: Pelo_Pct, Weighted_Last_5, Sprint_Pelo_Pct, Distance_Pelo_Pct, Sprint_C_Pelo_Pct, Classic_Pelo_Pct, Sprint_F_Pelo_Pct
INFO [2025-06-08 01:32:20] Training podium model using glm
INFO [2025-06-08 01:32:20] Training win model using glm
INFO [2025-06-08 01:32:20] Training top5 model using glm
INFO [2025-06-08 01:32:20] Training top10 model using glm
INFO [2025-06-08 01:32:20] Top features for Leg 2 podium prediction:
INFO [2025-06-08 01:32:20] Training models for Leg 1
INFO [2025-06-08 01:32:20] Determined technique from leg data: C
INFO [2025-06-08 01:32:20] Race is classic technique - using classic-specific predictors
INFO [2025-06-08 01:32:20] Selected predictors for leg 1 : Pelo_Pct, Weighted_Last_5, Sprint_Pelo_Pct, Distance_Pelo_Pct, Sprint_C_Pelo_Pct, Classic_Pelo_Pct, Sprint_F_Pelo_Pct
INFO [2025-06-08 01:32:20] Using predictors: Pelo_Pct, Weighted_Last_5, Sprint_Pelo_Pct, Distance_Pelo_Pct, Sprint_C_Pelo_Pct, Classic_Pelo_Pct, Sprint_F_Pelo_Pct
INFO [2025-06-08 01:32:20] Training podium model using glm
INFO [2025-06-08 01:32:20] Training win model using glm
INFO [2025-06-08 01:32:20] Training top5 model using glm
INFO [2025-06-08 01:32:20] Training top10 model using glm
INFO [2025-06-08 01:32:20] Top features for Leg 1 podium prediction:
INFO [2025-06-08 01:32:20] Training models for Leg 2
INFO [2025-06-08 01:32:20] Determined technique from leg data: C
INFO [2025-06-08 01:32:20] Race is classic technique - using classic-specific predictors
INFO [2025-06-08 01:32:20] Selected predictors for leg 2 : Pelo_Pct, Weighted_Last_5, Sprint_Pelo_Pct, Distance_Pelo_Pct, Sprint_C_Pelo_Pct, Classic_Pelo_Pct, Sprint_F_Pelo_Pct
INFO [2025-06-08 01:32:20] Using predictors: Pelo_Pct, Weighted_Last_5, Sprint_Pelo_Pct, Distance_Pelo_Pct, Sprint_C_Pelo_Pct, Classic_Pelo_Pct, Sprint_F_Pelo_Pct
INFO [2025-06-08 01:32:20] Training podium model using glm
INFO [2025-06-08 01:32:20] Training win model using glm
INFO [2025-06-08 01:32:20] Training top5 model using glm
INFO [2025-06-08 01:32:21] Training top10 model using glm
INFO [2025-06-08 01:32:21] Top features for Leg 2 podium prediction:
INFO [2025-06-08 01:32:21] Processing men's team sprint predictions
INFO [2025-06-08 01:32:21] Loaded men team sprint teams startlist with 31 rows
INFO [2025-06-08 01:32:21] Loaded men team sprint individuals startlist with 62 rows
INFO [2025-06-08 01:32:21] Preparing current men skier data
INFO [2025-06-08 01:32:21] Replaced NAs in Distance_Elo with first quartile: 1207.23243912712
INFO [2025-06-08 01:32:21] Replaced NAs in Distance_C_Elo with first quartile: 1233.40200699225
INFO [2025-06-08 01:32:21] Replaced NAs in Distance_F_Elo with first quartile: 1236.48554062178
INFO [2025-06-08 01:32:21] Replaced NAs in Sprint_Elo with first quartile: 1223.60107000698
INFO [2025-06-08 01:32:21] Replaced NAs in Sprint_C_Elo with first quartile: 1241.28715500947
INFO [2025-06-08 01:32:21] Replaced NAs in Sprint_F_Elo with first quartile: 1234.45151108772
INFO [2025-06-08 01:32:21] Replaced NAs in Classic_Elo with first quartile: 1241.52867310024
INFO [2025-06-08 01:32:21] Replaced NAs in Freestyle_Elo with first quartile: 1228.48649348109
INFO [2025-06-08 01:32:21] Replaced NAs in Distance_Pelo with first quartile: 1211.63035979047
INFO [2025-06-08 01:32:21] Replaced NAs in Distance_C_Pelo with first quartile: 1234.81091928129
INFO [2025-06-08 01:32:21] Replaced NAs in Distance_F_Pelo with first quartile: 1239.65331180248
INFO [2025-06-08 01:32:21] Replaced NAs in Sprint_Pelo with first quartile: 1240.94751821383
INFO [2025-06-08 01:32:21] Replaced NAs in Sprint_C_Pelo with first quartile: 1241.28715500947
INFO [2025-06-08 01:32:21] Replaced NAs in Sprint_F_Pelo with first quartile: 1252.45166310493
INFO [2025-06-08 01:32:21] Replaced NAs in Classic_Pelo with first quartile: 1243.63746068082
INFO [2025-06-08 01:32:21] Replaced NAs in Freestyle_Pelo with first quartile: 1249.30280713791
INFO [2025-06-08 01:32:21] Replaced NAs in Sprint_Last_5 with first quartile: 0
INFO [2025-06-08 01:32:21] Created Pelo_Pct from Elo with max value: 1946.6211651574
INFO [2025-06-08 01:32:21] Created Distance_Pelo_Pct from Distance_Elo with max value: 1869.1251911742
INFO [2025-06-08 01:32:21] Created Distance_C_Pelo_Pct from Distance_C_Elo with max value: 1777.16297253153
INFO [2025-06-08 01:32:21] Created Distance_F_Pelo_Pct from Distance_F_Elo with max value: 1695.2053212904
INFO [2025-06-08 01:32:21] Created Sprint_Pelo_Pct from Sprint_Elo with max value: 1886.80363942481
INFO [2025-06-08 01:32:21] Created Sprint_C_Pelo_Pct from Sprint_C_Elo with max value: 1711.08486899169
INFO [2025-06-08 01:32:21] Created Sprint_F_Pelo_Pct from Sprint_F_Elo with max value: 1792.65157560707
INFO [2025-06-08 01:32:21] Created Classic_Pelo_Pct from Classic_Elo with max value: 1807.56773496777
INFO [2025-06-08 01:32:21] Created Freestyle_Pelo_Pct from Freestyle_Elo with max value: 1814.60460629541
INFO [2025-06-08 01:32:21] Prepared data for 381 men skiers with 31 features
INFO [2025-06-08 01:32:21] Using FIS startlist for men's leg predictions
INFO [2025-06-08 01:32:21] Using FIS startlist for men
INFO [2025-06-08 01:32:21] Attempting Option 1: Team model coefficients
INFO [2025-06-08 01:32:21] Option 1 failed: No team_podium model found
INFO [2025-06-08 01:32:21] Option 1 failed: No team model
INFO [2025-06-08 01:32:21] Attempting Option 2: Individual model accuracy
INFO [2025-06-08 01:32:21] Leg 1 accuracy: 0.905975609756098
INFO [2025-06-08 01:32:21] Leg 2 accuracy: 0.926829268292683
INFO [2025-06-08 01:32:21] Option 2 succeeded: Using model accuracy weights
INFO [2025-06-08 01:32:21] Leg importance weights: Leg 1: 0.49, Leg 2: 0.51
INFO [2025-06-08 01:32:21] Processing ladies' team sprint predictions
INFO [2025-06-08 01:32:21] Loaded ladies team sprint teams startlist with 26 rows
INFO [2025-06-08 01:32:21] Loaded ladies team sprint individuals startlist with 52 rows
INFO [2025-06-08 01:32:21] Preparing current ladies skier data
INFO [2025-06-08 01:32:21] Replaced NAs in Distance_Elo with first quartile: 1237.38564383256
INFO [2025-06-08 01:32:21] Replaced NAs in Distance_C_Elo with first quartile: 1243.87329106944
INFO [2025-06-08 01:32:21] Replaced NAs in Distance_F_Elo with first quartile: 1256.69628195708
INFO [2025-06-08 01:32:21] Replaced NAs in Sprint_Elo with first quartile: 1246.32574824425
INFO [2025-06-08 01:32:21] Replaced NAs in Sprint_C_Elo with first quartile: 1257.67866787334
INFO [2025-06-08 01:32:21] Replaced NAs in Sprint_F_Elo with first quartile: 1244.84742904868
INFO [2025-06-08 01:32:21] Replaced NAs in Classic_Elo with first quartile: 1252.44868703669
INFO [2025-06-08 01:32:21] Replaced NAs in Freestyle_Elo with first quartile: 1244.44508230281
INFO [2025-06-08 01:32:21] Replaced NAs in Distance_Pelo with first quartile: 1241.11854419952
INFO [2025-06-08 01:32:21] Replaced NAs in Distance_C_Pelo with first quartile: 1245.57367555166
INFO [2025-06-08 01:32:21] Replaced NAs in Distance_F_Pelo with first quartile: 1259.54282973153
INFO [2025-06-08 01:32:21] Replaced NAs in Sprint_Pelo with first quartile: 1254.59410960767
INFO [2025-06-08 01:32:21] Replaced NAs in Sprint_C_Pelo with first quartile: 1257.58302026178
INFO [2025-06-08 01:32:21] Replaced NAs in Sprint_F_Pelo with first quartile: 1257.67755691493
INFO [2025-06-08 01:32:21] Replaced NAs in Classic_Pelo with first quartile: 1256.79275004544
INFO [2025-06-08 01:32:21] Replaced NAs in Freestyle_Pelo with first quartile: 1256.79999900008
INFO [2025-06-08 01:32:21] Replaced NAs in Sprint_Last_5 with first quartile: 0
INFO [2025-06-08 01:32:21] Created Pelo_Pct from Elo with max value: 1840.99747242401
INFO [2025-06-08 01:32:21] Created Distance_Pelo_Pct from Distance_Elo with max value: 1889.46974050597
INFO [2025-06-08 01:32:21] Created Distance_C_Pelo_Pct from Distance_C_Elo with max value: 1763.33572074398
INFO [2025-06-08 01:32:21] Created Distance_F_Pelo_Pct from Distance_F_Elo with max value: 1693.85026290322
INFO [2025-06-08 01:32:21] Created Sprint_Pelo_Pct from Sprint_Elo with max value: 1742.75320156525
INFO [2025-06-08 01:32:21] Created Sprint_C_Pelo_Pct from Sprint_C_Elo with max value: 1601.58469902127
INFO [2025-06-08 01:32:21] Created Sprint_F_Pelo_Pct from Sprint_F_Elo with max value: 1681.09824552997
INFO [2025-06-08 01:32:21] Created Classic_Pelo_Pct from Classic_Elo with max value: 1698.68768563646
INFO [2025-06-08 01:32:21] Created Freestyle_Pelo_Pct from Freestyle_Elo with max value: 1707.58410982918
INFO [2025-06-08 01:32:21] Prepared data for 255 ladies skiers with 31 features
INFO [2025-06-08 01:32:21] Using FIS startlist for ladies' leg predictions
INFO [2025-06-08 01:32:21] Using FIS startlist for ladies
INFO [2025-06-08 01:32:21] Attempting Option 1: Team model coefficients
INFO [2025-06-08 01:32:21] Option 1 failed: No team_podium model found
INFO [2025-06-08 01:32:21] Option 1 failed: No team model
INFO [2025-06-08 01:32:21] Attempting Option 2: Individual model accuracy
INFO [2025-06-08 01:32:21] Leg 1 accuracy: 0.791208791208791
INFO [2025-06-08 01:32:21] Leg 2 accuracy: 0.78974358974359
INFO [2025-06-08 01:32:21] Option 2 succeeded: Using model accuracy weights
INFO [2025-06-08 01:32:21] Leg importance weights: Leg 1: 0.50, Leg 2: 0.50
INFO [2025-06-08 01:32:21] Resetting men's probabilities at or below the mode to zero
INFO [2025-06-08 01:32:21] Resetting ladies' probabilities at or below the mode to zero
INFO [2025-06-08 01:32:21] Normalizing men's team probabilities
INFO [2025-06-08 01:32:21] Normalized Win_Prob from sum of 1 to 1 and capped individual values at 1.0
INFO [2025-06-08 01:32:21] Normalized Podium_Prob from sum of 1.82 to 2.51 and capped individual values at 1.0
INFO [2025-06-08 01:32:21] Normalized Top5_Prob from sum of 3.41 to 4.61 and capped individual values at 1.0
INFO [2025-06-08 01:32:21] Normalized Top10_Prob from sum of 7.38 to 8.89 and capped individual values at 1.0
INFO [2025-06-08 01:32:21] Recalculated Expected_Points based on normalized probabilities
INFO [2025-06-08 01:32:21] Normalizing ladies' team probabilities
INFO [2025-06-08 01:32:21] Normalized Win_Prob from sum of 0.5 to 1 and capped individual values at 1.0
INFO [2025-06-08 01:32:21] Normalized Podium_Prob from sum of 2.57 to 3 and capped individual values at 1.0
INFO [2025-06-08 01:32:21] Normalized Top5_Prob from sum of 3.85 to 4.98 and capped individual values at 1.0
INFO [2025-06-08 01:32:21] Normalized Top10_Prob from sum of 7.77 to 9.12 and capped individual values at 1.0
INFO [2025-06-08 01:32:21] Recalculated Expected_Points based on normalized probabilities
INFO [2025-06-08 01:32:21] Optimizing fantasy team sprint team
INFO [2025-06-08 01:32:21] Fantasy team optimization complete. Selected 8 teams.
INFO [2025-06-08 01:32:21] Total price: 99973 of max 1e+05
INFO [2025-06-08 01:32:21] Expected total points: 816.1
INFO [2025-06-08 01:32:21] Men's teams: 4 ( 4 )
INFO [2025-06-08 01:32:21] Ladies' teams: 4 ( 4 )
INFO [2025-06-08 01:32:21] Saved points predictions to ~/blog/daehl-e/content/post/cross-country/drafts/weekly-picks/20250608/men_team_sprint.xlsx
INFO [2025-06-08 01:32:21] Saved probability predictions to ~/blog/daehl-e/content/post/cross-country/drafts/weekly-picks/20250608/men_team_sprint_position_probabilities.xlsx
INFO [2025-06-08 01:32:21] Saved points predictions to ~/blog/daehl-e/content/post/cross-country/drafts/weekly-picks/20250608/ladies_team_sprint.xlsx
INFO [2025-06-08 01:32:21] Saved probability predictions to ~/blog/daehl-e/content/post/cross-country/drafts/weekly-picks/20250608/ladies_team_sprint_position_probabilities.xlsx
INFO [2025-06-08 01:32:21] Saved fantasy team results to ~/blog/daehl-e/content/post/cross-country/drafts/weekly-picks/20250608/fantasy_team_sprint_team.xlsx
INFO [2025-06-08 01:32:21] Team sprint predictions completed successfully
