INFO [2025-06-06 11:08:24] Starting team sprint predictions process
INFO [2025-06-06 11:08:24] Loading weekend race data
INFO [2025-06-06 11:08:24] Tomorrow's date: 2025-06-06
INFO [2025-06-06 11:08:24] Found 1 men's team sprint races and 1 ladies' team sprint races
INFO [2025-06-06 11:08:24] Men's team sprint technique: C
INFO [2025-06-06 11:08:24] Ladies' team sprint technique: C
INFO [2025-06-06 11:08:24] Men's team sprint technique: C
INFO [2025-06-06 11:08:24] Ladies' team sprint technique: C
INFO [2025-06-06 11:08:24] Loading chrono data
INFO [2025-06-06 11:08:26] Loaded men's chrono with 105122 rows and 36 columns
INFO [2025-06-06 11:08:26] Loaded ladies' chrono with 78706 rows and 36 columns
INFO [2025-06-06 11:08:26] Created men's team sprint df with 3291 rows
INFO [2025-06-06 11:08:26] Created men's individual df with 92143 rows
INFO [2025-06-06 11:08:26] Created ladies' team sprint df with 2434 rows
INFO [2025-06-06 11:08:26] Created ladies' individual df with 68253 rows
INFO [2025-06-06 11:08:28] Filtered men's team sprint data by technique C - kept 997 of 3291 records
INFO [2025-06-06 11:08:28] Filtered ladies' team sprint data by technique C - kept 700 of 2434 records
INFO [2025-06-06 11:08:29] Training models for Leg 1
INFO [2025-06-06 11:08:29] Determined technique from leg data: C
INFO [2025-06-06 11:08:29] Race is classic technique - using classic-specific predictors
INFO [2025-06-06 11:08:29] Selected predictors for leg 1 : Pelo_Pct, Weighted_Last_5, Sprint_Pelo_Pct, Distance_Pelo_Pct, Sprint_C_Pelo_Pct, Classic_Pelo_Pct, Sprint_F_Pelo_Pct
INFO [2025-06-06 11:08:29] Using predictors: Pelo_Pct, Weighted_Last_5, Sprint_Pelo_Pct, Distance_Pelo_Pct, Sprint_C_Pelo_Pct, Classic_Pelo_Pct, Sprint_F_Pelo_Pct
INFO [2025-06-06 11:08:29] Training podium model using glm
INFO [2025-06-06 11:08:29] Training win model using glm
INFO [2025-06-06 11:08:29] Training top5 model using glm
INFO [2025-06-06 11:08:29] Training top10 model using glm
INFO [2025-06-06 11:08:29] Top features for Leg 1 podium prediction:
INFO [2025-06-06 11:08:29] Training models for Leg 2
INFO [2025-06-06 11:08:29] Determined technique from leg data: C
INFO [2025-06-06 11:08:29] Race is classic technique - using classic-specific predictors
INFO [2025-06-06 11:08:29] Selected predictors for leg 2 : Pelo_Pct, Weighted_Last_5, Sprint_Pelo_Pct, Distance_Pelo_Pct, Sprint_C_Pelo_Pct, Classic_Pelo_Pct, Sprint_F_Pelo_Pct
INFO [2025-06-06 11:08:29] Using predictors: Pelo_Pct, Weighted_Last_5, Sprint_Pelo_Pct, Distance_Pelo_Pct, Sprint_C_Pelo_Pct, Classic_Pelo_Pct, Sprint_F_Pelo_Pct
INFO [2025-06-06 11:08:29] Training podium model using glm
INFO [2025-06-06 11:08:29] Training win model using glm
INFO [2025-06-06 11:08:29] Training top5 model using glm
INFO [2025-06-06 11:08:29] Training top10 model using glm
INFO [2025-06-06 11:08:29] Top features for Leg 2 podium prediction:
INFO [2025-06-06 11:08:29] Training models for Leg 1
INFO [2025-06-06 11:08:29] Determined technique from leg data: C
INFO [2025-06-06 11:08:29] Race is classic technique - using classic-specific predictors
INFO [2025-06-06 11:08:29] Selected predictors for leg 1 : Pelo_Pct, Weighted_Last_5, Sprint_Pelo_Pct, Distance_Pelo_Pct, Sprint_C_Pelo_Pct, Classic_Pelo_Pct, Sprint_F_Pelo_Pct
INFO [2025-06-06 11:08:29] Using predictors: Pelo_Pct, Weighted_Last_5, Sprint_Pelo_Pct, Distance_Pelo_Pct, Sprint_C_Pelo_Pct, Classic_Pelo_Pct, Sprint_F_Pelo_Pct
INFO [2025-06-06 11:08:29] Training podium model using glm
INFO [2025-06-06 11:08:29] Training win model using glm
INFO [2025-06-06 11:08:29] Training top5 model using glm
INFO [2025-06-06 11:08:29] Training top10 model using glm
INFO [2025-06-06 11:08:29] Top features for Leg 1 podium prediction:
INFO [2025-06-06 11:08:29] Training models for Leg 2
INFO [2025-06-06 11:08:29] Determined technique from leg data: C
INFO [2025-06-06 11:08:29] Race is classic technique - using classic-specific predictors
INFO [2025-06-06 11:08:29] Selected predictors for leg 2 : Pelo_Pct, Weighted_Last_5, Sprint_Pelo_Pct, Distance_Pelo_Pct, Sprint_C_Pelo_Pct, Classic_Pelo_Pct, Sprint_F_Pelo_Pct
INFO [2025-06-06 11:08:29] Using predictors: Pelo_Pct, Weighted_Last_5, Sprint_Pelo_Pct, Distance_Pelo_Pct, Sprint_C_Pelo_Pct, Classic_Pelo_Pct, Sprint_F_Pelo_Pct
INFO [2025-06-06 11:08:29] Training podium model using glm
INFO [2025-06-06 11:08:29] Training win model using glm
INFO [2025-06-06 11:08:29] Training top5 model using glm
INFO [2025-06-06 11:08:30] Training top10 model using glm
INFO [2025-06-06 11:08:30] Top features for Leg 2 podium prediction:
INFO [2025-06-06 11:08:30] Processing men's team sprint predictions
INFO [2025-06-06 11:08:30] Loaded men team sprint teams startlist with 31 rows
INFO [2025-06-06 11:08:30] Loaded men team sprint individuals startlist with 62 rows
INFO [2025-06-06 11:08:30] Preparing current men skier data
INFO [2025-06-06 11:08:30] Replaced NAs in Distance_Elo with first quartile: 1207.23243912712
INFO [2025-06-06 11:08:30] Replaced NAs in Distance_C_Elo with first quartile: 1233.40200699225
INFO [2025-06-06 11:08:30] Replaced NAs in Distance_F_Elo with first quartile: 1236.48554062178
INFO [2025-06-06 11:08:30] Replaced NAs in Sprint_Elo with first quartile: 1223.60107000698
INFO [2025-06-06 11:08:30] Replaced NAs in Sprint_C_Elo with first quartile: 1241.28715500947
INFO [2025-06-06 11:08:30] Replaced NAs in Sprint_F_Elo with first quartile: 1234.45151108772
INFO [2025-06-06 11:08:30] Replaced NAs in Classic_Elo with first quartile: 1241.52867310024
INFO [2025-06-06 11:08:30] Replaced NAs in Freestyle_Elo with first quartile: 1228.48649348109
INFO [2025-06-06 11:08:30] Replaced NAs in Distance_Pelo with first quartile: 1211.63035979047
INFO [2025-06-06 11:08:30] Replaced NAs in Distance_C_Pelo with first quartile: 1234.81091928129
INFO [2025-06-06 11:08:30] Replaced NAs in Distance_F_Pelo with first quartile: 1239.65331180248
INFO [2025-06-06 11:08:30] Replaced NAs in Sprint_Pelo with first quartile: 1240.94751821383
INFO [2025-06-06 11:08:30] Replaced NAs in Sprint_C_Pelo with first quartile: 1241.28715500947
INFO [2025-06-06 11:08:30] Replaced NAs in Sprint_F_Pelo with first quartile: 1252.45166310493
INFO [2025-06-06 11:08:30] Replaced NAs in Classic_Pelo with first quartile: 1243.63746068082
INFO [2025-06-06 11:08:30] Replaced NAs in Freestyle_Pelo with first quartile: 1249.30280713791
INFO [2025-06-06 11:08:30] Replaced NAs in Sprint_Last_5 with first quartile: 0
INFO [2025-06-06 11:08:30] Created Pelo_Pct from Elo with max value: 1946.6211651574
INFO [2025-06-06 11:08:30] Created Distance_Pelo_Pct from Distance_Elo with max value: 1869.1251911742
INFO [2025-06-06 11:08:30] Created Distance_C_Pelo_Pct from Distance_C_Elo with max value: 1777.16297253153
INFO [2025-06-06 11:08:30] Created Distance_F_Pelo_Pct from Distance_F_Elo with max value: 1695.2053212904
INFO [2025-06-06 11:08:30] Created Sprint_Pelo_Pct from Sprint_Elo with max value: 1886.80363942481
INFO [2025-06-06 11:08:30] Created Sprint_C_Pelo_Pct from Sprint_C_Elo with max value: 1711.08486899169
INFO [2025-06-06 11:08:30] Created Sprint_F_Pelo_Pct from Sprint_F_Elo with max value: 1792.65157560707
INFO [2025-06-06 11:08:30] Created Classic_Pelo_Pct from Classic_Elo with max value: 1807.56773496777
INFO [2025-06-06 11:08:30] Created Freestyle_Pelo_Pct from Freestyle_Elo with max value: 1814.60460629541
INFO [2025-06-06 11:08:30] Prepared data for 381 men skiers with 31 features
INFO [2025-06-06 11:08:30] Using FIS startlist for men's leg predictions
INFO [2025-06-06 11:08:30] Using FIS startlist for men
INFO [2025-06-06 11:08:30] Attempting Option 1: Team model coefficients
INFO [2025-06-06 11:08:30] Option 1 failed: No team_podium model found
INFO [2025-06-06 11:08:30] Option 1 failed: No team model
INFO [2025-06-06 11:08:30] Attempting Option 2: Individual model accuracy
INFO [2025-06-06 11:08:30] Leg 1 accuracy: 0.910731707317073
INFO [2025-06-06 11:08:30] Leg 2 accuracy: 0.926695702671312
INFO [2025-06-06 11:08:30] Option 2 succeeded: Using model accuracy weights
INFO [2025-06-06 11:08:30] Leg importance weights: Leg 1: 0.50, Leg 2: 0.50
INFO [2025-06-06 11:08:30] Processing ladies' team sprint predictions
INFO [2025-06-06 11:08:30] Loaded ladies team sprint teams startlist with 26 rows
INFO [2025-06-06 11:08:30] Loaded ladies team sprint individuals startlist with 52 rows
INFO [2025-06-06 11:08:30] Preparing current ladies skier data
INFO [2025-06-06 11:08:30] Replaced NAs in Distance_Elo with first quartile: 1237.38564383256
INFO [2025-06-06 11:08:30] Replaced NAs in Distance_C_Elo with first quartile: 1243.87329106944
INFO [2025-06-06 11:08:30] Replaced NAs in Distance_F_Elo with first quartile: 1256.69628195708
INFO [2025-06-06 11:08:30] Replaced NAs in Sprint_Elo with first quartile: 1246.32574824425
INFO [2025-06-06 11:08:30] Replaced NAs in Sprint_C_Elo with first quartile: 1257.67866787334
INFO [2025-06-06 11:08:30] Replaced NAs in Sprint_F_Elo with first quartile: 1244.84742904868
INFO [2025-06-06 11:08:30] Replaced NAs in Classic_Elo with first quartile: 1252.44868703669
INFO [2025-06-06 11:08:30] Replaced NAs in Freestyle_Elo with first quartile: 1244.44508230281
INFO [2025-06-06 11:08:30] Replaced NAs in Distance_Pelo with first quartile: 1241.11854419952
INFO [2025-06-06 11:08:30] Replaced NAs in Distance_C_Pelo with first quartile: 1245.57367555166
INFO [2025-06-06 11:08:30] Replaced NAs in Distance_F_Pelo with first quartile: 1259.54282973153
INFO [2025-06-06 11:08:30] Replaced NAs in Sprint_Pelo with first quartile: 1254.59410960767
INFO [2025-06-06 11:08:30] Replaced NAs in Sprint_C_Pelo with first quartile: 1257.58302026178
INFO [2025-06-06 11:08:30] Replaced NAs in Sprint_F_Pelo with first quartile: 1257.67755691493
INFO [2025-06-06 11:08:30] Replaced NAs in Classic_Pelo with first quartile: 1256.79275004544
INFO [2025-06-06 11:08:30] Replaced NAs in Freestyle_Pelo with first quartile: 1256.79999900008
INFO [2025-06-06 11:08:30] Replaced NAs in Sprint_Last_5 with first quartile: 0
INFO [2025-06-06 11:08:30] Created Pelo_Pct from Elo with max value: 1840.99747242401
INFO [2025-06-06 11:08:30] Created Distance_Pelo_Pct from Distance_Elo with max value: 1889.46974050597
INFO [2025-06-06 11:08:30] Created Distance_C_Pelo_Pct from Distance_C_Elo with max value: 1763.33572074398
INFO [2025-06-06 11:08:30] Created Distance_F_Pelo_Pct from Distance_F_Elo with max value: 1693.85026290322
INFO [2025-06-06 11:08:30] Created Sprint_Pelo_Pct from Sprint_Elo with max value: 1742.75320156525
INFO [2025-06-06 11:08:30] Created Sprint_C_Pelo_Pct from Sprint_C_Elo with max value: 1601.58469902127
INFO [2025-06-06 11:08:30] Created Sprint_F_Pelo_Pct from Sprint_F_Elo with max value: 1681.09824552997
INFO [2025-06-06 11:08:30] Created Classic_Pelo_Pct from Classic_Elo with max value: 1698.68768563646
INFO [2025-06-06 11:08:30] Created Freestyle_Pelo_Pct from Freestyle_Elo with max value: 1707.58410982918
INFO [2025-06-06 11:08:30] Prepared data for 255 ladies skiers with 31 features
INFO [2025-06-06 11:08:30] Using FIS startlist for ladies' leg predictions
INFO [2025-06-06 11:08:30] Using FIS startlist for ladies
INFO [2025-06-06 11:08:30] Attempting Option 1: Team model coefficients
INFO [2025-06-06 11:08:30] Option 1 failed: No team_podium model found
INFO [2025-06-06 11:08:30] Option 1 failed: No team model
INFO [2025-06-06 11:08:30] Attempting Option 2: Individual model accuracy
INFO [2025-06-06 11:08:30] Leg 1 accuracy: 0.878754578754579
INFO [2025-06-06 11:08:30] Leg 2 accuracy: 0.831318681318681
INFO [2025-06-06 11:08:30] Option 2 succeeded: Using model accuracy weights
INFO [2025-06-06 11:08:30] Leg importance weights: Leg 1: 0.51, Leg 2: 0.49
INFO [2025-06-06 11:08:30] Resetting men's probabilities at or below the mode to zero
INFO [2025-06-06 11:08:30] Resetting ladies' probabilities at or below the mode to zero
INFO [2025-06-06 11:08:30] Normalizing men's team probabilities
INFO [2025-06-06 11:08:30] Normalized Win_Prob from sum of 1 to 1 and capped individual values at 1.0
INFO [2025-06-06 11:08:30] Normalized Podium_Prob from sum of 1.82 to 2.51 and capped individual values at 1.0
INFO [2025-06-06 11:08:30] Normalized Top5_Prob from sum of 3.41 to 4.61 and capped individual values at 1.0
INFO [2025-06-06 11:08:30] Normalized Top10_Prob from sum of 7.38 to 8.89 and capped individual values at 1.0
INFO [2025-06-06 11:08:30] Recalculated Expected_Points based on normalized probabilities
INFO [2025-06-06 11:08:30] Normalizing ladies' team probabilities
INFO [2025-06-06 11:08:30] Normalized Win_Prob from sum of 0.51 to 1 and capped individual values at 1.0
INFO [2025-06-06 11:08:30] Normalized Podium_Prob from sum of 2.58 to 3 and capped individual values at 1.0
INFO [2025-06-06 11:08:30] Normalized Top5_Prob from sum of 3.89 to 4.98 and capped individual values at 1.0
INFO [2025-06-06 11:08:30] Normalized Top10_Prob from sum of 7.78 to 9.15 and capped individual values at 1.0
INFO [2025-06-06 11:08:30] Recalculated Expected_Points based on normalized probabilities
INFO [2025-06-06 11:08:30] Optimizing fantasy team sprint team
INFO [2025-06-06 11:08:30] Fantasy team optimization complete. Selected 8 teams.
INFO [2025-06-06 11:08:30] Total price: 99973 of max 1e+05
INFO [2025-06-06 11:08:30] Expected total points: 816.1
INFO [2025-06-06 11:08:30] Men's teams: 4 ( 4 )
INFO [2025-06-06 11:08:30] Ladies' teams: 4 ( 4 )
INFO [2025-06-06 11:08:30] Saved points predictions to ~/blog/daehl-e/content/post/cross-country/drafts/weekly-picks/20250606/men_team_sprint_points.xlsx
INFO [2025-06-06 11:08:30] Saved probability predictions to ~/blog/daehl-e/content/post/cross-country/drafts/weekly-picks/20250606/men_team_sprint_probabilities.xlsx
INFO [2025-06-06 11:08:30] Saved points predictions to ~/blog/daehl-e/content/post/cross-country/drafts/weekly-picks/20250606/ladies_team_sprint_points.xlsx
INFO [2025-06-06 11:08:30] Saved probability predictions to ~/blog/daehl-e/content/post/cross-country/drafts/weekly-picks/20250606/ladies_team_sprint_probabilities.xlsx
INFO [2025-06-06 11:08:30] Saved fantasy team results to ~/blog/daehl-e/content/post/cross-country/drafts/weekly-picks/20250606/fantasy_team_sprint_team.xlsx
INFO [2025-06-06 11:08:30] Team sprint predictions completed successfully
INFO [2025-06-06 11:11:03] Starting team sprint predictions process
INFO [2025-06-06 11:11:03] Loading weekend race data
INFO [2025-06-06 11:11:03] Tomorrow's date: 2025-06-06
INFO [2025-06-06 11:11:03] Found 1 men's team sprint races and 1 ladies' team sprint races
INFO [2025-06-06 11:11:03] Men's team sprint technique: C
INFO [2025-06-06 11:11:03] Ladies' team sprint technique: C
INFO [2025-06-06 11:11:03] Men's team sprint technique: C
INFO [2025-06-06 11:11:03] Ladies' team sprint technique: C
INFO [2025-06-06 11:11:03] Loading chrono data
INFO [2025-06-06 11:11:05] Loaded men's chrono with 105122 rows and 36 columns
INFO [2025-06-06 11:11:05] Loaded ladies' chrono with 78706 rows and 36 columns
INFO [2025-06-06 11:11:06] Created men's team sprint df with 3291 rows
INFO [2025-06-06 11:11:06] Created men's individual df with 92143 rows
INFO [2025-06-06 11:11:06] Created ladies' team sprint df with 2434 rows
INFO [2025-06-06 11:11:06] Created ladies' individual df with 68253 rows
INFO [2025-06-06 11:11:08] Filtered men's team sprint data by technique C - kept 997 of 3291 records
INFO [2025-06-06 11:11:08] Filtered ladies' team sprint data by technique C - kept 700 of 2434 records
INFO [2025-06-06 11:11:08] Training models for Leg 1
INFO [2025-06-06 11:11:08] Determined technique from leg data: C
INFO [2025-06-06 11:11:08] Race is classic technique - using classic-specific predictors
INFO [2025-06-06 11:11:08] Selected predictors for leg 1 : Pelo_Pct, Weighted_Last_5, Sprint_Pelo_Pct, Distance_Pelo_Pct, Sprint_C_Pelo_Pct, Classic_Pelo_Pct, Sprint_F_Pelo_Pct
INFO [2025-06-06 11:11:08] Using predictors: Pelo_Pct, Weighted_Last_5, Sprint_Pelo_Pct, Distance_Pelo_Pct, Sprint_C_Pelo_Pct, Classic_Pelo_Pct, Sprint_F_Pelo_Pct
INFO [2025-06-06 11:11:08] Training podium model using glm
INFO [2025-06-06 11:11:08] Training win model using glm
INFO [2025-06-06 11:11:08] Training top5 model using glm
INFO [2025-06-06 11:11:08] Training top10 model using glm
INFO [2025-06-06 11:11:08] Top features for Leg 1 podium prediction:
INFO [2025-06-06 11:11:08] Training models for Leg 2
INFO [2025-06-06 11:11:08] Determined technique from leg data: C
INFO [2025-06-06 11:11:08] Race is classic technique - using classic-specific predictors
INFO [2025-06-06 11:11:08] Selected predictors for leg 2 : Pelo_Pct, Weighted_Last_5, Sprint_Pelo_Pct, Distance_Pelo_Pct, Sprint_C_Pelo_Pct, Classic_Pelo_Pct, Sprint_F_Pelo_Pct
INFO [2025-06-06 11:11:08] Using predictors: Pelo_Pct, Weighted_Last_5, Sprint_Pelo_Pct, Distance_Pelo_Pct, Sprint_C_Pelo_Pct, Classic_Pelo_Pct, Sprint_F_Pelo_Pct
INFO [2025-06-06 11:11:08] Training podium model using glm
INFO [2025-06-06 11:11:08] Training win model using glm
INFO [2025-06-06 11:11:08] Training top5 model using glm
INFO [2025-06-06 11:11:08] Training top10 model using glm
INFO [2025-06-06 11:11:08] Top features for Leg 2 podium prediction:
INFO [2025-06-06 11:11:08] Training models for Leg 1
INFO [2025-06-06 11:11:08] Determined technique from leg data: C
INFO [2025-06-06 11:11:08] Race is classic technique - using classic-specific predictors
INFO [2025-06-06 11:11:08] Selected predictors for leg 1 : Pelo_Pct, Weighted_Last_5, Sprint_Pelo_Pct, Distance_Pelo_Pct, Sprint_C_Pelo_Pct, Classic_Pelo_Pct, Sprint_F_Pelo_Pct
INFO [2025-06-06 11:11:08] Using predictors: Pelo_Pct, Weighted_Last_5, Sprint_Pelo_Pct, Distance_Pelo_Pct, Sprint_C_Pelo_Pct, Classic_Pelo_Pct, Sprint_F_Pelo_Pct
INFO [2025-06-06 11:11:08] Training podium model using glm
INFO [2025-06-06 11:11:08] Training win model using glm
INFO [2025-06-06 11:11:09] Training top5 model using glm
INFO [2025-06-06 11:11:09] Training top10 model using glm
INFO [2025-06-06 11:11:09] Top features for Leg 1 podium prediction:
INFO [2025-06-06 11:11:09] Training models for Leg 2
INFO [2025-06-06 11:11:09] Determined technique from leg data: C
INFO [2025-06-06 11:11:09] Race is classic technique - using classic-specific predictors
INFO [2025-06-06 11:11:09] Selected predictors for leg 2 : Pelo_Pct, Weighted_Last_5, Sprint_Pelo_Pct, Distance_Pelo_Pct, Sprint_C_Pelo_Pct, Classic_Pelo_Pct, Sprint_F_Pelo_Pct
INFO [2025-06-06 11:11:09] Using predictors: Pelo_Pct, Weighted_Last_5, Sprint_Pelo_Pct, Distance_Pelo_Pct, Sprint_C_Pelo_Pct, Classic_Pelo_Pct, Sprint_F_Pelo_Pct
INFO [2025-06-06 11:11:09] Training podium model using glm
INFO [2025-06-06 11:11:09] Training win model using glm
INFO [2025-06-06 11:11:09] Training top5 model using glm
INFO [2025-06-06 11:11:09] Training top10 model using glm
INFO [2025-06-06 11:11:09] Top features for Leg 2 podium prediction:
INFO [2025-06-06 11:11:09] Processing men's team sprint predictions
INFO [2025-06-06 11:11:09] Loaded men team sprint teams startlist with 31 rows
INFO [2025-06-06 11:11:09] Loaded men team sprint individuals startlist with 62 rows
INFO [2025-06-06 11:11:09] Preparing current men skier data
INFO [2025-06-06 11:11:09] Replaced NAs in Distance_Elo with first quartile: 1207.23243912712
INFO [2025-06-06 11:11:09] Replaced NAs in Distance_C_Elo with first quartile: 1233.40200699225
INFO [2025-06-06 11:11:09] Replaced NAs in Distance_F_Elo with first quartile: 1236.48554062178
INFO [2025-06-06 11:11:09] Replaced NAs in Sprint_Elo with first quartile: 1223.60107000698
INFO [2025-06-06 11:11:09] Replaced NAs in Sprint_C_Elo with first quartile: 1241.28715500947
INFO [2025-06-06 11:11:09] Replaced NAs in Sprint_F_Elo with first quartile: 1234.45151108772
INFO [2025-06-06 11:11:09] Replaced NAs in Classic_Elo with first quartile: 1241.52867310024
INFO [2025-06-06 11:11:09] Replaced NAs in Freestyle_Elo with first quartile: 1228.48649348109
INFO [2025-06-06 11:11:09] Replaced NAs in Distance_Pelo with first quartile: 1211.63035979047
INFO [2025-06-06 11:11:09] Replaced NAs in Distance_C_Pelo with first quartile: 1234.81091928129
INFO [2025-06-06 11:11:09] Replaced NAs in Distance_F_Pelo with first quartile: 1239.65331180248
INFO [2025-06-06 11:11:09] Replaced NAs in Sprint_Pelo with first quartile: 1240.94751821383
INFO [2025-06-06 11:11:09] Replaced NAs in Sprint_C_Pelo with first quartile: 1241.28715500947
INFO [2025-06-06 11:11:09] Replaced NAs in Sprint_F_Pelo with first quartile: 1252.45166310493
INFO [2025-06-06 11:11:09] Replaced NAs in Classic_Pelo with first quartile: 1243.63746068082
INFO [2025-06-06 11:11:09] Replaced NAs in Freestyle_Pelo with first quartile: 1249.30280713791
INFO [2025-06-06 11:11:09] Replaced NAs in Sprint_Last_5 with first quartile: 0
INFO [2025-06-06 11:11:09] Created Pelo_Pct from Elo with max value: 1946.6211651574
INFO [2025-06-06 11:11:09] Created Distance_Pelo_Pct from Distance_Elo with max value: 1869.1251911742
INFO [2025-06-06 11:11:09] Created Distance_C_Pelo_Pct from Distance_C_Elo with max value: 1777.16297253153
INFO [2025-06-06 11:11:09] Created Distance_F_Pelo_Pct from Distance_F_Elo with max value: 1695.2053212904
INFO [2025-06-06 11:11:09] Created Sprint_Pelo_Pct from Sprint_Elo with max value: 1886.80363942481
INFO [2025-06-06 11:11:09] Created Sprint_C_Pelo_Pct from Sprint_C_Elo with max value: 1711.08486899169
INFO [2025-06-06 11:11:09] Created Sprint_F_Pelo_Pct from Sprint_F_Elo with max value: 1792.65157560707
INFO [2025-06-06 11:11:09] Created Classic_Pelo_Pct from Classic_Elo with max value: 1807.56773496777
INFO [2025-06-06 11:11:09] Created Freestyle_Pelo_Pct from Freestyle_Elo with max value: 1814.60460629541
INFO [2025-06-06 11:11:09] Prepared data for 381 men skiers with 31 features
INFO [2025-06-06 11:11:09] Using FIS startlist for men's leg predictions
INFO [2025-06-06 11:11:09] Using FIS startlist for men
INFO [2025-06-06 11:11:09] Attempting Option 1: Team model coefficients
INFO [2025-06-06 11:11:09] Option 1 failed: No team_podium model found
INFO [2025-06-06 11:11:09] Option 1 failed: No team model
INFO [2025-06-06 11:11:09] Attempting Option 2: Individual model accuracy
INFO [2025-06-06 11:11:09] Leg 1 accuracy: 0.915975609756098
INFO [2025-06-06 11:11:09] Leg 2 accuracy: 0.916811846689895
INFO [2025-06-06 11:11:09] Option 2 succeeded: Using model accuracy weights
INFO [2025-06-06 11:11:09] Leg importance weights: Leg 1: 0.50, Leg 2: 0.50
INFO [2025-06-06 11:11:09] Processing ladies' team sprint predictions
INFO [2025-06-06 11:11:09] Loaded ladies team sprint teams startlist with 26 rows
INFO [2025-06-06 11:11:09] Loaded ladies team sprint individuals startlist with 52 rows
INFO [2025-06-06 11:11:09] Preparing current ladies skier data
INFO [2025-06-06 11:11:09] Replaced NAs in Distance_Elo with first quartile: 1237.38564383256
INFO [2025-06-06 11:11:09] Replaced NAs in Distance_C_Elo with first quartile: 1243.87329106944
INFO [2025-06-06 11:11:09] Replaced NAs in Distance_F_Elo with first quartile: 1256.69628195708
INFO [2025-06-06 11:11:09] Replaced NAs in Sprint_Elo with first quartile: 1246.32574824425
INFO [2025-06-06 11:11:09] Replaced NAs in Sprint_C_Elo with first quartile: 1257.67866787334
INFO [2025-06-06 11:11:09] Replaced NAs in Sprint_F_Elo with first quartile: 1244.84742904868
INFO [2025-06-06 11:11:09] Replaced NAs in Classic_Elo with first quartile: 1252.44868703669
INFO [2025-06-06 11:11:09] Replaced NAs in Freestyle_Elo with first quartile: 1244.44508230281
INFO [2025-06-06 11:11:09] Replaced NAs in Distance_Pelo with first quartile: 1241.11854419952
INFO [2025-06-06 11:11:09] Replaced NAs in Distance_C_Pelo with first quartile: 1245.57367555166
INFO [2025-06-06 11:11:09] Replaced NAs in Distance_F_Pelo with first quartile: 1259.54282973153
INFO [2025-06-06 11:11:09] Replaced NAs in Sprint_Pelo with first quartile: 1254.59410960767
INFO [2025-06-06 11:11:09] Replaced NAs in Sprint_C_Pelo with first quartile: 1257.58302026178
INFO [2025-06-06 11:11:09] Replaced NAs in Sprint_F_Pelo with first quartile: 1257.67755691493
INFO [2025-06-06 11:11:09] Replaced NAs in Classic_Pelo with first quartile: 1256.79275004544
INFO [2025-06-06 11:11:09] Replaced NAs in Freestyle_Pelo with first quartile: 1256.79999900008
INFO [2025-06-06 11:11:09] Replaced NAs in Sprint_Last_5 with first quartile: 0
INFO [2025-06-06 11:11:09] Created Pelo_Pct from Elo with max value: 1840.99747242401
INFO [2025-06-06 11:11:09] Created Distance_Pelo_Pct from Distance_Elo with max value: 1889.46974050597
INFO [2025-06-06 11:11:09] Created Distance_C_Pelo_Pct from Distance_C_Elo with max value: 1763.33572074398
INFO [2025-06-06 11:11:09] Created Distance_F_Pelo_Pct from Distance_F_Elo with max value: 1693.85026290322
INFO [2025-06-06 11:11:09] Created Sprint_Pelo_Pct from Sprint_Elo with max value: 1742.75320156525
INFO [2025-06-06 11:11:09] Created Sprint_C_Pelo_Pct from Sprint_C_Elo with max value: 1601.58469902127
INFO [2025-06-06 11:11:09] Created Sprint_F_Pelo_Pct from Sprint_F_Elo with max value: 1681.09824552997
INFO [2025-06-06 11:11:09] Created Classic_Pelo_Pct from Classic_Elo with max value: 1698.68768563646
INFO [2025-06-06 11:11:09] Created Freestyle_Pelo_Pct from Freestyle_Elo with max value: 1707.58410982918
INFO [2025-06-06 11:11:09] Prepared data for 255 ladies skiers with 31 features
INFO [2025-06-06 11:11:09] Using FIS startlist for ladies' leg predictions
INFO [2025-06-06 11:11:09] Using FIS startlist for ladies
INFO [2025-06-06 11:11:09] Attempting Option 1: Team model coefficients
INFO [2025-06-06 11:11:09] Option 1 failed: No team_podium model found
INFO [2025-06-06 11:11:09] Option 1 failed: No team model
INFO [2025-06-06 11:11:09] Attempting Option 2: Individual model accuracy
INFO [2025-06-06 11:11:09] Leg 1 accuracy: 0.833699633699634
INFO [2025-06-06 11:11:09] Leg 2 accuracy: 0.832600732600733
INFO [2025-06-06 11:11:09] Option 2 succeeded: Using model accuracy weights
INFO [2025-06-06 11:11:09] Leg importance weights: Leg 1: 0.50, Leg 2: 0.50
INFO [2025-06-06 11:11:09] Resetting men's probabilities at or below the mode to zero
INFO [2025-06-06 11:11:09] Resetting ladies' probabilities at or below the mode to zero
INFO [2025-06-06 11:11:09] Normalizing men's team probabilities
INFO [2025-06-06 11:11:09] Normalized Win_Prob from sum of 1 to 1 and capped individual values at 1.0
INFO [2025-06-06 11:11:09] Normalized Podium_Prob from sum of 1.82 to 2.5 and capped individual values at 1.0
INFO [2025-06-06 11:11:09] Normalized Top5_Prob from sum of 3.41 to 4.61 and capped individual values at 1.0
INFO [2025-06-06 11:11:09] Normalized Top10_Prob from sum of 7.37 to 8.89 and capped individual values at 1.0
INFO [2025-06-06 11:11:09] Recalculated Expected_Points based on normalized probabilities
INFO [2025-06-06 11:11:09] Normalizing ladies' team probabilities
INFO [2025-06-06 11:11:09] Normalized Win_Prob from sum of 0.5 to 1 and capped individual values at 1.0
INFO [2025-06-06 11:11:09] Normalized Podium_Prob from sum of 2.57 to 3 and capped individual values at 1.0
INFO [2025-06-06 11:11:09] Normalized Top5_Prob from sum of 3.85 to 4.98 and capped individual values at 1.0
INFO [2025-06-06 11:11:09] Normalized Top10_Prob from sum of 7.76 to 9.12 and capped individual values at 1.0
INFO [2025-06-06 11:11:09] Recalculated Expected_Points based on normalized probabilities
INFO [2025-06-06 11:11:09] Optimizing fantasy team sprint team
INFO [2025-06-06 11:11:09] Fantasy team optimization complete. Selected 8 teams.
INFO [2025-06-06 11:11:09] Total price: 99973 of max 1e+05
INFO [2025-06-06 11:11:09] Expected total points: 815.9
INFO [2025-06-06 11:11:09] Men's teams: 4 ( 4 )
INFO [2025-06-06 11:11:09] Ladies' teams: 4 ( 4 )
INFO [2025-06-06 11:11:09] Saved points predictions to ~/blog/daehl-e/content/post/cross-country/drafts/weekly-picks/20250606/men_team_sprint_points.xlsx
INFO [2025-06-06 11:11:09] Saved probability predictions to ~/blog/daehl-e/content/post/cross-country/drafts/weekly-picks/20250606/men_team_sprint_probabilities.xlsx
INFO [2025-06-06 11:11:09] Saved points predictions to ~/blog/daehl-e/content/post/cross-country/drafts/weekly-picks/20250606/ladies_team_sprint_points.xlsx
INFO [2025-06-06 11:11:09] Saved probability predictions to ~/blog/daehl-e/content/post/cross-country/drafts/weekly-picks/20250606/ladies_team_sprint_probabilities.xlsx
INFO [2025-06-06 11:11:09] Saved fantasy team results to ~/blog/daehl-e/content/post/cross-country/drafts/weekly-picks/20250606/fantasy_team_sprint_team.xlsx
INFO [2025-06-06 11:11:09] Team sprint predictions completed successfully
INFO [2025-06-06 11:48:52] Starting team sprint predictions process
INFO [2025-06-06 11:48:52] Loading weekend race data
INFO [2025-06-06 11:48:52] Tomorrow's date: 2025-06-06
INFO [2025-06-06 11:48:52] Found 1 men's team sprint races and 1 ladies' team sprint races
INFO [2025-06-06 11:48:52] Men's team sprint technique: C
INFO [2025-06-06 11:48:52] Ladies' team sprint technique: C
INFO [2025-06-06 11:48:52] Men's team sprint technique: C
INFO [2025-06-06 11:48:52] Ladies' team sprint technique: C
INFO [2025-06-06 11:48:52] Loading chrono data
INFO [2025-06-06 11:48:54] Loaded men's chrono with 105122 rows and 36 columns
INFO [2025-06-06 11:48:54] Loaded ladies' chrono with 78706 rows and 36 columns
INFO [2025-06-06 11:48:54] Created men's team sprint df with 3291 rows
INFO [2025-06-06 11:48:54] Created men's individual df with 92143 rows
INFO [2025-06-06 11:48:54] Created ladies' team sprint df with 2434 rows
INFO [2025-06-06 11:48:54] Created ladies' individual df with 68253 rows
INFO [2025-06-06 11:48:56] Filtered men's team sprint data by technique C - kept 997 of 3291 records
INFO [2025-06-06 11:48:56] Filtered ladies' team sprint data by technique C - kept 700 of 2434 records
INFO [2025-06-06 11:48:56] Training models for Leg 1
INFO [2025-06-06 11:48:56] Determined technique from leg data: C
INFO [2025-06-06 11:48:56] Race is classic technique - using classic-specific predictors
INFO [2025-06-06 11:48:56] Selected predictors for leg 1 : Pelo_Pct, Weighted_Last_5, Sprint_Pelo_Pct, Distance_Pelo_Pct, Sprint_C_Pelo_Pct, Classic_Pelo_Pct, Sprint_F_Pelo_Pct
INFO [2025-06-06 11:48:56] Using predictors: Pelo_Pct, Weighted_Last_5, Sprint_Pelo_Pct, Distance_Pelo_Pct, Sprint_C_Pelo_Pct, Classic_Pelo_Pct, Sprint_F_Pelo_Pct
INFO [2025-06-06 11:48:56] Training podium model using glm
INFO [2025-06-06 11:48:56] Training win model using glm
INFO [2025-06-06 11:48:57] Training top5 model using glm
INFO [2025-06-06 11:48:57] Training top10 model using glm
INFO [2025-06-06 11:48:57] Top features for Leg 1 podium prediction:
INFO [2025-06-06 11:48:57] Training models for Leg 2
INFO [2025-06-06 11:48:57] Determined technique from leg data: C
INFO [2025-06-06 11:48:57] Race is classic technique - using classic-specific predictors
INFO [2025-06-06 11:48:57] Selected predictors for leg 2 : Pelo_Pct, Weighted_Last_5, Sprint_Pelo_Pct, Distance_Pelo_Pct, Sprint_C_Pelo_Pct, Classic_Pelo_Pct, Sprint_F_Pelo_Pct
INFO [2025-06-06 11:48:57] Using predictors: Pelo_Pct, Weighted_Last_5, Sprint_Pelo_Pct, Distance_Pelo_Pct, Sprint_C_Pelo_Pct, Classic_Pelo_Pct, Sprint_F_Pelo_Pct
INFO [2025-06-06 11:48:57] Training podium model using glm
INFO [2025-06-06 11:48:57] Training win model using glm
INFO [2025-06-06 11:48:57] Training top5 model using glm
INFO [2025-06-06 11:48:57] Training top10 model using glm
INFO [2025-06-06 11:48:57] Top features for Leg 2 podium prediction:
INFO [2025-06-06 11:48:57] Training models for Leg 1
INFO [2025-06-06 11:48:57] Determined technique from leg data: C
INFO [2025-06-06 11:48:57] Race is classic technique - using classic-specific predictors
INFO [2025-06-06 11:48:57] Selected predictors for leg 1 : Pelo_Pct, Weighted_Last_5, Sprint_Pelo_Pct, Distance_Pelo_Pct, Sprint_C_Pelo_Pct, Classic_Pelo_Pct, Sprint_F_Pelo_Pct
INFO [2025-06-06 11:48:57] Using predictors: Pelo_Pct, Weighted_Last_5, Sprint_Pelo_Pct, Distance_Pelo_Pct, Sprint_C_Pelo_Pct, Classic_Pelo_Pct, Sprint_F_Pelo_Pct
INFO [2025-06-06 11:48:57] Training podium model using glm
INFO [2025-06-06 11:48:57] Training win model using glm
INFO [2025-06-06 11:48:57] Training top5 model using glm
INFO [2025-06-06 11:48:57] Training top10 model using glm
INFO [2025-06-06 11:48:57] Top features for Leg 1 podium prediction:
INFO [2025-06-06 11:48:57] Training models for Leg 2
INFO [2025-06-06 11:48:57] Determined technique from leg data: C
INFO [2025-06-06 11:48:57] Race is classic technique - using classic-specific predictors
INFO [2025-06-06 11:48:57] Selected predictors for leg 2 : Pelo_Pct, Weighted_Last_5, Sprint_Pelo_Pct, Distance_Pelo_Pct, Sprint_C_Pelo_Pct, Classic_Pelo_Pct, Sprint_F_Pelo_Pct
INFO [2025-06-06 11:48:57] Using predictors: Pelo_Pct, Weighted_Last_5, Sprint_Pelo_Pct, Distance_Pelo_Pct, Sprint_C_Pelo_Pct, Classic_Pelo_Pct, Sprint_F_Pelo_Pct
INFO [2025-06-06 11:48:57] Training podium model using glm
INFO [2025-06-06 11:48:57] Training win model using glm
INFO [2025-06-06 11:48:57] Training top5 model using glm
INFO [2025-06-06 11:48:57] Training top10 model using glm
INFO [2025-06-06 11:48:57] Top features for Leg 2 podium prediction:
INFO [2025-06-06 11:48:57] Processing men's team sprint predictions
INFO [2025-06-06 11:48:57] Loaded men team sprint teams startlist with 31 rows
INFO [2025-06-06 11:48:57] Loaded men team sprint individuals startlist with 62 rows
INFO [2025-06-06 11:48:57] Preparing current men skier data
INFO [2025-06-06 11:48:57] Replaced NAs in Distance_Elo with first quartile: 1207.23243912712
INFO [2025-06-06 11:48:57] Replaced NAs in Distance_C_Elo with first quartile: 1233.40200699225
INFO [2025-06-06 11:48:57] Replaced NAs in Distance_F_Elo with first quartile: 1236.48554062178
INFO [2025-06-06 11:48:57] Replaced NAs in Sprint_Elo with first quartile: 1223.60107000698
INFO [2025-06-06 11:48:57] Replaced NAs in Sprint_C_Elo with first quartile: 1241.28715500947
INFO [2025-06-06 11:48:57] Replaced NAs in Sprint_F_Elo with first quartile: 1234.45151108772
INFO [2025-06-06 11:48:57] Replaced NAs in Classic_Elo with first quartile: 1241.52867310024
INFO [2025-06-06 11:48:57] Replaced NAs in Freestyle_Elo with first quartile: 1228.48649348109
INFO [2025-06-06 11:48:57] Replaced NAs in Distance_Pelo with first quartile: 1211.63035979047
INFO [2025-06-06 11:48:57] Replaced NAs in Distance_C_Pelo with first quartile: 1234.81091928129
INFO [2025-06-06 11:48:57] Replaced NAs in Distance_F_Pelo with first quartile: 1239.65331180248
INFO [2025-06-06 11:48:57] Replaced NAs in Sprint_Pelo with first quartile: 1240.94751821383
INFO [2025-06-06 11:48:57] Replaced NAs in Sprint_C_Pelo with first quartile: 1241.28715500947
INFO [2025-06-06 11:48:57] Replaced NAs in Sprint_F_Pelo with first quartile: 1252.45166310493
INFO [2025-06-06 11:48:57] Replaced NAs in Classic_Pelo with first quartile: 1243.63746068082
INFO [2025-06-06 11:48:57] Replaced NAs in Freestyle_Pelo with first quartile: 1249.30280713791
INFO [2025-06-06 11:48:57] Replaced NAs in Sprint_Last_5 with first quartile: 0
INFO [2025-06-06 11:48:57] Created Pelo_Pct from Elo with max value: 1946.6211651574
INFO [2025-06-06 11:48:57] Created Distance_Pelo_Pct from Distance_Elo with max value: 1869.1251911742
INFO [2025-06-06 11:48:57] Created Distance_C_Pelo_Pct from Distance_C_Elo with max value: 1777.16297253153
INFO [2025-06-06 11:48:57] Created Distance_F_Pelo_Pct from Distance_F_Elo with max value: 1695.2053212904
INFO [2025-06-06 11:48:57] Created Sprint_Pelo_Pct from Sprint_Elo with max value: 1886.80363942481
INFO [2025-06-06 11:48:57] Created Sprint_C_Pelo_Pct from Sprint_C_Elo with max value: 1711.08486899169
INFO [2025-06-06 11:48:57] Created Sprint_F_Pelo_Pct from Sprint_F_Elo with max value: 1792.65157560707
INFO [2025-06-06 11:48:57] Created Classic_Pelo_Pct from Classic_Elo with max value: 1807.56773496777
INFO [2025-06-06 11:48:57] Created Freestyle_Pelo_Pct from Freestyle_Elo with max value: 1814.60460629541
INFO [2025-06-06 11:48:57] Prepared data for 381 men skiers with 31 features
INFO [2025-06-06 11:48:57] Using FIS startlist for men's leg predictions
INFO [2025-06-06 11:48:57] Using FIS startlist for men
INFO [2025-06-06 11:48:57] Attempting Option 1: Team model coefficients
INFO [2025-06-06 11:48:57] Option 1 failed: No team_podium model found
INFO [2025-06-06 11:48:57] Option 1 failed: No team model
INFO [2025-06-06 11:48:57] Attempting Option 2: Individual model accuracy
INFO [2025-06-06 11:48:57] Leg 1 accuracy: 0.905853658536585
INFO [2025-06-06 11:48:57] Leg 2 accuracy: 0.931689895470383
INFO [2025-06-06 11:48:57] Option 2 succeeded: Using model accuracy weights
INFO [2025-06-06 11:48:57] Leg importance weights: Leg 1: 0.49, Leg 2: 0.51
INFO [2025-06-06 11:48:57] Processing ladies' team sprint predictions
INFO [2025-06-06 11:48:57] Loaded ladies team sprint teams startlist with 26 rows
INFO [2025-06-06 11:48:57] Loaded ladies team sprint individuals startlist with 52 rows
INFO [2025-06-06 11:48:57] Preparing current ladies skier data
INFO [2025-06-06 11:48:57] Replaced NAs in Distance_Elo with first quartile: 1237.38564383256
INFO [2025-06-06 11:48:57] Replaced NAs in Distance_C_Elo with first quartile: 1243.87329106944
INFO [2025-06-06 11:48:57] Replaced NAs in Distance_F_Elo with first quartile: 1256.69628195708
INFO [2025-06-06 11:48:57] Replaced NAs in Sprint_Elo with first quartile: 1246.32574824425
INFO [2025-06-06 11:48:57] Replaced NAs in Sprint_C_Elo with first quartile: 1257.67866787334
INFO [2025-06-06 11:48:57] Replaced NAs in Sprint_F_Elo with first quartile: 1244.84742904868
INFO [2025-06-06 11:48:57] Replaced NAs in Classic_Elo with first quartile: 1252.44868703669
INFO [2025-06-06 11:48:57] Replaced NAs in Freestyle_Elo with first quartile: 1244.44508230281
INFO [2025-06-06 11:48:57] Replaced NAs in Distance_Pelo with first quartile: 1241.11854419952
INFO [2025-06-06 11:48:57] Replaced NAs in Distance_C_Pelo with first quartile: 1245.57367555166
INFO [2025-06-06 11:48:57] Replaced NAs in Distance_F_Pelo with first quartile: 1259.54282973153
INFO [2025-06-06 11:48:57] Replaced NAs in Sprint_Pelo with first quartile: 1254.59410960767
INFO [2025-06-06 11:48:57] Replaced NAs in Sprint_C_Pelo with first quartile: 1257.58302026178
INFO [2025-06-06 11:48:57] Replaced NAs in Sprint_F_Pelo with first quartile: 1257.67755691493
INFO [2025-06-06 11:48:57] Replaced NAs in Classic_Pelo with first quartile: 1256.79275004544
INFO [2025-06-06 11:48:57] Replaced NAs in Freestyle_Pelo with first quartile: 1256.79999900008
INFO [2025-06-06 11:48:57] Replaced NAs in Sprint_Last_5 with first quartile: 0
INFO [2025-06-06 11:48:57] Created Pelo_Pct from Elo with max value: 1840.99747242401
INFO [2025-06-06 11:48:57] Created Distance_Pelo_Pct from Distance_Elo with max value: 1889.46974050597
INFO [2025-06-06 11:48:57] Created Distance_C_Pelo_Pct from Distance_C_Elo with max value: 1763.33572074398
INFO [2025-06-06 11:48:57] Created Distance_F_Pelo_Pct from Distance_F_Elo with max value: 1693.85026290322
INFO [2025-06-06 11:48:57] Created Sprint_Pelo_Pct from Sprint_Elo with max value: 1742.75320156525
INFO [2025-06-06 11:48:57] Created Sprint_C_Pelo_Pct from Sprint_C_Elo with max value: 1601.58469902127
INFO [2025-06-06 11:48:57] Created Sprint_F_Pelo_Pct from Sprint_F_Elo with max value: 1681.09824552997
INFO [2025-06-06 11:48:57] Created Classic_Pelo_Pct from Classic_Elo with max value: 1698.68768563646
INFO [2025-06-06 11:48:57] Created Freestyle_Pelo_Pct from Freestyle_Elo with max value: 1707.58410982918
INFO [2025-06-06 11:48:57] Prepared data for 255 ladies skiers with 31 features
INFO [2025-06-06 11:48:57] Using FIS startlist for ladies' leg predictions
INFO [2025-06-06 11:48:57] Using FIS startlist for ladies
INFO [2025-06-06 11:48:57] Attempting Option 1: Team model coefficients
INFO [2025-06-06 11:48:57] Option 1 failed: No team_podium model found
INFO [2025-06-06 11:48:57] Option 1 failed: No team model
INFO [2025-06-06 11:48:57] Attempting Option 2: Individual model accuracy
INFO [2025-06-06 11:48:57] Leg 1 accuracy: 0.833882783882784
INFO [2025-06-06 11:48:57] Leg 2 accuracy: 0.834065934065934
INFO [2025-06-06 11:48:57] Option 2 succeeded: Using model accuracy weights
INFO [2025-06-06 11:48:57] Leg importance weights: Leg 1: 0.50, Leg 2: 0.50
INFO [2025-06-06 11:48:57] Resetting men's probabilities at or below the mode to zero
INFO [2025-06-06 11:48:57] Resetting ladies' probabilities at or below the mode to zero
INFO [2025-06-06 11:48:57] Normalizing men's team probabilities
INFO [2025-06-06 11:48:58] Normalized Win_Prob from sum of 1 to 1 and capped individual values at 1.0
INFO [2025-06-06 11:48:58] Normalized Podium_Prob from sum of 1.82 to 2.51 and capped individual values at 1.0
INFO [2025-06-06 11:48:58] Normalized Top5_Prob from sum of 3.42 to 4.61 and capped individual values at 1.0
INFO [2025-06-06 11:48:58] Normalized Top10_Prob from sum of 7.38 to 8.9 and capped individual values at 1.0
INFO [2025-06-06 11:48:58] Recalculated Expected_Points based on normalized probabilities
INFO [2025-06-06 11:48:58] Normalizing ladies' team probabilities
INFO [2025-06-06 11:48:58] Normalized Win_Prob from sum of 0.5 to 1 and capped individual values at 1.0
INFO [2025-06-06 11:48:58] Normalized Podium_Prob from sum of 2.57 to 3 and capped individual values at 1.0
INFO [2025-06-06 11:48:58] Normalized Top5_Prob from sum of 3.85 to 4.98 and capped individual values at 1.0
INFO [2025-06-06 11:48:58] Normalized Top10_Prob from sum of 7.76 to 9.12 and capped individual values at 1.0
INFO [2025-06-06 11:48:58] Recalculated Expected_Points based on normalized probabilities
INFO [2025-06-06 11:48:58] Optimizing fantasy team sprint team
INFO [2025-06-06 11:48:58] Fantasy team optimization complete. Selected 8 teams.
INFO [2025-06-06 11:48:58] Total price: 99973 of max 1e+05
INFO [2025-06-06 11:48:58] Expected total points: 816.2
INFO [2025-06-06 11:48:58] Men's teams: 4 ( 4 )
INFO [2025-06-06 11:48:58] Ladies' teams: 4 ( 4 )
INFO [2025-06-06 11:48:58] Saved points predictions to ~/blog/daehl-e/content/post/cross-country/drafts/weekly-picks/20250606/men_team_sprint.xlsx
INFO [2025-06-06 11:48:58] Saved probability predictions to ~/blog/daehl-e/content/post/cross-country/drafts/weekly-picks/20250606/men_team_sprint_position_probabilities.xlsx
INFO [2025-06-06 11:48:58] Saved points predictions to ~/blog/daehl-e/content/post/cross-country/drafts/weekly-picks/20250606/ladies_team_sprint.xlsx
INFO [2025-06-06 11:48:58] Saved probability predictions to ~/blog/daehl-e/content/post/cross-country/drafts/weekly-picks/20250606/ladies_team_sprint_position_probabilities.xlsx
INFO [2025-06-06 11:48:58] Saved fantasy team results to ~/blog/daehl-e/content/post/cross-country/drafts/weekly-picks/20250606/fantasy_team_sprint_team.xlsx
INFO [2025-06-06 11:48:58] Team sprint predictions completed successfully
