INFO [2025-06-05 21:05:03] Starting team sprint predictions process
INFO [2025-06-05 21:05:03] Loading weekend race data
INFO [2025-06-05 21:05:03] Tomorrow's date: 2025-06-06
INFO [2025-06-05 21:05:03] No team sprint races found for tomorrow, finding next team sprint race
WARN [2025-06-05 21:05:03] No upcoming team sprint races found in the schedule
INFO [2025-06-05 21:05:03] Found 0 men's team sprint races and 0 ladies' team sprint races
ERROR [2025-06-05 21:05:03] No upcoming team sprint races found. Exiting.
INFO [2025-06-05 21:06:50] Starting team sprint predictions process
INFO [2025-06-05 21:06:50] Loading weekend race data
INFO [2025-06-05 21:06:50] Tomorrow's date: 2025-06-06
INFO [2025-06-05 21:06:50] No team sprint races found for tomorrow, finding next team sprint race
WARN [2025-06-05 21:06:50] No upcoming team sprint races found in the schedule
INFO [2025-06-05 21:06:50] Found 0 men's team sprint races and 0 ladies' team sprint races
ERROR [2025-06-05 21:06:50] No upcoming team sprint races found. Exiting.
INFO [2025-06-05 21:10:16] Starting team sprint predictions process
INFO [2025-06-05 21:10:16] Loading weekend race data
INFO [2025-06-05 21:10:16] Tomorrow's date: 2025-06-06
INFO [2025-06-05 21:10:16] Found 1 men's team sprint races and 1 ladies' team sprint races
INFO [2025-06-05 21:10:16] Men's team sprint technique: C
INFO [2025-06-05 21:10:16] Ladies' team sprint technique: C
INFO [2025-06-05 21:10:16] Men's team sprint technique: C
INFO [2025-06-05 21:10:16] Ladies' team sprint technique: C
INFO [2025-06-05 21:10:16] Loading chrono data
INFO [2025-06-05 21:10:18] Loaded men's chrono with 105122 rows and 36 columns
INFO [2025-06-05 21:10:18] Loaded ladies' chrono with 78706 rows and 36 columns
INFO [2025-06-05 21:10:18] Created men's team sprint df with 3291 rows
INFO [2025-06-05 21:10:18] Created men's individual df with 92143 rows
INFO [2025-06-05 21:10:18] Created ladies' team sprint df with 2434 rows
INFO [2025-06-05 21:10:18] Created ladies' individual df with 68253 rows
INFO [2025-06-05 21:10:20] Filtered men's team sprint data by technique C - kept 997 of 3291 records
INFO [2025-06-05 21:10:20] Filtered ladies' team sprint data by technique C - kept 700 of 2434 records
INFO [2025-06-05 21:10:21] Training models for Leg 1
INFO [2025-06-05 21:10:21] Determined technique from leg data: C
INFO [2025-06-05 21:10:21] Race is classic technique - using classic-specific predictors
INFO [2025-06-05 21:10:21] Selected predictors for leg 1 : Pelo_Pct, Weighted_Last_5, Sprint_Pelo_Pct, Distance_Pelo_Pct, Sprint_C_Pelo_Pct, Classic_Pelo_Pct, Sprint_F_Pelo_Pct
INFO [2025-06-05 21:10:21] Using predictors: Pelo_Pct, Weighted_Last_5, Sprint_Pelo_Pct, Distance_Pelo_Pct, Sprint_C_Pelo_Pct, Classic_Pelo_Pct, Sprint_F_Pelo_Pct
INFO [2025-06-05 21:10:21] Training podium model using glm
INFO [2025-06-05 21:10:21] Training win model using glm
INFO [2025-06-05 21:10:21] Training top5 model using glm
INFO [2025-06-05 21:10:21] Training top10 model using glm
INFO [2025-06-05 21:10:21] Top features for Leg 1 podium prediction:
INFO [2025-06-05 21:10:21] Training models for Leg 2
INFO [2025-06-05 21:10:21] Determined technique from leg data: C
INFO [2025-06-05 21:10:21] Race is classic technique - using classic-specific predictors
INFO [2025-06-05 21:10:21] Selected predictors for leg 2 : Pelo_Pct, Weighted_Last_5, Sprint_Pelo_Pct, Distance_Pelo_Pct, Sprint_C_Pelo_Pct, Classic_Pelo_Pct, Sprint_F_Pelo_Pct
INFO [2025-06-05 21:10:21] Using predictors: Pelo_Pct, Weighted_Last_5, Sprint_Pelo_Pct, Distance_Pelo_Pct, Sprint_C_Pelo_Pct, Classic_Pelo_Pct, Sprint_F_Pelo_Pct
INFO [2025-06-05 21:10:21] Training podium model using glm
INFO [2025-06-05 21:10:21] Training win model using glm
INFO [2025-06-05 21:10:21] Training top5 model using glm
INFO [2025-06-05 21:10:21] Training top10 model using glm
INFO [2025-06-05 21:10:21] Top features for Leg 2 podium prediction:
INFO [2025-06-05 21:10:21] Training models for Leg 1
INFO [2025-06-05 21:10:21] Determined technique from leg data: C
INFO [2025-06-05 21:10:21] Race is classic technique - using classic-specific predictors
INFO [2025-06-05 21:10:21] Selected predictors for leg 1 : Pelo_Pct, Weighted_Last_5, Sprint_Pelo_Pct, Distance_Pelo_Pct, Sprint_C_Pelo_Pct, Classic_Pelo_Pct, Sprint_F_Pelo_Pct
INFO [2025-06-05 21:10:21] Using predictors: Pelo_Pct, Weighted_Last_5, Sprint_Pelo_Pct, Distance_Pelo_Pct, Sprint_C_Pelo_Pct, Classic_Pelo_Pct, Sprint_F_Pelo_Pct
INFO [2025-06-05 21:10:21] Training podium model using glm
INFO [2025-06-05 21:10:21] Training win model using glm
INFO [2025-06-05 21:10:21] Training top5 model using glm
INFO [2025-06-05 21:10:21] Training top10 model using glm
INFO [2025-06-05 21:10:21] Top features for Leg 1 podium prediction:
INFO [2025-06-05 21:10:21] Training models for Leg 2
INFO [2025-06-05 21:10:21] Determined technique from leg data: C
INFO [2025-06-05 21:10:21] Race is classic technique - using classic-specific predictors
INFO [2025-06-05 21:10:21] Selected predictors for leg 2 : Pelo_Pct, Weighted_Last_5, Sprint_Pelo_Pct, Distance_Pelo_Pct, Sprint_C_Pelo_Pct, Classic_Pelo_Pct, Sprint_F_Pelo_Pct
INFO [2025-06-05 21:10:21] Using predictors: Pelo_Pct, Weighted_Last_5, Sprint_Pelo_Pct, Distance_Pelo_Pct, Sprint_C_Pelo_Pct, Classic_Pelo_Pct, Sprint_F_Pelo_Pct
INFO [2025-06-05 21:10:21] Training podium model using glm
INFO [2025-06-05 21:10:21] Training win model using glm
INFO [2025-06-05 21:10:21] Training top5 model using glm
INFO [2025-06-05 21:10:22] Training top10 model using glm
INFO [2025-06-05 21:10:22] Top features for Leg 2 podium prediction:
INFO [2025-06-05 21:10:22] Processing men's team sprint predictions
INFO [2025-06-05 21:10:22] Loaded men team sprint teams startlist with 31 rows
INFO [2025-06-05 21:10:22] Loaded men team sprint individuals startlist with 62 rows
INFO [2025-06-05 21:10:22] Preparing current men skier data
INFO [2025-06-05 21:10:22] Replaced NAs in Distance_Elo with first quartile: 1207.23243912712
INFO [2025-06-05 21:10:22] Replaced NAs in Distance_C_Elo with first quartile: 1233.40200699225
INFO [2025-06-05 21:10:22] Replaced NAs in Distance_F_Elo with first quartile: 1236.48554062178
INFO [2025-06-05 21:10:22] Replaced NAs in Sprint_Elo with first quartile: 1223.60107000698
INFO [2025-06-05 21:10:22] Replaced NAs in Sprint_C_Elo with first quartile: 1241.28715500947
INFO [2025-06-05 21:10:22] Replaced NAs in Sprint_F_Elo with first quartile: 1234.45151108772
INFO [2025-06-05 21:10:22] Replaced NAs in Classic_Elo with first quartile: 1241.52867310024
INFO [2025-06-05 21:10:22] Replaced NAs in Freestyle_Elo with first quartile: 1228.48649348109
INFO [2025-06-05 21:10:22] Replaced NAs in Distance_Pelo with first quartile: 1211.63035979047
INFO [2025-06-05 21:10:22] Replaced NAs in Distance_C_Pelo with first quartile: 1234.81091928129
INFO [2025-06-05 21:10:22] Replaced NAs in Distance_F_Pelo with first quartile: 1239.65331180248
INFO [2025-06-05 21:10:22] Replaced NAs in Sprint_Pelo with first quartile: 1240.94751821383
INFO [2025-06-05 21:10:22] Replaced NAs in Sprint_C_Pelo with first quartile: 1241.28715500947
INFO [2025-06-05 21:10:22] Replaced NAs in Sprint_F_Pelo with first quartile: 1252.45166310493
INFO [2025-06-05 21:10:22] Replaced NAs in Classic_Pelo with first quartile: 1243.63746068082
INFO [2025-06-05 21:10:22] Replaced NAs in Freestyle_Pelo with first quartile: 1249.30280713791
INFO [2025-06-05 21:10:22] Replaced NAs in Sprint_Last_5 with first quartile: 0
INFO [2025-06-05 21:10:22] Created Pelo_Pct from Elo with max value: 1946.6211651574
INFO [2025-06-05 21:10:22] Created Distance_Pelo_Pct from Distance_Elo with max value: 1869.1251911742
INFO [2025-06-05 21:10:22] Created Distance_C_Pelo_Pct from Distance_C_Elo with max value: 1777.16297253153
INFO [2025-06-05 21:10:22] Created Distance_F_Pelo_Pct from Distance_F_Elo with max value: 1695.2053212904
INFO [2025-06-05 21:10:22] Created Sprint_Pelo_Pct from Sprint_Elo with max value: 1886.80363942481
INFO [2025-06-05 21:10:22] Created Sprint_C_Pelo_Pct from Sprint_C_Elo with max value: 1711.08486899169
INFO [2025-06-05 21:10:22] Created Sprint_F_Pelo_Pct from Sprint_F_Elo with max value: 1792.65157560707
INFO [2025-06-05 21:10:22] Created Classic_Pelo_Pct from Classic_Elo with max value: 1807.56773496777
INFO [2025-06-05 21:10:22] Created Freestyle_Pelo_Pct from Freestyle_Elo with max value: 1814.60460629541
INFO [2025-06-05 21:10:22] Prepared data for 381 men skiers with 31 features
INFO [2025-06-05 21:10:22] Using FIS startlist for men's leg predictions
INFO [2025-06-05 21:10:22] Using FIS startlist for men
INFO [2025-06-05 21:10:22] Attempting Option 1: Team model coefficients
INFO [2025-06-05 21:10:22] Option 1 failed: No team_podium model found
INFO [2025-06-05 21:10:22] Option 1 failed: No team model
INFO [2025-06-05 21:10:22] Attempting Option 2: Individual model accuracy
INFO [2025-06-05 21:10:22] Leg 1 accuracy: 0.905975609756097
INFO [2025-06-05 21:10:22] Leg 2 accuracy: 0.9265737514518
INFO [2025-06-05 21:10:22] Option 2 succeeded: Using model accuracy weights
INFO [2025-06-05 21:10:22] Leg importance weights: Leg 1: 0.49, Leg 2: 0.51
INFO [2025-06-05 21:10:22] Processing ladies' team sprint predictions
INFO [2025-06-05 21:10:22] Loaded ladies team sprint teams startlist with 26 rows
INFO [2025-06-05 21:10:22] Loaded ladies team sprint individuals startlist with 52 rows
INFO [2025-06-05 21:10:22] Preparing current ladies skier data
INFO [2025-06-05 21:10:22] Replaced NAs in Distance_Elo with first quartile: 1237.38564383256
INFO [2025-06-05 21:10:22] Replaced NAs in Distance_C_Elo with first quartile: 1243.87329106944
INFO [2025-06-05 21:10:22] Replaced NAs in Distance_F_Elo with first quartile: 1256.69628195708
INFO [2025-06-05 21:10:22] Replaced NAs in Sprint_Elo with first quartile: 1246.32574824425
INFO [2025-06-05 21:10:22] Replaced NAs in Sprint_C_Elo with first quartile: 1257.67866787334
INFO [2025-06-05 21:10:22] Replaced NAs in Sprint_F_Elo with first quartile: 1244.84742904868
INFO [2025-06-05 21:10:22] Replaced NAs in Classic_Elo with first quartile: 1252.44868703669
INFO [2025-06-05 21:10:22] Replaced NAs in Freestyle_Elo with first quartile: 1244.44508230281
INFO [2025-06-05 21:10:22] Replaced NAs in Distance_Pelo with first quartile: 1241.11854419952
INFO [2025-06-05 21:10:22] Replaced NAs in Distance_C_Pelo with first quartile: 1245.57367555166
INFO [2025-06-05 21:10:22] Replaced NAs in Distance_F_Pelo with first quartile: 1259.54282973153
INFO [2025-06-05 21:10:22] Replaced NAs in Sprint_Pelo with first quartile: 1254.59410960767
INFO [2025-06-05 21:10:22] Replaced NAs in Sprint_C_Pelo with first quartile: 1257.58302026178
INFO [2025-06-05 21:10:22] Replaced NAs in Sprint_F_Pelo with first quartile: 1257.67755691493
INFO [2025-06-05 21:10:22] Replaced NAs in Classic_Pelo with first quartile: 1256.79275004544
INFO [2025-06-05 21:10:22] Replaced NAs in Freestyle_Pelo with first quartile: 1256.79999900008
INFO [2025-06-05 21:10:22] Replaced NAs in Sprint_Last_5 with first quartile: 0
INFO [2025-06-05 21:10:22] Created Pelo_Pct from Elo with max value: 1840.99747242401
INFO [2025-06-05 21:10:22] Created Distance_Pelo_Pct from Distance_Elo with max value: 1889.46974050597
INFO [2025-06-05 21:10:22] Created Distance_C_Pelo_Pct from Distance_C_Elo with max value: 1763.33572074398
INFO [2025-06-05 21:10:22] Created Distance_F_Pelo_Pct from Distance_F_Elo with max value: 1693.85026290322
INFO [2025-06-05 21:10:22] Created Sprint_Pelo_Pct from Sprint_Elo with max value: 1742.75320156525
INFO [2025-06-05 21:10:22] Created Sprint_C_Pelo_Pct from Sprint_C_Elo with max value: 1601.58469902127
INFO [2025-06-05 21:10:22] Created Sprint_F_Pelo_Pct from Sprint_F_Elo with max value: 1681.09824552997
INFO [2025-06-05 21:10:22] Created Classic_Pelo_Pct from Classic_Elo with max value: 1698.68768563646
INFO [2025-06-05 21:10:22] Created Freestyle_Pelo_Pct from Freestyle_Elo with max value: 1707.58410982918
INFO [2025-06-05 21:10:22] Prepared data for 255 ladies skiers with 31 features
INFO [2025-06-05 21:10:22] Using FIS startlist for ladies' leg predictions
INFO [2025-06-05 21:10:22] Using FIS startlist for ladies
INFO [2025-06-05 21:10:22] Attempting Option 1: Team model coefficients
INFO [2025-06-05 21:10:22] Option 1 failed: No team_podium model found
INFO [2025-06-05 21:10:22] Option 1 failed: No team model
INFO [2025-06-05 21:10:22] Attempting Option 2: Individual model accuracy
INFO [2025-06-05 21:10:22] Leg 1 accuracy: 0.847252747252747
INFO [2025-06-05 21:10:22] Leg 2 accuracy: 0.832417582417582
INFO [2025-06-05 21:10:22] Option 2 succeeded: Using model accuracy weights
INFO [2025-06-05 21:10:22] Leg importance weights: Leg 1: 0.50, Leg 2: 0.50
INFO [2025-06-05 21:10:22] Resetting men's probabilities at or below the mode to zero
INFO [2025-06-05 21:10:22] Resetting ladies' probabilities at or below the mode to zero
INFO [2025-06-05 21:10:22] Normalizing men's team probabilities
INFO [2025-06-05 21:10:22] Normalized Win_Prob from sum of 1 to 1 and capped individual values at 1.0
INFO [2025-06-05 21:10:22] Normalized Podium_Prob from sum of 1.82 to 2.51 and capped individual values at 1.0
INFO [2025-06-05 21:10:22] Normalized Top5_Prob from sum of 3.41 to 4.61 and capped individual values at 1.0
INFO [2025-06-05 21:10:22] Normalized Top10_Prob from sum of 7.38 to 8.89 and capped individual values at 1.0
INFO [2025-06-05 21:10:22] Recalculated Expected_Points based on normalized probabilities
INFO [2025-06-05 21:10:22] Normalizing ladies' team probabilities
INFO [2025-06-05 21:10:22] Normalized Win_Prob from sum of 0.5 to 1 and capped individual values at 1.0
INFO [2025-06-05 21:10:22] Normalized Podium_Prob from sum of 2.57 to 3 and capped individual values at 1.0
INFO [2025-06-05 21:10:22] Normalized Top5_Prob from sum of 3.86 to 4.98 and capped individual values at 1.0
INFO [2025-06-05 21:10:22] Normalized Top10_Prob from sum of 7.77 to 9.13 and capped individual values at 1.0
INFO [2025-06-05 21:10:22] Recalculated Expected_Points based on normalized probabilities
INFO [2025-06-05 21:10:22] Optimizing fantasy team sprint team
INFO [2025-06-05 21:10:22] Fantasy team optimization complete. Selected 8 teams.
INFO [2025-06-05 21:10:22] Total price: 99973 of max 1e+05
INFO [2025-06-05 21:10:22] Expected total points: 816.1
INFO [2025-06-05 21:10:22] Men's teams: 4 ( 4 )
INFO [2025-06-05 21:10:22] Ladies' teams: 4 ( 4 )
INFO [2025-06-05 21:10:22] Saved points predictions to ~/blog/daehl-e/content/post/cross-country/drafts/weekly-picks/20250606/men_team_sprint_points.xlsx
INFO [2025-06-05 21:10:22] Saved probability predictions to ~/blog/daehl-e/content/post/cross-country/drafts/weekly-picks/20250606/men_team_sprint_probabilities.xlsx
INFO [2025-06-05 21:10:22] Saved points predictions to ~/blog/daehl-e/content/post/cross-country/drafts/weekly-picks/20250606/ladies_team_sprint_points.xlsx
INFO [2025-06-05 21:10:22] Saved probability predictions to ~/blog/daehl-e/content/post/cross-country/drafts/weekly-picks/20250606/ladies_team_sprint_probabilities.xlsx
INFO [2025-06-05 21:10:22] Saved fantasy team results to ~/blog/daehl-e/content/post/cross-country/drafts/weekly-picks/20250606/fantasy_team_sprint_team.xlsx
INFO [2025-06-05 21:10:22] Team sprint predictions completed successfully
INFO [2025-06-05 21:46:36] Starting team sprint predictions process
INFO [2025-06-05 21:46:36] Loading weekend race data
INFO [2025-06-05 21:46:36] Tomorrow's date: 2025-06-06
INFO [2025-06-05 21:46:36] Found 1 men's team sprint races and 1 ladies' team sprint races
INFO [2025-06-05 21:46:36] Men's team sprint technique: C
INFO [2025-06-05 21:46:36] Ladies' team sprint technique: C
INFO [2025-06-05 21:46:36] Men's team sprint technique: C
INFO [2025-06-05 21:46:36] Ladies' team sprint technique: C
INFO [2025-06-05 21:46:36] Loading chrono data
INFO [2025-06-05 21:46:38] Loaded men's chrono with 105122 rows and 36 columns
INFO [2025-06-05 21:46:38] Loaded ladies' chrono with 78706 rows and 36 columns
INFO [2025-06-05 21:46:39] Created men's team sprint df with 3291 rows
INFO [2025-06-05 21:46:39] Created men's individual df with 92143 rows
INFO [2025-06-05 21:46:39] Created ladies' team sprint df with 2434 rows
INFO [2025-06-05 21:46:39] Created ladies' individual df with 68253 rows
INFO [2025-06-05 21:46:41] Filtered men's team sprint data by technique C - kept 997 of 3291 records
INFO [2025-06-05 21:46:41] Filtered ladies' team sprint data by technique C - kept 700 of 2434 records
INFO [2025-06-05 21:46:41] Training models for Leg 1
INFO [2025-06-05 21:46:41] Determined technique from leg data: C
INFO [2025-06-05 21:46:41] Race is classic technique - using classic-specific predictors
INFO [2025-06-05 21:46:41] Selected predictors for leg 1 : Pelo_Pct, Weighted_Last_5, Sprint_Pelo_Pct, Distance_Pelo_Pct, Sprint_C_Pelo_Pct, Classic_Pelo_Pct, Sprint_F_Pelo_Pct
INFO [2025-06-05 21:46:41] Using predictors: Pelo_Pct, Weighted_Last_5, Sprint_Pelo_Pct, Distance_Pelo_Pct, Sprint_C_Pelo_Pct, Classic_Pelo_Pct, Sprint_F_Pelo_Pct
INFO [2025-06-05 21:46:41] Training podium model using glm
INFO [2025-06-05 21:46:41] Training win model using glm
INFO [2025-06-05 21:46:41] Training top5 model using glm
INFO [2025-06-05 21:46:41] Training top10 model using glm
INFO [2025-06-05 21:46:41] Top features for Leg 1 podium prediction:
INFO [2025-06-05 21:46:41] Training models for Leg 2
INFO [2025-06-05 21:46:41] Determined technique from leg data: C
INFO [2025-06-05 21:46:41] Race is classic technique - using classic-specific predictors
INFO [2025-06-05 21:46:41] Selected predictors for leg 2 : Pelo_Pct, Weighted_Last_5, Sprint_Pelo_Pct, Distance_Pelo_Pct, Sprint_C_Pelo_Pct, Classic_Pelo_Pct, Sprint_F_Pelo_Pct
INFO [2025-06-05 21:46:41] Using predictors: Pelo_Pct, Weighted_Last_5, Sprint_Pelo_Pct, Distance_Pelo_Pct, Sprint_C_Pelo_Pct, Classic_Pelo_Pct, Sprint_F_Pelo_Pct
INFO [2025-06-05 21:46:41] Training podium model using glm
INFO [2025-06-05 21:46:41] Training win model using glm
INFO [2025-06-05 21:46:41] Training top5 model using glm
INFO [2025-06-05 21:46:41] Training top10 model using glm
INFO [2025-06-05 21:46:42] Top features for Leg 2 podium prediction:
INFO [2025-06-05 21:46:42] Training models for Leg 1
INFO [2025-06-05 21:46:42] Determined technique from leg data: C
INFO [2025-06-05 21:46:42] Race is classic technique - using classic-specific predictors
INFO [2025-06-05 21:46:42] Selected predictors for leg 1 : Pelo_Pct, Weighted_Last_5, Sprint_Pelo_Pct, Distance_Pelo_Pct, Sprint_C_Pelo_Pct, Classic_Pelo_Pct, Sprint_F_Pelo_Pct
INFO [2025-06-05 21:46:42] Using predictors: Pelo_Pct, Weighted_Last_5, Sprint_Pelo_Pct, Distance_Pelo_Pct, Sprint_C_Pelo_Pct, Classic_Pelo_Pct, Sprint_F_Pelo_Pct
INFO [2025-06-05 21:46:42] Training podium model using glm
INFO [2025-06-05 21:46:42] Training win model using glm
INFO [2025-06-05 21:46:42] Training top5 model using glm
INFO [2025-06-05 21:46:42] Training top10 model using glm
INFO [2025-06-05 21:46:42] Top features for Leg 1 podium prediction:
INFO [2025-06-05 21:46:42] Training models for Leg 2
INFO [2025-06-05 21:46:42] Determined technique from leg data: C
INFO [2025-06-05 21:46:42] Race is classic technique - using classic-specific predictors
INFO [2025-06-05 21:46:42] Selected predictors for leg 2 : Pelo_Pct, Weighted_Last_5, Sprint_Pelo_Pct, Distance_Pelo_Pct, Sprint_C_Pelo_Pct, Classic_Pelo_Pct, Sprint_F_Pelo_Pct
INFO [2025-06-05 21:46:42] Using predictors: Pelo_Pct, Weighted_Last_5, Sprint_Pelo_Pct, Distance_Pelo_Pct, Sprint_C_Pelo_Pct, Classic_Pelo_Pct, Sprint_F_Pelo_Pct
INFO [2025-06-05 21:46:42] Training podium model using glm
INFO [2025-06-05 21:46:42] Training win model using glm
INFO [2025-06-05 21:46:42] Training top5 model using glm
INFO [2025-06-05 21:46:42] Training top10 model using glm
INFO [2025-06-05 21:46:42] Top features for Leg 2 podium prediction:
INFO [2025-06-05 21:46:42] Processing men's team sprint predictions
INFO [2025-06-05 21:46:42] Loaded men team sprint teams startlist with 31 rows
INFO [2025-06-05 21:46:42] Loaded men team sprint individuals startlist with 62 rows
INFO [2025-06-05 21:46:42] Preparing current men skier data
INFO [2025-06-05 21:46:42] Replaced NAs in Distance_Elo with first quartile: 1207.23243912712
INFO [2025-06-05 21:46:42] Replaced NAs in Distance_C_Elo with first quartile: 1233.40200699225
INFO [2025-06-05 21:46:42] Replaced NAs in Distance_F_Elo with first quartile: 1236.48554062178
INFO [2025-06-05 21:46:42] Replaced NAs in Sprint_Elo with first quartile: 1223.60107000698
INFO [2025-06-05 21:46:42] Replaced NAs in Sprint_C_Elo with first quartile: 1241.28715500947
INFO [2025-06-05 21:46:42] Replaced NAs in Sprint_F_Elo with first quartile: 1234.45151108772
INFO [2025-06-05 21:46:42] Replaced NAs in Classic_Elo with first quartile: 1241.52867310024
INFO [2025-06-05 21:46:42] Replaced NAs in Freestyle_Elo with first quartile: 1228.48649348109
INFO [2025-06-05 21:46:42] Replaced NAs in Distance_Pelo with first quartile: 1211.63035979047
INFO [2025-06-05 21:46:42] Replaced NAs in Distance_C_Pelo with first quartile: 1234.81091928129
INFO [2025-06-05 21:46:42] Replaced NAs in Distance_F_Pelo with first quartile: 1239.65331180248
INFO [2025-06-05 21:46:42] Replaced NAs in Sprint_Pelo with first quartile: 1240.94751821383
INFO [2025-06-05 21:46:42] Replaced NAs in Sprint_C_Pelo with first quartile: 1241.28715500947
INFO [2025-06-05 21:46:42] Replaced NAs in Sprint_F_Pelo with first quartile: 1252.45166310493
INFO [2025-06-05 21:46:42] Replaced NAs in Classic_Pelo with first quartile: 1243.63746068082
INFO [2025-06-05 21:46:42] Replaced NAs in Freestyle_Pelo with first quartile: 1249.30280713791
INFO [2025-06-05 21:46:42] Replaced NAs in Sprint_Last_5 with first quartile: 0
INFO [2025-06-05 21:46:42] Created Pelo_Pct from Elo with max value: 1946.6211651574
INFO [2025-06-05 21:46:42] Created Distance_Pelo_Pct from Distance_Elo with max value: 1869.1251911742
INFO [2025-06-05 21:46:42] Created Distance_C_Pelo_Pct from Distance_C_Elo with max value: 1777.16297253153
INFO [2025-06-05 21:46:42] Created Distance_F_Pelo_Pct from Distance_F_Elo with max value: 1695.2053212904
INFO [2025-06-05 21:46:42] Created Sprint_Pelo_Pct from Sprint_Elo with max value: 1886.80363942481
INFO [2025-06-05 21:46:42] Created Sprint_C_Pelo_Pct from Sprint_C_Elo with max value: 1711.08486899169
INFO [2025-06-05 21:46:42] Created Sprint_F_Pelo_Pct from Sprint_F_Elo with max value: 1792.65157560707
INFO [2025-06-05 21:46:42] Created Classic_Pelo_Pct from Classic_Elo with max value: 1807.56773496777
INFO [2025-06-05 21:46:42] Created Freestyle_Pelo_Pct from Freestyle_Elo with max value: 1814.60460629541
INFO [2025-06-05 21:46:42] Prepared data for 381 men skiers with 31 features
INFO [2025-06-05 21:46:42] Using FIS startlist for men's leg predictions
INFO [2025-06-05 21:46:42] Using FIS startlist for men
INFO [2025-06-05 21:46:42] Attempting Option 1: Team model coefficients
INFO [2025-06-05 21:46:42] Option 1 failed: No team_podium model found
INFO [2025-06-05 21:46:42] Option 1 failed: No team model
INFO [2025-06-05 21:46:42] Attempting Option 2: Individual model accuracy
INFO [2025-06-05 21:46:42] Leg 1 accuracy: 0.910975609756097
INFO [2025-06-05 21:46:42] Leg 2 accuracy: 0.936695702671312
INFO [2025-06-05 21:46:42] Option 2 succeeded: Using model accuracy weights
INFO [2025-06-05 21:46:42] Leg importance weights: Leg 1: 0.49, Leg 2: 0.51
INFO [2025-06-05 21:46:42] Processing ladies' team sprint predictions
INFO [2025-06-05 21:46:42] Loaded ladies team sprint teams startlist with 26 rows
INFO [2025-06-05 21:46:42] Loaded ladies team sprint individuals startlist with 52 rows
INFO [2025-06-05 21:46:42] Preparing current ladies skier data
INFO [2025-06-05 21:46:42] Replaced NAs in Distance_Elo with first quartile: 1237.38564383256
INFO [2025-06-05 21:46:42] Replaced NAs in Distance_C_Elo with first quartile: 1243.87329106944
INFO [2025-06-05 21:46:42] Replaced NAs in Distance_F_Elo with first quartile: 1256.69628195708
INFO [2025-06-05 21:46:42] Replaced NAs in Sprint_Elo with first quartile: 1246.32574824425
INFO [2025-06-05 21:46:42] Replaced NAs in Sprint_C_Elo with first quartile: 1257.67866787334
INFO [2025-06-05 21:46:42] Replaced NAs in Sprint_F_Elo with first quartile: 1244.84742904868
INFO [2025-06-05 21:46:42] Replaced NAs in Classic_Elo with first quartile: 1252.44868703669
INFO [2025-06-05 21:46:42] Replaced NAs in Freestyle_Elo with first quartile: 1244.44508230281
INFO [2025-06-05 21:46:42] Replaced NAs in Distance_Pelo with first quartile: 1241.11854419952
INFO [2025-06-05 21:46:42] Replaced NAs in Distance_C_Pelo with first quartile: 1245.57367555166
INFO [2025-06-05 21:46:42] Replaced NAs in Distance_F_Pelo with first quartile: 1259.54282973153
INFO [2025-06-05 21:46:42] Replaced NAs in Sprint_Pelo with first quartile: 1254.59410960767
INFO [2025-06-05 21:46:42] Replaced NAs in Sprint_C_Pelo with first quartile: 1257.58302026178
INFO [2025-06-05 21:46:42] Replaced NAs in Sprint_F_Pelo with first quartile: 1257.67755691493
INFO [2025-06-05 21:46:42] Replaced NAs in Classic_Pelo with first quartile: 1256.79275004544
INFO [2025-06-05 21:46:42] Replaced NAs in Freestyle_Pelo with first quartile: 1256.79999900008
INFO [2025-06-05 21:46:42] Replaced NAs in Sprint_Last_5 with first quartile: 0
INFO [2025-06-05 21:46:42] Created Pelo_Pct from Elo with max value: 1840.99747242401
INFO [2025-06-05 21:46:42] Created Distance_Pelo_Pct from Distance_Elo with max value: 1889.46974050597
INFO [2025-06-05 21:46:42] Created Distance_C_Pelo_Pct from Distance_C_Elo with max value: 1763.33572074398
INFO [2025-06-05 21:46:42] Created Distance_F_Pelo_Pct from Distance_F_Elo with max value: 1693.85026290322
INFO [2025-06-05 21:46:42] Created Sprint_Pelo_Pct from Sprint_Elo with max value: 1742.75320156525
INFO [2025-06-05 21:46:42] Created Sprint_C_Pelo_Pct from Sprint_C_Elo with max value: 1601.58469902127
INFO [2025-06-05 21:46:42] Created Sprint_F_Pelo_Pct from Sprint_F_Elo with max value: 1681.09824552997
INFO [2025-06-05 21:46:42] Created Classic_Pelo_Pct from Classic_Elo with max value: 1698.68768563646
INFO [2025-06-05 21:46:42] Created Freestyle_Pelo_Pct from Freestyle_Elo with max value: 1707.58410982918
INFO [2025-06-05 21:46:42] Prepared data for 255 ladies skiers with 31 features
INFO [2025-06-05 21:46:42] Using FIS startlist for ladies' leg predictions
INFO [2025-06-05 21:46:42] Using FIS startlist for ladies
INFO [2025-06-05 21:46:42] Attempting Option 1: Team model coefficients
INFO [2025-06-05 21:46:42] Option 1 failed: No team_podium model found
INFO [2025-06-05 21:46:42] Option 1 failed: No team model
INFO [2025-06-05 21:46:42] Attempting Option 2: Individual model accuracy
INFO [2025-06-05 21:46:42] Leg 1 accuracy: 0.878937728937729
INFO [2025-06-05 21:46:42] Leg 2 accuracy: 0.816483516483517
INFO [2025-06-05 21:46:42] Option 2 succeeded: Using model accuracy weights
INFO [2025-06-05 21:46:42] Leg importance weights: Leg 1: 0.52, Leg 2: 0.48
INFO [2025-06-05 21:46:42] Resetting men's probabilities at or below the mode to zero
INFO [2025-06-05 21:46:42] Resetting ladies' probabilities at or below the mode to zero
INFO [2025-06-05 21:46:42] Normalizing men's team probabilities
INFO [2025-06-05 21:46:42] Normalized Win_Prob from sum of 1 to 1 and capped individual values at 1.0
INFO [2025-06-05 21:46:42] Normalized Podium_Prob from sum of 1.82 to 2.51 and capped individual values at 1.0
INFO [2025-06-05 21:46:42] Normalized Top5_Prob from sum of 3.42 to 4.61 and capped individual values at 1.0
INFO [2025-06-05 21:46:42] Normalized Top10_Prob from sum of 7.38 to 8.9 and capped individual values at 1.0
INFO [2025-06-05 21:46:42] Recalculated Expected_Points based on normalized probabilities
INFO [2025-06-05 21:46:42] Normalizing ladies' team probabilities
INFO [2025-06-05 21:46:42] Normalized Win_Prob from sum of 0.52 to 1 and capped individual values at 1.0
INFO [2025-06-05 21:46:42] Normalized Podium_Prob from sum of 2.58 to 3 and capped individual values at 1.0
INFO [2025-06-05 21:46:42] Normalized Top5_Prob from sum of 3.9 to 4.98 and capped individual values at 1.0
INFO [2025-06-05 21:46:42] Normalized Top10_Prob from sum of 7.79 to 9.16 and capped individual values at 1.0
INFO [2025-06-05 21:46:42] Recalculated Expected_Points based on normalized probabilities
INFO [2025-06-05 21:46:42] Optimizing fantasy team sprint team
INFO [2025-06-05 21:46:42] Fantasy team optimization complete. Selected 8 teams.
INFO [2025-06-05 21:46:42] Total price: 99973 of max 1e+05
INFO [2025-06-05 21:46:42] Expected total points: 816.2
INFO [2025-06-05 21:46:42] Men's teams: 4 ( 4 )
INFO [2025-06-05 21:46:42] Ladies' teams: 4 ( 4 )
INFO [2025-06-05 21:46:42] Saved points predictions to ~/blog/daehl-e/content/post/cross-country/drafts/weekly-picks/20250606/men_team_sprint_points.xlsx
INFO [2025-06-05 21:46:42] Saved probability predictions to ~/blog/daehl-e/content/post/cross-country/drafts/weekly-picks/20250606/men_team_sprint_probabilities.xlsx
INFO [2025-06-05 21:46:42] Saved points predictions to ~/blog/daehl-e/content/post/cross-country/drafts/weekly-picks/20250606/ladies_team_sprint_points.xlsx
INFO [2025-06-05 21:46:42] Saved probability predictions to ~/blog/daehl-e/content/post/cross-country/drafts/weekly-picks/20250606/ladies_team_sprint_probabilities.xlsx
INFO [2025-06-05 21:46:42] Saved fantasy team results to ~/blog/daehl-e/content/post/cross-country/drafts/weekly-picks/20250606/fantasy_team_sprint_team.xlsx
INFO [2025-06-05 21:46:42] Team sprint predictions completed successfully
