INFO [2025-06-04 20:48:34] Starting mixed relay race day predictions process
INFO [2025-06-04 20:48:34] Loading race data for today
INFO [2025-06-04 20:48:34] Today's date: 2025-06-05
INFO [2025-06-04 20:48:34] No mixed relay races found today
INFO [2025-06-04 20:48:34] No mixed relay races today. Exiting.
INFO [2025-06-04 20:50:26] Starting mixed relay race day predictions process
INFO [2025-06-04 20:50:26] Loading race data for today
INFO [2025-06-04 20:50:26] Today's date: 2025-06-05
INFO [2025-06-04 20:50:26] No mixed relay races found today
INFO [2025-06-04 20:50:26] No mixed relay races today. Exiting.
INFO [2025-06-04 20:51:23] Starting mixed relay race day predictions process
INFO [2025-06-04 20:51:23] Loading race data for today
INFO [2025-06-04 20:51:23] Today's date: 2025-06-05
INFO [2025-06-04 20:51:23] Found 1 mixed relay races
INFO [2025-06-04 20:51:23] Loading chrono data
INFO [2025-06-04 20:51:25] Loaded men's chrono with 105122 rows and 36 columns
INFO [2025-06-04 20:51:25] Loaded ladies' chrono with 78706 rows and 36 columns
INFO [2025-06-04 20:51:25] Created combined chrono with 183828 rows
INFO [2025-06-04 20:51:25] Created relay df with 17707 rows
INFO [2025-06-04 20:51:25] Created individual df with 160396 rows
INFO [2025-06-04 20:51:28] Leg 1 dataset contains 61 rows
INFO [2025-06-04 20:51:28] Leg 2 dataset contains 296 rows
INFO [2025-06-04 20:51:28] Leg 3 dataset contains 61 rows
INFO [2025-06-04 20:51:28] Leg 4 dataset contains 295 rows
INFO [2025-06-04 20:51:28] Training models for Leg 1
INFO [2025-06-04 20:51:28] Using predictors: Distance_C_Pelo_Pct, Classic_Pelo_Pct, Distance_Pelo_Pct, Pelo_Pct, Weighted_Last_5
INFO [2025-06-04 20:51:28] Training podium model using glm
INFO [2025-06-04 20:51:29] Training win model using glm
INFO [2025-06-04 20:51:29] Training top5 model using glm
INFO [2025-06-04 20:51:29] Training top10 model using glm
INFO [2025-06-04 20:51:29] Training models for Leg 2
INFO [2025-06-04 20:51:29] Using predictors: Distance_C_Pelo_Pct, Classic_Pelo_Pct, Distance_Pelo_Pct, Pelo_Pct, Weighted_Last_5
INFO [2025-06-04 20:51:29] Training podium model using glm
INFO [2025-06-04 20:51:29] Training win model using glm
INFO [2025-06-04 20:51:29] Training top5 model using glm
INFO [2025-06-04 20:51:29] Training top10 model using glm
INFO [2025-06-04 20:51:29] Training models for Leg 3
INFO [2025-06-04 20:51:29] Using predictors: Distance_F_Pelo_Pct, Freestyle_Pelo_Pct, Distance_Pelo_Pct, Pelo_Pct, Weighted_Last_5
INFO [2025-06-04 20:51:29] Training podium model using glm
INFO [2025-06-04 20:51:29] Training win model using glm
INFO [2025-06-04 20:51:29] Training top5 model using glm
INFO [2025-06-04 20:51:29] Training top10 model using glm
INFO [2025-06-04 20:51:29] Training models for Leg 4
INFO [2025-06-04 20:51:29] Using predictors: Distance_F_Pelo_Pct, Freestyle_Pelo_Pct, Distance_Pelo_Pct, Sprint_Pelo_Pct, Pelo_Pct, Weighted_Last_5
INFO [2025-06-04 20:51:29] Training podium model using glm
INFO [2025-06-04 20:51:29] Training win model using glm
INFO [2025-06-04 20:51:29] Training top5 model using glm
INFO [2025-06-04 20:51:29] Training top10 model using glm
INFO [2025-06-04 20:51:29] Processing mixed relay predictions
INFO [2025-06-04 20:51:29] Loaded mixed relay teams startlist with 19 rows
INFO [2025-06-04 20:51:29] Loaded mixed relay individuals startlist with 76 rows
INFO [2025-06-04 20:51:29] Preparing current skier data for mixed relay
INFO [2025-06-04 20:51:30] Replaced NAs in Distance_Elo with first quartile: 1224.11463402647
INFO [2025-06-04 20:51:30] Replaced NAs in Distance_C_Elo with first quartile: 1237.1587778373
INFO [2025-06-04 20:51:30] Replaced NAs in Distance_F_Elo with first quartile: 1243.23228391106
INFO [2025-06-04 20:51:30] Replaced NAs in Sprint_Elo with first quartile: 1231.4308090998
INFO [2025-06-04 20:51:30] Replaced NAs in Sprint_C_Elo with first quartile: 1248.96250847029
INFO [2025-06-04 20:51:30] Replaced NAs in Sprint_F_Elo with first quartile: 1239.52210961878
INFO [2025-06-04 20:51:30] Replaced NAs in Classic_Elo with first quartile: 1244.8489858956
INFO [2025-06-04 20:51:30] Replaced NAs in Freestyle_Elo with first quartile: 1236.77643159176
INFO [2025-06-04 20:51:30] Replaced NAs in Distance_Pelo with first quartile: 1226.15392446525
INFO [2025-06-04 20:51:30] Replaced NAs in Distance_C_Pelo with first quartile: 1238.61066409828
INFO [2025-06-04 20:51:30] Replaced NAs in Distance_F_Pelo with first quartile: 1244.90662376968
INFO [2025-06-04 20:51:30] Replaced NAs in Sprint_Pelo with first quartile: 1246.25257877833
INFO [2025-06-04 20:51:30] Replaced NAs in Sprint_C_Pelo with first quartile: 1248.96250847029
INFO [2025-06-04 20:51:30] Replaced NAs in Sprint_F_Pelo with first quartile: 1256.18779364329
INFO [2025-06-04 20:51:30] Replaced NAs in Classic_Pelo with first quartile: 1246.86752224771
INFO [2025-06-04 20:51:30] Replaced NAs in Freestyle_Pelo with first quartile: 1254.13981644678
INFO [2025-06-04 20:51:30] Replaced NAs in Classic_Last_5 with first quartile: 0
INFO [2025-06-04 20:51:30] Replaced NAs in Freestyle_Last_5 with first quartile: 0
INFO [2025-06-04 20:51:30] Created Pelo_Pct from Elo with max value: 1946.6211651574
INFO [2025-06-04 20:51:30] Created Distance_Pelo_Pct from Distance_Elo with max value: 1889.46974050597
INFO [2025-06-04 20:51:30] Created Distance_C_Pelo_Pct from Distance_C_Elo with max value: 1777.16297253153
INFO [2025-06-04 20:51:30] Created Distance_F_Pelo_Pct from Distance_F_Elo with max value: 1695.2053212904
INFO [2025-06-04 20:51:30] Created Sprint_Pelo_Pct from Sprint_Elo with max value: 1886.80363942481
INFO [2025-06-04 20:51:30] Created Sprint_C_Pelo_Pct from Sprint_C_Elo with max value: 1711.08486899169
INFO [2025-06-04 20:51:30] Created Sprint_F_Pelo_Pct from Sprint_F_Elo with max value: 1792.65157560707
INFO [2025-06-04 20:51:30] Created Classic_Pelo_Pct from Classic_Elo with max value: 1807.56773496777
INFO [2025-06-04 20:51:30] Created Freestyle_Pelo_Pct from Freestyle_Elo with max value: 1814.60460629541
INFO [2025-06-04 20:51:30] Prepared data for 636 skiers with 33 features
INFO [2025-06-04 20:51:31] Generating team predictions
INFO [2025-06-04 20:51:31] Leg importance weights: Leg 1: 0.20, Leg 2: 0.25, Leg 3: 0.25, Leg 4: 0.30
INFO [2025-06-04 20:52:54] Starting mixed relay race day predictions process
INFO [2025-06-04 20:52:54] Loading race data for today
INFO [2025-06-04 20:52:54] Today's date: 2025-06-05
INFO [2025-06-04 20:52:54] Found 1 mixed relay races
INFO [2025-06-04 20:52:54] Loading chrono data
INFO [2025-06-04 20:52:56] Loaded men's chrono with 105122 rows and 36 columns
INFO [2025-06-04 20:52:56] Loaded ladies' chrono with 78706 rows and 36 columns
INFO [2025-06-04 20:52:56] Created combined chrono with 183828 rows
INFO [2025-06-04 20:52:56] Created relay df with 17707 rows
INFO [2025-06-04 20:52:56] Created individual df with 160396 rows
INFO [2025-06-04 20:52:59] Leg 1 dataset contains 61 rows
INFO [2025-06-04 20:52:59] Leg 2 dataset contains 296 rows
INFO [2025-06-04 20:52:59] Leg 3 dataset contains 61 rows
INFO [2025-06-04 20:52:59] Leg 4 dataset contains 295 rows
INFO [2025-06-04 20:52:59] Training models for Leg 1
INFO [2025-06-04 20:52:59] Using predictors: Distance_C_Pelo_Pct, Classic_Pelo_Pct, Distance_Pelo_Pct, Pelo_Pct, Weighted_Last_5
INFO [2025-06-04 20:52:59] Training podium model using glm
INFO [2025-06-04 20:52:59] Training win model using glm
INFO [2025-06-04 20:52:59] Training top5 model using glm
INFO [2025-06-04 20:52:59] Training top10 model using glm
INFO [2025-06-04 20:52:59] Training models for Leg 2
INFO [2025-06-04 20:52:59] Using predictors: Distance_C_Pelo_Pct, Classic_Pelo_Pct, Distance_Pelo_Pct, Pelo_Pct, Weighted_Last_5
INFO [2025-06-04 20:52:59] Training podium model using glm
INFO [2025-06-04 20:52:59] Training win model using glm
INFO [2025-06-04 20:52:59] Training top5 model using glm
INFO [2025-06-04 20:52:59] Training top10 model using glm
INFO [2025-06-04 20:53:00] Training models for Leg 3
INFO [2025-06-04 20:53:00] Using predictors: Distance_F_Pelo_Pct, Freestyle_Pelo_Pct, Distance_Pelo_Pct, Pelo_Pct, Weighted_Last_5
INFO [2025-06-04 20:53:00] Training podium model using glm
INFO [2025-06-04 20:53:00] Training win model using glm
INFO [2025-06-04 20:53:00] Training top5 model using glm
INFO [2025-06-04 20:53:00] Training top10 model using glm
INFO [2025-06-04 20:53:00] Training models for Leg 4
INFO [2025-06-04 20:53:00] Using predictors: Distance_F_Pelo_Pct, Freestyle_Pelo_Pct, Distance_Pelo_Pct, Sprint_Pelo_Pct, Pelo_Pct, Weighted_Last_5
INFO [2025-06-04 20:53:00] Training podium model using glm
INFO [2025-06-04 20:53:00] Training win model using glm
INFO [2025-06-04 20:53:00] Training top5 model using glm
INFO [2025-06-04 20:53:00] Training top10 model using glm
INFO [2025-06-04 20:53:00] Processing mixed relay predictions
INFO [2025-06-04 20:53:00] Loaded mixed relay teams startlist with 19 rows
INFO [2025-06-04 20:53:00] Loaded mixed relay individuals startlist with 76 rows
INFO [2025-06-04 20:53:00] Preparing current skier data for mixed relay
INFO [2025-06-04 20:53:01] Replaced NAs in Distance_Elo with first quartile: 1224.11463402647
INFO [2025-06-04 20:53:01] Replaced NAs in Distance_C_Elo with first quartile: 1237.1587778373
INFO [2025-06-04 20:53:01] Replaced NAs in Distance_F_Elo with first quartile: 1243.23228391106
INFO [2025-06-04 20:53:01] Replaced NAs in Sprint_Elo with first quartile: 1231.4308090998
INFO [2025-06-04 20:53:01] Replaced NAs in Sprint_C_Elo with first quartile: 1248.96250847029
INFO [2025-06-04 20:53:01] Replaced NAs in Sprint_F_Elo with first quartile: 1239.52210961878
INFO [2025-06-04 20:53:01] Replaced NAs in Classic_Elo with first quartile: 1244.8489858956
INFO [2025-06-04 20:53:01] Replaced NAs in Freestyle_Elo with first quartile: 1236.77643159176
INFO [2025-06-04 20:53:01] Replaced NAs in Distance_Pelo with first quartile: 1226.15392446525
INFO [2025-06-04 20:53:01] Replaced NAs in Distance_C_Pelo with first quartile: 1238.61066409828
INFO [2025-06-04 20:53:01] Replaced NAs in Distance_F_Pelo with first quartile: 1244.90662376968
INFO [2025-06-04 20:53:01] Replaced NAs in Sprint_Pelo with first quartile: 1246.25257877833
INFO [2025-06-04 20:53:01] Replaced NAs in Sprint_C_Pelo with first quartile: 1248.96250847029
INFO [2025-06-04 20:53:01] Replaced NAs in Sprint_F_Pelo with first quartile: 1256.18779364329
INFO [2025-06-04 20:53:01] Replaced NAs in Classic_Pelo with first quartile: 1246.86752224771
INFO [2025-06-04 20:53:01] Replaced NAs in Freestyle_Pelo with first quartile: 1254.13981644678
INFO [2025-06-04 20:53:01] Replaced NAs in Classic_Last_5 with first quartile: 0
INFO [2025-06-04 20:53:01] Replaced NAs in Freestyle_Last_5 with first quartile: 0
INFO [2025-06-04 20:53:01] Created Pelo_Pct from Elo with max value: 1946.6211651574
INFO [2025-06-04 20:53:01] Created Distance_Pelo_Pct from Distance_Elo with max value: 1889.46974050597
INFO [2025-06-04 20:53:01] Created Distance_C_Pelo_Pct from Distance_C_Elo with max value: 1777.16297253153
INFO [2025-06-04 20:53:01] Created Distance_F_Pelo_Pct from Distance_F_Elo with max value: 1695.2053212904
INFO [2025-06-04 20:53:01] Created Sprint_Pelo_Pct from Sprint_Elo with max value: 1886.80363942481
INFO [2025-06-04 20:53:01] Created Sprint_C_Pelo_Pct from Sprint_C_Elo with max value: 1711.08486899169
INFO [2025-06-04 20:53:01] Created Sprint_F_Pelo_Pct from Sprint_F_Elo with max value: 1792.65157560707
INFO [2025-06-04 20:53:01] Created Classic_Pelo_Pct from Classic_Elo with max value: 1807.56773496777
INFO [2025-06-04 20:53:01] Created Freestyle_Pelo_Pct from Freestyle_Elo with max value: 1814.60460629541
INFO [2025-06-04 20:53:01] Prepared data for 636 skiers with 33 features
INFO [2025-06-04 20:53:01] Generating team predictions
INFO [2025-06-04 20:53:01] Leg importance weights: Leg 1: 0.20, Leg 2: 0.25, Leg 3: 0.25, Leg 4: 0.30
INFO [2025-06-04 20:53:17] Starting mixed relay race day predictions process
INFO [2025-06-04 20:53:17] Loading race data for today
INFO [2025-06-04 20:53:17] Today's date: 2025-06-05
INFO [2025-06-04 20:53:17] Found 1 mixed relay races
INFO [2025-06-04 20:53:17] Loading chrono data
INFO [2025-06-04 20:53:19] Loaded men's chrono with 105122 rows and 36 columns
INFO [2025-06-04 20:53:19] Loaded ladies' chrono with 78706 rows and 36 columns
INFO [2025-06-04 20:53:19] Created combined chrono with 183828 rows
INFO [2025-06-04 20:53:19] Created relay df with 17707 rows
INFO [2025-06-04 20:53:19] Created individual df with 160396 rows
INFO [2025-06-04 20:53:22] Leg 1 dataset contains 61 rows
INFO [2025-06-04 20:53:22] Leg 2 dataset contains 296 rows
INFO [2025-06-04 20:53:22] Leg 3 dataset contains 61 rows
INFO [2025-06-04 20:53:22] Leg 4 dataset contains 295 rows
INFO [2025-06-04 20:53:22] Training models for Leg 1
INFO [2025-06-04 20:53:22] Using predictors: Distance_C_Pelo_Pct, Classic_Pelo_Pct, Distance_Pelo_Pct, Pelo_Pct, Weighted_Last_5
INFO [2025-06-04 20:53:22] Training podium model using glm
INFO [2025-06-04 20:53:22] Training win model using glm
INFO [2025-06-04 20:53:22] Training top5 model using glm
INFO [2025-06-04 20:53:22] Training top10 model using glm
INFO [2025-06-04 20:53:22] Training models for Leg 2
INFO [2025-06-04 20:53:22] Using predictors: Distance_C_Pelo_Pct, Classic_Pelo_Pct, Distance_Pelo_Pct, Pelo_Pct, Weighted_Last_5
INFO [2025-06-04 20:53:22] Training podium model using glm
INFO [2025-06-04 20:53:22] Training win model using glm
INFO [2025-06-04 20:53:22] Training top5 model using glm
INFO [2025-06-04 20:53:22] Training top10 model using glm
INFO [2025-06-04 20:53:22] Training models for Leg 3
INFO [2025-06-04 20:53:22] Using predictors: Distance_F_Pelo_Pct, Freestyle_Pelo_Pct, Distance_Pelo_Pct, Pelo_Pct, Weighted_Last_5
INFO [2025-06-04 20:53:22] Training podium model using glm
INFO [2025-06-04 20:53:22] Training win model using glm
INFO [2025-06-04 20:53:22] Training top5 model using glm
INFO [2025-06-04 20:53:23] Training top10 model using glm
INFO [2025-06-04 20:53:23] Training models for Leg 4
INFO [2025-06-04 20:53:23] Using predictors: Distance_F_Pelo_Pct, Freestyle_Pelo_Pct, Distance_Pelo_Pct, Sprint_Pelo_Pct, Pelo_Pct, Weighted_Last_5
INFO [2025-06-04 20:53:23] Training podium model using glm
INFO [2025-06-04 20:53:23] Training win model using glm
INFO [2025-06-04 20:53:23] Training top5 model using glm
INFO [2025-06-04 20:53:23] Training top10 model using glm
INFO [2025-06-04 20:53:23] Processing mixed relay predictions
INFO [2025-06-04 20:53:23] Loaded mixed relay teams startlist with 19 rows
INFO [2025-06-04 20:53:23] Loaded mixed relay individuals startlist with 76 rows
INFO [2025-06-04 20:53:23] Preparing current skier data for mixed relay
INFO [2025-06-04 20:53:24] Replaced NAs in Distance_Elo with first quartile: 1224.11463402647
INFO [2025-06-04 20:53:24] Replaced NAs in Distance_C_Elo with first quartile: 1237.1587778373
INFO [2025-06-04 20:53:24] Replaced NAs in Distance_F_Elo with first quartile: 1243.23228391106
INFO [2025-06-04 20:53:24] Replaced NAs in Sprint_Elo with first quartile: 1231.4308090998
INFO [2025-06-04 20:53:24] Replaced NAs in Sprint_C_Elo with first quartile: 1248.96250847029
INFO [2025-06-04 20:53:24] Replaced NAs in Sprint_F_Elo with first quartile: 1239.52210961878
INFO [2025-06-04 20:53:24] Replaced NAs in Classic_Elo with first quartile: 1244.8489858956
INFO [2025-06-04 20:53:24] Replaced NAs in Freestyle_Elo with first quartile: 1236.77643159176
INFO [2025-06-04 20:53:24] Replaced NAs in Distance_Pelo with first quartile: 1226.15392446525
INFO [2025-06-04 20:53:24] Replaced NAs in Distance_C_Pelo with first quartile: 1238.61066409828
INFO [2025-06-04 20:53:24] Replaced NAs in Distance_F_Pelo with first quartile: 1244.90662376968
INFO [2025-06-04 20:53:24] Replaced NAs in Sprint_Pelo with first quartile: 1246.25257877833
INFO [2025-06-04 20:53:24] Replaced NAs in Sprint_C_Pelo with first quartile: 1248.96250847029
INFO [2025-06-04 20:53:24] Replaced NAs in Sprint_F_Pelo with first quartile: 1256.18779364329
INFO [2025-06-04 20:53:24] Replaced NAs in Classic_Pelo with first quartile: 1246.86752224771
INFO [2025-06-04 20:53:24] Replaced NAs in Freestyle_Pelo with first quartile: 1254.13981644678
INFO [2025-06-04 20:53:24] Replaced NAs in Classic_Last_5 with first quartile: 0
INFO [2025-06-04 20:53:24] Replaced NAs in Freestyle_Last_5 with first quartile: 0
INFO [2025-06-04 20:53:24] Created Pelo_Pct from Elo with max value: 1946.6211651574
INFO [2025-06-04 20:53:24] Created Distance_Pelo_Pct from Distance_Elo with max value: 1889.46974050597
INFO [2025-06-04 20:53:24] Created Distance_C_Pelo_Pct from Distance_C_Elo with max value: 1777.16297253153
INFO [2025-06-04 20:53:24] Created Distance_F_Pelo_Pct from Distance_F_Elo with max value: 1695.2053212904
INFO [2025-06-04 20:53:24] Created Sprint_Pelo_Pct from Sprint_Elo with max value: 1886.80363942481
INFO [2025-06-04 20:53:24] Created Sprint_C_Pelo_Pct from Sprint_C_Elo with max value: 1711.08486899169
INFO [2025-06-04 20:53:24] Created Sprint_F_Pelo_Pct from Sprint_F_Elo with max value: 1792.65157560707
INFO [2025-06-04 20:53:24] Created Classic_Pelo_Pct from Classic_Elo with max value: 1807.56773496777
INFO [2025-06-04 20:53:24] Created Freestyle_Pelo_Pct from Freestyle_Elo with max value: 1814.60460629541
INFO [2025-06-04 20:53:24] Prepared data for 636 skiers with 33 features
INFO [2025-06-04 20:53:24] Generating team predictions
INFO [2025-06-04 20:53:24] Leg importance weights: Leg 1: 0.20, Leg 2: 0.25, Leg 3: 0.25, Leg 4: 0.30
INFO [2025-06-04 20:54:22] Starting mixed relay race day predictions process
INFO [2025-06-04 20:54:22] Loading race data for today
INFO [2025-06-04 20:54:22] Today's date: 2025-06-05
INFO [2025-06-04 20:54:22] Found 1 mixed relay races
INFO [2025-06-04 20:54:22] Loading chrono data
INFO [2025-06-04 20:54:24] Loaded men's chrono with 105122 rows and 36 columns
INFO [2025-06-04 20:54:24] Loaded ladies' chrono with 78706 rows and 36 columns
INFO [2025-06-04 20:54:24] Created combined chrono with 183828 rows
INFO [2025-06-04 20:54:25] Created relay df with 17707 rows
INFO [2025-06-04 20:54:25] Created individual df with 160396 rows
INFO [2025-06-04 20:54:27] Leg 1 dataset contains 61 rows
INFO [2025-06-04 20:54:27] Leg 2 dataset contains 296 rows
INFO [2025-06-04 20:54:27] Leg 3 dataset contains 61 rows
INFO [2025-06-04 20:54:27] Leg 4 dataset contains 295 rows
INFO [2025-06-04 20:54:27] Training models for Leg 1
INFO [2025-06-04 20:54:27] Using predictors: Distance_C_Pelo_Pct, Classic_Pelo_Pct, Distance_Pelo_Pct, Pelo_Pct, Weighted_Last_5
INFO [2025-06-04 20:54:27] Training podium model using glm
INFO [2025-06-04 20:54:28] Training win model using glm
INFO [2025-06-04 20:54:28] Training top5 model using glm
INFO [2025-06-04 20:54:28] Training top10 model using glm
INFO [2025-06-04 20:54:28] Training models for Leg 2
INFO [2025-06-04 20:54:28] Using predictors: Distance_C_Pelo_Pct, Classic_Pelo_Pct, Distance_Pelo_Pct, Pelo_Pct, Weighted_Last_5
INFO [2025-06-04 20:54:28] Training podium model using glm
INFO [2025-06-04 20:54:28] Training win model using glm
INFO [2025-06-04 20:54:28] Training top5 model using glm
INFO [2025-06-04 20:54:28] Training top10 model using glm
INFO [2025-06-04 20:54:28] Training models for Leg 3
INFO [2025-06-04 20:54:28] Using predictors: Distance_F_Pelo_Pct, Freestyle_Pelo_Pct, Distance_Pelo_Pct, Pelo_Pct, Weighted_Last_5
INFO [2025-06-04 20:54:28] Training podium model using glm
INFO [2025-06-04 20:54:28] Training win model using glm
INFO [2025-06-04 20:54:28] Training top5 model using glm
INFO [2025-06-04 20:54:28] Training top10 model using glm
INFO [2025-06-04 20:54:28] Training models for Leg 4
INFO [2025-06-04 20:54:28] Using predictors: Distance_F_Pelo_Pct, Freestyle_Pelo_Pct, Distance_Pelo_Pct, Sprint_Pelo_Pct, Pelo_Pct, Weighted_Last_5
INFO [2025-06-04 20:54:28] Training podium model using glm
INFO [2025-06-04 20:54:28] Training win model using glm
INFO [2025-06-04 20:54:28] Training top5 model using glm
INFO [2025-06-04 20:54:28] Training top10 model using glm
INFO [2025-06-04 20:54:28] Processing mixed relay predictions
INFO [2025-06-04 20:54:28] Loaded mixed relay teams startlist with 19 rows
INFO [2025-06-04 20:54:28] Loaded mixed relay individuals startlist with 76 rows
INFO [2025-06-04 20:54:28] Preparing current skier data for mixed relay
INFO [2025-06-04 20:54:29] Replaced NAs in Distance_Elo with first quartile: 1224.11463402647
INFO [2025-06-04 20:54:29] Replaced NAs in Distance_C_Elo with first quartile: 1237.1587778373
INFO [2025-06-04 20:54:29] Replaced NAs in Distance_F_Elo with first quartile: 1243.23228391106
INFO [2025-06-04 20:54:29] Replaced NAs in Sprint_Elo with first quartile: 1231.4308090998
INFO [2025-06-04 20:54:29] Replaced NAs in Sprint_C_Elo with first quartile: 1248.96250847029
INFO [2025-06-04 20:54:29] Replaced NAs in Sprint_F_Elo with first quartile: 1239.52210961878
INFO [2025-06-04 20:54:29] Replaced NAs in Classic_Elo with first quartile: 1244.8489858956
INFO [2025-06-04 20:54:29] Replaced NAs in Freestyle_Elo with first quartile: 1236.77643159176
INFO [2025-06-04 20:54:29] Replaced NAs in Distance_Pelo with first quartile: 1226.15392446525
INFO [2025-06-04 20:54:29] Replaced NAs in Distance_C_Pelo with first quartile: 1238.61066409828
INFO [2025-06-04 20:54:29] Replaced NAs in Distance_F_Pelo with first quartile: 1244.90662376968
INFO [2025-06-04 20:54:29] Replaced NAs in Sprint_Pelo with first quartile: 1246.25257877833
INFO [2025-06-04 20:54:29] Replaced NAs in Sprint_C_Pelo with first quartile: 1248.96250847029
INFO [2025-06-04 20:54:29] Replaced NAs in Sprint_F_Pelo with first quartile: 1256.18779364329
INFO [2025-06-04 20:54:29] Replaced NAs in Classic_Pelo with first quartile: 1246.86752224771
INFO [2025-06-04 20:54:29] Replaced NAs in Freestyle_Pelo with first quartile: 1254.13981644678
INFO [2025-06-04 20:54:29] Replaced NAs in Classic_Last_5 with first quartile: 0
INFO [2025-06-04 20:54:29] Replaced NAs in Freestyle_Last_5 with first quartile: 0
INFO [2025-06-04 20:54:29] Created Pelo_Pct from Elo with max value: 1946.6211651574
INFO [2025-06-04 20:54:29] Created Distance_Pelo_Pct from Distance_Elo with max value: 1889.46974050597
INFO [2025-06-04 20:54:29] Created Distance_C_Pelo_Pct from Distance_C_Elo with max value: 1777.16297253153
INFO [2025-06-04 20:54:29] Created Distance_F_Pelo_Pct from Distance_F_Elo with max value: 1695.2053212904
INFO [2025-06-04 20:54:29] Created Sprint_Pelo_Pct from Sprint_Elo with max value: 1886.80363942481
INFO [2025-06-04 20:54:29] Created Sprint_C_Pelo_Pct from Sprint_C_Elo with max value: 1711.08486899169
INFO [2025-06-04 20:54:29] Created Sprint_F_Pelo_Pct from Sprint_F_Elo with max value: 1792.65157560707
INFO [2025-06-04 20:54:29] Created Classic_Pelo_Pct from Classic_Elo with max value: 1807.56773496777
INFO [2025-06-04 20:54:29] Created Freestyle_Pelo_Pct from Freestyle_Elo with max value: 1814.60460629541
INFO [2025-06-04 20:54:29] Prepared data for 636 skiers with 33 features
INFO [2025-06-04 20:54:29] Generating team predictions
INFO [2025-06-04 20:54:29] Leg importance weights: Leg 1: 0.20, Leg 2: 0.25, Leg 3: 0.25, Leg 4: 0.30
INFO [2025-06-04 20:54:48] Starting mixed relay race day predictions process
INFO [2025-06-04 20:54:48] Loading race data for today
INFO [2025-06-04 20:54:48] Today's date: 2025-06-05
INFO [2025-06-04 20:54:48] Found 1 mixed relay races
INFO [2025-06-04 20:54:48] Loading chrono data
INFO [2025-06-04 20:54:50] Loaded men's chrono with 105122 rows and 36 columns
INFO [2025-06-04 20:54:50] Loaded ladies' chrono with 78706 rows and 36 columns
INFO [2025-06-04 20:54:50] Created combined chrono with 183828 rows
INFO [2025-06-04 20:54:50] Created relay df with 17707 rows
INFO [2025-06-04 20:54:50] Created individual df with 160396 rows
INFO [2025-06-04 20:54:53] Leg 1 dataset contains 61 rows
INFO [2025-06-04 20:54:53] Leg 2 dataset contains 296 rows
INFO [2025-06-04 20:54:53] Leg 3 dataset contains 61 rows
INFO [2025-06-04 20:54:53] Leg 4 dataset contains 295 rows
INFO [2025-06-04 20:54:53] Training models for Leg 1
INFO [2025-06-04 20:54:53] Using predictors: Distance_C_Pelo_Pct, Classic_Pelo_Pct, Distance_Pelo_Pct, Pelo_Pct, Weighted_Last_5
INFO [2025-06-04 20:54:53] Training podium model using glm
INFO [2025-06-04 20:54:53] Training win model using glm
INFO [2025-06-04 20:54:53] Training top5 model using glm
INFO [2025-06-04 20:54:53] Training top10 model using glm
INFO [2025-06-04 20:54:53] Training models for Leg 2
INFO [2025-06-04 20:54:53] Using predictors: Distance_C_Pelo_Pct, Classic_Pelo_Pct, Distance_Pelo_Pct, Pelo_Pct, Weighted_Last_5
INFO [2025-06-04 20:54:53] Training podium model using glm
INFO [2025-06-04 20:54:53] Training win model using glm
INFO [2025-06-04 20:54:53] Training top5 model using glm
INFO [2025-06-04 20:54:53] Training top10 model using glm
INFO [2025-06-04 20:54:53] Training models for Leg 3
INFO [2025-06-04 20:54:53] Using predictors: Distance_F_Pelo_Pct, Freestyle_Pelo_Pct, Distance_Pelo_Pct, Pelo_Pct, Weighted_Last_5
INFO [2025-06-04 20:54:53] Training podium model using glm
INFO [2025-06-04 20:54:54] Training win model using glm
INFO [2025-06-04 20:54:54] Training top5 model using glm
INFO [2025-06-04 20:54:54] Training top10 model using glm
INFO [2025-06-04 20:54:54] Training models for Leg 4
INFO [2025-06-04 20:54:54] Using predictors: Distance_F_Pelo_Pct, Freestyle_Pelo_Pct, Distance_Pelo_Pct, Sprint_Pelo_Pct, Pelo_Pct, Weighted_Last_5
INFO [2025-06-04 20:54:54] Training podium model using glm
INFO [2025-06-04 20:54:54] Training win model using glm
INFO [2025-06-04 20:54:54] Training top5 model using glm
INFO [2025-06-04 20:54:54] Training top10 model using glm
INFO [2025-06-04 20:54:54] Processing mixed relay predictions
INFO [2025-06-04 20:54:54] Loaded mixed relay teams startlist with 19 rows
INFO [2025-06-04 20:54:54] Loaded mixed relay individuals startlist with 76 rows
INFO [2025-06-04 20:54:54] Preparing current skier data for mixed relay
INFO [2025-06-04 20:54:55] Replaced NAs in Distance_Elo with first quartile: 1224.11463402647
INFO [2025-06-04 20:54:55] Replaced NAs in Distance_C_Elo with first quartile: 1237.1587778373
INFO [2025-06-04 20:54:55] Replaced NAs in Distance_F_Elo with first quartile: 1243.23228391106
INFO [2025-06-04 20:54:55] Replaced NAs in Sprint_Elo with first quartile: 1231.4308090998
INFO [2025-06-04 20:54:55] Replaced NAs in Sprint_C_Elo with first quartile: 1248.96250847029
INFO [2025-06-04 20:54:55] Replaced NAs in Sprint_F_Elo with first quartile: 1239.52210961878
INFO [2025-06-04 20:54:55] Replaced NAs in Classic_Elo with first quartile: 1244.8489858956
INFO [2025-06-04 20:54:55] Replaced NAs in Freestyle_Elo with first quartile: 1236.77643159176
INFO [2025-06-04 20:54:55] Replaced NAs in Distance_Pelo with first quartile: 1226.15392446525
INFO [2025-06-04 20:54:55] Replaced NAs in Distance_C_Pelo with first quartile: 1238.61066409828
INFO [2025-06-04 20:54:55] Replaced NAs in Distance_F_Pelo with first quartile: 1244.90662376968
INFO [2025-06-04 20:54:55] Replaced NAs in Sprint_Pelo with first quartile: 1246.25257877833
INFO [2025-06-04 20:54:55] Replaced NAs in Sprint_C_Pelo with first quartile: 1248.96250847029
INFO [2025-06-04 20:54:55] Replaced NAs in Sprint_F_Pelo with first quartile: 1256.18779364329
INFO [2025-06-04 20:54:55] Replaced NAs in Classic_Pelo with first quartile: 1246.86752224771
INFO [2025-06-04 20:54:55] Replaced NAs in Freestyle_Pelo with first quartile: 1254.13981644678
INFO [2025-06-04 20:54:55] Replaced NAs in Classic_Last_5 with first quartile: 0
INFO [2025-06-04 20:54:55] Replaced NAs in Freestyle_Last_5 with first quartile: 0
INFO [2025-06-04 20:54:55] Created Pelo_Pct from Elo with max value: 1946.6211651574
INFO [2025-06-04 20:54:55] Created Distance_Pelo_Pct from Distance_Elo with max value: 1889.46974050597
INFO [2025-06-04 20:54:55] Created Distance_C_Pelo_Pct from Distance_C_Elo with max value: 1777.16297253153
INFO [2025-06-04 20:54:55] Created Distance_F_Pelo_Pct from Distance_F_Elo with max value: 1695.2053212904
INFO [2025-06-04 20:54:55] Created Sprint_Pelo_Pct from Sprint_Elo with max value: 1886.80363942481
INFO [2025-06-04 20:54:55] Created Sprint_C_Pelo_Pct from Sprint_C_Elo with max value: 1711.08486899169
INFO [2025-06-04 20:54:55] Created Sprint_F_Pelo_Pct from Sprint_F_Elo with max value: 1792.65157560707
INFO [2025-06-04 20:54:55] Created Classic_Pelo_Pct from Classic_Elo with max value: 1807.56773496777
INFO [2025-06-04 20:54:55] Created Freestyle_Pelo_Pct from Freestyle_Elo with max value: 1814.60460629541
INFO [2025-06-04 20:54:55] Prepared data for 636 skiers with 33 features
INFO [2025-06-04 20:54:55] Generating team predictions
INFO [2025-06-04 20:54:55] Leg importance weights: Leg 1: 0.20, Leg 2: 0.25, Leg 3: 0.25, Leg 4: 0.30
INFO [2025-06-04 21:46:42] Starting mixed relay race day predictions process
INFO [2025-06-04 21:46:42] Loading race data for today
INFO [2025-06-04 21:46:42] Today's date: 2025-06-05
INFO [2025-06-04 21:46:42] Found 1 mixed relay races
INFO [2025-06-04 21:46:42] Loading chrono data
INFO [2025-06-04 21:46:44] Loaded men's chrono with 105122 rows and 36 columns
INFO [2025-06-04 21:46:44] Loaded ladies' chrono with 78706 rows and 36 columns
INFO [2025-06-04 21:46:44] Created combined chrono with 183828 rows
INFO [2025-06-04 21:46:45] Created relay df with 17707 rows
INFO [2025-06-04 21:46:45] Created individual df with 160396 rows
INFO [2025-06-04 21:46:47] Leg 1 dataset contains 61 rows
INFO [2025-06-04 21:46:47] Leg 2 dataset contains 296 rows
INFO [2025-06-04 21:46:47] Leg 3 dataset contains 61 rows
INFO [2025-06-04 21:46:47] Leg 4 dataset contains 295 rows
INFO [2025-06-04 21:46:47] Training models for Leg 1
INFO [2025-06-04 21:46:47] Using predictors: Distance_C_Pelo_Pct, Classic_Pelo_Pct, Distance_Pelo_Pct, Pelo_Pct, Weighted_Last_5
INFO [2025-06-04 21:46:47] Training podium model using glm
INFO [2025-06-04 21:46:48] Training win model using glm
INFO [2025-06-04 21:46:48] Training top5 model using glm
INFO [2025-06-04 21:46:48] Training top10 model using glm
INFO [2025-06-04 21:46:48] Training models for Leg 2
INFO [2025-06-04 21:46:48] Using predictors: Distance_C_Pelo_Pct, Classic_Pelo_Pct, Distance_Pelo_Pct, Pelo_Pct, Weighted_Last_5
INFO [2025-06-04 21:46:48] Training podium model using glm
INFO [2025-06-04 21:46:48] Training win model using glm
INFO [2025-06-04 21:46:48] Training top5 model using glm
INFO [2025-06-04 21:46:48] Training top10 model using glm
INFO [2025-06-04 21:46:48] Training models for Leg 3
INFO [2025-06-04 21:46:48] Using predictors: Distance_F_Pelo_Pct, Freestyle_Pelo_Pct, Distance_Pelo_Pct, Pelo_Pct, Weighted_Last_5
INFO [2025-06-04 21:46:48] Training podium model using glm
INFO [2025-06-04 21:46:48] Training win model using glm
INFO [2025-06-04 21:46:48] Training top5 model using glm
INFO [2025-06-04 21:46:48] Training top10 model using glm
INFO [2025-06-04 21:46:48] Training models for Leg 4
INFO [2025-06-04 21:46:48] Using predictors: Distance_F_Pelo_Pct, Freestyle_Pelo_Pct, Distance_Pelo_Pct, Sprint_Pelo_Pct, Pelo_Pct, Weighted_Last_5
INFO [2025-06-04 21:46:48] Training podium model using glm
INFO [2025-06-04 21:46:48] Training win model using glm
INFO [2025-06-04 21:46:48] Training top5 model using glm
INFO [2025-06-04 21:46:48] Training top10 model using glm
INFO [2025-06-04 21:46:48] Processing mixed relay predictions
INFO [2025-06-04 21:46:48] Loaded mixed relay teams startlist with 19 rows
INFO [2025-06-04 21:46:48] Loaded mixed relay individuals startlist with 76 rows
INFO [2025-06-04 21:46:48] Preparing current skier data for mixed relay
INFO [2025-06-04 21:46:49] Replaced NAs in Distance_Elo with first quartile: 1224.11463402647
INFO [2025-06-04 21:46:49] Replaced NAs in Distance_C_Elo with first quartile: 1237.1587778373
INFO [2025-06-04 21:46:49] Replaced NAs in Distance_F_Elo with first quartile: 1243.23228391106
INFO [2025-06-04 21:46:49] Replaced NAs in Sprint_Elo with first quartile: 1231.4308090998
INFO [2025-06-04 21:46:49] Replaced NAs in Sprint_C_Elo with first quartile: 1248.96250847029
INFO [2025-06-04 21:46:49] Replaced NAs in Sprint_F_Elo with first quartile: 1239.52210961878
INFO [2025-06-04 21:46:49] Replaced NAs in Classic_Elo with first quartile: 1244.8489858956
INFO [2025-06-04 21:46:49] Replaced NAs in Freestyle_Elo with first quartile: 1236.77643159176
INFO [2025-06-04 21:46:49] Replaced NAs in Distance_Pelo with first quartile: 1226.15392446525
INFO [2025-06-04 21:46:49] Replaced NAs in Distance_C_Pelo with first quartile: 1238.61066409828
INFO [2025-06-04 21:46:49] Replaced NAs in Distance_F_Pelo with first quartile: 1244.90662376968
INFO [2025-06-04 21:46:49] Replaced NAs in Sprint_Pelo with first quartile: 1246.25257877833
INFO [2025-06-04 21:46:49] Replaced NAs in Sprint_C_Pelo with first quartile: 1248.96250847029
INFO [2025-06-04 21:46:49] Replaced NAs in Sprint_F_Pelo with first quartile: 1256.18779364329
INFO [2025-06-04 21:46:49] Replaced NAs in Classic_Pelo with first quartile: 1246.86752224771
INFO [2025-06-04 21:46:49] Replaced NAs in Freestyle_Pelo with first quartile: 1254.13981644678
INFO [2025-06-04 21:46:49] Replaced NAs in Classic_Last_5 with first quartile: 0
INFO [2025-06-04 21:46:49] Replaced NAs in Freestyle_Last_5 with first quartile: 0
INFO [2025-06-04 21:46:49] Created Pelo_Pct from Elo with max value: 1946.6211651574
INFO [2025-06-04 21:46:49] Created Distance_Pelo_Pct from Distance_Elo with max value: 1889.46974050597
INFO [2025-06-04 21:46:49] Created Distance_C_Pelo_Pct from Distance_C_Elo with max value: 1777.16297253153
INFO [2025-06-04 21:46:49] Created Distance_F_Pelo_Pct from Distance_F_Elo with max value: 1695.2053212904
INFO [2025-06-04 21:46:49] Created Sprint_Pelo_Pct from Sprint_Elo with max value: 1886.80363942481
INFO [2025-06-04 21:46:49] Created Sprint_C_Pelo_Pct from Sprint_C_Elo with max value: 1711.08486899169
INFO [2025-06-04 21:46:49] Created Sprint_F_Pelo_Pct from Sprint_F_Elo with max value: 1792.65157560707
INFO [2025-06-04 21:46:49] Created Classic_Pelo_Pct from Classic_Elo with max value: 1807.56773496777
INFO [2025-06-04 21:46:49] Created Freestyle_Pelo_Pct from Freestyle_Elo with max value: 1814.60460629541
INFO [2025-06-04 21:46:49] Prepared data for 636 skiers with 33 features
INFO [2025-06-04 21:46:49] Generating team predictions
INFO [2025-06-04 21:46:49] Leg importance weights: Leg 1: 0.20, Leg 2: 0.25, Leg 3: 0.25, Leg 4: 0.30
INFO [2025-06-04 21:47:45] Starting mixed relay race day predictions process
INFO [2025-06-04 21:47:45] Loading race data for today
INFO [2025-06-04 21:47:45] Today's date: 2025-06-05
INFO [2025-06-04 21:47:45] Found 1 mixed relay races
INFO [2025-06-04 21:47:45] Loading chrono data
INFO [2025-06-04 21:47:47] Loaded men's chrono with 105122 rows and 36 columns
INFO [2025-06-04 21:47:47] Loaded ladies' chrono with 78706 rows and 36 columns
INFO [2025-06-04 21:47:47] Created combined chrono with 183828 rows
INFO [2025-06-04 21:47:47] Created relay df with 17707 rows
INFO [2025-06-04 21:47:47] Created individual df with 160396 rows
INFO [2025-06-04 21:47:50] Leg 1 dataset contains 61 rows
INFO [2025-06-04 21:47:50] Leg 2 dataset contains 296 rows
INFO [2025-06-04 21:47:50] Leg 3 dataset contains 61 rows
INFO [2025-06-04 21:47:50] Leg 4 dataset contains 295 rows
INFO [2025-06-04 21:47:50] Training models for Leg 1
INFO [2025-06-04 21:47:50] Using predictors: Distance_C_Pelo_Pct, Classic_Pelo_Pct, Distance_Pelo_Pct, Pelo_Pct, Weighted_Last_5
INFO [2025-06-04 21:47:50] Training podium model using glm
INFO [2025-06-04 21:47:50] Training win model using glm
INFO [2025-06-04 21:47:50] Training top5 model using glm
INFO [2025-06-04 21:47:50] Training top10 model using glm
INFO [2025-06-04 21:47:51] Training models for Leg 2
INFO [2025-06-04 21:47:51] Using predictors: Distance_C_Pelo_Pct, Classic_Pelo_Pct, Distance_Pelo_Pct, Pelo_Pct, Weighted_Last_5
INFO [2025-06-04 21:47:51] Training podium model using glm
INFO [2025-06-04 21:47:51] Training win model using glm
INFO [2025-06-04 21:47:51] Training top5 model using glm
INFO [2025-06-04 21:47:51] Training top10 model using glm
INFO [2025-06-04 21:47:51] Training models for Leg 3
INFO [2025-06-04 21:47:51] Using predictors: Distance_F_Pelo_Pct, Freestyle_Pelo_Pct, Distance_Pelo_Pct, Pelo_Pct, Weighted_Last_5
INFO [2025-06-04 21:47:51] Training podium model using glm
INFO [2025-06-04 21:47:51] Training win model using glm
INFO [2025-06-04 21:47:51] Training top5 model using glm
INFO [2025-06-04 21:47:51] Training top10 model using glm
INFO [2025-06-04 21:47:51] Training models for Leg 4
INFO [2025-06-04 21:47:51] Using predictors: Distance_F_Pelo_Pct, Freestyle_Pelo_Pct, Distance_Pelo_Pct, Sprint_Pelo_Pct, Pelo_Pct, Weighted_Last_5
INFO [2025-06-04 21:47:51] Training podium model using glm
INFO [2025-06-04 21:47:51] Training win model using glm
INFO [2025-06-04 21:47:51] Training top5 model using glm
INFO [2025-06-04 21:47:51] Training top10 model using glm
INFO [2025-06-04 21:47:51] Processing mixed relay predictions
INFO [2025-06-04 21:47:51] Loaded mixed relay teams startlist with 19 rows
INFO [2025-06-04 21:47:51] Loaded mixed relay individuals startlist with 76 rows
INFO [2025-06-04 21:47:51] Preparing current skier data for mixed relay
INFO [2025-06-04 21:47:52] Replaced NAs in Distance_Elo with first quartile: 1224.11463402647
INFO [2025-06-04 21:47:52] Replaced NAs in Distance_C_Elo with first quartile: 1237.1587778373
INFO [2025-06-04 21:47:52] Replaced NAs in Distance_F_Elo with first quartile: 1243.23228391106
INFO [2025-06-04 21:47:52] Replaced NAs in Sprint_Elo with first quartile: 1231.4308090998
INFO [2025-06-04 21:47:52] Replaced NAs in Sprint_C_Elo with first quartile: 1248.96250847029
INFO [2025-06-04 21:47:52] Replaced NAs in Sprint_F_Elo with first quartile: 1239.52210961878
INFO [2025-06-04 21:47:52] Replaced NAs in Classic_Elo with first quartile: 1244.8489858956
INFO [2025-06-04 21:47:52] Replaced NAs in Freestyle_Elo with first quartile: 1236.77643159176
INFO [2025-06-04 21:47:52] Replaced NAs in Distance_Pelo with first quartile: 1226.15392446525
INFO [2025-06-04 21:47:52] Replaced NAs in Distance_C_Pelo with first quartile: 1238.61066409828
INFO [2025-06-04 21:47:52] Replaced NAs in Distance_F_Pelo with first quartile: 1244.90662376968
INFO [2025-06-04 21:47:52] Replaced NAs in Sprint_Pelo with first quartile: 1246.25257877833
INFO [2025-06-04 21:47:52] Replaced NAs in Sprint_C_Pelo with first quartile: 1248.96250847029
INFO [2025-06-04 21:47:52] Replaced NAs in Sprint_F_Pelo with first quartile: 1256.18779364329
INFO [2025-06-04 21:47:52] Replaced NAs in Classic_Pelo with first quartile: 1246.86752224771
INFO [2025-06-04 21:47:52] Replaced NAs in Freestyle_Pelo with first quartile: 1254.13981644678
INFO [2025-06-04 21:47:52] Replaced NAs in Classic_Last_5 with first quartile: 0
INFO [2025-06-04 21:47:52] Replaced NAs in Freestyle_Last_5 with first quartile: 0
INFO [2025-06-04 21:47:52] Created Pelo_Pct from Elo with max value: 1946.6211651574
INFO [2025-06-04 21:47:52] Created Distance_Pelo_Pct from Distance_Elo with max value: 1889.46974050597
INFO [2025-06-04 21:47:52] Created Distance_C_Pelo_Pct from Distance_C_Elo with max value: 1777.16297253153
INFO [2025-06-04 21:47:52] Created Distance_F_Pelo_Pct from Distance_F_Elo with max value: 1695.2053212904
INFO [2025-06-04 21:47:52] Created Sprint_Pelo_Pct from Sprint_Elo with max value: 1886.80363942481
INFO [2025-06-04 21:47:52] Created Sprint_C_Pelo_Pct from Sprint_C_Elo with max value: 1711.08486899169
INFO [2025-06-04 21:47:52] Created Sprint_F_Pelo_Pct from Sprint_F_Elo with max value: 1792.65157560707
INFO [2025-06-04 21:47:52] Created Classic_Pelo_Pct from Classic_Elo with max value: 1807.56773496777
INFO [2025-06-04 21:47:52] Created Freestyle_Pelo_Pct from Freestyle_Elo with max value: 1814.60460629541
INFO [2025-06-04 21:47:52] Prepared data for 636 skiers with 33 features
INFO [2025-06-04 21:47:52] Generating team predictions
INFO [2025-06-04 21:47:52] Leg importance weights: Leg 1: 0.20, Leg 2: 0.25, Leg 3: 0.25, Leg 4: 0.30
INFO [2025-06-04 21:48:30] Starting mixed relay race day predictions process
INFO [2025-06-04 21:48:30] Loading race data for today
INFO [2025-06-04 21:48:30] Today's date: 2025-06-05
INFO [2025-06-04 21:48:30] Found 1 mixed relay races
INFO [2025-06-04 21:48:30] Loading chrono data
INFO [2025-06-04 21:48:32] Loaded men's chrono with 105122 rows and 36 columns
INFO [2025-06-04 21:48:32] Loaded ladies' chrono with 78706 rows and 36 columns
INFO [2025-06-04 21:48:32] Created combined chrono with 183828 rows
INFO [2025-06-04 21:48:32] Created relay df with 17707 rows
INFO [2025-06-04 21:48:32] Created individual df with 160396 rows
INFO [2025-06-04 21:48:35] Leg 1 dataset contains 61 rows
INFO [2025-06-04 21:48:35] Leg 2 dataset contains 296 rows
INFO [2025-06-04 21:48:35] Leg 3 dataset contains 61 rows
INFO [2025-06-04 21:48:35] Leg 4 dataset contains 295 rows
INFO [2025-06-04 21:48:35] Training models for Leg 1
INFO [2025-06-04 21:48:35] Using predictors: Distance_C_Pelo_Pct, Classic_Pelo_Pct, Distance_Pelo_Pct, Pelo_Pct, Weighted_Last_5
INFO [2025-06-04 21:48:35] Training podium model using glm
INFO [2025-06-04 21:48:35] Training win model using glm
INFO [2025-06-04 21:48:35] Training top5 model using glm
INFO [2025-06-04 21:48:35] Training top10 model using glm
INFO [2025-06-04 21:48:35] Training models for Leg 2
INFO [2025-06-04 21:48:35] Using predictors: Distance_C_Pelo_Pct, Classic_Pelo_Pct, Distance_Pelo_Pct, Pelo_Pct, Weighted_Last_5
INFO [2025-06-04 21:48:35] Training podium model using glm
INFO [2025-06-04 21:48:35] Training win model using glm
INFO [2025-06-04 21:48:35] Training top5 model using glm
INFO [2025-06-04 21:48:35] Training top10 model using glm
INFO [2025-06-04 21:48:36] Training models for Leg 3
INFO [2025-06-04 21:48:36] Using predictors: Distance_F_Pelo_Pct, Freestyle_Pelo_Pct, Distance_Pelo_Pct, Pelo_Pct, Weighted_Last_5
INFO [2025-06-04 21:48:36] Training podium model using glm
INFO [2025-06-04 21:48:36] Training win model using glm
INFO [2025-06-04 21:48:36] Training top5 model using glm
INFO [2025-06-04 21:48:36] Training top10 model using glm
INFO [2025-06-04 21:48:36] Training models for Leg 4
INFO [2025-06-04 21:48:36] Using predictors: Distance_F_Pelo_Pct, Freestyle_Pelo_Pct, Distance_Pelo_Pct, Sprint_Pelo_Pct, Pelo_Pct, Weighted_Last_5
INFO [2025-06-04 21:48:36] Training podium model using glm
INFO [2025-06-04 21:48:36] Training win model using glm
INFO [2025-06-04 21:48:36] Training top5 model using glm
INFO [2025-06-04 21:48:36] Training top10 model using glm
INFO [2025-06-04 21:48:36] Processing mixed relay predictions
INFO [2025-06-04 21:48:36] Loaded mixed relay teams startlist with 19 rows
INFO [2025-06-04 21:48:36] Loaded mixed relay individuals startlist with 76 rows
INFO [2025-06-04 21:48:36] Preparing current skier data for mixed relay
INFO [2025-06-04 21:48:37] Replaced NAs in Distance_Elo with first quartile: 1224.11463402647
INFO [2025-06-04 21:48:37] Replaced NAs in Distance_C_Elo with first quartile: 1237.1587778373
INFO [2025-06-04 21:48:37] Replaced NAs in Distance_F_Elo with first quartile: 1243.23228391106
INFO [2025-06-04 21:48:37] Replaced NAs in Sprint_Elo with first quartile: 1231.4308090998
INFO [2025-06-04 21:48:37] Replaced NAs in Sprint_C_Elo with first quartile: 1248.96250847029
INFO [2025-06-04 21:48:37] Replaced NAs in Sprint_F_Elo with first quartile: 1239.52210961878
INFO [2025-06-04 21:48:37] Replaced NAs in Classic_Elo with first quartile: 1244.8489858956
INFO [2025-06-04 21:48:37] Replaced NAs in Freestyle_Elo with first quartile: 1236.77643159176
INFO [2025-06-04 21:48:37] Replaced NAs in Distance_Pelo with first quartile: 1226.15392446525
INFO [2025-06-04 21:48:37] Replaced NAs in Distance_C_Pelo with first quartile: 1238.61066409828
INFO [2025-06-04 21:48:37] Replaced NAs in Distance_F_Pelo with first quartile: 1244.90662376968
INFO [2025-06-04 21:48:37] Replaced NAs in Sprint_Pelo with first quartile: 1246.25257877833
INFO [2025-06-04 21:48:37] Replaced NAs in Sprint_C_Pelo with first quartile: 1248.96250847029
INFO [2025-06-04 21:48:37] Replaced NAs in Sprint_F_Pelo with first quartile: 1256.18779364329
INFO [2025-06-04 21:48:37] Replaced NAs in Classic_Pelo with first quartile: 1246.86752224771
INFO [2025-06-04 21:48:37] Replaced NAs in Freestyle_Pelo with first quartile: 1254.13981644678
INFO [2025-06-04 21:48:37] Replaced NAs in Classic_Last_5 with first quartile: 0
INFO [2025-06-04 21:48:37] Replaced NAs in Freestyle_Last_5 with first quartile: 0
INFO [2025-06-04 21:48:37] Created Pelo_Pct from Elo with max value: 1946.6211651574
INFO [2025-06-04 21:48:37] Created Distance_Pelo_Pct from Distance_Elo with max value: 1889.46974050597
INFO [2025-06-04 21:48:37] Created Distance_C_Pelo_Pct from Distance_C_Elo with max value: 1777.16297253153
INFO [2025-06-04 21:48:37] Created Distance_F_Pelo_Pct from Distance_F_Elo with max value: 1695.2053212904
INFO [2025-06-04 21:48:37] Created Sprint_Pelo_Pct from Sprint_Elo with max value: 1886.80363942481
INFO [2025-06-04 21:48:37] Created Sprint_C_Pelo_Pct from Sprint_C_Elo with max value: 1711.08486899169
INFO [2025-06-04 21:48:37] Created Sprint_F_Pelo_Pct from Sprint_F_Elo with max value: 1792.65157560707
INFO [2025-06-04 21:48:37] Created Classic_Pelo_Pct from Classic_Elo with max value: 1807.56773496777
INFO [2025-06-04 21:48:37] Created Freestyle_Pelo_Pct from Freestyle_Elo with max value: 1814.60460629541
INFO [2025-06-04 21:48:37] Prepared data for 636 skiers with 33 features
INFO [2025-06-04 21:48:37] Generating team predictions
INFO [2025-06-04 21:48:37] Leg importance weights: Leg 1: 0.20, Leg 2: 0.25, Leg 3: 0.25, Leg 4: 0.30
INFO [2025-06-04 21:48:43] Starting mixed relay race day predictions process
INFO [2025-06-04 21:48:43] Loading race data for today
INFO [2025-06-04 21:48:43] Today's date: 2025-06-05
INFO [2025-06-04 21:48:43] Found 1 mixed relay races
INFO [2025-06-04 21:48:43] Loading chrono data
INFO [2025-06-04 21:48:46] Loaded men's chrono with 105122 rows and 36 columns
INFO [2025-06-04 21:48:46] Loaded ladies' chrono with 78706 rows and 36 columns
INFO [2025-06-04 21:48:46] Created combined chrono with 183828 rows
INFO [2025-06-04 21:48:46] Created relay df with 17707 rows
INFO [2025-06-04 21:48:46] Created individual df with 160396 rows
INFO [2025-06-04 21:48:49] Leg 1 dataset contains 61 rows
INFO [2025-06-04 21:48:49] Leg 2 dataset contains 296 rows
INFO [2025-06-04 21:48:49] Leg 3 dataset contains 61 rows
INFO [2025-06-04 21:48:49] Leg 4 dataset contains 295 rows
INFO [2025-06-04 21:48:49] Training models for Leg 1
INFO [2025-06-04 21:48:49] Using predictors: Distance_C_Pelo_Pct, Classic_Pelo_Pct, Distance_Pelo_Pct, Pelo_Pct, Weighted_Last_5
INFO [2025-06-04 21:48:49] Training podium model using glm
INFO [2025-06-04 21:48:49] Training win model using glm
INFO [2025-06-04 21:48:49] Training top5 model using glm
INFO [2025-06-04 21:48:49] Training top10 model using glm
INFO [2025-06-04 21:48:49] Training models for Leg 2
INFO [2025-06-04 21:48:49] Using predictors: Distance_C_Pelo_Pct, Classic_Pelo_Pct, Distance_Pelo_Pct, Pelo_Pct, Weighted_Last_5
INFO [2025-06-04 21:48:49] Training podium model using glm
INFO [2025-06-04 21:48:49] Training win model using glm
INFO [2025-06-04 21:48:49] Training top5 model using glm
INFO [2025-06-04 21:48:49] Training top10 model using glm
INFO [2025-06-04 21:48:49] Training models for Leg 3
INFO [2025-06-04 21:48:49] Using predictors: Distance_F_Pelo_Pct, Freestyle_Pelo_Pct, Distance_Pelo_Pct, Pelo_Pct, Weighted_Last_5
INFO [2025-06-04 21:48:49] Training podium model using glm
INFO [2025-06-04 21:48:49] Training win model using glm
INFO [2025-06-04 21:48:49] Training top5 model using glm
INFO [2025-06-04 21:48:49] Training top10 model using glm
INFO [2025-06-04 21:48:49] Training models for Leg 4
INFO [2025-06-04 21:48:49] Using predictors: Distance_F_Pelo_Pct, Freestyle_Pelo_Pct, Distance_Pelo_Pct, Sprint_Pelo_Pct, Pelo_Pct, Weighted_Last_5
INFO [2025-06-04 21:48:49] Training podium model using glm
INFO [2025-06-04 21:48:49] Training win model using glm
INFO [2025-06-04 21:48:49] Training top5 model using glm
INFO [2025-06-04 21:48:49] Training top10 model using glm
INFO [2025-06-04 21:48:49] Processing mixed relay predictions
INFO [2025-06-04 21:48:49] Loaded mixed relay teams startlist with 19 rows
INFO [2025-06-04 21:48:49] Loaded mixed relay individuals startlist with 76 rows
INFO [2025-06-04 21:48:50] Preparing current skier data for mixed relay
INFO [2025-06-04 21:48:50] Replaced NAs in Distance_Elo with first quartile: 1224.11463402647
INFO [2025-06-04 21:48:50] Replaced NAs in Distance_C_Elo with first quartile: 1237.1587778373
INFO [2025-06-04 21:48:50] Replaced NAs in Distance_F_Elo with first quartile: 1243.23228391106
INFO [2025-06-04 21:48:50] Replaced NAs in Sprint_Elo with first quartile: 1231.4308090998
INFO [2025-06-04 21:48:50] Replaced NAs in Sprint_C_Elo with first quartile: 1248.96250847029
INFO [2025-06-04 21:48:50] Replaced NAs in Sprint_F_Elo with first quartile: 1239.52210961878
INFO [2025-06-04 21:48:50] Replaced NAs in Classic_Elo with first quartile: 1244.8489858956
INFO [2025-06-04 21:48:50] Replaced NAs in Freestyle_Elo with first quartile: 1236.77643159176
INFO [2025-06-04 21:48:50] Replaced NAs in Distance_Pelo with first quartile: 1226.15392446525
INFO [2025-06-04 21:48:50] Replaced NAs in Distance_C_Pelo with first quartile: 1238.61066409828
INFO [2025-06-04 21:48:50] Replaced NAs in Distance_F_Pelo with first quartile: 1244.90662376968
INFO [2025-06-04 21:48:50] Replaced NAs in Sprint_Pelo with first quartile: 1246.25257877833
INFO [2025-06-04 21:48:50] Replaced NAs in Sprint_C_Pelo with first quartile: 1248.96250847029
INFO [2025-06-04 21:48:50] Replaced NAs in Sprint_F_Pelo with first quartile: 1256.18779364329
INFO [2025-06-04 21:48:50] Replaced NAs in Classic_Pelo with first quartile: 1246.86752224771
INFO [2025-06-04 21:48:50] Replaced NAs in Freestyle_Pelo with first quartile: 1254.13981644678
INFO [2025-06-04 21:48:50] Replaced NAs in Classic_Last_5 with first quartile: 0
INFO [2025-06-04 21:48:50] Replaced NAs in Freestyle_Last_5 with first quartile: 0
INFO [2025-06-04 21:48:50] Created Pelo_Pct from Elo with max value: 1946.6211651574
INFO [2025-06-04 21:48:50] Created Distance_Pelo_Pct from Distance_Elo with max value: 1889.46974050597
INFO [2025-06-04 21:48:50] Created Distance_C_Pelo_Pct from Distance_C_Elo with max value: 1777.16297253153
INFO [2025-06-04 21:48:50] Created Distance_F_Pelo_Pct from Distance_F_Elo with max value: 1695.2053212904
INFO [2025-06-04 21:48:50] Created Sprint_Pelo_Pct from Sprint_Elo with max value: 1886.80363942481
INFO [2025-06-04 21:48:50] Created Sprint_C_Pelo_Pct from Sprint_C_Elo with max value: 1711.08486899169
INFO [2025-06-04 21:48:50] Created Sprint_F_Pelo_Pct from Sprint_F_Elo with max value: 1792.65157560707
INFO [2025-06-04 21:48:50] Created Classic_Pelo_Pct from Classic_Elo with max value: 1807.56773496777
INFO [2025-06-04 21:48:50] Created Freestyle_Pelo_Pct from Freestyle_Elo with max value: 1814.60460629541
INFO [2025-06-04 21:48:50] Prepared data for 636 skiers with 33 features
INFO [2025-06-04 21:48:50] Generating team predictions
INFO [2025-06-04 21:48:50] Leg importance weights: Leg 1: 0.20, Leg 2: 0.25, Leg 3: 0.25, Leg 4: 0.30
INFO [2025-06-04 21:51:36] Starting mixed relay race day predictions process
INFO [2025-06-04 21:51:36] Loading race data for today
INFO [2025-06-04 21:51:36] Today's date: 2025-06-05
INFO [2025-06-04 21:51:36] Found 1 mixed relay races
INFO [2025-06-04 21:51:36] Loading chrono data
INFO [2025-06-04 21:51:38] Loaded men's chrono with 105122 rows and 36 columns
INFO [2025-06-04 21:51:38] Loaded ladies' chrono with 78706 rows and 36 columns
INFO [2025-06-04 21:51:38] Created combined chrono with 183828 rows
INFO [2025-06-04 21:51:38] Created relay df with 17707 rows
INFO [2025-06-04 21:51:38] Created individual df with 160396 rows
INFO [2025-06-04 21:51:42] Leg 1 dataset contains 61 rows
INFO [2025-06-04 21:51:42] Leg 2 dataset contains 296 rows
INFO [2025-06-04 21:51:42] Leg 3 dataset contains 61 rows
INFO [2025-06-04 21:51:42] Leg 4 dataset contains 295 rows
INFO [2025-06-04 21:51:42] Training models for Leg 1
INFO [2025-06-04 21:51:42] Using predictors: Distance_C_Pelo_Pct, Classic_Pelo_Pct, Distance_Pelo_Pct, Pelo_Pct, Weighted_Last_5
INFO [2025-06-04 21:51:42] Training podium model using glm
INFO [2025-06-04 21:51:42] Training win model using glm
INFO [2025-06-04 21:51:42] Training top5 model using glm
INFO [2025-06-04 21:51:42] Training top10 model using glm
INFO [2025-06-04 21:51:42] Training models for Leg 2
INFO [2025-06-04 21:51:42] Using predictors: Distance_C_Pelo_Pct, Classic_Pelo_Pct, Distance_Pelo_Pct, Pelo_Pct, Weighted_Last_5
INFO [2025-06-04 21:51:42] Training podium model using glm
INFO [2025-06-04 21:51:42] Training win model using glm
INFO [2025-06-04 21:51:42] Training top5 model using glm
INFO [2025-06-04 21:51:42] Training top10 model using glm
INFO [2025-06-04 21:51:42] Training models for Leg 3
INFO [2025-06-04 21:51:42] Using predictors: Distance_F_Pelo_Pct, Freestyle_Pelo_Pct, Distance_Pelo_Pct, Pelo_Pct, Weighted_Last_5
INFO [2025-06-04 21:51:42] Training podium model using glm
INFO [2025-06-04 21:51:42] Training win model using glm
INFO [2025-06-04 21:51:42] Training top5 model using glm
INFO [2025-06-04 21:51:42] Training top10 model using glm
INFO [2025-06-04 21:51:42] Training models for Leg 4
INFO [2025-06-04 21:51:42] Using predictors: Distance_F_Pelo_Pct, Freestyle_Pelo_Pct, Distance_Pelo_Pct, Sprint_Pelo_Pct, Pelo_Pct, Weighted_Last_5
INFO [2025-06-04 21:51:42] Training podium model using glm
INFO [2025-06-04 21:51:42] Training win model using glm
INFO [2025-06-04 21:51:42] Training top5 model using glm
INFO [2025-06-04 21:51:42] Training top10 model using glm
INFO [2025-06-04 21:51:42] Processing mixed relay predictions
INFO [2025-06-04 21:51:42] Loaded mixed relay teams startlist with 19 rows
INFO [2025-06-04 21:51:42] Loaded mixed relay individuals startlist with 76 rows
INFO [2025-06-04 21:51:42] Preparing current skier data for mixed relay
INFO [2025-06-04 21:51:43] Replaced NAs in Distance_Elo with first quartile: 1224.11463402647
INFO [2025-06-04 21:51:43] Replaced NAs in Distance_C_Elo with first quartile: 1237.1587778373
INFO [2025-06-04 21:51:43] Replaced NAs in Distance_F_Elo with first quartile: 1243.23228391106
INFO [2025-06-04 21:51:43] Replaced NAs in Sprint_Elo with first quartile: 1231.4308090998
INFO [2025-06-04 21:51:43] Replaced NAs in Sprint_C_Elo with first quartile: 1248.96250847029
INFO [2025-06-04 21:51:43] Replaced NAs in Sprint_F_Elo with first quartile: 1239.52210961878
INFO [2025-06-04 21:51:43] Replaced NAs in Classic_Elo with first quartile: 1244.8489858956
INFO [2025-06-04 21:51:43] Replaced NAs in Freestyle_Elo with first quartile: 1236.77643159176
INFO [2025-06-04 21:51:43] Replaced NAs in Distance_Pelo with first quartile: 1226.15392446525
INFO [2025-06-04 21:51:43] Replaced NAs in Distance_C_Pelo with first quartile: 1238.61066409828
INFO [2025-06-04 21:51:43] Replaced NAs in Distance_F_Pelo with first quartile: 1244.90662376968
INFO [2025-06-04 21:51:43] Replaced NAs in Sprint_Pelo with first quartile: 1246.25257877833
INFO [2025-06-04 21:51:43] Replaced NAs in Sprint_C_Pelo with first quartile: 1248.96250847029
INFO [2025-06-04 21:51:43] Replaced NAs in Sprint_F_Pelo with first quartile: 1256.18779364329
INFO [2025-06-04 21:51:43] Replaced NAs in Classic_Pelo with first quartile: 1246.86752224771
INFO [2025-06-04 21:51:43] Replaced NAs in Freestyle_Pelo with first quartile: 1254.13981644678
INFO [2025-06-04 21:51:43] Replaced NAs in Classic_Last_5 with first quartile: 0
INFO [2025-06-04 21:51:43] Replaced NAs in Freestyle_Last_5 with first quartile: 0
INFO [2025-06-04 21:51:43] Created Pelo_Pct from Elo with max value: 1946.6211651574
INFO [2025-06-04 21:51:43] Created Distance_Pelo_Pct from Distance_Elo with max value: 1889.46974050597
INFO [2025-06-04 21:51:43] Created Distance_C_Pelo_Pct from Distance_C_Elo with max value: 1777.16297253153
INFO [2025-06-04 21:51:43] Created Distance_F_Pelo_Pct from Distance_F_Elo with max value: 1695.2053212904
INFO [2025-06-04 21:51:43] Created Sprint_Pelo_Pct from Sprint_Elo with max value: 1886.80363942481
INFO [2025-06-04 21:51:43] Created Sprint_C_Pelo_Pct from Sprint_C_Elo with max value: 1711.08486899169
INFO [2025-06-04 21:51:43] Created Sprint_F_Pelo_Pct from Sprint_F_Elo with max value: 1792.65157560707
INFO [2025-06-04 21:51:43] Created Classic_Pelo_Pct from Classic_Elo with max value: 1807.56773496777
INFO [2025-06-04 21:51:43] Created Freestyle_Pelo_Pct from Freestyle_Elo with max value: 1814.60460629541
INFO [2025-06-04 21:51:43] Prepared data for 636 skiers with 33 features
INFO [2025-06-04 21:51:43] Generating team predictions
INFO [2025-06-04 21:51:43] Leg importance weights: Leg 1: 0.20, Leg 2: 0.25, Leg 3: 0.25, Leg 4: 0.30
