INFO [2025-06-05 07:28:50] Starting team sprint race day predictions process
INFO [2025-06-05 07:28:50] Loading race data for today
INFO [2025-06-05 07:28:50] Today's date: 2025-06-05
INFO [2025-06-05 07:28:50] No team sprint races found today
INFO [2025-06-05 07:28:50] No team sprint races found today. Exiting.
INFO [2025-06-05 07:28:53] Starting team sprint race day predictions process
INFO [2025-06-05 07:28:53] Loading race data for today
INFO [2025-06-05 07:28:53] Today's date: 2025-06-05
INFO [2025-06-05 07:28:53] No team sprint races found today
INFO [2025-06-05 07:28:53] No team sprint races found today. Exiting.
INFO [2025-06-05 07:32:12] Starting team sprint race day predictions process
INFO [2025-06-05 07:32:12] Loading race data for today
INFO [2025-06-05 07:32:12] Today's date: 2025-06-05
INFO [2025-06-05 07:32:12] No team sprint races found today
INFO [2025-06-05 07:32:12] No team sprint races found today. Exiting.
INFO [2025-06-05 07:32:16] Starting team sprint race day predictions process
INFO [2025-06-05 07:32:16] Loading race data for today
INFO [2025-06-05 07:32:16] Today's date: 2025-06-05
INFO [2025-06-05 07:32:16] No team sprint races found today
INFO [2025-06-05 07:32:16] No team sprint races found today. Exiting.
INFO [2025-06-05 07:33:09] Starting team sprint race day predictions process
INFO [2025-06-05 07:33:09] Loading race data for today
INFO [2025-06-05 07:33:09] Today's date: 2025-06-05
INFO [2025-06-05 07:33:09] No team sprint races found today
INFO [2025-06-05 07:33:09] No team sprint races found today. Exiting.
INFO [2025-06-05 07:34:25] Starting team sprint race day predictions process
INFO [2025-06-05 07:34:25] Loading race data for today
INFO [2025-06-05 07:34:25] Today's date: 2025-06-05
INFO [2025-06-05 07:34:25] Found 1 men's team sprint races and 1 ladies' team sprint races
INFO [2025-06-05 07:34:25] Loading chrono data
INFO [2025-06-05 07:34:27] Loaded men's chrono with 105122 rows and 36 columns
INFO [2025-06-05 07:34:27] Loaded ladies' chrono with 78706 rows and 36 columns
INFO [2025-06-05 07:34:27] Created men's team sprint df with 3291 rows
INFO [2025-06-05 07:34:27] Created men's individual df with 92143 rows
INFO [2025-06-05 07:34:27] Created ladies' team sprint df with 2434 rows
INFO [2025-06-05 07:34:27] Created ladies' individual df with 68253 rows
INFO [2025-06-05 07:34:29] Training models for Leg 1
INFO [2025-06-05 07:34:29] Race is classic technique - using classic-specific predictors
INFO [2025-06-05 07:34:29] Selected predictors for leg 1 : Pelo_Pct, Weighted_Last_5, Sprint_Pelo_Pct, Distance_Pelo_Pct, Sprint_C_Pelo_Pct, Classic_Pelo_Pct, Sprint_F_Pelo_Pct
INFO [2025-06-05 07:34:29] Using predictors: Pelo_Pct, Weighted_Last_5, Sprint_Pelo_Pct, Distance_Pelo_Pct, Sprint_C_Pelo_Pct, Classic_Pelo_Pct, Sprint_F_Pelo_Pct
INFO [2025-06-05 07:34:29] Training podium model using glm
INFO [2025-06-05 07:34:29] Training win model using glm
INFO [2025-06-05 07:34:29] Training top5 model using glm
INFO [2025-06-05 07:34:30] Training top10 model using glm
INFO [2025-06-05 07:34:30] Top features for Leg 1 podium prediction:
INFO [2025-06-05 07:34:30] Training models for Leg 2
INFO [2025-06-05 07:34:30] Race is classic technique - using classic-specific predictors
INFO [2025-06-05 07:34:30] Selected predictors for leg 2 : Pelo_Pct, Weighted_Last_5, Sprint_Pelo_Pct, Distance_Pelo_Pct, Sprint_C_Pelo_Pct, Classic_Pelo_Pct, Sprint_F_Pelo_Pct
INFO [2025-06-05 07:34:30] Using predictors: Pelo_Pct, Weighted_Last_5, Sprint_Pelo_Pct, Distance_Pelo_Pct, Sprint_C_Pelo_Pct, Classic_Pelo_Pct, Sprint_F_Pelo_Pct
INFO [2025-06-05 07:34:30] Training podium model using glm
INFO [2025-06-05 07:34:30] Training win model using glm
INFO [2025-06-05 07:34:30] Training top5 model using glm
INFO [2025-06-05 07:34:30] Training top10 model using glm
INFO [2025-06-05 07:34:30] Top features for Leg 2 podium prediction:
INFO [2025-06-05 07:34:30] Processing men's team sprint predictions
INFO [2025-06-05 07:34:30] Loaded men team sprint teams startlist with 31 rows
INFO [2025-06-05 07:34:30] Loaded men team sprint individuals startlist with 62 rows
INFO [2025-06-05 07:34:30] Preparing current men skier data
INFO [2025-06-05 07:34:30] Replaced NAs in Distance_Elo with first quartile: 1207.23243912712
INFO [2025-06-05 07:34:30] Replaced NAs in Distance_C_Elo with first quartile: 1233.40200699225
INFO [2025-06-05 07:34:30] Replaced NAs in Distance_F_Elo with first quartile: 1236.48554062178
INFO [2025-06-05 07:34:30] Replaced NAs in Sprint_Elo with first quartile: 1223.60107000698
INFO [2025-06-05 07:34:30] Replaced NAs in Sprint_C_Elo with first quartile: 1241.28715500947
INFO [2025-06-05 07:34:30] Replaced NAs in Sprint_F_Elo with first quartile: 1234.45151108772
INFO [2025-06-05 07:34:30] Replaced NAs in Classic_Elo with first quartile: 1241.52867310024
INFO [2025-06-05 07:34:30] Replaced NAs in Freestyle_Elo with first quartile: 1228.48649348109
INFO [2025-06-05 07:34:30] Replaced NAs in Distance_Pelo with first quartile: 1211.63035979047
INFO [2025-06-05 07:34:30] Replaced NAs in Distance_C_Pelo with first quartile: 1234.81091928129
INFO [2025-06-05 07:34:30] Replaced NAs in Distance_F_Pelo with first quartile: 1239.65331180248
INFO [2025-06-05 07:34:30] Replaced NAs in Sprint_Pelo with first quartile: 1240.94751821383
INFO [2025-06-05 07:34:30] Replaced NAs in Sprint_C_Pelo with first quartile: 1241.28715500947
INFO [2025-06-05 07:34:30] Replaced NAs in Sprint_F_Pelo with first quartile: 1252.45166310493
INFO [2025-06-05 07:34:30] Replaced NAs in Classic_Pelo with first quartile: 1243.63746068082
INFO [2025-06-05 07:34:30] Replaced NAs in Freestyle_Pelo with first quartile: 1249.30280713791
INFO [2025-06-05 07:34:30] Replaced NAs in Sprint_Last_5 with first quartile: 0
INFO [2025-06-05 07:34:30] Created Pelo_Pct from Elo with max value: 1946.6211651574
INFO [2025-06-05 07:34:30] Created Distance_Pelo_Pct from Distance_Elo with max value: 1869.1251911742
INFO [2025-06-05 07:34:30] Created Distance_C_Pelo_Pct from Distance_C_Elo with max value: 1777.16297253153
INFO [2025-06-05 07:34:30] Created Distance_F_Pelo_Pct from Distance_F_Elo with max value: 1695.2053212904
INFO [2025-06-05 07:34:30] Created Sprint_Pelo_Pct from Sprint_Elo with max value: 1886.80363942481
INFO [2025-06-05 07:34:30] Created Sprint_C_Pelo_Pct from Sprint_C_Elo with max value: 1711.08486899169
INFO [2025-06-05 07:34:30] Created Sprint_F_Pelo_Pct from Sprint_F_Elo with max value: 1792.65157560707
INFO [2025-06-05 07:34:30] Created Classic_Pelo_Pct from Classic_Elo with max value: 1807.56773496777
INFO [2025-06-05 07:34:30] Created Freestyle_Pelo_Pct from Freestyle_Elo with max value: 1814.60460629541
INFO [2025-06-05 07:34:30] Prepared data for 381 men skiers with 31 features
INFO [2025-06-05 07:34:30] Using FIS startlist for men's leg predictions
INFO [2025-06-05 07:34:30] Using FIS startlist for men
INFO [2025-06-05 07:34:30] Using default leg importance weights for team sprint
INFO [2025-06-05 07:34:30] Leg importance weights: Leg 1: 0.50, Leg 2: 0.50
INFO [2025-06-05 07:34:30] Resetting men's probabilities at or below the mode to zero
INFO [2025-06-05 07:34:30] Reset 29 values to 0 for Win_Prob (repeated values or values <  0 )
INFO [2025-06-05 07:34:30] Repeated values: 0
INFO [2025-06-05 07:34:30] No values appear more than twice for Podium_Prob
INFO [2025-06-05 07:34:30] No values appear more than twice for Top5_Prob
INFO [2025-06-05 07:34:30] No values appear more than twice for Top10_Prob
INFO [2025-06-05 07:34:30] Normalizing men's team probabilities
INFO [2025-06-05 07:34:30] Normalized Win_Prob from sum of 1.07 to 1
INFO [2025-06-05 07:34:30] Normalized Podium_Prob from sum of 1.8 to 3
INFO [2025-06-05 07:34:30] Normalized Top5_Prob from sum of 3.39 to 5
INFO [2025-06-05 07:34:30] Normalized Top10_Prob from sum of 7.29 to 10
INFO [2025-06-05 07:34:30] Training models for Leg 1
INFO [2025-06-05 07:34:30] Race is classic technique - using classic-specific predictors
INFO [2025-06-05 07:34:30] Selected predictors for leg 1 : Pelo_Pct, Weighted_Last_5, Sprint_Pelo_Pct, Distance_Pelo_Pct, Sprint_C_Pelo_Pct, Classic_Pelo_Pct, Sprint_F_Pelo_Pct
INFO [2025-06-05 07:34:30] Using predictors: Pelo_Pct, Weighted_Last_5, Sprint_Pelo_Pct, Distance_Pelo_Pct, Sprint_C_Pelo_Pct, Classic_Pelo_Pct, Sprint_F_Pelo_Pct
INFO [2025-06-05 07:34:30] Training podium model using glm
INFO [2025-06-05 07:34:30] Training win model using glm
INFO [2025-06-05 07:34:30] Training top5 model using glm
INFO [2025-06-05 07:34:30] Training top10 model using glm
INFO [2025-06-05 07:34:30] Top features for Leg 1 podium prediction:
INFO [2025-06-05 07:34:30] Training models for Leg 2
INFO [2025-06-05 07:34:30] Race is classic technique - using classic-specific predictors
INFO [2025-06-05 07:34:30] Selected predictors for leg 2 : Pelo_Pct, Weighted_Last_5, Sprint_Pelo_Pct, Distance_Pelo_Pct, Sprint_C_Pelo_Pct, Classic_Pelo_Pct, Sprint_F_Pelo_Pct
INFO [2025-06-05 07:34:30] Using predictors: Pelo_Pct, Weighted_Last_5, Sprint_Pelo_Pct, Distance_Pelo_Pct, Sprint_C_Pelo_Pct, Classic_Pelo_Pct, Sprint_F_Pelo_Pct
INFO [2025-06-05 07:34:30] Training podium model using glm
INFO [2025-06-05 07:34:30] Training win model using glm
INFO [2025-06-05 07:34:30] Training top5 model using glm
INFO [2025-06-05 07:34:30] Training top10 model using glm
INFO [2025-06-05 07:34:31] Top features for Leg 2 podium prediction:
INFO [2025-06-05 07:34:31] Processing ladies' team sprint predictions
INFO [2025-06-05 07:34:31] Loaded ladies team sprint teams startlist with 26 rows
INFO [2025-06-05 07:34:31] Loaded ladies team sprint individuals startlist with 52 rows
INFO [2025-06-05 07:34:31] Preparing current ladies skier data
INFO [2025-06-05 07:34:31] Replaced NAs in Distance_Elo with first quartile: 1237.38564383256
INFO [2025-06-05 07:34:31] Replaced NAs in Distance_C_Elo with first quartile: 1243.87329106944
INFO [2025-06-05 07:34:31] Replaced NAs in Distance_F_Elo with first quartile: 1256.69628195708
INFO [2025-06-05 07:34:31] Replaced NAs in Sprint_Elo with first quartile: 1246.32574824425
INFO [2025-06-05 07:34:31] Replaced NAs in Sprint_C_Elo with first quartile: 1257.67866787334
INFO [2025-06-05 07:34:31] Replaced NAs in Sprint_F_Elo with first quartile: 1244.84742904868
INFO [2025-06-05 07:34:31] Replaced NAs in Classic_Elo with first quartile: 1252.44868703669
INFO [2025-06-05 07:34:31] Replaced NAs in Freestyle_Elo with first quartile: 1244.44508230281
INFO [2025-06-05 07:34:31] Replaced NAs in Distance_Pelo with first quartile: 1241.11854419952
INFO [2025-06-05 07:34:31] Replaced NAs in Distance_C_Pelo with first quartile: 1245.57367555166
INFO [2025-06-05 07:34:31] Replaced NAs in Distance_F_Pelo with first quartile: 1259.54282973153
INFO [2025-06-05 07:34:31] Replaced NAs in Sprint_Pelo with first quartile: 1254.59410960767
INFO [2025-06-05 07:34:31] Replaced NAs in Sprint_C_Pelo with first quartile: 1257.58302026178
INFO [2025-06-05 07:34:31] Replaced NAs in Sprint_F_Pelo with first quartile: 1257.67755691493
INFO [2025-06-05 07:34:31] Replaced NAs in Classic_Pelo with first quartile: 1256.79275004544
INFO [2025-06-05 07:34:31] Replaced NAs in Freestyle_Pelo with first quartile: 1256.79999900008
INFO [2025-06-05 07:34:31] Replaced NAs in Sprint_Last_5 with first quartile: 0
INFO [2025-06-05 07:34:31] Created Pelo_Pct from Elo with max value: 1840.99747242401
INFO [2025-06-05 07:34:31] Created Distance_Pelo_Pct from Distance_Elo with max value: 1889.46974050597
INFO [2025-06-05 07:34:31] Created Distance_C_Pelo_Pct from Distance_C_Elo with max value: 1763.33572074398
INFO [2025-06-05 07:34:31] Created Distance_F_Pelo_Pct from Distance_F_Elo with max value: 1693.85026290322
INFO [2025-06-05 07:34:31] Created Sprint_Pelo_Pct from Sprint_Elo with max value: 1742.75320156525
INFO [2025-06-05 07:34:31] Created Sprint_C_Pelo_Pct from Sprint_C_Elo with max value: 1601.58469902127
INFO [2025-06-05 07:34:31] Created Sprint_F_Pelo_Pct from Sprint_F_Elo with max value: 1681.09824552997
INFO [2025-06-05 07:34:31] Created Classic_Pelo_Pct from Classic_Elo with max value: 1698.68768563646
INFO [2025-06-05 07:34:31] Created Freestyle_Pelo_Pct from Freestyle_Elo with max value: 1707.58410982918
INFO [2025-06-05 07:34:31] Prepared data for 255 ladies skiers with 31 features
INFO [2025-06-05 07:34:31] Using FIS startlist for ladies' leg predictions
INFO [2025-06-05 07:34:31] Using FIS startlist for ladies
INFO [2025-06-05 07:34:31] Using default leg importance weights for team sprint
INFO [2025-06-05 07:34:31] Leg importance weights: Leg 1: 0.50, Leg 2: 0.50
INFO [2025-06-05 07:34:31] Resetting ladies' probabilities at or below the mode to zero
INFO [2025-06-05 07:34:31] Reset 25 values to 0 for Win_Prob (repeated values or values <  0 )
INFO [2025-06-05 07:34:31] Repeated values: 0
INFO [2025-06-05 07:34:31] No values appear more than twice for Podium_Prob
INFO [2025-06-05 07:34:31] No values appear more than twice for Top5_Prob
INFO [2025-06-05 07:34:31] No values appear more than twice for Top10_Prob
INFO [2025-06-05 07:34:31] Normalizing ladies' team probabilities
INFO [2025-06-05 07:34:31] Normalized Win_Prob from sum of 0.5 to 1
INFO [2025-06-05 07:34:31] Normalized Podium_Prob from sum of 2.63 to 3
INFO [2025-06-05 07:34:31] Normalized Top5_Prob from sum of 3.51 to 5
INFO [2025-06-05 07:34:31] Normalized Top10_Prob from sum of 7.27 to 10
INFO [2025-06-05 07:34:31] Saved points predictions to ~/blog/daehl-e/content/post/cross-country/drafts/race-picks/20250605/men_team_sprint_points.xlsx
INFO [2025-06-05 07:34:31] Saved probability predictions to ~/blog/daehl-e/content/post/cross-country/drafts/race-picks/20250605/men_team_sprint_probabilities.xlsx
INFO [2025-06-05 07:34:31] Saved points predictions to ~/blog/daehl-e/content/post/cross-country/drafts/race-picks/20250605/ladies_team_sprint_points.xlsx
INFO [2025-06-05 07:34:31] Saved probability predictions to ~/blog/daehl-e/content/post/cross-country/drafts/race-picks/20250605/ladies_team_sprint_probabilities.xlsx
INFO [2025-06-05 07:34:31] Team sprint race day predictions completed successfully
